/home/kencheng/miniconda3/envs/ros2_humble/lib/python3.10/site-packages/setuptools/_distutils/dist.py:270: UserWarning: Unknown distribution option: 'tests_require'
  warnings.warn(msg)
running egg_info
writing ../../build/driver_ros2/driver_ros2.egg-info/PKG-INFO
writing dependency_links to ../../build/driver_ros2/driver_ros2.egg-info/dependency_links.txt
writing entry points to ../../build/driver_ros2/driver_ros2.egg-info/entry_points.txt
writing requirements to ../../build/driver_ros2/driver_ros2.egg-info/requires.txt
writing top-level names to ../../build/driver_ros2/driver_ros2.egg-info/top_level.txt
reading manifest file '../../build/driver_ros2/driver_ros2.egg-info/SOURCES.txt'
writing manifest file '../../build/driver_ros2/driver_ros2.egg-info/SOURCES.txt'
running build
running build_py
copying driver_ros2/driver_node.py -> /home/kencheng/notebooks/ros_ws/build/driver_ros2/build/lib/driver_ros2
copying driver_ros2/__init__.py -> /home/kencheng/notebooks/ros_ws/build/driver_ros2/build/lib/driver_ros2
copying driver_ros2/ros_robot_controller_sdk.py -> /home/kencheng/notebooks/ros_ws/build/driver_ros2/build/lib/driver_ros2
running install
running install_lib
running install_data
copying resource/driver_ros2 -> /home/kencheng/notebooks/ros_ws/install/driver_ros2/share/ament_index/resource_index/packages
copying package.xml -> /home/kencheng/notebooks/ros_ws/install/driver_ros2/share/driver_ros2
running install_egg_info
removing '/home/kencheng/notebooks/ros_ws/install/driver_ros2/lib/python3.10/site-packages/driver_ros2-0.0.0-py3.10.egg-info' (and everything under it)
Copying ../../build/driver_ros2/driver_ros2.egg-info to /home/kencheng/notebooks/ros_ws/install/driver_ros2/lib/python3.10/site-packages/driver_ros2-0.0.0-py3.10.egg-info
running install_scripts
Installing driver_node script to /home/kencheng/notebooks/ros_ws/install/driver_ros2/lib/driver_ros2
writing list of installed files to '/home/kencheng/notebooks/ros_ws/build/driver_ros2/install.log'
