[3.921s] Invoking command in '/home/kencheng/notebooks/ros_ws/src/driver_ros2': CONDA_PROMPT_MODIFIER=(ros2_humble) PYTHONPATH=/home/kencheng/notebooks/ros_ws/build/driver_ros2/prefix_override:/usr/lib/python3/dist-packages/colcon_core/task/python/colcon_distutils_commands:/home/kencheng/notebooks/ros_ws/install/driver_ros2/lib/python3.10/site-packages:${PYTHONPATH} /usr/bin/python3 -W ignore:setup.py install is deprecated -W ignore:easy_install command is deprecated setup.py egg_info --egg-base ../../build/driver_ros2 build --build-base /home/kencheng/notebooks/ros_ws/build/driver_ros2/build install --record /home/kencheng/notebooks/ros_ws/build/driver_ros2/install.log --single-version-externally-managed install_data
[5.370s] running egg_info
[5.374s] writing ../../build/driver_ros2/driver_ros2.egg-info/PKG-INFO
[5.375s] writing dependency_links to ../../build/driver_ros2/driver_ros2.egg-info/dependency_links.txt
[5.376s] writing entry points to ../../build/driver_ros2/driver_ros2.egg-info/entry_points.txt
[5.377s] writing requirements to ../../build/driver_ros2/driver_ros2.egg-info/requires.txt
[5.378s] writing top-level names to ../../build/driver_ros2/driver_ros2.egg-info/top_level.txt
[5.389s] reading manifest file '../../build/driver_ros2/driver_ros2.egg-info/SOURCES.txt'
[5.393s] writing manifest file '../../build/driver_ros2/driver_ros2.egg-info/SOURCES.txt'
[5.393s] running build
[5.394s] running build_py
[5.396s] running install
[5.397s] running install_lib
[5.406s] running install_data
[5.406s] running install_egg_info
[5.415s] removing '/home/kencheng/notebooks/ros_ws/install/driver_ros2/lib/python3.10/site-packages/driver_ros2-0.0.0-py3.10.egg-info' (and everything under it)
[5.417s] Copying ../../build/driver_ros2/driver_ros2.egg-info to /home/kencheng/notebooks/ros_ws/install/driver_ros2/lib/python3.10/site-packages/driver_ros2-0.0.0-py3.10.egg-info
[5.424s] running install_scripts
[5.516s] Installing driver_node script to /home/kencheng/notebooks/ros_ws/install/driver_ros2/lib/driver_ros2
[5.522s] writing list of installed files to '/home/kencheng/notebooks/ros_ws/build/driver_ros2/install.log'
[5.702s] Invoked command in '/home/kencheng/notebooks/ros_ws/src/driver_ros2' returned '0': CONDA_PROMPT_MODIFIER=(ros2_humble) PYTHONPATH=/home/kencheng/notebooks/ros_ws/build/driver_ros2/prefix_override:/usr/lib/python3/dist-packages/colcon_core/task/python/colcon_distutils_commands:/home/kencheng/notebooks/ros_ws/install/driver_ros2/lib/python3.10/site-packages:${PYTHONPATH} /usr/bin/python3 -W ignore:setup.py install is deprecated -W ignore:easy_install command is deprecated setup.py egg_info --egg-base ../../build/driver_ros2 build --build-base /home/kencheng/notebooks/ros_ws/build/driver_ros2/build install --record /home/kencheng/notebooks/ros_ws/build/driver_ros2/install.log --single-version-externally-managed install_data
