[0.145s] Invoking command in '/home/kencheng/notebooks/ros_ws/build/cartographer_ros2': CMAKE_PREFIX_PATH=${CMAKE_PREFIX_PATH}:/home/kencheng/notebooks/ros_ws/install/video_streamer:/home/kencheng/notebooks/ros_ws/install/driver_ros2:/home/kencheng/notebooks/ros_ws/install/driver:/opt/ros/humble CONDA_PROMPT_MODIFIER=(ros2_humble) /usr/bin/cmake --build /home/kencheng/notebooks/ros_ws/build/cartographer_ros2 -- -j4 -l4
[1.285s] [100%] Built target cartographer_node
[1.313s] Invoked command in '/home/kencheng/notebooks/ros_ws/build/cartographer_ros2' returned '0': CMAKE_PREFIX_PATH=${CMAKE_PREFIX_PATH}:/home/kencheng/notebooks/ros_ws/install/video_streamer:/home/kencheng/notebooks/ros_ws/install/driver_ros2:/home/kencheng/notebooks/ros_ws/install/driver:/opt/ros/humble CONDA_PROMPT_MODIFIER=(ros2_humble) /usr/bin/cmake --build /home/kencheng/notebooks/ros_ws/build/cartographer_ros2 -- -j4 -l4
[1.355s] Invoking command in '/home/kencheng/notebooks/ros_ws/build/cartographer_ros2': CMAKE_PREFIX_PATH=${CMAKE_PREFIX_PATH}:/home/kencheng/notebooks/ros_ws/install/video_streamer:/home/kencheng/notebooks/ros_ws/install/driver_ros2:/home/kencheng/notebooks/ros_ws/install/driver:/opt/ros/humble CONDA_PROMPT_MODIFIER=(ros2_humble) /usr/bin/cmake --install /home/kencheng/notebooks/ros_ws/build/cartographer_ros2
[1.390s] -- Install configuration: ""
[1.392s] -- Up-to-date: /home/kencheng/notebooks/ros_ws/install/cartographer_ros2/lib/cartographer_ros2/cartographer_node
[1.395s] -- Up-to-date: /home/kencheng/notebooks/ros_ws/install/cartographer_ros2/share/cartographer_ros2/launch
[1.396s] -- Up-to-date: /home/kencheng/notebooks/ros_ws/install/cartographer_ros2/share/cartographer_ros2/launch/cartographer_launch.py
[1.397s] -- Up-to-date: /home/kencheng/notebooks/ros_ws/install/cartographer_ros2/share/cartographer_ros2/launch/.ipynb_checkpoints
[1.399s] -- Up-to-date: /home/kencheng/notebooks/ros_ws/install/cartographer_ros2/share/cartographer_ros2/launch/.ipynb_checkpoints/cartographer_launch-checkpoint.py
[1.400s] -- Up-to-date: /home/kencheng/notebooks/ros_ws/install/cartographer_ros2/share/ament_index/resource_index/package_run_dependencies/cartographer_ros2
[1.402s] -- Up-to-date: /home/kencheng/notebooks/ros_ws/install/cartographer_ros2/share/ament_index/resource_index/parent_prefix_path/cartographer_ros2
[1.403s] -- Up-to-date: /home/kencheng/notebooks/ros_ws/install/cartographer_ros2/share/cartographer_ros2/environment/ament_prefix_path.sh
[1.406s] -- Up-to-date: /home/kencheng/notebooks/ros_ws/install/cartographer_ros2/share/cartographer_ros2/environment/ament_prefix_path.dsv
[1.413s] -- Up-to-date: /home/kencheng/notebooks/ros_ws/install/cartographer_ros2/share/cartographer_ros2/environment/path.sh
[1.414s] -- Up-to-date: /home/kencheng/notebooks/ros_ws/install/cartographer_ros2/share/cartographer_ros2/environment/path.dsv
[1.414s] -- Up-to-date: /home/kencheng/notebooks/ros_ws/install/cartographer_ros2/share/cartographer_ros2/local_setup.bash
[1.416s] -- Up-to-date: /home/kencheng/notebooks/ros_ws/install/cartographer_ros2/share/cartographer_ros2/local_setup.sh
[1.417s] -- Up-to-date: /home/kencheng/notebooks/ros_ws/install/cartographer_ros2/share/cartographer_ros2/local_setup.zsh
[1.418s] -- Up-to-date: /home/kencheng/notebooks/ros_ws/install/cartographer_ros2/share/cartographer_ros2/local_setup.dsv
[1.418s] -- Installing: /home/kencheng/notebooks/ros_ws/install/cartographer_ros2/share/cartographer_ros2/package.dsv
[1.419s] -- Up-to-date: /home/kencheng/notebooks/ros_ws/install/cartographer_ros2/share/ament_index/resource_index/packages/cartographer_ros2
[1.420s] -- Up-to-date: /home/kencheng/notebooks/ros_ws/install/cartographer_ros2/share/cartographer_ros2/cmake/cartographer_ros2Config.cmake
[1.421s] -- Up-to-date: /home/kencheng/notebooks/ros_ws/install/cartographer_ros2/share/cartographer_ros2/cmake/cartographer_ros2Config-version.cmake
[1.423s] -- Up-to-date: /home/kencheng/notebooks/ros_ws/install/cartographer_ros2/share/cartographer_ros2/package.xml
[1.426s] Invoked command in '/home/kencheng/notebooks/ros_ws/build/cartographer_ros2' returned '0': CMAKE_PREFIX_PATH=${CMAKE_PREFIX_PATH}:/home/kencheng/notebooks/ros_ws/install/video_streamer:/home/kencheng/notebooks/ros_ws/install/driver_ros2:/home/kencheng/notebooks/ros_ws/install/driver:/opt/ros/humble CONDA_PROMPT_MODIFIER=(ros2_humble) /usr/bin/cmake --install /home/kencheng/notebooks/ros_ws/build/cartographer_ros2
