[100%] Built target cartographer_node
-- Install configuration: ""
-- Up-to-date: /home/kencheng/notebooks/ros_ws/install/cartographer_ros2/lib/cartographer_ros2/cartographer_node
-- Up-to-date: /home/kencheng/notebooks/ros_ws/install/cartographer_ros2/share/cartographer_ros2/launch
-- Up-to-date: /home/kencheng/notebooks/ros_ws/install/cartographer_ros2/share/cartographer_ros2/launch/cartographer_launch.py
-- Up-to-date: /home/kencheng/notebooks/ros_ws/install/cartographer_ros2/share/cartographer_ros2/launch/.ipynb_checkpoints
-- Up-to-date: /home/kencheng/notebooks/ros_ws/install/cartographer_ros2/share/cartographer_ros2/launch/.ipynb_checkpoints/cartographer_launch-checkpoint.py
-- Up-to-date: /home/kencheng/notebooks/ros_ws/install/cartographer_ros2/share/ament_index/resource_index/package_run_dependencies/cartographer_ros2
-- Up-to-date: /home/kencheng/notebooks/ros_ws/install/cartographer_ros2/share/ament_index/resource_index/parent_prefix_path/cartographer_ros2
-- Up-to-date: /home/kencheng/notebooks/ros_ws/install/cartographer_ros2/share/cartographer_ros2/environment/ament_prefix_path.sh
-- Up-to-date: /home/kencheng/notebooks/ros_ws/install/cartographer_ros2/share/cartographer_ros2/environment/ament_prefix_path.dsv
-- Up-to-date: /home/kencheng/notebooks/ros_ws/install/cartographer_ros2/share/cartographer_ros2/environment/path.sh
-- Up-to-date: /home/kencheng/notebooks/ros_ws/install/cartographer_ros2/share/cartographer_ros2/environment/path.dsv
-- Up-to-date: /home/kencheng/notebooks/ros_ws/install/cartographer_ros2/share/cartographer_ros2/local_setup.bash
-- Up-to-date: /home/kencheng/notebooks/ros_ws/install/cartographer_ros2/share/cartographer_ros2/local_setup.sh
-- Up-to-date: /home/kencheng/notebooks/ros_ws/install/cartographer_ros2/share/cartographer_ros2/local_setup.zsh
-- Up-to-date: /home/kencheng/notebooks/ros_ws/install/cartographer_ros2/share/cartographer_ros2/local_setup.dsv
-- Installing: /home/kencheng/notebooks/ros_ws/install/cartographer_ros2/share/cartographer_ros2/package.dsv
-- Up-to-date: /home/kencheng/notebooks/ros_ws/install/cartographer_ros2/share/ament_index/resource_index/packages/cartographer_ros2
-- Up-to-date: /home/kencheng/notebooks/ros_ws/install/cartographer_ros2/share/cartographer_ros2/cmake/cartographer_ros2Config.cmake
-- Up-to-date: /home/kencheng/notebooks/ros_ws/install/cartographer_ros2/share/cartographer_ros2/cmake/cartographer_ros2Config-version.cmake
-- Up-to-date: /home/kencheng/notebooks/ros_ws/install/cartographer_ros2/share/cartographer_ros2/package.xml
