[4.739s] Invoking command in '/home/kencheng/notebooks/ros_ws/src/driver_ros2': CONDA_PROMPT_MODIFIER=(base) PYTHONPATH=/home/kencheng/notebooks/ros_ws/build/driver_ros2/prefix_override:/usr/lib/python3/dist-packages/colcon_core/task/python/colcon_distutils_commands:/home/kencheng/notebooks/ros_ws/install/driver_ros2/lib/python3.10/site-packages:${PYTHONPATH} /usr/bin/python3 -W ignore:setup.py install is deprecated -W ignore:easy_install command is deprecated setup.py egg_info --egg-base ../../build/driver_ros2 build --build-base /home/kencheng/notebooks/ros_ws/build/driver_ros2/build install --record /home/kencheng/notebooks/ros_ws/build/driver_ros2/install.log --single-version-externally-managed install_data
[5.590s] /home/kencheng/miniconda3/envs/ros2_humble/lib/python3.10/site-packages/setuptools/_distutils/dist.py:270: UserWarning: Unknown distribution option: 'tests_require'
[5.590s]   warnings.warn(msg)
[6.388s] running egg_info
[6.511s] writing ../../build/driver_ros2/driver_ros2.egg-info/PKG-INFO
[6.514s] writing dependency_links to ../../build/driver_ros2/driver_ros2.egg-info/dependency_links.txt
[6.515s] writing entry points to ../../build/driver_ros2/driver_ros2.egg-info/entry_points.txt
[6.517s] writing requirements to ../../build/driver_ros2/driver_ros2.egg-info/requires.txt
[6.517s] writing top-level names to ../../build/driver_ros2/driver_ros2.egg-info/top_level.txt
[6.751s] reading manifest file '../../build/driver_ros2/driver_ros2.egg-info/SOURCES.txt'
[6.758s] writing manifest file '../../build/driver_ros2/driver_ros2.egg-info/SOURCES.txt'
[6.759s] running build
[6.759s] running build_py
[6.760s] copying driver_ros2/driver_node.py -> /home/kencheng/notebooks/ros_ws/build/driver_ros2/build/lib/driver_ros2
[6.761s] copying driver_ros2/__init__.py -> /home/kencheng/notebooks/ros_ws/build/driver_ros2/build/lib/driver_ros2
[6.762s] copying driver_ros2/ros_robot_controller_sdk.py -> /home/kencheng/notebooks/ros_ws/build/driver_ros2/build/lib/driver_ros2
[6.765s] running install
[6.787s] running install_lib
[6.900s] running install_data
[6.902s] copying resource/driver_ros2 -> /home/kencheng/notebooks/ros_ws/install/driver_ros2/share/ament_index/resource_index/packages
[6.903s] copying package.xml -> /home/kencheng/notebooks/ros_ws/install/driver_ros2/share/driver_ros2
[6.904s] running install_egg_info
[7.017s] removing '/home/kencheng/notebooks/ros_ws/install/driver_ros2/lib/python3.10/site-packages/driver_ros2-0.0.0-py3.10.egg-info' (and everything under it)
[7.018s] Copying ../../build/driver_ros2/driver_ros2.egg-info to /home/kencheng/notebooks/ros_ws/install/driver_ros2/lib/python3.10/site-packages/driver_ros2-0.0.0-py3.10.egg-info
[7.025s] running install_scripts
[8.015s] Installing driver_node script to /home/kencheng/notebooks/ros_ws/install/driver_ros2/lib/driver_ros2
[8.017s] writing list of installed files to '/home/kencheng/notebooks/ros_ws/build/driver_ros2/install.log'
[8.170s] Invoked command in '/home/kencheng/notebooks/ros_ws/src/driver_ros2' returned '0': CONDA_PROMPT_MODIFIER=(base) PYTHONPATH=/home/kencheng/notebooks/ros_ws/build/driver_ros2/prefix_override:/usr/lib/python3/dist-packages/colcon_core/task/python/colcon_distutils_commands:/home/kencheng/notebooks/ros_ws/install/driver_ros2/lib/python3.10/site-packages:${PYTHONPATH} /usr/bin/python3 -W ignore:setup.py install is deprecated -W ignore:easy_install command is deprecated setup.py egg_info --egg-base ../../build/driver_ros2 build --build-base /home/kencheng/notebooks/ros_ws/build/driver_ros2/build install --record /home/kencheng/notebooks/ros_ws/build/driver_ros2/install.log --single-version-externally-managed install_data
