[3.917s] Invoking command in '/home/kencheng/notebooks/ros_ws/src/video_streamer': CONDA_PROMPT_MODIFIER=(ros2_humble) PYTHONPATH=/home/kencheng/notebooks/ros_ws/build/video_streamer/prefix_override:/usr/lib/python3/dist-packages/colcon_core/task/python/colcon_distutils_commands:/home/kencheng/notebooks/ros_ws/install/video_streamer/lib/python3.10/site-packages:${PYTHONPATH} /usr/bin/python3 -W ignore:setup.py install is deprecated -W ignore:easy_install command is deprecated setup.py egg_info --egg-base ../../build/video_streamer build --build-base /home/kencheng/notebooks/ros_ws/build/video_streamer/build install --record /home/kencheng/notebooks/ros_ws/build/video_streamer/install.log --single-version-externally-managed install_data
[5.152s] running egg_info
[5.154s] creating ../../build/video_streamer/video_streamer.egg-info
[5.155s] writing ../../build/video_streamer/video_streamer.egg-info/PKG-INFO
[5.156s] writing dependency_links to ../../build/video_streamer/video_streamer.egg-info/dependency_links.txt
[5.157s] writing entry points to ../../build/video_streamer/video_streamer.egg-info/entry_points.txt
[5.157s] writing requirements to ../../build/video_streamer/video_streamer.egg-info/requires.txt
[5.158s] writing top-level names to ../../build/video_streamer/video_streamer.egg-info/top_level.txt
[5.159s] writing manifest file '../../build/video_streamer/video_streamer.egg-info/SOURCES.txt'
[5.166s] reading manifest file '../../build/video_streamer/video_streamer.egg-info/SOURCES.txt'
[5.169s] writing manifest file '../../build/video_streamer/video_streamer.egg-info/SOURCES.txt'
[5.170s] running build
[5.170s] running build_py
[5.171s] creating /home/kencheng/notebooks/ros_ws/build/video_streamer/build
[5.171s] creating /home/kencheng/notebooks/ros_ws/build/video_streamer/build/lib
[5.171s] creating /home/kencheng/notebooks/ros_ws/build/video_streamer/build/lib/video_streamer
[5.172s] copying video_streamer/__init__.py -> /home/kencheng/notebooks/ros_ws/build/video_streamer/build/lib/video_streamer
[5.172s] copying video_streamer/video_stream.py -> /home/kencheng/notebooks/ros_ws/build/video_streamer/build/lib/video_streamer
[5.174s] running install
[5.175s] running install_lib
[5.178s] creating /home/kencheng/notebooks/ros_ws/install/video_streamer/lib/python3.10/site-packages/video_streamer
[5.179s] copying /home/kencheng/notebooks/ros_ws/build/video_streamer/build/lib/video_streamer/__init__.py -> /home/kencheng/notebooks/ros_ws/install/video_streamer/lib/python3.10/site-packages/video_streamer
[5.179s] copying /home/kencheng/notebooks/ros_ws/build/video_streamer/build/lib/video_streamer/video_stream.py -> /home/kencheng/notebooks/ros_ws/install/video_streamer/lib/python3.10/site-packages/video_streamer
[5.182s] byte-compiling /home/kencheng/notebooks/ros_ws/install/video_streamer/lib/python3.10/site-packages/video_streamer/__init__.py to __init__.cpython-310.pyc
[5.183s] byte-compiling /home/kencheng/notebooks/ros_ws/install/video_streamer/lib/python3.10/site-packages/video_streamer/video_stream.py to video_stream.cpython-310.pyc
[5.186s] running install_data
[5.187s] creating /home/kencheng/notebooks/ros_ws/install/video_streamer/share/ament_index
[5.187s] creating /home/kencheng/notebooks/ros_ws/install/video_streamer/share/ament_index/resource_index
[5.188s] creating /home/kencheng/notebooks/ros_ws/install/video_streamer/share/ament_index/resource_index/packages
[5.188s] copying resource/video_streamer -> /home/kencheng/notebooks/ros_ws/install/video_streamer/share/ament_index/resource_index/packages
[5.188s] copying package.xml -> /home/kencheng/notebooks/ros_ws/install/video_streamer/share/video_streamer
[5.189s] running install_egg_info
[5.196s] Copying ../../build/video_streamer/video_streamer.egg-info to /home/kencheng/notebooks/ros_ws/install/video_streamer/lib/python3.10/site-packages/video_streamer-0.0.0-py3.10.egg-info
[5.201s] running install_scripts
[5.281s] Installing video_stream script to /home/kencheng/notebooks/ros_ws/install/video_streamer/lib/video_streamer
[5.282s] writing list of installed files to '/home/kencheng/notebooks/ros_ws/build/video_streamer/install.log'
[5.404s] Invoked command in '/home/kencheng/notebooks/ros_ws/src/video_streamer' returned '0': CONDA_PROMPT_MODIFIER=(ros2_humble) PYTHONPATH=/home/kencheng/notebooks/ros_ws/build/video_streamer/prefix_override:/usr/lib/python3/dist-packages/colcon_core/task/python/colcon_distutils_commands:/home/kencheng/notebooks/ros_ws/install/video_streamer/lib/python3.10/site-packages:${PYTHONPATH} /usr/bin/python3 -W ignore:setup.py install is deprecated -W ignore:easy_install command is deprecated setup.py egg_info --egg-base ../../build/video_streamer build --build-base /home/kencheng/notebooks/ros_ws/build/video_streamer/build install --record /home/kencheng/notebooks/ros_ws/build/video_streamer/install.log --single-version-externally-managed install_data
