[0.495s] DEBUG:colcon:Command line arguments: ['/usr/bin/colcon', 'build']
[0.496s] DEBUG:colcon:Parsed command line arguments: Namespace(log_base=None, log_level=None, verb_name='build', build_base='build', install_base='install', merge_install=False, symlink_install=False, test_result_base=None, continue_on_error=False, executor='parallel', parallel_workers=4, event_handlers=None, ignore_user_meta=False, metas=['./colcon.meta'], base_paths=['.'], packages_ignore=None, packages_ignore_regex=None, paths=None, packages_up_to=None, packages_up_to_regex=None, packages_above=None, packages_above_and_dependencies=None, packages_above_depth=None, packages_select_by_dep=None, packages_skip_by_dep=None, packages_skip_up_to=None, packages_select_build_failed=False, packages_skip_build_finished=False, packages_select_test_failures=False, packages_skip_test_passed=False, packages_select=None, packages_skip=None, packages_select_regex=None, packages_skip_regex=None, packages_start=None, packages_end=None, allow_overriding=[], cmake_args=None, cmake_target=None, cmake_target_skip_unavailable=False, cmake_clean_cache=False, cmake_clean_first=False, cmake_force_configure=False, ament_cmake_args=None, catkin_cmake_args=None, catkin_skip_building_tests=False, mixin_files=None, mixin=None, verb_parser=<colcon_mixin.mixin.mixin_argument.MixinArgumentDecorator object at 0xffffb6c94520>, verb_extension=<colcon_core.verb.build.BuildVerb object at 0xffffb6e79b70>, main=<bound method BuildVerb.main of <colcon_core.verb.build.BuildVerb object at 0xffffb6e79b70>>, mixin_verb=('build',))
[0.660s] Level 1:colcon.colcon_core.package_discovery:discover_packages(colcon_meta) check parameters
[0.661s] Level 1:colcon.colcon_core.package_discovery:discover_packages(recursive) check parameters
[0.661s] Level 1:colcon.colcon_core.package_discovery:discover_packages(ignore) check parameters
[0.661s] Level 1:colcon.colcon_core.package_discovery:discover_packages(path) check parameters
[0.661s] Level 1:colcon.colcon_core.package_discovery:discover_packages(colcon_meta) discover
[0.661s] Level 1:colcon.colcon_core.package_discovery:discover_packages(recursive) discover
[0.662s] INFO:colcon.colcon_core.package_discovery:Crawling recursively for packages in '/home/kencheng/notebooks/ros_ws'
[0.662s] Level 1:colcon.colcon_core.package_identification:_identify(.) by extensions ['ignore', 'ignore_ament_install']
[0.662s] Level 1:colcon.colcon_core.package_identification:_identify(.) by extension 'ignore'
[0.663s] Level 1:colcon.colcon_core.package_identification:_identify(.) by extension 'ignore_ament_install'
[0.663s] Level 1:colcon.colcon_core.package_identification:_identify(.) by extensions ['colcon_pkg']
[0.663s] Level 1:colcon.colcon_core.package_identification:_identify(.) by extension 'colcon_pkg'
[0.663s] Level 1:colcon.colcon_core.package_identification:_identify(.) by extensions ['colcon_meta']
[0.663s] Level 1:colcon.colcon_core.package_identification:_identify(.) by extension 'colcon_meta'
[0.663s] Level 1:colcon.colcon_core.package_identification:_identify(.) by extensions ['ros']
[0.663s] Level 1:colcon.colcon_core.package_identification:_identify(.) by extension 'ros'
[0.763s] Level 1:colcon.colcon_core.package_identification:_identify(.) by extensions ['cmake', 'python']
[0.764s] Level 1:colcon.colcon_core.package_identification:_identify(.) by extension 'cmake'
[0.764s] Level 1:colcon.colcon_core.package_identification:_identify(.) by extension 'python'
[0.764s] Level 1:colcon.colcon_core.package_identification:_identify(.) by extensions ['python_setup_py']
[0.764s] Level 1:colcon.colcon_core.package_identification:_identify(.) by extension 'python_setup_py'
[0.765s] Level 1:colcon.colcon_core.package_identification:_identify(build) by extensions ['ignore', 'ignore_ament_install']
[0.765s] Level 1:colcon.colcon_core.package_identification:_identify(build) by extension 'ignore'
[0.765s] Level 1:colcon.colcon_core.package_identification:_identify(build) ignored
[0.766s] Level 1:colcon.colcon_core.package_identification:_identify(install) by extensions ['ignore', 'ignore_ament_install']
[0.766s] Level 1:colcon.colcon_core.package_identification:_identify(install) by extension 'ignore'
[0.766s] Level 1:colcon.colcon_core.package_identification:_identify(install) ignored
[0.767s] Level 1:colcon.colcon_core.package_identification:_identify(log) by extensions ['ignore', 'ignore_ament_install']
[0.767s] Level 1:colcon.colcon_core.package_identification:_identify(log) by extension 'ignore'
[0.767s] Level 1:colcon.colcon_core.package_identification:_identify(log) ignored
[0.768s] Level 1:colcon.colcon_core.package_identification:_identify(src) by extensions ['ignore', 'ignore_ament_install']
[0.768s] Level 1:colcon.colcon_core.package_identification:_identify(src) by extension 'ignore'
[0.768s] Level 1:colcon.colcon_core.package_identification:_identify(src) by extension 'ignore_ament_install'
[0.769s] Level 1:colcon.colcon_core.package_identification:_identify(src) by extensions ['colcon_pkg']
[0.769s] Level 1:colcon.colcon_core.package_identification:_identify(src) by extension 'colcon_pkg'
[0.769s] Level 1:colcon.colcon_core.package_identification:_identify(src) by extensions ['colcon_meta']
[0.769s] Level 1:colcon.colcon_core.package_identification:_identify(src) by extension 'colcon_meta'
[0.769s] Level 1:colcon.colcon_core.package_identification:_identify(src) by extensions ['ros']
[0.769s] Level 1:colcon.colcon_core.package_identification:_identify(src) by extension 'ros'
[0.770s] Level 1:colcon.colcon_core.package_identification:_identify(src) by extensions ['cmake', 'python']
[0.770s] Level 1:colcon.colcon_core.package_identification:_identify(src) by extension 'cmake'
[0.770s] Level 1:colcon.colcon_core.package_identification:_identify(src) by extension 'python'
[0.770s] Level 1:colcon.colcon_core.package_identification:_identify(src) by extensions ['python_setup_py']
[0.770s] Level 1:colcon.colcon_core.package_identification:_identify(src) by extension 'python_setup_py'
[0.771s] Level 1:colcon.colcon_core.package_identification:_identify(src/cartographer_ros2) by extensions ['ignore', 'ignore_ament_install']
[0.771s] Level 1:colcon.colcon_core.package_identification:_identify(src/cartographer_ros2) by extension 'ignore'
[0.771s] Level 1:colcon.colcon_core.package_identification:_identify(src/cartographer_ros2) by extension 'ignore_ament_install'
[0.771s] Level 1:colcon.colcon_core.package_identification:_identify(src/cartographer_ros2) by extensions ['colcon_pkg']
[0.771s] Level 1:colcon.colcon_core.package_identification:_identify(src/cartographer_ros2) by extension 'colcon_pkg'
[0.772s] Level 1:colcon.colcon_core.package_identification:_identify(src/cartographer_ros2) by extensions ['colcon_meta']
[0.772s] Level 1:colcon.colcon_core.package_identification:_identify(src/cartographer_ros2) by extension 'colcon_meta'
[0.772s] Level 1:colcon.colcon_core.package_identification:_identify(src/cartographer_ros2) by extensions ['ros']
[0.772s] Level 1:colcon.colcon_core.package_identification:_identify(src/cartographer_ros2) by extension 'ros'
[0.781s] DEBUG:colcon.colcon_core.package_identification:Package 'src/cartographer_ros2' with type 'ros.ament_cmake' and name 'cartographer_ros2'
[0.782s] Level 1:colcon.colcon_core.package_identification:_identify(src/driver_ros2) by extensions ['ignore', 'ignore_ament_install']
[0.782s] Level 1:colcon.colcon_core.package_identification:_identify(src/driver_ros2) by extension 'ignore'
[0.783s] Level 1:colcon.colcon_core.package_identification:_identify(src/driver_ros2) by extension 'ignore_ament_install'
[0.783s] Level 1:colcon.colcon_core.package_identification:_identify(src/driver_ros2) by extensions ['colcon_pkg']
[0.783s] Level 1:colcon.colcon_core.package_identification:_identify(src/driver_ros2) by extension 'colcon_pkg'
[0.783s] Level 1:colcon.colcon_core.package_identification:_identify(src/driver_ros2) by extensions ['colcon_meta']
[0.783s] Level 1:colcon.colcon_core.package_identification:_identify(src/driver_ros2) by extension 'colcon_meta'
[0.784s] Level 1:colcon.colcon_core.package_identification:_identify(src/driver_ros2) by extensions ['ros']
[0.784s] Level 1:colcon.colcon_core.package_identification:_identify(src/driver_ros2) by extension 'ros'
[0.786s] DEBUG:colcon.colcon_core.package_identification:Package 'src/driver_ros2' with type 'ros.ament_python' and name 'driver_ros2'
[0.787s] Level 1:colcon.colcon_core.package_identification:_identify(src/nav2_ros2) by extensions ['ignore', 'ignore_ament_install']
[0.787s] Level 1:colcon.colcon_core.package_identification:_identify(src/nav2_ros2) by extension 'ignore'
[0.787s] Level 1:colcon.colcon_core.package_identification:_identify(src/nav2_ros2) by extension 'ignore_ament_install'
[0.787s] Level 1:colcon.colcon_core.package_identification:_identify(src/nav2_ros2) by extensions ['colcon_pkg']
[0.788s] Level 1:colcon.colcon_core.package_identification:_identify(src/nav2_ros2) by extension 'colcon_pkg'
[0.788s] Level 1:colcon.colcon_core.package_identification:_identify(src/nav2_ros2) by extensions ['colcon_meta']
[0.788s] Level 1:colcon.colcon_core.package_identification:_identify(src/nav2_ros2) by extension 'colcon_meta'
[0.788s] Level 1:colcon.colcon_core.package_identification:_identify(src/nav2_ros2) by extensions ['ros']
[0.788s] Level 1:colcon.colcon_core.package_identification:_identify(src/nav2_ros2) by extension 'ros'
[0.791s] DEBUG:colcon.colcon_core.package_identification:Package 'src/nav2_ros2' with type 'ros.ament_cmake' and name 'nav2_ros2'
[0.791s] Level 1:colcon.colcon_core.package_identification:_identify(src/sllidar_ros2) by extensions ['ignore', 'ignore_ament_install']
[0.792s] Level 1:colcon.colcon_core.package_identification:_identify(src/sllidar_ros2) by extension 'ignore'
[0.792s] Level 1:colcon.colcon_core.package_identification:_identify(src/sllidar_ros2) by extension 'ignore_ament_install'
[0.792s] Level 1:colcon.colcon_core.package_identification:_identify(src/sllidar_ros2) by extensions ['colcon_pkg']
[0.792s] Level 1:colcon.colcon_core.package_identification:_identify(src/sllidar_ros2) by extension 'colcon_pkg'
[0.793s] Level 1:colcon.colcon_core.package_identification:_identify(src/sllidar_ros2) by extensions ['colcon_meta']
[0.793s] Level 1:colcon.colcon_core.package_identification:_identify(src/sllidar_ros2) by extension 'colcon_meta'
[0.793s] Level 1:colcon.colcon_core.package_identification:_identify(src/sllidar_ros2) by extensions ['ros']
[0.793s] Level 1:colcon.colcon_core.package_identification:_identify(src/sllidar_ros2) by extension 'ros'
[0.796s] DEBUG:colcon.colcon_core.package_identification:Package 'src/sllidar_ros2' with type 'ros.ament_cmake' and name 'sllidar_ros2'
[0.796s] Level 1:colcon.colcon_core.package_identification:_identify(src/video_streamer) by extensions ['ignore', 'ignore_ament_install']
[0.797s] Level 1:colcon.colcon_core.package_identification:_identify(src/video_streamer) by extension 'ignore'
[0.797s] Level 1:colcon.colcon_core.package_identification:_identify(src/video_streamer) by extension 'ignore_ament_install'
[0.797s] Level 1:colcon.colcon_core.package_identification:_identify(src/video_streamer) by extensions ['colcon_pkg']
[0.797s] Level 1:colcon.colcon_core.package_identification:_identify(src/video_streamer) by extension 'colcon_pkg'
[0.798s] Level 1:colcon.colcon_core.package_identification:_identify(src/video_streamer) by extensions ['colcon_meta']
[0.798s] Level 1:colcon.colcon_core.package_identification:_identify(src/video_streamer) by extension 'colcon_meta'
[0.798s] Level 1:colcon.colcon_core.package_identification:_identify(src/video_streamer) by extensions ['ros']
[0.798s] Level 1:colcon.colcon_core.package_identification:_identify(src/video_streamer) by extension 'ros'
[0.800s] DEBUG:colcon.colcon_core.package_identification:Package 'src/video_streamer' with type 'ros.ament_python' and name 'video_streamer'
[0.800s] Level 1:colcon.colcon_core.package_discovery:discover_packages(recursive) using defaults
[0.801s] Level 1:colcon.colcon_core.package_discovery:discover_packages(ignore) discover
[0.801s] Level 1:colcon.colcon_core.package_discovery:discover_packages(ignore) using defaults
[0.801s] Level 1:colcon.colcon_core.package_discovery:discover_packages(path) discover
[0.801s] Level 1:colcon.colcon_core.package_discovery:discover_packages(path) using defaults
[0.877s] Level 1:colcon.colcon_core.package_discovery:discover_packages(prefix_path) check parameters
[0.878s] Level 1:colcon.colcon_core.package_discovery:discover_packages(prefix_path) discover
[0.884s] WARNING:colcon.colcon_ros.prefix_path.ament:The path '/home/kencheng/notebooks/ros_ws/install/driver' in the environment variable AMENT_PREFIX_PATH doesn't exist
[0.889s] DEBUG:colcon.colcon_installed_package_information.package_discovery:Found 5 installed packages in /home/kencheng/notebooks/ros_ws/install
[0.901s] DEBUG:colcon.colcon_installed_package_information.package_discovery:Found 417 installed packages in /opt/ros/humble
[0.910s] Level 1:colcon.colcon_core.package_discovery:discover_packages(prefix_path) using defaults
[1.181s] Level 5:colcon.colcon_core.verb:set package 'cartographer_ros2' build argument 'cmake_args' from command line to 'None'
[1.182s] Level 5:colcon.colcon_core.verb:set package 'cartographer_ros2' build argument 'cmake_target' from command line to 'None'
[1.182s] Level 5:colcon.colcon_core.verb:set package 'cartographer_ros2' build argument 'cmake_target_skip_unavailable' from command line to 'False'
[1.182s] Level 5:colcon.colcon_core.verb:set package 'cartographer_ros2' build argument 'cmake_clean_cache' from command line to 'False'
[1.182s] Level 5:colcon.colcon_core.verb:set package 'cartographer_ros2' build argument 'cmake_clean_first' from command line to 'False'
[1.182s] Level 5:colcon.colcon_core.verb:set package 'cartographer_ros2' build argument 'cmake_force_configure' from command line to 'False'
[1.182s] Level 5:colcon.colcon_core.verb:set package 'cartographer_ros2' build argument 'ament_cmake_args' from command line to 'None'
[1.182s] Level 5:colcon.colcon_core.verb:set package 'cartographer_ros2' build argument 'catkin_cmake_args' from command line to 'None'
[1.182s] Level 5:colcon.colcon_core.verb:set package 'cartographer_ros2' build argument 'catkin_skip_building_tests' from command line to 'False'
[1.183s] DEBUG:colcon.colcon_core.verb:Building package 'cartographer_ros2' with the following arguments: {'ament_cmake_args': None, 'build_base': '/home/kencheng/notebooks/ros_ws/build/cartographer_ros2', 'catkin_cmake_args': None, 'catkin_skip_building_tests': False, 'cmake_args': None, 'cmake_clean_cache': False, 'cmake_clean_first': False, 'cmake_force_configure': False, 'cmake_target': None, 'cmake_target_skip_unavailable': False, 'install_base': '/home/kencheng/notebooks/ros_ws/install/cartographer_ros2', 'merge_install': False, 'path': '/home/kencheng/notebooks/ros_ws/src/cartographer_ros2', 'symlink_install': False, 'test_result_base': None}
[1.184s] Level 5:colcon.colcon_core.verb:set package 'driver_ros2' build argument 'cmake_args' from command line to 'None'
[1.184s] Level 5:colcon.colcon_core.verb:set package 'driver_ros2' build argument 'cmake_target' from command line to 'None'
[1.184s] Level 5:colcon.colcon_core.verb:set package 'driver_ros2' build argument 'cmake_target_skip_unavailable' from command line to 'False'
[1.184s] Level 5:colcon.colcon_core.verb:set package 'driver_ros2' build argument 'cmake_clean_cache' from command line to 'False'
[1.185s] Level 5:colcon.colcon_core.verb:set package 'driver_ros2' build argument 'cmake_clean_first' from command line to 'False'
[1.185s] Level 5:colcon.colcon_core.verb:set package 'driver_ros2' build argument 'cmake_force_configure' from command line to 'False'
[1.185s] Level 5:colcon.colcon_core.verb:set package 'driver_ros2' build argument 'ament_cmake_args' from command line to 'None'
[1.185s] Level 5:colcon.colcon_core.verb:set package 'driver_ros2' build argument 'catkin_cmake_args' from command line to 'None'
[1.185s] Level 5:colcon.colcon_core.verb:set package 'driver_ros2' build argument 'catkin_skip_building_tests' from command line to 'False'
[1.185s] DEBUG:colcon.colcon_core.verb:Building package 'driver_ros2' with the following arguments: {'ament_cmake_args': None, 'build_base': '/home/kencheng/notebooks/ros_ws/build/driver_ros2', 'catkin_cmake_args': None, 'catkin_skip_building_tests': False, 'cmake_args': None, 'cmake_clean_cache': False, 'cmake_clean_first': False, 'cmake_force_configure': False, 'cmake_target': None, 'cmake_target_skip_unavailable': False, 'install_base': '/home/kencheng/notebooks/ros_ws/install/driver_ros2', 'merge_install': False, 'path': '/home/kencheng/notebooks/ros_ws/src/driver_ros2', 'symlink_install': False, 'test_result_base': None}
[1.186s] Level 5:colcon.colcon_core.verb:set package 'nav2_ros2' build argument 'cmake_args' from command line to 'None'
[1.187s] Level 5:colcon.colcon_core.verb:set package 'nav2_ros2' build argument 'cmake_target' from command line to 'None'
[1.187s] Level 5:colcon.colcon_core.verb:set package 'nav2_ros2' build argument 'cmake_target_skip_unavailable' from command line to 'False'
[1.187s] Level 5:colcon.colcon_core.verb:set package 'nav2_ros2' build argument 'cmake_clean_cache' from command line to 'False'
[1.187s] Level 5:colcon.colcon_core.verb:set package 'nav2_ros2' build argument 'cmake_clean_first' from command line to 'False'
[1.187s] Level 5:colcon.colcon_core.verb:set package 'nav2_ros2' build argument 'cmake_force_configure' from command line to 'False'
[1.187s] Level 5:colcon.colcon_core.verb:set package 'nav2_ros2' build argument 'ament_cmake_args' from command line to 'None'
[1.187s] Level 5:colcon.colcon_core.verb:set package 'nav2_ros2' build argument 'catkin_cmake_args' from command line to 'None'
[1.187s] Level 5:colcon.colcon_core.verb:set package 'nav2_ros2' build argument 'catkin_skip_building_tests' from command line to 'False'
[1.187s] DEBUG:colcon.colcon_core.verb:Building package 'nav2_ros2' with the following arguments: {'ament_cmake_args': None, 'build_base': '/home/kencheng/notebooks/ros_ws/build/nav2_ros2', 'catkin_cmake_args': None, 'catkin_skip_building_tests': False, 'cmake_args': None, 'cmake_clean_cache': False, 'cmake_clean_first': False, 'cmake_force_configure': False, 'cmake_target': None, 'cmake_target_skip_unavailable': False, 'install_base': '/home/kencheng/notebooks/ros_ws/install/nav2_ros2', 'merge_install': False, 'path': '/home/kencheng/notebooks/ros_ws/src/nav2_ros2', 'symlink_install': False, 'test_result_base': None}
[1.189s] Level 5:colcon.colcon_core.verb:set package 'sllidar_ros2' build argument 'cmake_args' from command line to 'None'
[1.189s] Level 5:colcon.colcon_core.verb:set package 'sllidar_ros2' build argument 'cmake_target' from command line to 'None'
[1.189s] Level 5:colcon.colcon_core.verb:set package 'sllidar_ros2' build argument 'cmake_target_skip_unavailable' from command line to 'False'
[1.189s] Level 5:colcon.colcon_core.verb:set package 'sllidar_ros2' build argument 'cmake_clean_cache' from command line to 'False'
[1.189s] Level 5:colcon.colcon_core.verb:set package 'sllidar_ros2' build argument 'cmake_clean_first' from command line to 'False'
[1.190s] Level 5:colcon.colcon_core.verb:set package 'sllidar_ros2' build argument 'cmake_force_configure' from command line to 'False'
[1.190s] Level 5:colcon.colcon_core.verb:set package 'sllidar_ros2' build argument 'ament_cmake_args' from command line to 'None'
[1.190s] Level 5:colcon.colcon_core.verb:set package 'sllidar_ros2' build argument 'catkin_cmake_args' from command line to 'None'
[1.190s] Level 5:colcon.colcon_core.verb:set package 'sllidar_ros2' build argument 'catkin_skip_building_tests' from command line to 'False'
[1.190s] DEBUG:colcon.colcon_core.verb:Building package 'sllidar_ros2' with the following arguments: {'ament_cmake_args': None, 'build_base': '/home/kencheng/notebooks/ros_ws/build/sllidar_ros2', 'catkin_cmake_args': None, 'catkin_skip_building_tests': False, 'cmake_args': None, 'cmake_clean_cache': False, 'cmake_clean_first': False, 'cmake_force_configure': False, 'cmake_target': None, 'cmake_target_skip_unavailable': False, 'install_base': '/home/kencheng/notebooks/ros_ws/install/sllidar_ros2', 'merge_install': False, 'path': '/home/kencheng/notebooks/ros_ws/src/sllidar_ros2', 'symlink_install': False, 'test_result_base': None}
[1.191s] Level 5:colcon.colcon_core.verb:set package 'video_streamer' build argument 'cmake_args' from command line to 'None'
[1.192s] Level 5:colcon.colcon_core.verb:set package 'video_streamer' build argument 'cmake_target' from command line to 'None'
[1.192s] Level 5:colcon.colcon_core.verb:set package 'video_streamer' build argument 'cmake_target_skip_unavailable' from command line to 'False'
[1.192s] Level 5:colcon.colcon_core.verb:set package 'video_streamer' build argument 'cmake_clean_cache' from command line to 'False'
[1.192s] Level 5:colcon.colcon_core.verb:set package 'video_streamer' build argument 'cmake_clean_first' from command line to 'False'
[1.192s] Level 5:colcon.colcon_core.verb:set package 'video_streamer' build argument 'cmake_force_configure' from command line to 'False'
[1.192s] Level 5:colcon.colcon_core.verb:set package 'video_streamer' build argument 'ament_cmake_args' from command line to 'None'
[1.192s] Level 5:colcon.colcon_core.verb:set package 'video_streamer' build argument 'catkin_cmake_args' from command line to 'None'
[1.192s] Level 5:colcon.colcon_core.verb:set package 'video_streamer' build argument 'catkin_skip_building_tests' from command line to 'False'
[1.192s] DEBUG:colcon.colcon_core.verb:Building package 'video_streamer' with the following arguments: {'ament_cmake_args': None, 'build_base': '/home/kencheng/notebooks/ros_ws/build/video_streamer', 'catkin_cmake_args': None, 'catkin_skip_building_tests': False, 'cmake_args': None, 'cmake_clean_cache': False, 'cmake_clean_first': False, 'cmake_force_configure': False, 'cmake_target': None, 'cmake_target_skip_unavailable': False, 'install_base': '/home/kencheng/notebooks/ros_ws/install/video_streamer', 'merge_install': False, 'path': '/home/kencheng/notebooks/ros_ws/src/video_streamer', 'symlink_install': False, 'test_result_base': None}
[1.193s] INFO:colcon.colcon_core.executor:Executing jobs using 'parallel' executor
[1.196s] DEBUG:colcon.colcon_parallel_executor.executor.parallel:run_until_complete
[1.197s] INFO:colcon.colcon_ros.task.ament_cmake.build:Building ROS package in '/home/kencheng/notebooks/ros_ws/src/cartographer_ros2' with build type 'ament_cmake'
[1.197s] INFO:colcon.colcon_cmake.task.cmake.build:Building CMake package in '/home/kencheng/notebooks/ros_ws/src/cartographer_ros2'
[1.207s] INFO:colcon.colcon_core.plugin_system:Skipping extension 'colcon_core.shell.bat': Not used on non-Windows systems
[1.208s] INFO:colcon.colcon_core.shell:Skip shell extension 'powershell' for command environment: Not usable outside of PowerShell
[1.208s] DEBUG:colcon.colcon_core.shell:Skip shell extension 'dsv' for command environment
[1.233s] INFO:colcon.colcon_ros.task.ament_python.build:Building ROS package in '/home/kencheng/notebooks/ros_ws/src/driver_ros2' with build type 'ament_python'
[1.234s] Level 1:colcon.colcon_core.shell:create_environment_hook('driver_ros2', 'ament_prefix_path')
[1.235s] INFO:colcon.colcon_core.shell:Creating environment hook '/home/kencheng/notebooks/ros_ws/install/driver_ros2/share/driver_ros2/hook/ament_prefix_path.ps1'
[1.239s] INFO:colcon.colcon_core.shell:Creating environment descriptor '/home/kencheng/notebooks/ros_ws/install/driver_ros2/share/driver_ros2/hook/ament_prefix_path.dsv'
[1.241s] INFO:colcon.colcon_core.shell:Creating environment hook '/home/kencheng/notebooks/ros_ws/install/driver_ros2/share/driver_ros2/hook/ament_prefix_path.sh'
[1.246s] INFO:colcon.colcon_core.shell:Skip shell extension 'powershell' for command environment: Not usable outside of PowerShell
[1.246s] DEBUG:colcon.colcon_core.shell:Skip shell extension 'dsv' for command environment
[1.268s] INFO:colcon.colcon_ros.task.ament_cmake.build:Building ROS package in '/home/kencheng/notebooks/ros_ws/src/nav2_ros2' with build type 'ament_cmake'
[1.269s] INFO:colcon.colcon_cmake.task.cmake.build:Building CMake package in '/home/kencheng/notebooks/ros_ws/src/nav2_ros2'
[1.270s] INFO:colcon.colcon_core.shell:Skip shell extension 'powershell' for command environment: Not usable outside of PowerShell
[1.271s] DEBUG:colcon.colcon_core.shell:Skip shell extension 'dsv' for command environment
[1.297s] INFO:colcon.colcon_ros.task.ament_cmake.build:Building ROS package in '/home/kencheng/notebooks/ros_ws/src/sllidar_ros2' with build type 'ament_cmake'
[1.297s] INFO:colcon.colcon_cmake.task.cmake.build:Building CMake package in '/home/kencheng/notebooks/ros_ws/src/sllidar_ros2'
[1.299s] INFO:colcon.colcon_core.shell:Skip shell extension 'powershell' for command environment: Not usable outside of PowerShell
[1.299s] DEBUG:colcon.colcon_core.shell:Skip shell extension 'dsv' for command environment
[1.343s] DEBUG:colcon.colcon_core.event_handler.log_command:Invoking command in '/home/kencheng/notebooks/ros_ws/build/cartographer_ros2': CMAKE_PREFIX_PATH=${CMAKE_PREFIX_PATH}:/home/kencheng/notebooks/ros_ws/install/video_streamer:/home/kencheng/notebooks/ros_ws/install/driver_ros2:/home/kencheng/notebooks/ros_ws/install/driver:/opt/ros/humble CONDA_PROMPT_MODIFIER=(ros2_humble) /usr/bin/cmake --build /home/kencheng/notebooks/ros_ws/build/cartographer_ros2 -- -j4 -l4
[2.424s] INFO:colcon.colcon_core.task.python.build:Building Python package in '/home/kencheng/notebooks/ros_ws/src/driver_ros2'
[2.425s] INFO:colcon.colcon_core.shell:Skip shell extension 'powershell' for command environment: Not usable outside of PowerShell
[2.425s] DEBUG:colcon.colcon_core.shell:Skip shell extension 'dsv' for command environment
[2.472s] DEBUG:colcon.colcon_core.event_handler.log_command:Invoking command in '/home/kencheng/notebooks/ros_ws/build/nav2_ros2': CMAKE_PREFIX_PATH=${CMAKE_PREFIX_PATH}:/home/kencheng/notebooks/ros_ws/install/video_streamer:/home/kencheng/notebooks/ros_ws/install/driver_ros2:/home/kencheng/notebooks/ros_ws/install/driver:/opt/ros/humble CONDA_PROMPT_MODIFIER=(ros2_humble) /usr/bin/cmake --build /home/kencheng/notebooks/ros_ws/build/nav2_ros2 -- -j4 -l4
[2.493s] DEBUG:colcon.colcon_core.event_handler.log_command:Invoking command in '/home/kencheng/notebooks/ros_ws/build/sllidar_ros2': CMAKE_PREFIX_PATH=${CMAKE_PREFIX_PATH}:/home/kencheng/notebooks/ros_ws/install/video_streamer:/home/kencheng/notebooks/ros_ws/install/driver_ros2:/home/kencheng/notebooks/ros_ws/install/driver:/opt/ros/humble CONDA_PROMPT_MODIFIER=(ros2_humble) /usr/bin/cmake --build /home/kencheng/notebooks/ros_ws/build/sllidar_ros2 -- -j4 -l4
[2.496s] DEBUG:colcon.colcon_core.event_handler.log_command:Invoked command in '/home/kencheng/notebooks/ros_ws/build/cartographer_ros2' returned '0': CMAKE_PREFIX_PATH=${CMAKE_PREFIX_PATH}:/home/kencheng/notebooks/ros_ws/install/video_streamer:/home/kencheng/notebooks/ros_ws/install/driver_ros2:/home/kencheng/notebooks/ros_ws/install/driver:/opt/ros/humble CONDA_PROMPT_MODIFIER=(ros2_humble) /usr/bin/cmake --build /home/kencheng/notebooks/ros_ws/build/cartographer_ros2 -- -j4 -l4
[2.545s] DEBUG:colcon.colcon_core.event_handler.log_command:Invoking command in '/home/kencheng/notebooks/ros_ws/build/cartographer_ros2': CMAKE_PREFIX_PATH=${CMAKE_PREFIX_PATH}:/home/kencheng/notebooks/ros_ws/install/video_streamer:/home/kencheng/notebooks/ros_ws/install/driver_ros2:/home/kencheng/notebooks/ros_ws/install/driver:/opt/ros/humble CONDA_PROMPT_MODIFIER=(ros2_humble) /usr/bin/cmake --install /home/kencheng/notebooks/ros_ws/build/cartographer_ros2
[2.622s] Level 1:colcon.colcon_core.environment:create_environment_scripts_only(cartographer_ros2)
[2.638s] Level 1:colcon.colcon_core.environment:checking '/home/kencheng/notebooks/ros_ws/install/cartographer_ros2' for CMake module files
[2.641s] DEBUG:colcon.colcon_core.event_handler.log_command:Invoked command in '/home/kencheng/notebooks/ros_ws/build/cartographer_ros2' returned '0': CMAKE_PREFIX_PATH=${CMAKE_PREFIX_PATH}:/home/kencheng/notebooks/ros_ws/install/video_streamer:/home/kencheng/notebooks/ros_ws/install/driver_ros2:/home/kencheng/notebooks/ros_ws/install/driver:/opt/ros/humble CONDA_PROMPT_MODIFIER=(ros2_humble) /usr/bin/cmake --install /home/kencheng/notebooks/ros_ws/build/cartographer_ros2
[2.644s] Level 1:colcon.colcon_core.environment:checking '/home/kencheng/notebooks/ros_ws/install/cartographer_ros2' for CMake config files
[2.647s] Level 1:colcon.colcon_core.shell:create_environment_hook('cartographer_ros2', 'cmake_prefix_path')
[2.649s] INFO:colcon.colcon_core.shell:Creating environment hook '/home/kencheng/notebooks/ros_ws/install/cartographer_ros2/share/cartographer_ros2/hook/cmake_prefix_path.ps1'
[2.652s] INFO:colcon.colcon_core.shell:Creating environment descriptor '/home/kencheng/notebooks/ros_ws/install/cartographer_ros2/share/cartographer_ros2/hook/cmake_prefix_path.dsv'
[2.655s] INFO:colcon.colcon_core.shell:Creating environment hook '/home/kencheng/notebooks/ros_ws/install/cartographer_ros2/share/cartographer_ros2/hook/cmake_prefix_path.sh'
[2.663s] Level 1:colcon.colcon_core.environment:checking '/home/kencheng/notebooks/ros_ws/install/cartographer_ros2/lib'
[2.664s] Level 1:colcon.colcon_core.environment:checking '/home/kencheng/notebooks/ros_ws/install/cartographer_ros2/bin'
[2.665s] Level 1:colcon.colcon_core.environment:checking '/home/kencheng/notebooks/ros_ws/install/cartographer_ros2/lib/pkgconfig/cartographer_ros2.pc'
[2.666s] Level 1:colcon.colcon_core.environment:checking '/home/kencheng/notebooks/ros_ws/install/cartographer_ros2/lib/python3.10/site-packages'
[2.668s] Level 1:colcon.colcon_core.environment:checking '/home/kencheng/notebooks/ros_ws/install/cartographer_ros2/bin'
[2.670s] INFO:colcon.colcon_core.shell:Creating package script '/home/kencheng/notebooks/ros_ws/install/cartographer_ros2/share/cartographer_ros2/package.ps1'
[2.674s] INFO:colcon.colcon_core.shell:Creating package descriptor '/home/kencheng/notebooks/ros_ws/install/cartographer_ros2/share/cartographer_ros2/package.dsv'
[2.679s] INFO:colcon.colcon_core.shell:Creating package script '/home/kencheng/notebooks/ros_ws/install/cartographer_ros2/share/cartographer_ros2/package.sh'
[2.683s] INFO:colcon.colcon_core.shell:Creating package script '/home/kencheng/notebooks/ros_ws/install/cartographer_ros2/share/cartographer_ros2/package.bash'
[2.687s] INFO:colcon.colcon_core.shell:Creating package script '/home/kencheng/notebooks/ros_ws/install/cartographer_ros2/share/cartographer_ros2/package.zsh'
[2.691s] Level 1:colcon.colcon_core.environment:create_file_with_runtime_dependencies(/home/kencheng/notebooks/ros_ws/install/cartographer_ros2/share/colcon-core/packages/cartographer_ros2)
[2.695s] Level 1:colcon.colcon_core.environment:create_environment_scripts_only(cartographer_ros2)
[2.696s] Level 1:colcon.colcon_core.environment:checking '/home/kencheng/notebooks/ros_ws/install/cartographer_ros2' for CMake module files
[2.700s] Level 1:colcon.colcon_core.environment:checking '/home/kencheng/notebooks/ros_ws/install/cartographer_ros2' for CMake config files
[2.703s] Level 1:colcon.colcon_core.shell:create_environment_hook('cartographer_ros2', 'cmake_prefix_path')
[2.704s] INFO:colcon.colcon_core.shell:Creating environment hook '/home/kencheng/notebooks/ros_ws/install/cartographer_ros2/share/cartographer_ros2/hook/cmake_prefix_path.ps1'
[2.707s] INFO:colcon.colcon_core.shell:Creating environment descriptor '/home/kencheng/notebooks/ros_ws/install/cartographer_ros2/share/cartographer_ros2/hook/cmake_prefix_path.dsv'
[2.710s] INFO:colcon.colcon_core.shell:Creating environment hook '/home/kencheng/notebooks/ros_ws/install/cartographer_ros2/share/cartographer_ros2/hook/cmake_prefix_path.sh'
[2.714s] Level 1:colcon.colcon_core.environment:checking '/home/kencheng/notebooks/ros_ws/install/cartographer_ros2/lib'
[2.714s] Level 1:colcon.colcon_core.environment:checking '/home/kencheng/notebooks/ros_ws/install/cartographer_ros2/bin'
[2.715s] Level 1:colcon.colcon_core.environment:checking '/home/kencheng/notebooks/ros_ws/install/cartographer_ros2/lib/pkgconfig/cartographer_ros2.pc'
[2.717s] Level 1:colcon.colcon_core.environment:checking '/home/kencheng/notebooks/ros_ws/install/cartographer_ros2/lib/python3.10/site-packages'
[2.718s] Level 1:colcon.colcon_core.environment:checking '/home/kencheng/notebooks/ros_ws/install/cartographer_ros2/bin'
[2.720s] INFO:colcon.colcon_core.shell:Creating package script '/home/kencheng/notebooks/ros_ws/install/cartographer_ros2/share/cartographer_ros2/package.ps1'
[2.723s] INFO:colcon.colcon_core.shell:Creating package descriptor '/home/kencheng/notebooks/ros_ws/install/cartographer_ros2/share/cartographer_ros2/package.dsv'
[2.726s] INFO:colcon.colcon_core.shell:Creating package script '/home/kencheng/notebooks/ros_ws/install/cartographer_ros2/share/cartographer_ros2/package.sh'
[2.729s] INFO:colcon.colcon_core.shell:Creating package script '/home/kencheng/notebooks/ros_ws/install/cartographer_ros2/share/cartographer_ros2/package.bash'
[2.733s] INFO:colcon.colcon_core.shell:Creating package script '/home/kencheng/notebooks/ros_ws/install/cartographer_ros2/share/cartographer_ros2/package.zsh'
[2.735s] Level 1:colcon.colcon_core.environment:create_file_with_runtime_dependencies(/home/kencheng/notebooks/ros_ws/install/cartographer_ros2/share/colcon-core/packages/cartographer_ros2)
[2.740s] INFO:colcon.colcon_ros.task.ament_python.build:Building ROS package in '/home/kencheng/notebooks/ros_ws/src/video_streamer' with build type 'ament_python'
[2.741s] Level 1:colcon.colcon_core.shell:create_environment_hook('video_streamer', 'ament_prefix_path')
[2.743s] INFO:colcon.colcon_core.shell:Creating environment hook '/home/kencheng/notebooks/ros_ws/install/video_streamer/share/video_streamer/hook/ament_prefix_path.ps1'
[2.746s] INFO:colcon.colcon_core.shell:Creating environment descriptor '/home/kencheng/notebooks/ros_ws/install/video_streamer/share/video_streamer/hook/ament_prefix_path.dsv'
[2.748s] INFO:colcon.colcon_core.shell:Creating environment hook '/home/kencheng/notebooks/ros_ws/install/video_streamer/share/video_streamer/hook/ament_prefix_path.sh'
[2.753s] INFO:colcon.colcon_core.shell:Skip shell extension 'powershell' for command environment: Not usable outside of PowerShell
[2.754s] DEBUG:colcon.colcon_core.shell:Skip shell extension 'dsv' for command environment
[4.020s] INFO:colcon.colcon_core.task.python.build:Building Python package in '/home/kencheng/notebooks/ros_ws/src/video_streamer'
[4.021s] INFO:colcon.colcon_core.shell:Skip shell extension 'powershell' for command environment: Not usable outside of PowerShell
[4.021s] DEBUG:colcon.colcon_core.shell:Skip shell extension 'dsv' for command environment
[4.050s] DEBUG:colcon.colcon_core.event_handler.log_command:Invoked command in '/home/kencheng/notebooks/ros_ws/build/nav2_ros2' returned '0': CMAKE_PREFIX_PATH=${CMAKE_PREFIX_PATH}:/home/kencheng/notebooks/ros_ws/install/video_streamer:/home/kencheng/notebooks/ros_ws/install/driver_ros2:/home/kencheng/notebooks/ros_ws/install/driver:/opt/ros/humble CONDA_PROMPT_MODIFIER=(ros2_humble) /usr/bin/cmake --build /home/kencheng/notebooks/ros_ws/build/nav2_ros2 -- -j4 -l4
[4.060s] DEBUG:colcon.colcon_core.event_handler.log_command:Invoking command in '/home/kencheng/notebooks/ros_ws/build/nav2_ros2': CMAKE_PREFIX_PATH=${CMAKE_PREFIX_PATH}:/home/kencheng/notebooks/ros_ws/install/video_streamer:/home/kencheng/notebooks/ros_ws/install/driver_ros2:/home/kencheng/notebooks/ros_ws/install/driver:/opt/ros/humble CONDA_PROMPT_MODIFIER=(ros2_humble) /usr/bin/cmake --install /home/kencheng/notebooks/ros_ws/build/nav2_ros2
[4.062s] DEBUG:colcon.colcon_core.event_handler.log_command:Invoked command in '/home/kencheng/notebooks/ros_ws/build/sllidar_ros2' returned '0': CMAKE_PREFIX_PATH=${CMAKE_PREFIX_PATH}:/home/kencheng/notebooks/ros_ws/install/video_streamer:/home/kencheng/notebooks/ros_ws/install/driver_ros2:/home/kencheng/notebooks/ros_ws/install/driver:/opt/ros/humble CONDA_PROMPT_MODIFIER=(ros2_humble) /usr/bin/cmake --build /home/kencheng/notebooks/ros_ws/build/sllidar_ros2 -- -j4 -l4
[4.072s] DEBUG:colcon.colcon_core.event_handler.log_command:Invoking command in '/home/kencheng/notebooks/ros_ws/build/sllidar_ros2': CMAKE_PREFIX_PATH=${CMAKE_PREFIX_PATH}:/home/kencheng/notebooks/ros_ws/install/video_streamer:/home/kencheng/notebooks/ros_ws/install/driver_ros2:/home/kencheng/notebooks/ros_ws/install/driver:/opt/ros/humble CONDA_PROMPT_MODIFIER=(ros2_humble) /usr/bin/cmake --install /home/kencheng/notebooks/ros_ws/build/sllidar_ros2
[4.143s] Level 1:colcon.colcon_core.environment:create_environment_scripts_only(sllidar_ros2)
[4.145s] Level 1:colcon.colcon_core.environment:checking '/home/kencheng/notebooks/ros_ws/install/sllidar_ros2' for CMake module files
[4.155s] Level 1:colcon.colcon_core.environment:checking '/home/kencheng/notebooks/ros_ws/install/sllidar_ros2' for CMake config files
[4.161s] DEBUG:colcon.colcon_core.event_handler.log_command:Invoked command in '/home/kencheng/notebooks/ros_ws/build/sllidar_ros2' returned '0': CMAKE_PREFIX_PATH=${CMAKE_PREFIX_PATH}:/home/kencheng/notebooks/ros_ws/install/video_streamer:/home/kencheng/notebooks/ros_ws/install/driver_ros2:/home/kencheng/notebooks/ros_ws/install/driver:/opt/ros/humble CONDA_PROMPT_MODIFIER=(ros2_humble) /usr/bin/cmake --install /home/kencheng/notebooks/ros_ws/build/sllidar_ros2
[4.163s] Level 1:colcon.colcon_core.shell:create_environment_hook('sllidar_ros2', 'cmake_prefix_path')
[4.164s] INFO:colcon.colcon_core.shell:Creating environment hook '/home/kencheng/notebooks/ros_ws/install/sllidar_ros2/share/sllidar_ros2/hook/cmake_prefix_path.ps1'
[4.167s] INFO:colcon.colcon_core.shell:Creating environment descriptor '/home/kencheng/notebooks/ros_ws/install/sllidar_ros2/share/sllidar_ros2/hook/cmake_prefix_path.dsv'
[4.169s] INFO:colcon.colcon_core.shell:Creating environment hook '/home/kencheng/notebooks/ros_ws/install/sllidar_ros2/share/sllidar_ros2/hook/cmake_prefix_path.sh'
[4.173s] Level 1:colcon.colcon_core.environment:checking '/home/kencheng/notebooks/ros_ws/install/sllidar_ros2/lib'
[4.173s] Level 1:colcon.colcon_core.environment:checking '/home/kencheng/notebooks/ros_ws/install/sllidar_ros2/bin'
[4.174s] Level 1:colcon.colcon_core.environment:checking '/home/kencheng/notebooks/ros_ws/install/sllidar_ros2/lib/pkgconfig/sllidar_ros2.pc'
[4.175s] Level 1:colcon.colcon_core.environment:checking '/home/kencheng/notebooks/ros_ws/install/sllidar_ros2/lib/python3.10/site-packages'
[4.176s] Level 1:colcon.colcon_core.environment:checking '/home/kencheng/notebooks/ros_ws/install/sllidar_ros2/bin'
[4.179s] INFO:colcon.colcon_core.shell:Creating package script '/home/kencheng/notebooks/ros_ws/install/sllidar_ros2/share/sllidar_ros2/package.ps1'
[4.181s] INFO:colcon.colcon_core.shell:Creating package descriptor '/home/kencheng/notebooks/ros_ws/install/sllidar_ros2/share/sllidar_ros2/package.dsv'
[4.184s] INFO:colcon.colcon_core.shell:Creating package script '/home/kencheng/notebooks/ros_ws/install/sllidar_ros2/share/sllidar_ros2/package.sh'
[4.186s] INFO:colcon.colcon_core.shell:Creating package script '/home/kencheng/notebooks/ros_ws/install/sllidar_ros2/share/sllidar_ros2/package.bash'
[4.189s] INFO:colcon.colcon_core.shell:Creating package script '/home/kencheng/notebooks/ros_ws/install/sllidar_ros2/share/sllidar_ros2/package.zsh'
[4.191s] Level 1:colcon.colcon_core.environment:create_file_with_runtime_dependencies(/home/kencheng/notebooks/ros_ws/install/sllidar_ros2/share/colcon-core/packages/sllidar_ros2)
[4.194s] Level 1:colcon.colcon_core.environment:create_environment_scripts_only(sllidar_ros2)
[4.195s] Level 1:colcon.colcon_core.environment:checking '/home/kencheng/notebooks/ros_ws/install/sllidar_ros2' for CMake module files
[4.198s] Level 1:colcon.colcon_core.environment:checking '/home/kencheng/notebooks/ros_ws/install/sllidar_ros2' for CMake config files
[4.202s] Level 1:colcon.colcon_core.shell:create_environment_hook('sllidar_ros2', 'cmake_prefix_path')
[4.203s] INFO:colcon.colcon_core.shell:Creating environment hook '/home/kencheng/notebooks/ros_ws/install/sllidar_ros2/share/sllidar_ros2/hook/cmake_prefix_path.ps1'
[4.205s] INFO:colcon.colcon_core.shell:Creating environment descriptor '/home/kencheng/notebooks/ros_ws/install/sllidar_ros2/share/sllidar_ros2/hook/cmake_prefix_path.dsv'
[4.207s] INFO:colcon.colcon_core.shell:Creating environment hook '/home/kencheng/notebooks/ros_ws/install/sllidar_ros2/share/sllidar_ros2/hook/cmake_prefix_path.sh'
[4.210s] Level 1:colcon.colcon_core.environment:checking '/home/kencheng/notebooks/ros_ws/install/sllidar_ros2/lib'
[4.211s] Level 1:colcon.colcon_core.environment:checking '/home/kencheng/notebooks/ros_ws/install/sllidar_ros2/bin'
[4.212s] Level 1:colcon.colcon_core.environment:checking '/home/kencheng/notebooks/ros_ws/install/sllidar_ros2/lib/pkgconfig/sllidar_ros2.pc'
[4.213s] Level 1:colcon.colcon_core.environment:checking '/home/kencheng/notebooks/ros_ws/install/sllidar_ros2/lib/python3.10/site-packages'
[4.214s] Level 1:colcon.colcon_core.environment:checking '/home/kencheng/notebooks/ros_ws/install/sllidar_ros2/bin'
[4.215s] INFO:colcon.colcon_core.shell:Creating package script '/home/kencheng/notebooks/ros_ws/install/sllidar_ros2/share/sllidar_ros2/package.ps1'
[4.218s] INFO:colcon.colcon_core.shell:Creating package descriptor '/home/kencheng/notebooks/ros_ws/install/sllidar_ros2/share/sllidar_ros2/package.dsv'
[4.222s] INFO:colcon.colcon_core.shell:Creating package script '/home/kencheng/notebooks/ros_ws/install/sllidar_ros2/share/sllidar_ros2/package.sh'
[4.225s] INFO:colcon.colcon_core.shell:Creating package script '/home/kencheng/notebooks/ros_ws/install/sllidar_ros2/share/sllidar_ros2/package.bash'
[4.228s] INFO:colcon.colcon_core.shell:Creating package script '/home/kencheng/notebooks/ros_ws/install/sllidar_ros2/share/sllidar_ros2/package.zsh'
[4.230s] Level 1:colcon.colcon_core.environment:create_file_with_runtime_dependencies(/home/kencheng/notebooks/ros_ws/install/sllidar_ros2/share/colcon-core/packages/sllidar_ros2)
[4.234s] Level 1:colcon.colcon_core.environment:create_environment_scripts_only(nav2_ros2)
[4.236s] Level 1:colcon.colcon_core.environment:checking '/home/kencheng/notebooks/ros_ws/install/nav2_ros2' for CMake module files
[4.241s] DEBUG:colcon.colcon_core.event_handler.log_command:Invoked command in '/home/kencheng/notebooks/ros_ws/build/nav2_ros2' returned '0': CMAKE_PREFIX_PATH=${CMAKE_PREFIX_PATH}:/home/kencheng/notebooks/ros_ws/install/video_streamer:/home/kencheng/notebooks/ros_ws/install/driver_ros2:/home/kencheng/notebooks/ros_ws/install/driver:/opt/ros/humble CONDA_PROMPT_MODIFIER=(ros2_humble) /usr/bin/cmake --install /home/kencheng/notebooks/ros_ws/build/nav2_ros2
[4.242s] Level 1:colcon.colcon_core.environment:checking '/home/kencheng/notebooks/ros_ws/install/nav2_ros2' for CMake config files
[4.243s] Level 1:colcon.colcon_core.shell:create_environment_hook('nav2_ros2', 'cmake_prefix_path')
[4.244s] INFO:colcon.colcon_core.shell:Creating environment hook '/home/kencheng/notebooks/ros_ws/install/nav2_ros2/share/nav2_ros2/hook/cmake_prefix_path.ps1'
[4.247s] INFO:colcon.colcon_core.shell:Creating environment descriptor '/home/kencheng/notebooks/ros_ws/install/nav2_ros2/share/nav2_ros2/hook/cmake_prefix_path.dsv'
[4.249s] INFO:colcon.colcon_core.shell:Creating environment hook '/home/kencheng/notebooks/ros_ws/install/nav2_ros2/share/nav2_ros2/hook/cmake_prefix_path.sh'
[4.252s] Level 1:colcon.colcon_core.environment:checking '/home/kencheng/notebooks/ros_ws/install/nav2_ros2/lib'
[4.253s] Level 1:colcon.colcon_core.environment:checking '/home/kencheng/notebooks/ros_ws/install/nav2_ros2/bin'
[4.253s] Level 1:colcon.colcon_core.environment:checking '/home/kencheng/notebooks/ros_ws/install/nav2_ros2/lib/pkgconfig/nav2_ros2.pc'
[4.255s] Level 1:colcon.colcon_core.environment:checking '/home/kencheng/notebooks/ros_ws/install/nav2_ros2/lib/python3.10/site-packages'
[4.256s] Level 1:colcon.colcon_core.environment:checking '/home/kencheng/notebooks/ros_ws/install/nav2_ros2/bin'
[4.257s] INFO:colcon.colcon_core.shell:Creating package script '/home/kencheng/notebooks/ros_ws/install/nav2_ros2/share/nav2_ros2/package.ps1'
[4.260s] INFO:colcon.colcon_core.shell:Creating package descriptor '/home/kencheng/notebooks/ros_ws/install/nav2_ros2/share/nav2_ros2/package.dsv'
[4.262s] INFO:colcon.colcon_core.shell:Creating package script '/home/kencheng/notebooks/ros_ws/install/nav2_ros2/share/nav2_ros2/package.sh'
[4.265s] INFO:colcon.colcon_core.shell:Creating package script '/home/kencheng/notebooks/ros_ws/install/nav2_ros2/share/nav2_ros2/package.bash'
[4.268s] INFO:colcon.colcon_core.shell:Creating package script '/home/kencheng/notebooks/ros_ws/install/nav2_ros2/share/nav2_ros2/package.zsh'
[4.270s] Level 1:colcon.colcon_core.environment:create_file_with_runtime_dependencies(/home/kencheng/notebooks/ros_ws/install/nav2_ros2/share/colcon-core/packages/nav2_ros2)
[4.274s] Level 1:colcon.colcon_core.environment:create_environment_scripts_only(nav2_ros2)
[4.275s] Level 1:colcon.colcon_core.environment:checking '/home/kencheng/notebooks/ros_ws/install/nav2_ros2' for CMake module files
[4.278s] Level 1:colcon.colcon_core.environment:checking '/home/kencheng/notebooks/ros_ws/install/nav2_ros2' for CMake config files
[4.280s] Level 1:colcon.colcon_core.shell:create_environment_hook('nav2_ros2', 'cmake_prefix_path')
[4.281s] INFO:colcon.colcon_core.shell:Creating environment hook '/home/kencheng/notebooks/ros_ws/install/nav2_ros2/share/nav2_ros2/hook/cmake_prefix_path.ps1'
[4.283s] INFO:colcon.colcon_core.shell:Creating environment descriptor '/home/kencheng/notebooks/ros_ws/install/nav2_ros2/share/nav2_ros2/hook/cmake_prefix_path.dsv'
[4.285s] INFO:colcon.colcon_core.shell:Creating environment hook '/home/kencheng/notebooks/ros_ws/install/nav2_ros2/share/nav2_ros2/hook/cmake_prefix_path.sh'
[4.289s] Level 1:colcon.colcon_core.environment:checking '/home/kencheng/notebooks/ros_ws/install/nav2_ros2/lib'
[4.290s] Level 1:colcon.colcon_core.environment:checking '/home/kencheng/notebooks/ros_ws/install/nav2_ros2/bin'
[4.290s] Level 1:colcon.colcon_core.environment:checking '/home/kencheng/notebooks/ros_ws/install/nav2_ros2/lib/pkgconfig/nav2_ros2.pc'
[4.292s] Level 1:colcon.colcon_core.environment:checking '/home/kencheng/notebooks/ros_ws/install/nav2_ros2/lib/python3.10/site-packages'
[4.293s] Level 1:colcon.colcon_core.environment:checking '/home/kencheng/notebooks/ros_ws/install/nav2_ros2/bin'
[4.294s] INFO:colcon.colcon_core.shell:Creating package script '/home/kencheng/notebooks/ros_ws/install/nav2_ros2/share/nav2_ros2/package.ps1'
[4.297s] INFO:colcon.colcon_core.shell:Creating package descriptor '/home/kencheng/notebooks/ros_ws/install/nav2_ros2/share/nav2_ros2/package.dsv'
[4.300s] INFO:colcon.colcon_core.shell:Creating package script '/home/kencheng/notebooks/ros_ws/install/nav2_ros2/share/nav2_ros2/package.sh'
[4.303s] INFO:colcon.colcon_core.shell:Creating package script '/home/kencheng/notebooks/ros_ws/install/nav2_ros2/share/nav2_ros2/package.bash'
[4.306s] INFO:colcon.colcon_core.shell:Creating package script '/home/kencheng/notebooks/ros_ws/install/nav2_ros2/share/nav2_ros2/package.zsh'
[4.309s] Level 1:colcon.colcon_core.environment:create_file_with_runtime_dependencies(/home/kencheng/notebooks/ros_ws/install/nav2_ros2/share/colcon-core/packages/nav2_ros2)
[6.002s] DEBUG:colcon.colcon_core.event_handler.log_command:Invoking command in '/home/kencheng/notebooks/ros_ws/src/driver_ros2': CONDA_PROMPT_MODIFIER=(ros2_humble) PYTHONPATH=/home/kencheng/notebooks/ros_ws/build/driver_ros2/prefix_override:/usr/lib/python3/dist-packages/colcon_core/task/python/colcon_distutils_commands:/home/kencheng/notebooks/ros_ws/install/driver_ros2/lib/python3.10/site-packages:${PYTHONPATH} /usr/bin/python3 -W ignore:setup.py install is deprecated -W ignore:easy_install command is deprecated setup.py egg_info --egg-base ../../build/driver_ros2 build --build-base /home/kencheng/notebooks/ros_ws/build/driver_ros2/build install --record /home/kencheng/notebooks/ros_ws/build/driver_ros2/install.log --single-version-externally-managed install_data
[7.414s] DEBUG:colcon.colcon_core.event_handler.log_command:Invoking command in '/home/kencheng/notebooks/ros_ws/src/video_streamer': CONDA_PROMPT_MODIFIER=(ros2_humble) PYTHONPATH=/home/kencheng/notebooks/ros_ws/build/video_streamer/prefix_override:/usr/lib/python3/dist-packages/colcon_core/task/python/colcon_distutils_commands:/home/kencheng/notebooks/ros_ws/install/video_streamer/lib/python3.10/site-packages:${PYTHONPATH} /usr/bin/python3 -W ignore:setup.py install is deprecated -W ignore:easy_install command is deprecated setup.py egg_info --egg-base ../../build/video_streamer build --build-base /home/kencheng/notebooks/ros_ws/build/video_streamer/build install --record /home/kencheng/notebooks/ros_ws/build/video_streamer/install.log --single-version-externally-managed install_data
[9.318s] Level 1:colcon.colcon_core.environment:checking '/home/kencheng/notebooks/ros_ws/install/driver_ros2' for CMake module files
[9.320s] DEBUG:colcon.colcon_core.event_handler.log_command:Invoked command in '/home/kencheng/notebooks/ros_ws/src/driver_ros2' returned '0': CONDA_PROMPT_MODIFIER=(ros2_humble) PYTHONPATH=/home/kencheng/notebooks/ros_ws/build/driver_ros2/prefix_override:/usr/lib/python3/dist-packages/colcon_core/task/python/colcon_distutils_commands:/home/kencheng/notebooks/ros_ws/install/driver_ros2/lib/python3.10/site-packages:${PYTHONPATH} /usr/bin/python3 -W ignore:setup.py install is deprecated -W ignore:easy_install command is deprecated setup.py egg_info --egg-base ../../build/driver_ros2 build --build-base /home/kencheng/notebooks/ros_ws/build/driver_ros2/build install --record /home/kencheng/notebooks/ros_ws/build/driver_ros2/install.log --single-version-externally-managed install_data
[9.322s] Level 1:colcon.colcon_core.environment:checking '/home/kencheng/notebooks/ros_ws/install/driver_ros2' for CMake config files
[9.326s] Level 1:colcon.colcon_core.environment:checking '/home/kencheng/notebooks/ros_ws/install/driver_ros2/lib'
[9.327s] Level 1:colcon.colcon_core.environment:checking '/home/kencheng/notebooks/ros_ws/install/driver_ros2/bin'
[9.327s] Level 1:colcon.colcon_core.environment:checking '/home/kencheng/notebooks/ros_ws/install/driver_ros2/lib/pkgconfig/driver_ros2.pc'
[9.329s] Level 1:colcon.colcon_core.environment:checking '/home/kencheng/notebooks/ros_ws/install/driver_ros2/lib/python3.10/site-packages'
[9.329s] Level 1:colcon.colcon_core.shell:create_environment_hook('driver_ros2', 'pythonpath')
[9.330s] INFO:colcon.colcon_core.shell:Creating environment hook '/home/kencheng/notebooks/ros_ws/install/driver_ros2/share/driver_ros2/hook/pythonpath.ps1'
[9.332s] INFO:colcon.colcon_core.shell:Creating environment descriptor '/home/kencheng/notebooks/ros_ws/install/driver_ros2/share/driver_ros2/hook/pythonpath.dsv'
[9.336s] INFO:colcon.colcon_core.shell:Creating environment hook '/home/kencheng/notebooks/ros_ws/install/driver_ros2/share/driver_ros2/hook/pythonpath.sh'
[9.341s] Level 1:colcon.colcon_core.environment:checking '/home/kencheng/notebooks/ros_ws/install/driver_ros2/bin'
[9.341s] Level 1:colcon.colcon_core.environment:create_environment_scripts_only(driver_ros2)
[9.343s] INFO:colcon.colcon_core.shell:Creating package script '/home/kencheng/notebooks/ros_ws/install/driver_ros2/share/driver_ros2/package.ps1'
[9.345s] INFO:colcon.colcon_core.shell:Creating package descriptor '/home/kencheng/notebooks/ros_ws/install/driver_ros2/share/driver_ros2/package.dsv'
[9.348s] INFO:colcon.colcon_core.shell:Creating package script '/home/kencheng/notebooks/ros_ws/install/driver_ros2/share/driver_ros2/package.sh'
[9.350s] INFO:colcon.colcon_core.shell:Creating package script '/home/kencheng/notebooks/ros_ws/install/driver_ros2/share/driver_ros2/package.bash'
[9.352s] INFO:colcon.colcon_core.shell:Creating package script '/home/kencheng/notebooks/ros_ws/install/driver_ros2/share/driver_ros2/package.zsh'
[9.355s] Level 1:colcon.colcon_core.environment:create_file_with_runtime_dependencies(/home/kencheng/notebooks/ros_ws/install/driver_ros2/share/colcon-core/packages/driver_ros2)
[10.514s] Level 1:colcon.colcon_core.environment:checking '/home/kencheng/notebooks/ros_ws/install/video_streamer' for CMake module files
[10.516s] DEBUG:colcon.colcon_core.event_handler.log_command:Invoked command in '/home/kencheng/notebooks/ros_ws/src/video_streamer' returned '0': CONDA_PROMPT_MODIFIER=(ros2_humble) PYTHONPATH=/home/kencheng/notebooks/ros_ws/build/video_streamer/prefix_override:/usr/lib/python3/dist-packages/colcon_core/task/python/colcon_distutils_commands:/home/kencheng/notebooks/ros_ws/install/video_streamer/lib/python3.10/site-packages:${PYTHONPATH} /usr/bin/python3 -W ignore:setup.py install is deprecated -W ignore:easy_install command is deprecated setup.py egg_info --egg-base ../../build/video_streamer build --build-base /home/kencheng/notebooks/ros_ws/build/video_streamer/build install --record /home/kencheng/notebooks/ros_ws/build/video_streamer/install.log --single-version-externally-managed install_data
[10.517s] Level 1:colcon.colcon_core.environment:checking '/home/kencheng/notebooks/ros_ws/install/video_streamer' for CMake config files
[10.521s] Level 1:colcon.colcon_core.environment:checking '/home/kencheng/notebooks/ros_ws/install/video_streamer/lib'
[10.521s] Level 1:colcon.colcon_core.environment:checking '/home/kencheng/notebooks/ros_ws/install/video_streamer/bin'
[10.521s] Level 1:colcon.colcon_core.environment:checking '/home/kencheng/notebooks/ros_ws/install/video_streamer/lib/pkgconfig/video_streamer.pc'
[10.522s] Level 1:colcon.colcon_core.environment:checking '/home/kencheng/notebooks/ros_ws/install/video_streamer/lib/python3.10/site-packages'
[10.523s] Level 1:colcon.colcon_core.shell:create_environment_hook('video_streamer', 'pythonpath')
[10.524s] INFO:colcon.colcon_core.shell:Creating environment hook '/home/kencheng/notebooks/ros_ws/install/video_streamer/share/video_streamer/hook/pythonpath.ps1'
[10.526s] INFO:colcon.colcon_core.shell:Creating environment descriptor '/home/kencheng/notebooks/ros_ws/install/video_streamer/share/video_streamer/hook/pythonpath.dsv'
[10.528s] INFO:colcon.colcon_core.shell:Creating environment hook '/home/kencheng/notebooks/ros_ws/install/video_streamer/share/video_streamer/hook/pythonpath.sh'
[10.532s] Level 1:colcon.colcon_core.environment:checking '/home/kencheng/notebooks/ros_ws/install/video_streamer/bin'
[10.533s] Level 1:colcon.colcon_core.environment:create_environment_scripts_only(video_streamer)
[10.534s] INFO:colcon.colcon_core.shell:Creating package script '/home/kencheng/notebooks/ros_ws/install/video_streamer/share/video_streamer/package.ps1'
[10.536s] INFO:colcon.colcon_core.shell:Creating package descriptor '/home/kencheng/notebooks/ros_ws/install/video_streamer/share/video_streamer/package.dsv'
[10.539s] INFO:colcon.colcon_core.shell:Creating package script '/home/kencheng/notebooks/ros_ws/install/video_streamer/share/video_streamer/package.sh'
[10.541s] INFO:colcon.colcon_core.shell:Creating package script '/home/kencheng/notebooks/ros_ws/install/video_streamer/share/video_streamer/package.bash'
[10.543s] INFO:colcon.colcon_core.shell:Creating package script '/home/kencheng/notebooks/ros_ws/install/video_streamer/share/video_streamer/package.zsh'
[10.544s] Level 1:colcon.colcon_core.environment:create_file_with_runtime_dependencies(/home/kencheng/notebooks/ros_ws/install/video_streamer/share/colcon-core/packages/video_streamer)
[10.546s] DEBUG:colcon.colcon_parallel_executor.executor.parallel:closing loop
[10.547s] DEBUG:colcon.colcon_parallel_executor.executor.parallel:loop closed
[10.547s] DEBUG:colcon.colcon_parallel_executor.executor.parallel:run_until_complete finished with '0'
[10.548s] DEBUG:colcon.colcon_core.event_reactor:joining thread
[10.574s] INFO:colcon.colcon_core.plugin_system:Skipping extension 'colcon_notification.desktop_notification.terminal_notifier': Not used on non-Darwin systems
[10.574s] INFO:colcon.colcon_core.plugin_system:Skipping extension 'colcon_notification.desktop_notification.win32': Not used on non-Windows systems
[10.583s] INFO:colcon.colcon_notification.desktop_notification:Sending desktop notification using 'notify2'
[10.583s] DEBUG:colcon.colcon_notification.desktop_notification.notify2:Failed to initialize notify2: org.freedesktop.DBus.Error.NotSupported: Unable to autolaunch a dbus-daemon without a $DISPLAY for X11
[10.584s] DEBUG:colcon.colcon_core.event_reactor:joined thread
[10.585s] INFO:colcon.colcon_core.shell:Creating prefix script '/home/kencheng/notebooks/ros_ws/install/local_setup.ps1'
[10.592s] INFO:colcon.colcon_core.shell:Creating prefix util module '/home/kencheng/notebooks/ros_ws/install/_local_setup_util_ps1.py'
[10.601s] INFO:colcon.colcon_core.shell:Creating prefix chain script '/home/kencheng/notebooks/ros_ws/install/setup.ps1'
[10.606s] INFO:colcon.colcon_core.shell:Creating prefix script '/home/kencheng/notebooks/ros_ws/install/local_setup.sh'
[10.609s] INFO:colcon.colcon_core.shell:Creating prefix util module '/home/kencheng/notebooks/ros_ws/install/_local_setup_util_sh.py'
[10.611s] INFO:colcon.colcon_core.shell:Creating prefix chain script '/home/kencheng/notebooks/ros_ws/install/setup.sh'
[10.617s] INFO:colcon.colcon_core.shell:Creating prefix script '/home/kencheng/notebooks/ros_ws/install/local_setup.bash'
[10.619s] INFO:colcon.colcon_core.shell:Creating prefix chain script '/home/kencheng/notebooks/ros_ws/install/setup.bash'
[10.625s] INFO:colcon.colcon_core.shell:Creating prefix script '/home/kencheng/notebooks/ros_ws/install/local_setup.zsh'
[10.627s] INFO:colcon.colcon_core.shell:Creating prefix chain script '/home/kencheng/notebooks/ros_ws/install/setup.zsh'
