[0.143s] Invoking command in '/home/kencheng/notebooks/ros_ws/build/cartographer_ros2': CMAKE_PREFIX_PATH=${CMAKE_PREFIX_PATH}:/home/kencheng/notebooks/ros_ws/install/video_streamer:/home/kencheng/notebooks/ros_ws/install/driver_ros2:/home/kencheng/notebooks/ros_ws/install/driver:/opt/ros/humble CONDA_PROMPT_MODIFIER=(ros2_humble) /usr/bin/cmake --build /home/kencheng/notebooks/ros_ws/build/cartographer_ros2 -- -j4 -l4
[1.275s] [100%] Built target cartographer_node
[1.296s] Invoked command in '/home/kencheng/notebooks/ros_ws/build/cartographer_ros2' returned '0': CMAKE_PREFIX_PATH=${CMAKE_PREFIX_PATH}:/home/kencheng/notebooks/ros_ws/install/video_streamer:/home/kencheng/notebooks/ros_ws/install/driver_ros2:/home/kencheng/notebooks/ros_ws/install/driver:/opt/ros/humble CONDA_PROMPT_MODIFIER=(ros2_humble) /usr/bin/cmake --build /home/kencheng/notebooks/ros_ws/build/cartographer_ros2 -- -j4 -l4
[1.345s] Invoking command in '/home/kencheng/notebooks/ros_ws/build/cartographer_ros2': CMAKE_PREFIX_PATH=${CMAKE_PREFIX_PATH}:/home/kencheng/notebooks/ros_ws/install/video_streamer:/home/kencheng/notebooks/ros_ws/install/driver_ros2:/home/kencheng/notebooks/ros_ws/install/driver:/opt/ros/humble CONDA_PROMPT_MODIFIER=(ros2_humble) /usr/bin/cmake --install /home/kencheng/notebooks/ros_ws/build/cartographer_ros2
[1.380s] -- Install configuration: ""
[1.383s] -- Up-to-date: /home/kencheng/notebooks/ros_ws/install/cartographer_ros2/lib/cartographer_ros2/cartographer_node
[1.386s] -- Up-to-date: /home/kencheng/notebooks/ros_ws/install/cartographer_ros2/share/cartographer_ros2/launch
[1.388s] -- Up-to-date: /home/kencheng/notebooks/ros_ws/install/cartographer_ros2/share/cartographer_ros2/launch/cartographer_launch.py
[1.389s] -- Up-to-date: /home/kencheng/notebooks/ros_ws/install/cartographer_ros2/share/cartographer_ros2/launch/.ipynb_checkpoints
[1.394s] -- Up-to-date: /home/kencheng/notebooks/ros_ws/install/cartographer_ros2/share/cartographer_ros2/launch/.ipynb_checkpoints/cartographer_launch-checkpoint.py
[1.395s] -- Up-to-date: /home/kencheng/notebooks/ros_ws/install/cartographer_ros2/share/ament_index/resource_index/package_run_dependencies/cartographer_ros2
[1.397s] -- Up-to-date: /home/kencheng/notebooks/ros_ws/install/cartographer_ros2/share/ament_index/resource_index/parent_prefix_path/cartographer_ros2
[1.397s] -- Up-to-date: /home/kencheng/notebooks/ros_ws/install/cartographer_ros2/share/cartographer_ros2/environment/ament_prefix_path.sh
[1.398s] -- Up-to-date: /home/kencheng/notebooks/ros_ws/install/cartographer_ros2/share/cartographer_ros2/environment/ament_prefix_path.dsv
[1.399s] -- Up-to-date: /home/kencheng/notebooks/ros_ws/install/cartographer_ros2/share/cartographer_ros2/environment/path.sh
[1.399s] -- Up-to-date: /home/kencheng/notebooks/ros_ws/install/cartographer_ros2/share/cartographer_ros2/environment/path.dsv
[1.400s] -- Up-to-date: /home/kencheng/notebooks/ros_ws/install/cartographer_ros2/share/cartographer_ros2/local_setup.bash
[1.406s] -- Up-to-date: /home/kencheng/notebooks/ros_ws/install/cartographer_ros2/share/cartographer_ros2/local_setup.sh
[1.410s] -- Up-to-date: /home/kencheng/notebooks/ros_ws/install/cartographer_ros2/share/cartographer_ros2/local_setup.zsh
[1.411s] -- Up-to-date: /home/kencheng/notebooks/ros_ws/install/cartographer_ros2/share/cartographer_ros2/local_setup.dsv
[1.411s] -- Installing: /home/kencheng/notebooks/ros_ws/install/cartographer_ros2/share/cartographer_ros2/package.dsv
[1.412s] -- Up-to-date: /home/kencheng/notebooks/ros_ws/install/cartographer_ros2/share/ament_index/resource_index/packages/cartographer_ros2
[1.412s] -- Up-to-date: /home/kencheng/notebooks/ros_ws/install/cartographer_ros2/share/cartographer_ros2/cmake/cartographer_ros2Config.cmake
[1.413s] -- Up-to-date: /home/kencheng/notebooks/ros_ws/install/cartographer_ros2/share/cartographer_ros2/cmake/cartographer_ros2Config-version.cmake
[1.419s] -- Up-to-date: /home/kencheng/notebooks/ros_ws/install/cartographer_ros2/share/cartographer_ros2/package.xml
[1.441s] Invoked command in '/home/kencheng/notebooks/ros_ws/build/cartographer_ros2' returned '0': CMAKE_PREFIX_PATH=${CMAKE_PREFIX_PATH}:/home/kencheng/notebooks/ros_ws/install/video_streamer:/home/kencheng/notebooks/ros_ws/install/driver_ros2:/home/kencheng/notebooks/ros_ws/install/driver:/opt/ros/humble CONDA_PROMPT_MODIFIER=(ros2_humble) /usr/bin/cmake --install /home/kencheng/notebooks/ros_ws/build/cartographer_ros2
