[1.191s] Invoking command in '/home/kencheng/notebooks/ros_ws/build/nav2_ros2': CMAKE_PREFIX_PATH=${CMAKE_PREFIX_PATH}:/home/kencheng/notebooks/ros_ws/install/video_streamer:/home/kencheng/notebooks/ros_ws/install/driver_ros2:/opt/ros/humble CONDA_PROMPT_MODIFIER=(base) /usr/bin/cmake --build /home/kencheng/notebooks/ros_ws/build/nav2_ros2 -- -j4 -l4
[1.522s] [100%] Built target nav2_node
[2.749s] Invoked command in '/home/kencheng/notebooks/ros_ws/build/nav2_ros2' returned '0': CMAKE_PREFIX_PATH=${CMAKE_PREFIX_PATH}:/home/kencheng/notebooks/ros_ws/install/video_streamer:/home/kencheng/notebooks/ros_ws/install/driver_ros2:/opt/ros/humble CONDA_PROMPT_MODIFIER=(base) /usr/bin/cmake --build /home/kencheng/notebooks/ros_ws/build/nav2_ros2 -- -j4 -l4
[2.758s] Invoking command in '/home/kencheng/notebooks/ros_ws/build/nav2_ros2': CMAKE_PREFIX_PATH=${CMAKE_PREFIX_PATH}:/home/kencheng/notebooks/ros_ws/install/video_streamer:/home/kencheng/notebooks/ros_ws/install/driver_ros2:/opt/ros/humble CONDA_PROMPT_MODIFIER=(base) /usr/bin/cmake --install /home/kencheng/notebooks/ros_ws/build/nav2_ros2
[2.793s] -- Install configuration: ""
[2.794s] -- Up-to-date: /home/kencheng/notebooks/ros_ws/install/nav2_ros2/lib/nav2_ros2/nav2_node
[2.795s] -- Up-to-date: /home/kencheng/notebooks/ros_ws/install/nav2_ros2/share/nav2_ros2/launch
[2.796s] -- Up-to-date: /home/kencheng/notebooks/ros_ws/install/nav2_ros2/share/nav2_ros2/launch/nav2_launch.py
[2.797s] -- Up-to-date: /home/kencheng/notebooks/ros_ws/install/nav2_ros2/share/nav2_ros2/launch/bringup_launch.py
[2.798s] -- Up-to-date: /home/kencheng/notebooks/ros_ws/install/nav2_ros2/share/ament_index/resource_index/package_run_dependencies/nav2_ros2
[2.799s] -- Up-to-date: /home/kencheng/notebooks/ros_ws/install/nav2_ros2/share/ament_index/resource_index/parent_prefix_path/nav2_ros2
[2.799s] -- Up-to-date: /home/kencheng/notebooks/ros_ws/install/nav2_ros2/share/nav2_ros2/environment/ament_prefix_path.sh
[2.800s] -- Up-to-date: /home/kencheng/notebooks/ros_ws/install/nav2_ros2/share/nav2_ros2/environment/ament_prefix_path.dsv
[2.802s] -- Up-to-date: /home/kencheng/notebooks/ros_ws/install/nav2_ros2/share/nav2_ros2/environment/path.sh
[2.803s] -- Up-to-date: /home/kencheng/notebooks/ros_ws/install/nav2_ros2/share/nav2_ros2/environment/path.dsv
[2.804s] -- Up-to-date: /home/kencheng/notebooks/ros_ws/install/nav2_ros2/share/nav2_ros2/local_setup.bash
[2.805s] -- Up-to-date: /home/kencheng/notebooks/ros_ws/install/nav2_ros2/share/nav2_ros2/local_setup.sh
[2.806s] -- Up-to-date: /home/kencheng/notebooks/ros_ws/install/nav2_ros2/share/nav2_ros2/local_setup.zsh
[2.806s] -- Up-to-date: /home/kencheng/notebooks/ros_ws/install/nav2_ros2/share/nav2_ros2/local_setup.dsv
[2.813s] -- Installing: /home/kencheng/notebooks/ros_ws/install/nav2_ros2/share/nav2_ros2/package.dsv
[2.814s] -- Up-to-date: /home/kencheng/notebooks/ros_ws/install/nav2_ros2/share/ament_index/resource_index/packages/nav2_ros2
[2.829s] -- Up-to-date: /home/kencheng/notebooks/ros_ws/install/nav2_ros2/share/nav2_ros2/cmake/nav2_ros2Config.cmake
[2.829s] -- Up-to-date: /home/kencheng/notebooks/ros_ws/install/nav2_ros2/share/nav2_ros2/cmake/nav2_ros2Config-version.cmake
[2.830s] -- Up-to-date: /home/kencheng/notebooks/ros_ws/install/nav2_ros2/share/nav2_ros2/package.xml
[2.833s] Invoked command in '/home/kencheng/notebooks/ros_ws/build/nav2_ros2' returned '0': CMAKE_PREFIX_PATH=${CMAKE_PREFIX_PATH}:/home/kencheng/notebooks/ros_ws/install/video_streamer:/home/kencheng/notebooks/ros_ws/install/driver_ros2:/opt/ros/humble CONDA_PROMPT_MODIFIER=(base) /usr/bin/cmake --install /home/kencheng/notebooks/ros_ws/build/nav2_ros2
