[35m[1mConsolidate compiler generated dependencies of target nav2_node[0m
[100%] Built target nav2_node
-- Install configuration: ""
-- Up-to-date: /home/kencheng/notebooks/ros_ws/install/nav2_ros2/lib/nav2_ros2/nav2_node
-- Up-to-date: /home/kencheng/notebooks/ros_ws/install/nav2_ros2/share/nav2_ros2/launch
-- Up-to-date: /home/kencheng/notebooks/ros_ws/install/nav2_ros2/share/nav2_ros2/launch/nav2_launch.py
-- Up-to-date: /home/kencheng/notebooks/ros_ws/install/nav2_ros2/share/nav2_ros2/launch/bringup_launch.py
-- Up-to-date: /home/kencheng/notebooks/ros_ws/install/nav2_ros2/share/ament_index/resource_index/package_run_dependencies/nav2_ros2
-- Up-to-date: /home/kencheng/notebooks/ros_ws/install/nav2_ros2/share/ament_index/resource_index/parent_prefix_path/nav2_ros2
-- Up-to-date: /home/kencheng/notebooks/ros_ws/install/nav2_ros2/share/nav2_ros2/environment/ament_prefix_path.sh
-- Up-to-date: /home/kencheng/notebooks/ros_ws/install/nav2_ros2/share/nav2_ros2/environment/ament_prefix_path.dsv
-- Up-to-date: /home/kencheng/notebooks/ros_ws/install/nav2_ros2/share/nav2_ros2/environment/path.sh
-- Up-to-date: /home/kencheng/notebooks/ros_ws/install/nav2_ros2/share/nav2_ros2/environment/path.dsv
-- Up-to-date: /home/kencheng/notebooks/ros_ws/install/nav2_ros2/share/nav2_ros2/local_setup.bash
-- Up-to-date: /home/kencheng/notebooks/ros_ws/install/nav2_ros2/share/nav2_ros2/local_setup.sh
-- Up-to-date: /home/kencheng/notebooks/ros_ws/install/nav2_ros2/share/nav2_ros2/local_setup.zsh
-- Up-to-date: /home/kencheng/notebooks/ros_ws/install/nav2_ros2/share/nav2_ros2/local_setup.dsv
-- Installing: /home/kencheng/notebooks/ros_ws/install/nav2_ros2/share/nav2_ros2/package.dsv
-- Up-to-date: /home/kencheng/notebooks/ros_ws/install/nav2_ros2/share/ament_index/resource_index/packages/nav2_ros2
-- Up-to-date: /home/kencheng/notebooks/ros_ws/install/nav2_ros2/share/nav2_ros2/cmake/nav2_ros2Config.cmake
-- Up-to-date: /home/kencheng/notebooks/ros_ws/install/nav2_ros2/share/nav2_ros2/cmake/nav2_ros2Config-version.cmake
-- Up-to-date: /home/kencheng/notebooks/ros_ws/install/nav2_ros2/share/nav2_ros2/package.xml
