[0.494s] DEBUG:colcon:Command line arguments: ['/usr/bin/colcon', 'build']
[0.495s] DEBUG:colcon:Parsed command line arguments: Namespace(log_base=None, log_level=None, verb_name='build', build_base='build', install_base='install', merge_install=False, symlink_install=False, test_result_base=None, continue_on_error=False, executor='parallel', parallel_workers=4, event_handlers=None, ignore_user_meta=False, metas=['./colcon.meta'], base_paths=['.'], packages_ignore=None, packages_ignore_regex=None, paths=None, packages_up_to=None, packages_up_to_regex=None, packages_above=None, packages_above_and_dependencies=None, packages_above_depth=None, packages_select_by_dep=None, packages_skip_by_dep=None, packages_skip_up_to=None, packages_select_build_failed=False, packages_skip_build_finished=False, packages_select_test_failures=False, packages_skip_test_passed=False, packages_select=None, packages_skip=None, packages_select_regex=None, packages_skip_regex=None, packages_start=None, packages_end=None, allow_overriding=[], cmake_args=None, cmake_target=None, cmake_target_skip_unavailable=False, cmake_clean_cache=False, cmake_clean_first=False, cmake_force_configure=False, ament_cmake_args=None, catkin_cmake_args=None, catkin_skip_building_tests=False, mixin_files=None, mixin=None, verb_parser=<colcon_mixin.mixin.mixin_argument.MixinArgumentDecorator object at 0xffffa6598040>, verb_extension=<colcon_core.verb.build.BuildVerb object at 0xffffa6779660>, main=<bound method BuildVerb.main of <colcon_core.verb.build.BuildVerb object at 0xffffa6779660>>, mixin_verb=('build',))
[0.659s] Level 1:colcon.colcon_core.package_discovery:discover_packages(colcon_meta) check parameters
[0.660s] Level 1:colcon.colcon_core.package_discovery:discover_packages(recursive) check parameters
[0.660s] Level 1:colcon.colcon_core.package_discovery:discover_packages(ignore) check parameters
[0.660s] Level 1:colcon.colcon_core.package_discovery:discover_packages(path) check parameters
[0.660s] Level 1:colcon.colcon_core.package_discovery:discover_packages(colcon_meta) discover
[0.660s] Level 1:colcon.colcon_core.package_discovery:discover_packages(recursive) discover
[0.661s] INFO:colcon.colcon_core.package_discovery:Crawling recursively for packages in '/home/kencheng/notebooks/ros_ws'
[0.661s] Level 1:colcon.colcon_core.package_identification:_identify(.) by extensions ['ignore', 'ignore_ament_install']
[0.661s] Level 1:colcon.colcon_core.package_identification:_identify(.) by extension 'ignore'
[0.661s] Level 1:colcon.colcon_core.package_identification:_identify(.) by extension 'ignore_ament_install'
[0.662s] Level 1:colcon.colcon_core.package_identification:_identify(.) by extensions ['colcon_pkg']
[0.662s] Level 1:colcon.colcon_core.package_identification:_identify(.) by extension 'colcon_pkg'
[0.662s] Level 1:colcon.colcon_core.package_identification:_identify(.) by extensions ['colcon_meta']
[0.662s] Level 1:colcon.colcon_core.package_identification:_identify(.) by extension 'colcon_meta'
[0.662s] Level 1:colcon.colcon_core.package_identification:_identify(.) by extensions ['ros']
[0.662s] Level 1:colcon.colcon_core.package_identification:_identify(.) by extension 'ros'
[0.762s] Level 1:colcon.colcon_core.package_identification:_identify(.) by extensions ['cmake', 'python']
[0.763s] Level 1:colcon.colcon_core.package_identification:_identify(.) by extension 'cmake'
[0.768s] Level 1:colcon.colcon_core.package_identification:_identify(.) by extension 'python'
[0.768s] Level 1:colcon.colcon_core.package_identification:_identify(.) by extensions ['python_setup_py']
[0.768s] Level 1:colcon.colcon_core.package_identification:_identify(.) by extension 'python_setup_py'
[0.769s] Level 1:colcon.colcon_core.package_identification:_identify(build) by extensions ['ignore', 'ignore_ament_install']
[0.769s] Level 1:colcon.colcon_core.package_identification:_identify(build) by extension 'ignore'
[0.769s] Level 1:colcon.colcon_core.package_identification:_identify(build) ignored
[0.770s] Level 1:colcon.colcon_core.package_identification:_identify(install) by extensions ['ignore', 'ignore_ament_install']
[0.771s] Level 1:colcon.colcon_core.package_identification:_identify(install) by extension 'ignore'
[0.771s] Level 1:colcon.colcon_core.package_identification:_identify(install) ignored
[0.772s] Level 1:colcon.colcon_core.package_identification:_identify(log) by extensions ['ignore', 'ignore_ament_install']
[0.772s] Level 1:colcon.colcon_core.package_identification:_identify(log) by extension 'ignore'
[0.772s] Level 1:colcon.colcon_core.package_identification:_identify(log) ignored
[0.773s] Level 1:colcon.colcon_core.package_identification:_identify(src) by extensions ['ignore', 'ignore_ament_install']
[0.773s] Level 1:colcon.colcon_core.package_identification:_identify(src) by extension 'ignore'
[0.773s] Level 1:colcon.colcon_core.package_identification:_identify(src) by extension 'ignore_ament_install'
[0.774s] Level 1:colcon.colcon_core.package_identification:_identify(src) by extensions ['colcon_pkg']
[0.774s] Level 1:colcon.colcon_core.package_identification:_identify(src) by extension 'colcon_pkg'
[0.774s] Level 1:colcon.colcon_core.package_identification:_identify(src) by extensions ['colcon_meta']
[0.774s] Level 1:colcon.colcon_core.package_identification:_identify(src) by extension 'colcon_meta'
[0.774s] Level 1:colcon.colcon_core.package_identification:_identify(src) by extensions ['ros']
[0.775s] Level 1:colcon.colcon_core.package_identification:_identify(src) by extension 'ros'
[0.775s] Level 1:colcon.colcon_core.package_identification:_identify(src) by extensions ['cmake', 'python']
[0.775s] Level 1:colcon.colcon_core.package_identification:_identify(src) by extension 'cmake'
[0.775s] Level 1:colcon.colcon_core.package_identification:_identify(src) by extension 'python'
[0.776s] Level 1:colcon.colcon_core.package_identification:_identify(src) by extensions ['python_setup_py']
[0.776s] Level 1:colcon.colcon_core.package_identification:_identify(src) by extension 'python_setup_py'
[0.776s] Level 1:colcon.colcon_core.package_identification:_identify(src/cartographer_ros2) by extensions ['ignore', 'ignore_ament_install']
[0.777s] Level 1:colcon.colcon_core.package_identification:_identify(src/cartographer_ros2) by extension 'ignore'
[0.777s] Level 1:colcon.colcon_core.package_identification:_identify(src/cartographer_ros2) by extension 'ignore_ament_install'
[0.777s] Level 1:colcon.colcon_core.package_identification:_identify(src/cartographer_ros2) by extensions ['colcon_pkg']
[0.777s] Level 1:colcon.colcon_core.package_identification:_identify(src/cartographer_ros2) by extension 'colcon_pkg'
[0.778s] Level 1:colcon.colcon_core.package_identification:_identify(src/cartographer_ros2) by extensions ['colcon_meta']
[0.778s] Level 1:colcon.colcon_core.package_identification:_identify(src/cartographer_ros2) by extension 'colcon_meta'
[0.778s] Level 1:colcon.colcon_core.package_identification:_identify(src/cartographer_ros2) by extensions ['ros']
[0.778s] Level 1:colcon.colcon_core.package_identification:_identify(src/cartographer_ros2) by extension 'ros'
[0.790s] DEBUG:colcon.colcon_core.package_identification:Package 'src/cartographer_ros2' with type 'ros.ament_cmake' and name 'cartographer_ros2'
[0.791s] Level 1:colcon.colcon_core.package_identification:_identify(src/driver_ros2) by extensions ['ignore', 'ignore_ament_install']
[0.791s] Level 1:colcon.colcon_core.package_identification:_identify(src/driver_ros2) by extension 'ignore'
[0.792s] Level 1:colcon.colcon_core.package_identification:_identify(src/driver_ros2) by extension 'ignore_ament_install'
[0.792s] Level 1:colcon.colcon_core.package_identification:_identify(src/driver_ros2) by extensions ['colcon_pkg']
[0.792s] Level 1:colcon.colcon_core.package_identification:_identify(src/driver_ros2) by extension 'colcon_pkg'
[0.792s] Level 1:colcon.colcon_core.package_identification:_identify(src/driver_ros2) by extensions ['colcon_meta']
[0.793s] Level 1:colcon.colcon_core.package_identification:_identify(src/driver_ros2) by extension 'colcon_meta'
[0.793s] Level 1:colcon.colcon_core.package_identification:_identify(src/driver_ros2) by extensions ['ros']
[0.793s] Level 1:colcon.colcon_core.package_identification:_identify(src/driver_ros2) by extension 'ros'
[0.796s] DEBUG:colcon.colcon_core.package_identification:Package 'src/driver_ros2' with type 'ros.ament_python' and name 'driver_ros2'
[0.797s] Level 1:colcon.colcon_core.package_identification:_identify(src/nav2_ros2) by extensions ['ignore', 'ignore_ament_install']
[0.797s] Level 1:colcon.colcon_core.package_identification:_identify(src/nav2_ros2) by extension 'ignore'
[0.798s] Level 1:colcon.colcon_core.package_identification:_identify(src/nav2_ros2) by extension 'ignore_ament_install'
[0.798s] Level 1:colcon.colcon_core.package_identification:_identify(src/nav2_ros2) by extensions ['colcon_pkg']
[0.798s] Level 1:colcon.colcon_core.package_identification:_identify(src/nav2_ros2) by extension 'colcon_pkg'
[0.799s] Level 1:colcon.colcon_core.package_identification:_identify(src/nav2_ros2) by extensions ['colcon_meta']
[0.799s] Level 1:colcon.colcon_core.package_identification:_identify(src/nav2_ros2) by extension 'colcon_meta'
[0.799s] Level 1:colcon.colcon_core.package_identification:_identify(src/nav2_ros2) by extensions ['ros']
[0.799s] Level 1:colcon.colcon_core.package_identification:_identify(src/nav2_ros2) by extension 'ros'
[0.802s] DEBUG:colcon.colcon_core.package_identification:Package 'src/nav2_ros2' with type 'ros.ament_cmake' and name 'nav2_ros2'
[0.803s] Level 1:colcon.colcon_core.package_identification:_identify(src/sllidar_ros2) by extensions ['ignore', 'ignore_ament_install']
[0.803s] Level 1:colcon.colcon_core.package_identification:_identify(src/sllidar_ros2) by extension 'ignore'
[0.804s] Level 1:colcon.colcon_core.package_identification:_identify(src/sllidar_ros2) by extension 'ignore_ament_install'
[0.804s] Level 1:colcon.colcon_core.package_identification:_identify(src/sllidar_ros2) by extensions ['colcon_pkg']
[0.804s] Level 1:colcon.colcon_core.package_identification:_identify(src/sllidar_ros2) by extension 'colcon_pkg'
[0.805s] Level 1:colcon.colcon_core.package_identification:_identify(src/sllidar_ros2) by extensions ['colcon_meta']
[0.805s] Level 1:colcon.colcon_core.package_identification:_identify(src/sllidar_ros2) by extension 'colcon_meta'
[0.805s] Level 1:colcon.colcon_core.package_identification:_identify(src/sllidar_ros2) by extensions ['ros']
[0.805s] Level 1:colcon.colcon_core.package_identification:_identify(src/sllidar_ros2) by extension 'ros'
[0.809s] DEBUG:colcon.colcon_core.package_identification:Package 'src/sllidar_ros2' with type 'ros.ament_cmake' and name 'sllidar_ros2'
[0.809s] Level 1:colcon.colcon_core.package_identification:_identify(src/video_streamer) by extensions ['ignore', 'ignore_ament_install']
[0.810s] Level 1:colcon.colcon_core.package_identification:_identify(src/video_streamer) by extension 'ignore'
[0.810s] Level 1:colcon.colcon_core.package_identification:_identify(src/video_streamer) by extension 'ignore_ament_install'
[0.811s] Level 1:colcon.colcon_core.package_identification:_identify(src/video_streamer) by extensions ['colcon_pkg']
[0.811s] Level 1:colcon.colcon_core.package_identification:_identify(src/video_streamer) by extension 'colcon_pkg'
[0.811s] Level 1:colcon.colcon_core.package_identification:_identify(src/video_streamer) by extensions ['colcon_meta']
[0.811s] Level 1:colcon.colcon_core.package_identification:_identify(src/video_streamer) by extension 'colcon_meta'
[0.811s] Level 1:colcon.colcon_core.package_identification:_identify(src/video_streamer) by extensions ['ros']
[0.812s] Level 1:colcon.colcon_core.package_identification:_identify(src/video_streamer) by extension 'ros'
[0.814s] DEBUG:colcon.colcon_core.package_identification:Package 'src/video_streamer' with type 'ros.ament_python' and name 'video_streamer'
[0.815s] Level 1:colcon.colcon_core.package_discovery:discover_packages(recursive) using defaults
[0.815s] Level 1:colcon.colcon_core.package_discovery:discover_packages(ignore) discover
[0.815s] Level 1:colcon.colcon_core.package_discovery:discover_packages(ignore) using defaults
[0.815s] Level 1:colcon.colcon_core.package_discovery:discover_packages(path) discover
[0.815s] Level 1:colcon.colcon_core.package_discovery:discover_packages(path) using defaults
[0.896s] Level 1:colcon.colcon_core.package_discovery:discover_packages(prefix_path) check parameters
[0.909s] Level 1:colcon.colcon_core.package_discovery:discover_packages(prefix_path) discover
[0.925s] DEBUG:colcon.colcon_installed_package_information.package_discovery:Found 5 installed packages in /home/kencheng/notebooks/ros_ws/install
[0.939s] DEBUG:colcon.colcon_installed_package_information.package_discovery:Found 417 installed packages in /opt/ros/humble
[0.948s] Level 1:colcon.colcon_core.package_discovery:discover_packages(prefix_path) using defaults
[1.219s] Level 5:colcon.colcon_core.verb:set package 'cartographer_ros2' build argument 'cmake_args' from command line to 'None'
[1.219s] Level 5:colcon.colcon_core.verb:set package 'cartographer_ros2' build argument 'cmake_target' from command line to 'None'
[1.219s] Level 5:colcon.colcon_core.verb:set package 'cartographer_ros2' build argument 'cmake_target_skip_unavailable' from command line to 'False'
[1.219s] Level 5:colcon.colcon_core.verb:set package 'cartographer_ros2' build argument 'cmake_clean_cache' from command line to 'False'
[1.219s] Level 5:colcon.colcon_core.verb:set package 'cartographer_ros2' build argument 'cmake_clean_first' from command line to 'False'
[1.219s] Level 5:colcon.colcon_core.verb:set package 'cartographer_ros2' build argument 'cmake_force_configure' from command line to 'False'
[1.219s] Level 5:colcon.colcon_core.verb:set package 'cartographer_ros2' build argument 'ament_cmake_args' from command line to 'None'
[1.219s] Level 5:colcon.colcon_core.verb:set package 'cartographer_ros2' build argument 'catkin_cmake_args' from command line to 'None'
[1.220s] Level 5:colcon.colcon_core.verb:set package 'cartographer_ros2' build argument 'catkin_skip_building_tests' from command line to 'False'
[1.220s] DEBUG:colcon.colcon_core.verb:Building package 'cartographer_ros2' with the following arguments: {'ament_cmake_args': None, 'build_base': '/home/kencheng/notebooks/ros_ws/build/cartographer_ros2', 'catkin_cmake_args': None, 'catkin_skip_building_tests': False, 'cmake_args': None, 'cmake_clean_cache': False, 'cmake_clean_first': False, 'cmake_force_configure': False, 'cmake_target': None, 'cmake_target_skip_unavailable': False, 'install_base': '/home/kencheng/notebooks/ros_ws/install/cartographer_ros2', 'merge_install': False, 'path': '/home/kencheng/notebooks/ros_ws/src/cartographer_ros2', 'symlink_install': False, 'test_result_base': None}
[1.221s] Level 5:colcon.colcon_core.verb:set package 'driver_ros2' build argument 'cmake_args' from command line to 'None'
[1.221s] Level 5:colcon.colcon_core.verb:set package 'driver_ros2' build argument 'cmake_target' from command line to 'None'
[1.221s] Level 5:colcon.colcon_core.verb:set package 'driver_ros2' build argument 'cmake_target_skip_unavailable' from command line to 'False'
[1.222s] Level 5:colcon.colcon_core.verb:set package 'driver_ros2' build argument 'cmake_clean_cache' from command line to 'False'
[1.222s] Level 5:colcon.colcon_core.verb:set package 'driver_ros2' build argument 'cmake_clean_first' from command line to 'False'
[1.222s] Level 5:colcon.colcon_core.verb:set package 'driver_ros2' build argument 'cmake_force_configure' from command line to 'False'
[1.222s] Level 5:colcon.colcon_core.verb:set package 'driver_ros2' build argument 'ament_cmake_args' from command line to 'None'
[1.222s] Level 5:colcon.colcon_core.verb:set package 'driver_ros2' build argument 'catkin_cmake_args' from command line to 'None'
[1.222s] Level 5:colcon.colcon_core.verb:set package 'driver_ros2' build argument 'catkin_skip_building_tests' from command line to 'False'
[1.222s] DEBUG:colcon.colcon_core.verb:Building package 'driver_ros2' with the following arguments: {'ament_cmake_args': None, 'build_base': '/home/kencheng/notebooks/ros_ws/build/driver_ros2', 'catkin_cmake_args': None, 'catkin_skip_building_tests': False, 'cmake_args': None, 'cmake_clean_cache': False, 'cmake_clean_first': False, 'cmake_force_configure': False, 'cmake_target': None, 'cmake_target_skip_unavailable': False, 'install_base': '/home/kencheng/notebooks/ros_ws/install/driver_ros2', 'merge_install': False, 'path': '/home/kencheng/notebooks/ros_ws/src/driver_ros2', 'symlink_install': False, 'test_result_base': None}
[1.224s] Level 5:colcon.colcon_core.verb:set package 'nav2_ros2' build argument 'cmake_args' from command line to 'None'
[1.224s] Level 5:colcon.colcon_core.verb:set package 'nav2_ros2' build argument 'cmake_target' from command line to 'None'
[1.224s] Level 5:colcon.colcon_core.verb:set package 'nav2_ros2' build argument 'cmake_target_skip_unavailable' from command line to 'False'
[1.224s] Level 5:colcon.colcon_core.verb:set package 'nav2_ros2' build argument 'cmake_clean_cache' from command line to 'False'
[1.224s] Level 5:colcon.colcon_core.verb:set package 'nav2_ros2' build argument 'cmake_clean_first' from command line to 'False'
[1.224s] Level 5:colcon.colcon_core.verb:set package 'nav2_ros2' build argument 'cmake_force_configure' from command line to 'False'
[1.224s] Level 5:colcon.colcon_core.verb:set package 'nav2_ros2' build argument 'ament_cmake_args' from command line to 'None'
[1.224s] Level 5:colcon.colcon_core.verb:set package 'nav2_ros2' build argument 'catkin_cmake_args' from command line to 'None'
[1.225s] Level 5:colcon.colcon_core.verb:set package 'nav2_ros2' build argument 'catkin_skip_building_tests' from command line to 'False'
[1.225s] DEBUG:colcon.colcon_core.verb:Building package 'nav2_ros2' with the following arguments: {'ament_cmake_args': None, 'build_base': '/home/kencheng/notebooks/ros_ws/build/nav2_ros2', 'catkin_cmake_args': None, 'catkin_skip_building_tests': False, 'cmake_args': None, 'cmake_clean_cache': False, 'cmake_clean_first': False, 'cmake_force_configure': False, 'cmake_target': None, 'cmake_target_skip_unavailable': False, 'install_base': '/home/kencheng/notebooks/ros_ws/install/nav2_ros2', 'merge_install': False, 'path': '/home/kencheng/notebooks/ros_ws/src/nav2_ros2', 'symlink_install': False, 'test_result_base': None}
[1.226s] Level 5:colcon.colcon_core.verb:set package 'sllidar_ros2' build argument 'cmake_args' from command line to 'None'
[1.226s] Level 5:colcon.colcon_core.verb:set package 'sllidar_ros2' build argument 'cmake_target' from command line to 'None'
[1.226s] Level 5:colcon.colcon_core.verb:set package 'sllidar_ros2' build argument 'cmake_target_skip_unavailable' from command line to 'False'
[1.226s] Level 5:colcon.colcon_core.verb:set package 'sllidar_ros2' build argument 'cmake_clean_cache' from command line to 'False'
[1.227s] Level 5:colcon.colcon_core.verb:set package 'sllidar_ros2' build argument 'cmake_clean_first' from command line to 'False'
[1.227s] Level 5:colcon.colcon_core.verb:set package 'sllidar_ros2' build argument 'cmake_force_configure' from command line to 'False'
[1.227s] Level 5:colcon.colcon_core.verb:set package 'sllidar_ros2' build argument 'ament_cmake_args' from command line to 'None'
[1.227s] Level 5:colcon.colcon_core.verb:set package 'sllidar_ros2' build argument 'catkin_cmake_args' from command line to 'None'
[1.227s] Level 5:colcon.colcon_core.verb:set package 'sllidar_ros2' build argument 'catkin_skip_building_tests' from command line to 'False'
[1.227s] DEBUG:colcon.colcon_core.verb:Building package 'sllidar_ros2' with the following arguments: {'ament_cmake_args': None, 'build_base': '/home/kencheng/notebooks/ros_ws/build/sllidar_ros2', 'catkin_cmake_args': None, 'catkin_skip_building_tests': False, 'cmake_args': None, 'cmake_clean_cache': False, 'cmake_clean_first': False, 'cmake_force_configure': False, 'cmake_target': None, 'cmake_target_skip_unavailable': False, 'install_base': '/home/kencheng/notebooks/ros_ws/install/sllidar_ros2', 'merge_install': False, 'path': '/home/kencheng/notebooks/ros_ws/src/sllidar_ros2', 'symlink_install': False, 'test_result_base': None}
[1.228s] Level 5:colcon.colcon_core.verb:set package 'video_streamer' build argument 'cmake_args' from command line to 'None'
[1.229s] Level 5:colcon.colcon_core.verb:set package 'video_streamer' build argument 'cmake_target' from command line to 'None'
[1.229s] Level 5:colcon.colcon_core.verb:set package 'video_streamer' build argument 'cmake_target_skip_unavailable' from command line to 'False'
[1.229s] Level 5:colcon.colcon_core.verb:set package 'video_streamer' build argument 'cmake_clean_cache' from command line to 'False'
[1.229s] Level 5:colcon.colcon_core.verb:set package 'video_streamer' build argument 'cmake_clean_first' from command line to 'False'
[1.229s] Level 5:colcon.colcon_core.verb:set package 'video_streamer' build argument 'cmake_force_configure' from command line to 'False'
[1.229s] Level 5:colcon.colcon_core.verb:set package 'video_streamer' build argument 'ament_cmake_args' from command line to 'None'
[1.229s] Level 5:colcon.colcon_core.verb:set package 'video_streamer' build argument 'catkin_cmake_args' from command line to 'None'
[1.229s] Level 5:colcon.colcon_core.verb:set package 'video_streamer' build argument 'catkin_skip_building_tests' from command line to 'False'
[1.229s] DEBUG:colcon.colcon_core.verb:Building package 'video_streamer' with the following arguments: {'ament_cmake_args': None, 'build_base': '/home/kencheng/notebooks/ros_ws/build/video_streamer', 'catkin_cmake_args': None, 'catkin_skip_building_tests': False, 'cmake_args': None, 'cmake_clean_cache': False, 'cmake_clean_first': False, 'cmake_force_configure': False, 'cmake_target': None, 'cmake_target_skip_unavailable': False, 'install_base': '/home/kencheng/notebooks/ros_ws/install/video_streamer', 'merge_install': False, 'path': '/home/kencheng/notebooks/ros_ws/src/video_streamer', 'symlink_install': False, 'test_result_base': None}
[1.230s] INFO:colcon.colcon_core.executor:Executing jobs using 'parallel' executor
[1.233s] DEBUG:colcon.colcon_parallel_executor.executor.parallel:run_until_complete
[1.235s] INFO:colcon.colcon_ros.task.ament_cmake.build:Building ROS package in '/home/kencheng/notebooks/ros_ws/src/cartographer_ros2' with build type 'ament_cmake'
[1.235s] INFO:colcon.colcon_cmake.task.cmake.build:Building CMake package in '/home/kencheng/notebooks/ros_ws/src/cartographer_ros2'
[1.245s] INFO:colcon.colcon_core.plugin_system:Skipping extension 'colcon_core.shell.bat': Not used on non-Windows systems
[1.246s] INFO:colcon.colcon_core.shell:Skip shell extension 'powershell' for command environment: Not usable outside of PowerShell
[1.246s] DEBUG:colcon.colcon_core.shell:Skip shell extension 'dsv' for command environment
[1.270s] INFO:colcon.colcon_ros.task.ament_python.build:Building ROS package in '/home/kencheng/notebooks/ros_ws/src/driver_ros2' with build type 'ament_python'
[1.271s] Level 1:colcon.colcon_core.shell:create_environment_hook('driver_ros2', 'ament_prefix_path')
[1.272s] INFO:colcon.colcon_core.shell:Creating environment hook '/home/kencheng/notebooks/ros_ws/install/driver_ros2/share/driver_ros2/hook/ament_prefix_path.ps1'
[1.275s] INFO:colcon.colcon_core.shell:Creating environment descriptor '/home/kencheng/notebooks/ros_ws/install/driver_ros2/share/driver_ros2/hook/ament_prefix_path.dsv'
[1.278s] INFO:colcon.colcon_core.shell:Creating environment hook '/home/kencheng/notebooks/ros_ws/install/driver_ros2/share/driver_ros2/hook/ament_prefix_path.sh'
[1.282s] INFO:colcon.colcon_core.shell:Skip shell extension 'powershell' for command environment: Not usable outside of PowerShell
[1.282s] DEBUG:colcon.colcon_core.shell:Skip shell extension 'dsv' for command environment
[1.305s] INFO:colcon.colcon_ros.task.ament_cmake.build:Building ROS package in '/home/kencheng/notebooks/ros_ws/src/nav2_ros2' with build type 'ament_cmake'
[1.305s] INFO:colcon.colcon_cmake.task.cmake.build:Building CMake package in '/home/kencheng/notebooks/ros_ws/src/nav2_ros2'
[1.306s] INFO:colcon.colcon_core.shell:Skip shell extension 'powershell' for command environment: Not usable outside of PowerShell
[1.307s] DEBUG:colcon.colcon_core.shell:Skip shell extension 'dsv' for command environment
[1.331s] INFO:colcon.colcon_ros.task.ament_cmake.build:Building ROS package in '/home/kencheng/notebooks/ros_ws/src/sllidar_ros2' with build type 'ament_cmake'
[1.332s] INFO:colcon.colcon_cmake.task.cmake.build:Building CMake package in '/home/kencheng/notebooks/ros_ws/src/sllidar_ros2'
[1.333s] INFO:colcon.colcon_core.shell:Skip shell extension 'powershell' for command environment: Not usable outside of PowerShell
[1.334s] DEBUG:colcon.colcon_core.shell:Skip shell extension 'dsv' for command environment
[1.376s] DEBUG:colcon.colcon_core.event_handler.log_command:Invoking command in '/home/kencheng/notebooks/ros_ws/build/cartographer_ros2': CMAKE_PREFIX_PATH=${CMAKE_PREFIX_PATH}:/home/kencheng/notebooks/ros_ws/install/video_streamer:/home/kencheng/notebooks/ros_ws/install/driver_ros2:/opt/ros/humble CONDA_PROMPT_MODIFIER=(base) /usr/bin/cmake --build /home/kencheng/notebooks/ros_ws/build/cartographer_ros2 -- -j4 -l4
[2.440s] INFO:colcon.colcon_core.task.python.build:Building Python package in '/home/kencheng/notebooks/ros_ws/src/driver_ros2'
[2.441s] INFO:colcon.colcon_core.shell:Skip shell extension 'powershell' for command environment: Not usable outside of PowerShell
[2.441s] DEBUG:colcon.colcon_core.shell:Skip shell extension 'dsv' for command environment
[2.491s] DEBUG:colcon.colcon_core.event_handler.log_command:Invoking command in '/home/kencheng/notebooks/ros_ws/build/nav2_ros2': CMAKE_PREFIX_PATH=${CMAKE_PREFIX_PATH}:/home/kencheng/notebooks/ros_ws/install/video_streamer:/home/kencheng/notebooks/ros_ws/install/driver_ros2:/opt/ros/humble CONDA_PROMPT_MODIFIER=(base) /usr/bin/cmake --build /home/kencheng/notebooks/ros_ws/build/nav2_ros2 -- -j4 -l4
[2.516s] DEBUG:colcon.colcon_core.event_handler.log_command:Invoking command in '/home/kencheng/notebooks/ros_ws/build/sllidar_ros2': CMAKE_PREFIX_PATH=${CMAKE_PREFIX_PATH}:/home/kencheng/notebooks/ros_ws/install/video_streamer:/home/kencheng/notebooks/ros_ws/install/driver_ros2:/opt/ros/humble CONDA_PROMPT_MODIFIER=(base) /usr/bin/cmake --build /home/kencheng/notebooks/ros_ws/build/sllidar_ros2 -- -j4 -l4
[2.517s] DEBUG:colcon.colcon_core.event_handler.log_command:Invoked command in '/home/kencheng/notebooks/ros_ws/build/cartographer_ros2' returned '0': CMAKE_PREFIX_PATH=${CMAKE_PREFIX_PATH}:/home/kencheng/notebooks/ros_ws/install/video_streamer:/home/kencheng/notebooks/ros_ws/install/driver_ros2:/opt/ros/humble CONDA_PROMPT_MODIFIER=(base) /usr/bin/cmake --build /home/kencheng/notebooks/ros_ws/build/cartographer_ros2 -- -j4 -l4
[2.557s] DEBUG:colcon.colcon_core.event_handler.log_command:Invoking command in '/home/kencheng/notebooks/ros_ws/build/cartographer_ros2': CMAKE_PREFIX_PATH=${CMAKE_PREFIX_PATH}:/home/kencheng/notebooks/ros_ws/install/video_streamer:/home/kencheng/notebooks/ros_ws/install/driver_ros2:/opt/ros/humble CONDA_PROMPT_MODIFIER=(base) /usr/bin/cmake --install /home/kencheng/notebooks/ros_ws/build/cartographer_ros2
[2.613s] Level 1:colcon.colcon_core.environment:create_environment_scripts_only(cartographer_ros2)
[2.624s] DEBUG:colcon.colcon_core.event_handler.log_command:Invoked command in '/home/kencheng/notebooks/ros_ws/build/cartographer_ros2' returned '0': CMAKE_PREFIX_PATH=${CMAKE_PREFIX_PATH}:/home/kencheng/notebooks/ros_ws/install/video_streamer:/home/kencheng/notebooks/ros_ws/install/driver_ros2:/opt/ros/humble CONDA_PROMPT_MODIFIER=(base) /usr/bin/cmake --install /home/kencheng/notebooks/ros_ws/build/cartographer_ros2
[2.632s] Level 1:colcon.colcon_core.environment:checking '/home/kencheng/notebooks/ros_ws/install/cartographer_ros2' for CMake module files
[2.635s] Level 1:colcon.colcon_core.environment:checking '/home/kencheng/notebooks/ros_ws/install/cartographer_ros2' for CMake config files
[2.638s] Level 1:colcon.colcon_core.shell:create_environment_hook('cartographer_ros2', 'cmake_prefix_path')
[2.640s] INFO:colcon.colcon_core.shell:Creating environment hook '/home/kencheng/notebooks/ros_ws/install/cartographer_ros2/share/cartographer_ros2/hook/cmake_prefix_path.ps1'
[2.643s] INFO:colcon.colcon_core.shell:Creating environment descriptor '/home/kencheng/notebooks/ros_ws/install/cartographer_ros2/share/cartographer_ros2/hook/cmake_prefix_path.dsv'
[2.652s] INFO:colcon.colcon_core.shell:Creating environment hook '/home/kencheng/notebooks/ros_ws/install/cartographer_ros2/share/cartographer_ros2/hook/cmake_prefix_path.sh'
[2.657s] Level 1:colcon.colcon_core.environment:checking '/home/kencheng/notebooks/ros_ws/install/cartographer_ros2/lib'
[2.659s] Level 1:colcon.colcon_core.environment:checking '/home/kencheng/notebooks/ros_ws/install/cartographer_ros2/bin'
[2.659s] Level 1:colcon.colcon_core.environment:checking '/home/kencheng/notebooks/ros_ws/install/cartographer_ros2/lib/pkgconfig/cartographer_ros2.pc'
[2.661s] Level 1:colcon.colcon_core.environment:checking '/home/kencheng/notebooks/ros_ws/install/cartographer_ros2/lib/python3.10/site-packages'
[2.663s] Level 1:colcon.colcon_core.environment:checking '/home/kencheng/notebooks/ros_ws/install/cartographer_ros2/bin'
[2.664s] INFO:colcon.colcon_core.shell:Creating package script '/home/kencheng/notebooks/ros_ws/install/cartographer_ros2/share/cartographer_ros2/package.ps1'
[2.669s] INFO:colcon.colcon_core.shell:Creating package descriptor '/home/kencheng/notebooks/ros_ws/install/cartographer_ros2/share/cartographer_ros2/package.dsv'
[2.673s] INFO:colcon.colcon_core.shell:Creating package script '/home/kencheng/notebooks/ros_ws/install/cartographer_ros2/share/cartographer_ros2/package.sh'
[2.678s] INFO:colcon.colcon_core.shell:Creating package script '/home/kencheng/notebooks/ros_ws/install/cartographer_ros2/share/cartographer_ros2/package.bash'
[2.682s] INFO:colcon.colcon_core.shell:Creating package script '/home/kencheng/notebooks/ros_ws/install/cartographer_ros2/share/cartographer_ros2/package.zsh'
[2.687s] Level 1:colcon.colcon_core.environment:create_file_with_runtime_dependencies(/home/kencheng/notebooks/ros_ws/install/cartographer_ros2/share/colcon-core/packages/cartographer_ros2)
[2.691s] Level 1:colcon.colcon_core.environment:create_environment_scripts_only(cartographer_ros2)
[2.692s] Level 1:colcon.colcon_core.environment:checking '/home/kencheng/notebooks/ros_ws/install/cartographer_ros2' for CMake module files
[2.695s] Level 1:colcon.colcon_core.environment:checking '/home/kencheng/notebooks/ros_ws/install/cartographer_ros2' for CMake config files
[2.699s] Level 1:colcon.colcon_core.shell:create_environment_hook('cartographer_ros2', 'cmake_prefix_path')
[2.700s] INFO:colcon.colcon_core.shell:Creating environment hook '/home/kencheng/notebooks/ros_ws/install/cartographer_ros2/share/cartographer_ros2/hook/cmake_prefix_path.ps1'
[2.703s] INFO:colcon.colcon_core.shell:Creating environment descriptor '/home/kencheng/notebooks/ros_ws/install/cartographer_ros2/share/cartographer_ros2/hook/cmake_prefix_path.dsv'
[2.706s] INFO:colcon.colcon_core.shell:Creating environment hook '/home/kencheng/notebooks/ros_ws/install/cartographer_ros2/share/cartographer_ros2/hook/cmake_prefix_path.sh'
[2.710s] Level 1:colcon.colcon_core.environment:checking '/home/kencheng/notebooks/ros_ws/install/cartographer_ros2/lib'
[2.710s] Level 1:colcon.colcon_core.environment:checking '/home/kencheng/notebooks/ros_ws/install/cartographer_ros2/bin'
[2.711s] Level 1:colcon.colcon_core.environment:checking '/home/kencheng/notebooks/ros_ws/install/cartographer_ros2/lib/pkgconfig/cartographer_ros2.pc'
[2.712s] Level 1:colcon.colcon_core.environment:checking '/home/kencheng/notebooks/ros_ws/install/cartographer_ros2/lib/python3.10/site-packages'
[2.713s] Level 1:colcon.colcon_core.environment:checking '/home/kencheng/notebooks/ros_ws/install/cartographer_ros2/bin'
[2.715s] INFO:colcon.colcon_core.shell:Creating package script '/home/kencheng/notebooks/ros_ws/install/cartographer_ros2/share/cartographer_ros2/package.ps1'
[2.718s] INFO:colcon.colcon_core.shell:Creating package descriptor '/home/kencheng/notebooks/ros_ws/install/cartographer_ros2/share/cartographer_ros2/package.dsv'
[2.721s] INFO:colcon.colcon_core.shell:Creating package script '/home/kencheng/notebooks/ros_ws/install/cartographer_ros2/share/cartographer_ros2/package.sh'
[2.724s] INFO:colcon.colcon_core.shell:Creating package script '/home/kencheng/notebooks/ros_ws/install/cartographer_ros2/share/cartographer_ros2/package.bash'
[2.726s] INFO:colcon.colcon_core.shell:Creating package script '/home/kencheng/notebooks/ros_ws/install/cartographer_ros2/share/cartographer_ros2/package.zsh'
[2.729s] Level 1:colcon.colcon_core.environment:create_file_with_runtime_dependencies(/home/kencheng/notebooks/ros_ws/install/cartographer_ros2/share/colcon-core/packages/cartographer_ros2)
[2.737s] INFO:colcon.colcon_ros.task.ament_python.build:Building ROS package in '/home/kencheng/notebooks/ros_ws/src/video_streamer' with build type 'ament_python'
[2.739s] Level 1:colcon.colcon_core.shell:create_environment_hook('video_streamer', 'ament_prefix_path')
[2.741s] INFO:colcon.colcon_core.shell:Creating environment hook '/home/kencheng/notebooks/ros_ws/install/video_streamer/share/video_streamer/hook/ament_prefix_path.ps1'
[2.744s] INFO:colcon.colcon_core.shell:Creating environment descriptor '/home/kencheng/notebooks/ros_ws/install/video_streamer/share/video_streamer/hook/ament_prefix_path.dsv'
[2.749s] INFO:colcon.colcon_core.shell:Creating environment hook '/home/kencheng/notebooks/ros_ws/install/video_streamer/share/video_streamer/hook/ament_prefix_path.sh'
[2.754s] INFO:colcon.colcon_core.shell:Skip shell extension 'powershell' for command environment: Not usable outside of PowerShell
[2.754s] DEBUG:colcon.colcon_core.shell:Skip shell extension 'dsv' for command environment
[4.008s] INFO:colcon.colcon_core.task.python.build:Building Python package in '/home/kencheng/notebooks/ros_ws/src/video_streamer'
[4.009s] INFO:colcon.colcon_core.shell:Skip shell extension 'powershell' for command environment: Not usable outside of PowerShell
[4.009s] DEBUG:colcon.colcon_core.shell:Skip shell extension 'dsv' for command environment
[4.038s] DEBUG:colcon.colcon_core.event_handler.log_command:Invoked command in '/home/kencheng/notebooks/ros_ws/build/nav2_ros2' returned '0': CMAKE_PREFIX_PATH=${CMAKE_PREFIX_PATH}:/home/kencheng/notebooks/ros_ws/install/video_streamer:/home/kencheng/notebooks/ros_ws/install/driver_ros2:/opt/ros/humble CONDA_PROMPT_MODIFIER=(base) /usr/bin/cmake --build /home/kencheng/notebooks/ros_ws/build/nav2_ros2 -- -j4 -l4
[4.047s] DEBUG:colcon.colcon_core.event_handler.log_command:Invoking command in '/home/kencheng/notebooks/ros_ws/build/nav2_ros2': CMAKE_PREFIX_PATH=${CMAKE_PREFIX_PATH}:/home/kencheng/notebooks/ros_ws/install/video_streamer:/home/kencheng/notebooks/ros_ws/install/driver_ros2:/opt/ros/humble CONDA_PROMPT_MODIFIER=(base) /usr/bin/cmake --install /home/kencheng/notebooks/ros_ws/build/nav2_ros2
[4.050s] DEBUG:colcon.colcon_core.event_handler.log_command:Invoked command in '/home/kencheng/notebooks/ros_ws/build/sllidar_ros2' returned '0': CMAKE_PREFIX_PATH=${CMAKE_PREFIX_PATH}:/home/kencheng/notebooks/ros_ws/install/video_streamer:/home/kencheng/notebooks/ros_ws/install/driver_ros2:/opt/ros/humble CONDA_PROMPT_MODIFIER=(base) /usr/bin/cmake --build /home/kencheng/notebooks/ros_ws/build/sllidar_ros2 -- -j4 -l4
[4.059s] DEBUG:colcon.colcon_core.event_handler.log_command:Invoking command in '/home/kencheng/notebooks/ros_ws/build/sllidar_ros2': CMAKE_PREFIX_PATH=${CMAKE_PREFIX_PATH}:/home/kencheng/notebooks/ros_ws/install/video_streamer:/home/kencheng/notebooks/ros_ws/install/driver_ros2:/opt/ros/humble CONDA_PROMPT_MODIFIER=(base) /usr/bin/cmake --install /home/kencheng/notebooks/ros_ws/build/sllidar_ros2
[4.115s] Level 1:colcon.colcon_core.environment:create_environment_scripts_only(nav2_ros2)
[4.116s] Level 1:colcon.colcon_core.environment:checking '/home/kencheng/notebooks/ros_ws/install/nav2_ros2' for CMake module files
[4.125s] DEBUG:colcon.colcon_core.event_handler.log_command:Invoked command in '/home/kencheng/notebooks/ros_ws/build/nav2_ros2' returned '0': CMAKE_PREFIX_PATH=${CMAKE_PREFIX_PATH}:/home/kencheng/notebooks/ros_ws/install/video_streamer:/home/kencheng/notebooks/ros_ws/install/driver_ros2:/opt/ros/humble CONDA_PROMPT_MODIFIER=(base) /usr/bin/cmake --install /home/kencheng/notebooks/ros_ws/build/nav2_ros2
[4.129s] Level 1:colcon.colcon_core.environment:checking '/home/kencheng/notebooks/ros_ws/install/nav2_ros2' for CMake config files
[4.140s] Level 1:colcon.colcon_core.shell:create_environment_hook('nav2_ros2', 'cmake_prefix_path')
[4.141s] INFO:colcon.colcon_core.shell:Creating environment hook '/home/kencheng/notebooks/ros_ws/install/nav2_ros2/share/nav2_ros2/hook/cmake_prefix_path.ps1'
[4.146s] INFO:colcon.colcon_core.shell:Creating environment descriptor '/home/kencheng/notebooks/ros_ws/install/nav2_ros2/share/nav2_ros2/hook/cmake_prefix_path.dsv'
[4.149s] INFO:colcon.colcon_core.shell:Creating environment hook '/home/kencheng/notebooks/ros_ws/install/nav2_ros2/share/nav2_ros2/hook/cmake_prefix_path.sh'
[4.153s] Level 1:colcon.colcon_core.environment:checking '/home/kencheng/notebooks/ros_ws/install/nav2_ros2/lib'
[4.154s] Level 1:colcon.colcon_core.environment:checking '/home/kencheng/notebooks/ros_ws/install/nav2_ros2/bin'
[4.154s] Level 1:colcon.colcon_core.environment:checking '/home/kencheng/notebooks/ros_ws/install/nav2_ros2/lib/pkgconfig/nav2_ros2.pc'
[4.156s] Level 1:colcon.colcon_core.environment:checking '/home/kencheng/notebooks/ros_ws/install/nav2_ros2/lib/python3.10/site-packages'
[4.157s] Level 1:colcon.colcon_core.environment:checking '/home/kencheng/notebooks/ros_ws/install/nav2_ros2/bin'
[4.158s] INFO:colcon.colcon_core.shell:Creating package script '/home/kencheng/notebooks/ros_ws/install/nav2_ros2/share/nav2_ros2/package.ps1'
[4.163s] INFO:colcon.colcon_core.shell:Creating package descriptor '/home/kencheng/notebooks/ros_ws/install/nav2_ros2/share/nav2_ros2/package.dsv'
[4.166s] INFO:colcon.colcon_core.shell:Creating package script '/home/kencheng/notebooks/ros_ws/install/nav2_ros2/share/nav2_ros2/package.sh'
[4.169s] INFO:colcon.colcon_core.shell:Creating package script '/home/kencheng/notebooks/ros_ws/install/nav2_ros2/share/nav2_ros2/package.bash'
[4.172s] INFO:colcon.colcon_core.shell:Creating package script '/home/kencheng/notebooks/ros_ws/install/nav2_ros2/share/nav2_ros2/package.zsh'
[4.174s] Level 1:colcon.colcon_core.environment:create_file_with_runtime_dependencies(/home/kencheng/notebooks/ros_ws/install/nav2_ros2/share/colcon-core/packages/nav2_ros2)
[4.177s] Level 1:colcon.colcon_core.environment:create_environment_scripts_only(nav2_ros2)
[4.178s] Level 1:colcon.colcon_core.environment:checking '/home/kencheng/notebooks/ros_ws/install/nav2_ros2' for CMake module files
[4.181s] Level 1:colcon.colcon_core.environment:checking '/home/kencheng/notebooks/ros_ws/install/nav2_ros2' for CMake config files
[4.183s] Level 1:colcon.colcon_core.shell:create_environment_hook('nav2_ros2', 'cmake_prefix_path')
[4.184s] INFO:colcon.colcon_core.shell:Creating environment hook '/home/kencheng/notebooks/ros_ws/install/nav2_ros2/share/nav2_ros2/hook/cmake_prefix_path.ps1'
[4.187s] INFO:colcon.colcon_core.shell:Creating environment descriptor '/home/kencheng/notebooks/ros_ws/install/nav2_ros2/share/nav2_ros2/hook/cmake_prefix_path.dsv'
[4.189s] INFO:colcon.colcon_core.shell:Creating environment hook '/home/kencheng/notebooks/ros_ws/install/nav2_ros2/share/nav2_ros2/hook/cmake_prefix_path.sh'
[4.192s] Level 1:colcon.colcon_core.environment:checking '/home/kencheng/notebooks/ros_ws/install/nav2_ros2/lib'
[4.192s] Level 1:colcon.colcon_core.environment:checking '/home/kencheng/notebooks/ros_ws/install/nav2_ros2/bin'
[4.192s] Level 1:colcon.colcon_core.environment:checking '/home/kencheng/notebooks/ros_ws/install/nav2_ros2/lib/pkgconfig/nav2_ros2.pc'
[4.193s] Level 1:colcon.colcon_core.environment:checking '/home/kencheng/notebooks/ros_ws/install/nav2_ros2/lib/python3.10/site-packages'
[4.194s] Level 1:colcon.colcon_core.environment:checking '/home/kencheng/notebooks/ros_ws/install/nav2_ros2/bin'
[4.196s] INFO:colcon.colcon_core.shell:Creating package script '/home/kencheng/notebooks/ros_ws/install/nav2_ros2/share/nav2_ros2/package.ps1'
[4.199s] INFO:colcon.colcon_core.shell:Creating package descriptor '/home/kencheng/notebooks/ros_ws/install/nav2_ros2/share/nav2_ros2/package.dsv'
[4.201s] INFO:colcon.colcon_core.shell:Creating package script '/home/kencheng/notebooks/ros_ws/install/nav2_ros2/share/nav2_ros2/package.sh'
[4.204s] INFO:colcon.colcon_core.shell:Creating package script '/home/kencheng/notebooks/ros_ws/install/nav2_ros2/share/nav2_ros2/package.bash'
[4.207s] INFO:colcon.colcon_core.shell:Creating package script '/home/kencheng/notebooks/ros_ws/install/nav2_ros2/share/nav2_ros2/package.zsh'
[4.209s] Level 1:colcon.colcon_core.environment:create_file_with_runtime_dependencies(/home/kencheng/notebooks/ros_ws/install/nav2_ros2/share/colcon-core/packages/nav2_ros2)
[4.213s] Level 1:colcon.colcon_core.environment:create_environment_scripts_only(sllidar_ros2)
[4.215s] Level 1:colcon.colcon_core.environment:checking '/home/kencheng/notebooks/ros_ws/install/sllidar_ros2' for CMake module files
[4.221s] DEBUG:colcon.colcon_core.event_handler.log_command:Invoked command in '/home/kencheng/notebooks/ros_ws/build/sllidar_ros2' returned '0': CMAKE_PREFIX_PATH=${CMAKE_PREFIX_PATH}:/home/kencheng/notebooks/ros_ws/install/video_streamer:/home/kencheng/notebooks/ros_ws/install/driver_ros2:/opt/ros/humble CONDA_PROMPT_MODIFIER=(base) /usr/bin/cmake --install /home/kencheng/notebooks/ros_ws/build/sllidar_ros2
[4.222s] Level 1:colcon.colcon_core.environment:checking '/home/kencheng/notebooks/ros_ws/install/sllidar_ros2' for CMake config files
[4.225s] Level 1:colcon.colcon_core.shell:create_environment_hook('sllidar_ros2', 'cmake_prefix_path')
[4.226s] INFO:colcon.colcon_core.shell:Creating environment hook '/home/kencheng/notebooks/ros_ws/install/sllidar_ros2/share/sllidar_ros2/hook/cmake_prefix_path.ps1'
[4.229s] INFO:colcon.colcon_core.shell:Creating environment descriptor '/home/kencheng/notebooks/ros_ws/install/sllidar_ros2/share/sllidar_ros2/hook/cmake_prefix_path.dsv'
[4.231s] INFO:colcon.colcon_core.shell:Creating environment hook '/home/kencheng/notebooks/ros_ws/install/sllidar_ros2/share/sllidar_ros2/hook/cmake_prefix_path.sh'
[4.234s] Level 1:colcon.colcon_core.environment:checking '/home/kencheng/notebooks/ros_ws/install/sllidar_ros2/lib'
[4.235s] Level 1:colcon.colcon_core.environment:checking '/home/kencheng/notebooks/ros_ws/install/sllidar_ros2/bin'
[4.235s] Level 1:colcon.colcon_core.environment:checking '/home/kencheng/notebooks/ros_ws/install/sllidar_ros2/lib/pkgconfig/sllidar_ros2.pc'
[4.236s] Level 1:colcon.colcon_core.environment:checking '/home/kencheng/notebooks/ros_ws/install/sllidar_ros2/lib/python3.10/site-packages'
[4.237s] Level 1:colcon.colcon_core.environment:checking '/home/kencheng/notebooks/ros_ws/install/sllidar_ros2/bin'
[4.239s] INFO:colcon.colcon_core.shell:Creating package script '/home/kencheng/notebooks/ros_ws/install/sllidar_ros2/share/sllidar_ros2/package.ps1'
[4.242s] INFO:colcon.colcon_core.shell:Creating package descriptor '/home/kencheng/notebooks/ros_ws/install/sllidar_ros2/share/sllidar_ros2/package.dsv'
[4.244s] INFO:colcon.colcon_core.shell:Creating package script '/home/kencheng/notebooks/ros_ws/install/sllidar_ros2/share/sllidar_ros2/package.sh'
[4.246s] INFO:colcon.colcon_core.shell:Creating package script '/home/kencheng/notebooks/ros_ws/install/sllidar_ros2/share/sllidar_ros2/package.bash'
[4.249s] INFO:colcon.colcon_core.shell:Creating package script '/home/kencheng/notebooks/ros_ws/install/sllidar_ros2/share/sllidar_ros2/package.zsh'
[4.251s] Level 1:colcon.colcon_core.environment:create_file_with_runtime_dependencies(/home/kencheng/notebooks/ros_ws/install/sllidar_ros2/share/colcon-core/packages/sllidar_ros2)
[4.255s] Level 1:colcon.colcon_core.environment:create_environment_scripts_only(sllidar_ros2)
[4.256s] Level 1:colcon.colcon_core.environment:checking '/home/kencheng/notebooks/ros_ws/install/sllidar_ros2' for CMake module files
[4.259s] Level 1:colcon.colcon_core.environment:checking '/home/kencheng/notebooks/ros_ws/install/sllidar_ros2' for CMake config files
[4.263s] Level 1:colcon.colcon_core.shell:create_environment_hook('sllidar_ros2', 'cmake_prefix_path')
[4.265s] INFO:colcon.colcon_core.shell:Creating environment hook '/home/kencheng/notebooks/ros_ws/install/sllidar_ros2/share/sllidar_ros2/hook/cmake_prefix_path.ps1'
[4.267s] INFO:colcon.colcon_core.shell:Creating environment descriptor '/home/kencheng/notebooks/ros_ws/install/sllidar_ros2/share/sllidar_ros2/hook/cmake_prefix_path.dsv'
[4.270s] INFO:colcon.colcon_core.shell:Creating environment hook '/home/kencheng/notebooks/ros_ws/install/sllidar_ros2/share/sllidar_ros2/hook/cmake_prefix_path.sh'
[4.273s] Level 1:colcon.colcon_core.environment:checking '/home/kencheng/notebooks/ros_ws/install/sllidar_ros2/lib'
[4.273s] Level 1:colcon.colcon_core.environment:checking '/home/kencheng/notebooks/ros_ws/install/sllidar_ros2/bin'
[4.274s] Level 1:colcon.colcon_core.environment:checking '/home/kencheng/notebooks/ros_ws/install/sllidar_ros2/lib/pkgconfig/sllidar_ros2.pc'
[4.275s] Level 1:colcon.colcon_core.environment:checking '/home/kencheng/notebooks/ros_ws/install/sllidar_ros2/lib/python3.10/site-packages'
[4.277s] Level 1:colcon.colcon_core.environment:checking '/home/kencheng/notebooks/ros_ws/install/sllidar_ros2/bin'
[4.279s] INFO:colcon.colcon_core.shell:Creating package script '/home/kencheng/notebooks/ros_ws/install/sllidar_ros2/share/sllidar_ros2/package.ps1'
[4.283s] INFO:colcon.colcon_core.shell:Creating package descriptor '/home/kencheng/notebooks/ros_ws/install/sllidar_ros2/share/sllidar_ros2/package.dsv'
[4.286s] INFO:colcon.colcon_core.shell:Creating package script '/home/kencheng/notebooks/ros_ws/install/sllidar_ros2/share/sllidar_ros2/package.sh'
[4.289s] INFO:colcon.colcon_core.shell:Creating package script '/home/kencheng/notebooks/ros_ws/install/sllidar_ros2/share/sllidar_ros2/package.bash'
[4.292s] INFO:colcon.colcon_core.shell:Creating package script '/home/kencheng/notebooks/ros_ws/install/sllidar_ros2/share/sllidar_ros2/package.zsh'
[4.295s] Level 1:colcon.colcon_core.environment:create_file_with_runtime_dependencies(/home/kencheng/notebooks/ros_ws/install/sllidar_ros2/share/colcon-core/packages/sllidar_ros2)
[5.976s] DEBUG:colcon.colcon_core.event_handler.log_command:Invoking command in '/home/kencheng/notebooks/ros_ws/src/driver_ros2': CONDA_PROMPT_MODIFIER=(base) PYTHONPATH=/home/kencheng/notebooks/ros_ws/build/driver_ros2/prefix_override:/usr/lib/python3/dist-packages/colcon_core/task/python/colcon_distutils_commands:/home/kencheng/notebooks/ros_ws/install/driver_ros2/lib/python3.10/site-packages:${PYTHONPATH} /usr/bin/python3 -W ignore:setup.py install is deprecated -W ignore:easy_install command is deprecated setup.py egg_info --egg-base ../../build/driver_ros2 build --build-base /home/kencheng/notebooks/ros_ws/build/driver_ros2/build install --record /home/kencheng/notebooks/ros_ws/build/driver_ros2/install.log --single-version-externally-managed install_data
[7.348s] DEBUG:colcon.colcon_core.event_handler.log_command:Invoking command in '/home/kencheng/notebooks/ros_ws/src/video_streamer': CONDA_PROMPT_MODIFIER=(base) PYTHONPATH=/home/kencheng/notebooks/ros_ws/build/video_streamer/prefix_override:/usr/lib/python3/dist-packages/colcon_core/task/python/colcon_distutils_commands:/home/kencheng/notebooks/ros_ws/install/video_streamer/lib/python3.10/site-packages:${PYTHONPATH} /usr/bin/python3 -W ignore:setup.py install is deprecated -W ignore:easy_install command is deprecated setup.py egg_info --egg-base ../../build/video_streamer build --build-base /home/kencheng/notebooks/ros_ws/build/video_streamer/build install --record /home/kencheng/notebooks/ros_ws/build/video_streamer/install.log --single-version-externally-managed install_data
[9.363s] Level 1:colcon.colcon_core.environment:checking '/home/kencheng/notebooks/ros_ws/install/driver_ros2' for CMake module files
[9.365s] DEBUG:colcon.colcon_core.event_handler.log_command:Invoked command in '/home/kencheng/notebooks/ros_ws/src/driver_ros2' returned '0': CONDA_PROMPT_MODIFIER=(base) PYTHONPATH=/home/kencheng/notebooks/ros_ws/build/driver_ros2/prefix_override:/usr/lib/python3/dist-packages/colcon_core/task/python/colcon_distutils_commands:/home/kencheng/notebooks/ros_ws/install/driver_ros2/lib/python3.10/site-packages:${PYTHONPATH} /usr/bin/python3 -W ignore:setup.py install is deprecated -W ignore:easy_install command is deprecated setup.py egg_info --egg-base ../../build/driver_ros2 build --build-base /home/kencheng/notebooks/ros_ws/build/driver_ros2/build install --record /home/kencheng/notebooks/ros_ws/build/driver_ros2/install.log --single-version-externally-managed install_data
[9.367s] Level 1:colcon.colcon_core.environment:checking '/home/kencheng/notebooks/ros_ws/install/driver_ros2' for CMake config files
[9.370s] Level 1:colcon.colcon_core.environment:checking '/home/kencheng/notebooks/ros_ws/install/driver_ros2/lib'
[9.371s] Level 1:colcon.colcon_core.environment:checking '/home/kencheng/notebooks/ros_ws/install/driver_ros2/bin'
[9.371s] Level 1:colcon.colcon_core.environment:checking '/home/kencheng/notebooks/ros_ws/install/driver_ros2/lib/pkgconfig/driver_ros2.pc'
[9.372s] Level 1:colcon.colcon_core.environment:checking '/home/kencheng/notebooks/ros_ws/install/driver_ros2/lib/python3.10/site-packages'
[9.373s] Level 1:colcon.colcon_core.shell:create_environment_hook('driver_ros2', 'pythonpath')
[9.373s] INFO:colcon.colcon_core.shell:Creating environment hook '/home/kencheng/notebooks/ros_ws/install/driver_ros2/share/driver_ros2/hook/pythonpath.ps1'
[9.376s] INFO:colcon.colcon_core.shell:Creating environment descriptor '/home/kencheng/notebooks/ros_ws/install/driver_ros2/share/driver_ros2/hook/pythonpath.dsv'
[9.377s] INFO:colcon.colcon_core.shell:Creating environment hook '/home/kencheng/notebooks/ros_ws/install/driver_ros2/share/driver_ros2/hook/pythonpath.sh'
[9.380s] Level 1:colcon.colcon_core.environment:checking '/home/kencheng/notebooks/ros_ws/install/driver_ros2/bin'
[9.381s] Level 1:colcon.colcon_core.environment:create_environment_scripts_only(driver_ros2)
[9.382s] INFO:colcon.colcon_core.shell:Creating package script '/home/kencheng/notebooks/ros_ws/install/driver_ros2/share/driver_ros2/package.ps1'
[9.385s] INFO:colcon.colcon_core.shell:Creating package descriptor '/home/kencheng/notebooks/ros_ws/install/driver_ros2/share/driver_ros2/package.dsv'
[9.387s] INFO:colcon.colcon_core.shell:Creating package script '/home/kencheng/notebooks/ros_ws/install/driver_ros2/share/driver_ros2/package.sh'
[9.389s] INFO:colcon.colcon_core.shell:Creating package script '/home/kencheng/notebooks/ros_ws/install/driver_ros2/share/driver_ros2/package.bash'
[9.391s] INFO:colcon.colcon_core.shell:Creating package script '/home/kencheng/notebooks/ros_ws/install/driver_ros2/share/driver_ros2/package.zsh'
[9.393s] Level 1:colcon.colcon_core.environment:create_file_with_runtime_dependencies(/home/kencheng/notebooks/ros_ws/install/driver_ros2/share/colcon-core/packages/driver_ros2)
[10.460s] Level 1:colcon.colcon_core.environment:checking '/home/kencheng/notebooks/ros_ws/install/video_streamer' for CMake module files
[10.462s] DEBUG:colcon.colcon_core.event_handler.log_command:Invoked command in '/home/kencheng/notebooks/ros_ws/src/video_streamer' returned '0': CONDA_PROMPT_MODIFIER=(base) PYTHONPATH=/home/kencheng/notebooks/ros_ws/build/video_streamer/prefix_override:/usr/lib/python3/dist-packages/colcon_core/task/python/colcon_distutils_commands:/home/kencheng/notebooks/ros_ws/install/video_streamer/lib/python3.10/site-packages:${PYTHONPATH} /usr/bin/python3 -W ignore:setup.py install is deprecated -W ignore:easy_install command is deprecated setup.py egg_info --egg-base ../../build/video_streamer build --build-base /home/kencheng/notebooks/ros_ws/build/video_streamer/build install --record /home/kencheng/notebooks/ros_ws/build/video_streamer/install.log --single-version-externally-managed install_data
[10.464s] Level 1:colcon.colcon_core.environment:checking '/home/kencheng/notebooks/ros_ws/install/video_streamer' for CMake config files
[10.468s] Level 1:colcon.colcon_core.environment:checking '/home/kencheng/notebooks/ros_ws/install/video_streamer/lib'
[10.468s] Level 1:colcon.colcon_core.environment:checking '/home/kencheng/notebooks/ros_ws/install/video_streamer/bin'
[10.468s] Level 1:colcon.colcon_core.environment:checking '/home/kencheng/notebooks/ros_ws/install/video_streamer/lib/pkgconfig/video_streamer.pc'
[10.469s] Level 1:colcon.colcon_core.environment:checking '/home/kencheng/notebooks/ros_ws/install/video_streamer/lib/python3.10/site-packages'
[10.470s] Level 1:colcon.colcon_core.shell:create_environment_hook('video_streamer', 'pythonpath')
[10.471s] INFO:colcon.colcon_core.shell:Creating environment hook '/home/kencheng/notebooks/ros_ws/install/video_streamer/share/video_streamer/hook/pythonpath.ps1'
[10.473s] INFO:colcon.colcon_core.shell:Creating environment descriptor '/home/kencheng/notebooks/ros_ws/install/video_streamer/share/video_streamer/hook/pythonpath.dsv'
[10.475s] INFO:colcon.colcon_core.shell:Creating environment hook '/home/kencheng/notebooks/ros_ws/install/video_streamer/share/video_streamer/hook/pythonpath.sh'
[10.478s] Level 1:colcon.colcon_core.environment:checking '/home/kencheng/notebooks/ros_ws/install/video_streamer/bin'
[10.478s] Level 1:colcon.colcon_core.environment:create_environment_scripts_only(video_streamer)
[10.480s] INFO:colcon.colcon_core.shell:Creating package script '/home/kencheng/notebooks/ros_ws/install/video_streamer/share/video_streamer/package.ps1'
[10.482s] INFO:colcon.colcon_core.shell:Creating package descriptor '/home/kencheng/notebooks/ros_ws/install/video_streamer/share/video_streamer/package.dsv'
[10.484s] INFO:colcon.colcon_core.shell:Creating package script '/home/kencheng/notebooks/ros_ws/install/video_streamer/share/video_streamer/package.sh'
[10.486s] INFO:colcon.colcon_core.shell:Creating package script '/home/kencheng/notebooks/ros_ws/install/video_streamer/share/video_streamer/package.bash'
[10.489s] INFO:colcon.colcon_core.shell:Creating package script '/home/kencheng/notebooks/ros_ws/install/video_streamer/share/video_streamer/package.zsh'
[10.491s] Level 1:colcon.colcon_core.environment:create_file_with_runtime_dependencies(/home/kencheng/notebooks/ros_ws/install/video_streamer/share/colcon-core/packages/video_streamer)
[10.492s] DEBUG:colcon.colcon_parallel_executor.executor.parallel:closing loop
[10.493s] DEBUG:colcon.colcon_parallel_executor.executor.parallel:loop closed
[10.494s] DEBUG:colcon.colcon_parallel_executor.executor.parallel:run_until_complete finished with '0'
[10.494s] DEBUG:colcon.colcon_core.event_reactor:joining thread
[10.517s] INFO:colcon.colcon_core.plugin_system:Skipping extension 'colcon_notification.desktop_notification.terminal_notifier': Not used on non-Darwin systems
[10.517s] INFO:colcon.colcon_core.plugin_system:Skipping extension 'colcon_notification.desktop_notification.win32': Not used on non-Windows systems
[10.518s] INFO:colcon.colcon_notification.desktop_notification:Sending desktop notification using 'notify2'
[10.518s] DEBUG:colcon.colcon_notification.desktop_notification.notify2:Failed to initialize notify2: org.freedesktop.DBus.Error.NotSupported: Unable to autolaunch a dbus-daemon without a $DISPLAY for X11
[10.518s] DEBUG:colcon.colcon_core.event_reactor:joined thread
[10.519s] INFO:colcon.colcon_core.shell:Creating prefix script '/home/kencheng/notebooks/ros_ws/install/local_setup.ps1'
[10.523s] INFO:colcon.colcon_core.shell:Creating prefix util module '/home/kencheng/notebooks/ros_ws/install/_local_setup_util_ps1.py'
[10.529s] INFO:colcon.colcon_core.shell:Creating prefix chain script '/home/kencheng/notebooks/ros_ws/install/setup.ps1'
[10.534s] INFO:colcon.colcon_core.shell:Creating prefix script '/home/kencheng/notebooks/ros_ws/install/local_setup.sh'
[10.537s] INFO:colcon.colcon_core.shell:Creating prefix util module '/home/kencheng/notebooks/ros_ws/install/_local_setup_util_sh.py'
[10.540s] INFO:colcon.colcon_core.shell:Creating prefix chain script '/home/kencheng/notebooks/ros_ws/install/setup.sh'
[10.545s] INFO:colcon.colcon_core.shell:Creating prefix script '/home/kencheng/notebooks/ros_ws/install/local_setup.bash'
[10.548s] INFO:colcon.colcon_core.shell:Creating prefix chain script '/home/kencheng/notebooks/ros_ws/install/setup.bash'
[10.553s] INFO:colcon.colcon_core.shell:Creating prefix script '/home/kencheng/notebooks/ros_ws/install/local_setup.zsh'
[10.556s] INFO:colcon.colcon_core.shell:Creating prefix chain script '/home/kencheng/notebooks/ros_ws/install/setup.zsh'
