[4.625s] Invoking command in '/home/kencheng/notebooks/ros_ws/src/video_streamer': CONDA_PROMPT_MODIFIER=(ros2_humble) PYTHONPATH=/home/kencheng/notebooks/ros_ws/build/video_streamer/prefix_override:/usr/lib/python3/dist-packages/colcon_core/task/python/colcon_distutils_commands:/home/kencheng/notebooks/ros_ws/install/video_streamer/lib/python3.10/site-packages:${PYTHONPATH} /usr/bin/python3 -W ignore:setup.py install is deprecated -W ignore:easy_install command is deprecated setup.py egg_info --egg-base ../../build/video_streamer build --build-base /home/kencheng/notebooks/ros_ws/build/video_streamer/build install --record /home/kencheng/notebooks/ros_ws/build/video_streamer/install.log --single-version-externally-managed install_data
[6.107s] running egg_info
[6.212s] writing ../../build/video_streamer/video_streamer.egg-info/PKG-INFO
[6.215s] writing dependency_links to ../../build/video_streamer/video_streamer.egg-info/dependency_links.txt
[6.216s] writing entry points to ../../build/video_streamer/video_streamer.egg-info/entry_points.txt
[6.218s] writing requirements to ../../build/video_streamer/video_streamer.egg-info/requires.txt
[6.219s] writing top-level names to ../../build/video_streamer/video_streamer.egg-info/top_level.txt
[6.443s] reading manifest file '../../build/video_streamer/video_streamer.egg-info/SOURCES.txt'
[6.449s] writing manifest file '../../build/video_streamer/video_streamer.egg-info/SOURCES.txt'
[6.450s] running build
[6.451s] running build_py
[6.452s] copying video_streamer/__init__.py -> /home/kencheng/notebooks/ros_ws/build/video_streamer/build/lib/video_streamer
[6.453s] copying video_streamer/video_stream.py -> /home/kencheng/notebooks/ros_ws/build/video_streamer/build/lib/video_streamer
[6.455s] running install
[6.476s] running install_lib
[6.643s] running install_data
[6.645s] copying resource/video_streamer -> /home/kencheng/notebooks/ros_ws/install/video_streamer/share/ament_index/resource_index/packages
[6.648s] copying package.xml -> /home/kencheng/notebooks/ros_ws/install/video_streamer/share/video_streamer
[6.651s] creating /home/kencheng/notebooks/ros_ws/install/video_streamer/share/video_streamer/launch
[6.652s] copying launch/video_streamer_launch.py -> /home/kencheng/notebooks/ros_ws/install/video_streamer/share/video_streamer/launch
[6.654s] running install_egg_info
[6.782s] removing '/home/kencheng/notebooks/ros_ws/install/video_streamer/lib/python3.10/site-packages/video_streamer-0.0.0-py3.10.egg-info' (and everything under it)
[6.784s] Copying ../../build/video_streamer/video_streamer.egg-info to /home/kencheng/notebooks/ros_ws/install/video_streamer/lib/python3.10/site-packages/video_streamer-0.0.0-py3.10.egg-info
[6.789s] running install_scripts
[7.589s] Installing video_stream script to /home/kencheng/notebooks/ros_ws/install/video_streamer/lib/video_streamer
[7.591s] writing list of installed files to '/home/kencheng/notebooks/ros_ws/build/video_streamer/install.log'
[7.727s] Invoked command in '/home/kencheng/notebooks/ros_ws/src/video_streamer' returned '0': CONDA_PROMPT_MODIFIER=(ros2_humble) PYTHONPATH=/home/kencheng/notebooks/ros_ws/build/video_streamer/prefix_override:/usr/lib/python3/dist-packages/colcon_core/task/python/colcon_distutils_commands:/home/kencheng/notebooks/ros_ws/install/video_streamer/lib/python3.10/site-packages:${PYTHONPATH} /usr/bin/python3 -W ignore:setup.py install is deprecated -W ignore:easy_install command is deprecated setup.py egg_info --egg-base ../../build/video_streamer build --build-base /home/kencheng/notebooks/ros_ws/build/video_streamer/build install --record /home/kencheng/notebooks/ros_ws/build/video_streamer/install.log --single-version-externally-managed install_data
