[1.177s] Invoking command in '/home/kencheng/notebooks/ros_ws/build/nav2_ros2': CMAKE_PREFIX_PATH=${CMAKE_PREFIX_PATH}:/home/kencheng/notebooks/ros_ws/install/video_streamer:/home/kencheng/notebooks/ros_ws/install/driver_ros2:/opt/ros/humble CONDA_PROMPT_MODIFIER=(base) /usr/bin/cmake --build /home/kencheng/notebooks/ros_ws/build/nav2_ros2 -- -j4 -l4
[1.485s] [100%] Built target nav2_node
[2.718s] Invoked command in '/home/kencheng/notebooks/ros_ws/build/nav2_ros2' returned '0': CMAKE_PREFIX_PATH=${CMAKE_PREFIX_PATH}:/home/kencheng/notebooks/ros_ws/install/video_streamer:/home/kencheng/notebooks/ros_ws/install/driver_ros2:/opt/ros/humble CONDA_PROMPT_MODIFIER=(base) /usr/bin/cmake --build /home/kencheng/notebooks/ros_ws/build/nav2_ros2 -- -j4 -l4
[2.727s] Invoking command in '/home/kencheng/notebooks/ros_ws/build/nav2_ros2': CMAKE_PREFIX_PATH=${CMAKE_PREFIX_PATH}:/home/kencheng/notebooks/ros_ws/install/video_streamer:/home/kencheng/notebooks/ros_ws/install/driver_ros2:/opt/ros/humble CONDA_PROMPT_MODIFIER=(base) /usr/bin/cmake --install /home/kencheng/notebooks/ros_ws/build/nav2_ros2
[2.765s] -- Install configuration: ""
[2.768s] -- Up-to-date: /home/kencheng/notebooks/ros_ws/install/nav2_ros2/lib/nav2_ros2/nav2_node
[2.771s] -- Up-to-date: /home/kencheng/notebooks/ros_ws/install/nav2_ros2/share/nav2_ros2/launch
[2.775s] -- Up-to-date: /home/kencheng/notebooks/ros_ws/install/nav2_ros2/share/nav2_ros2/launch/nav2_launch.py
[2.777s] -- Up-to-date: /home/kencheng/notebooks/ros_ws/install/nav2_ros2/share/nav2_ros2/launch/bringup_launch.py
[2.778s] -- Up-to-date: /home/kencheng/notebooks/ros_ws/install/nav2_ros2/share/ament_index/resource_index/package_run_dependencies/nav2_ros2
[2.787s] -- Up-to-date: /home/kencheng/notebooks/ros_ws/install/nav2_ros2/share/ament_index/resource_index/parent_prefix_path/nav2_ros2
[2.815s] -- Up-to-date: /home/kencheng/notebooks/ros_ws/install/nav2_ros2/share/nav2_ros2/environment/ament_prefix_path.sh
[2.815s] -- Up-to-date: /home/kencheng/notebooks/ros_ws/install/nav2_ros2/share/nav2_ros2/environment/ament_prefix_path.dsv
[2.816s] -- Up-to-date: /home/kencheng/notebooks/ros_ws/install/nav2_ros2/share/nav2_ros2/environment/path.sh
[2.817s] -- Up-to-date: /home/kencheng/notebooks/ros_ws/install/nav2_ros2/share/nav2_ros2/environment/path.dsv
[2.817s] -- Up-to-date: /home/kencheng/notebooks/ros_ws/install/nav2_ros2/share/nav2_ros2/local_setup.bash
[2.818s] -- Up-to-date: /home/kencheng/notebooks/ros_ws/install/nav2_ros2/share/nav2_ros2/local_setup.sh
[2.818s] -- Up-to-date: /home/kencheng/notebooks/ros_ws/install/nav2_ros2/share/nav2_ros2/local_setup.zsh
[2.820s] -- Up-to-date: /home/kencheng/notebooks/ros_ws/install/nav2_ros2/share/nav2_ros2/local_setup.dsv
[2.821s] -- Installing: /home/kencheng/notebooks/ros_ws/install/nav2_ros2/share/nav2_ros2/package.dsv
[2.824s] -- Up-to-date: /home/kencheng/notebooks/ros_ws/install/nav2_ros2/share/ament_index/resource_index/packages/nav2_ros2
[2.825s] -- Up-to-date: /home/kencheng/notebooks/ros_ws/install/nav2_ros2/share/nav2_ros2/cmake/nav2_ros2Config.cmake
[2.826s] -- Up-to-date: /home/kencheng/notebooks/ros_ws/install/nav2_ros2/share/nav2_ros2/cmake/nav2_ros2Config-version.cmake
[2.828s] -- Up-to-date: /home/kencheng/notebooks/ros_ws/install/nav2_ros2/share/nav2_ros2/package.xml
[2.899s] Invoked command in '/home/kencheng/notebooks/ros_ws/build/nav2_ros2' returned '0': CMAKE_PREFIX_PATH=${CMAKE_PREFIX_PATH}:/home/kencheng/notebooks/ros_ws/install/video_streamer:/home/kencheng/notebooks/ros_ws/install/driver_ros2:/opt/ros/humble CONDA_PROMPT_MODIFIER=(base) /usr/bin/cmake --install /home/kencheng/notebooks/ros_ws/build/nav2_ros2
