[0.139s] Invoking command in '/home/kencheng/notebooks/ros_ws/build/cartographer_ros2': CMAKE_PREFIX_PATH=${CMAKE_PREFIX_PATH}:/home/kencheng/notebooks/ros_ws/install/video_streamer:/home/kencheng/notebooks/ros_ws/install/driver_ros2:/opt/ros/humble CONDA_PROMPT_MODIFIER=(base) /usr/bin/cmake --build /home/kencheng/notebooks/ros_ws/build/cartographer_ros2 -- -j4 -l4
[1.270s] [100%] Built target cartographer_node
[1.288s] Invoked command in '/home/kencheng/notebooks/ros_ws/build/cartographer_ros2' returned '0': CMAKE_PREFIX_PATH=${CMAKE_PREFIX_PATH}:/home/kencheng/notebooks/ros_ws/install/video_streamer:/home/kencheng/notebooks/ros_ws/install/driver_ros2:/opt/ros/humble CONDA_PROMPT_MODIFIER=(base) /usr/bin/cmake --build /home/kencheng/notebooks/ros_ws/build/cartographer_ros2 -- -j4 -l4
[1.337s] Invoking command in '/home/kencheng/notebooks/ros_ws/build/cartographer_ros2': CMAKE_PREFIX_PATH=${CMAKE_PREFIX_PATH}:/home/kencheng/notebooks/ros_ws/install/video_streamer:/home/kencheng/notebooks/ros_ws/install/driver_ros2:/opt/ros/humble CONDA_PROMPT_MODIFIER=(base) /usr/bin/cmake --install /home/kencheng/notebooks/ros_ws/build/cartographer_ros2
[1.388s] -- Install configuration: ""
[1.388s] -- Up-to-date: /home/kencheng/notebooks/ros_ws/install/cartographer_ros2/lib/cartographer_ros2/cartographer_node
[1.389s] -- Up-to-date: /home/kencheng/notebooks/ros_ws/install/cartographer_ros2/share/cartographer_ros2/launch
[1.389s] -- Up-to-date: /home/kencheng/notebooks/ros_ws/install/cartographer_ros2/share/cartographer_ros2/launch/cartographer_launch.py
[1.390s] -- Up-to-date: /home/kencheng/notebooks/ros_ws/install/cartographer_ros2/share/cartographer_ros2/launch/.ipynb_checkpoints
[1.390s] -- Up-to-date: /home/kencheng/notebooks/ros_ws/install/cartographer_ros2/share/cartographer_ros2/launch/.ipynb_checkpoints/cartographer_launch-checkpoint.py
[1.391s] -- Up-to-date: /home/kencheng/notebooks/ros_ws/install/cartographer_ros2/share/ament_index/resource_index/package_run_dependencies/cartographer_ros2
[1.391s] -- Up-to-date: /home/kencheng/notebooks/ros_ws/install/cartographer_ros2/share/ament_index/resource_index/parent_prefix_path/cartographer_ros2
[1.392s] -- Up-to-date: /home/kencheng/notebooks/ros_ws/install/cartographer_ros2/share/cartographer_ros2/environment/ament_prefix_path.sh
[1.392s] -- Up-to-date: /home/kencheng/notebooks/ros_ws/install/cartographer_ros2/share/cartographer_ros2/environment/ament_prefix_path.dsv
[1.393s] -- Up-to-date: /home/kencheng/notebooks/ros_ws/install/cartographer_ros2/share/cartographer_ros2/environment/path.sh
[1.393s] -- Up-to-date: /home/kencheng/notebooks/ros_ws/install/cartographer_ros2/share/cartographer_ros2/environment/path.dsv
[1.393s] -- Up-to-date: /home/kencheng/notebooks/ros_ws/install/cartographer_ros2/share/cartographer_ros2/local_setup.bash
[1.395s] -- Up-to-date: /home/kencheng/notebooks/ros_ws/install/cartographer_ros2/share/cartographer_ros2/local_setup.sh
[1.398s] -- Up-to-date: /home/kencheng/notebooks/ros_ws/install/cartographer_ros2/share/cartographer_ros2/local_setup.zsh
[1.399s] -- Up-to-date: /home/kencheng/notebooks/ros_ws/install/cartographer_ros2/share/cartographer_ros2/local_setup.dsv
[1.400s] -- Installing: /home/kencheng/notebooks/ros_ws/install/cartographer_ros2/share/cartographer_ros2/package.dsv
[1.401s] -- Up-to-date: /home/kencheng/notebooks/ros_ws/install/cartographer_ros2/share/ament_index/resource_index/packages/cartographer_ros2
[1.401s] -- Up-to-date: /home/kencheng/notebooks/ros_ws/install/cartographer_ros2/share/cartographer_ros2/cmake/cartographer_ros2Config.cmake
[1.402s] -- Up-to-date: /home/kencheng/notebooks/ros_ws/install/cartographer_ros2/share/cartographer_ros2/cmake/cartographer_ros2Config-version.cmake
[1.402s] -- Up-to-date: /home/kencheng/notebooks/ros_ws/install/cartographer_ros2/share/cartographer_ros2/package.xml
[1.430s] Invoked command in '/home/kencheng/notebooks/ros_ws/build/cartographer_ros2' returned '0': CMAKE_PREFIX_PATH=${CMAKE_PREFIX_PATH}:/home/kencheng/notebooks/ros_ws/install/video_streamer:/home/kencheng/notebooks/ros_ws/install/driver_ros2:/opt/ros/humble CONDA_PROMPT_MODIFIER=(base) /usr/bin/cmake --install /home/kencheng/notebooks/ros_ws/build/cartographer_ros2
