[3.892s] Invoking command in '/home/kencheng/notebooks/ros_ws/src/driver_ros2': CONDA_PROMPT_MODIFIER=(ros2_humble) PYTHONPATH=/home/kencheng/notebooks/ros_ws/build/driver_ros2/prefix_override:/usr/lib/python3/dist-packages/colcon_core/task/python/colcon_distutils_commands:/home/kencheng/notebooks/ros_ws/install/driver_ros2/lib/python3.10/site-packages:${PYTHONPATH} /usr/bin/python3 -W ignore:setup.py install is deprecated -W ignore:easy_install command is deprecated setup.py egg_info --egg-base ../../build/driver_ros2 build --build-base /home/kencheng/notebooks/ros_ws/build/driver_ros2/build install --record /home/kencheng/notebooks/ros_ws/build/driver_ros2/install.log --single-version-externally-managed install_data
[5.334s] running egg_info
[5.337s] writing ../../build/driver_ros2/driver_ros2.egg-info/PKG-INFO
[5.338s] writing dependency_links to ../../build/driver_ros2/driver_ros2.egg-info/dependency_links.txt
[5.339s] writing entry points to ../../build/driver_ros2/driver_ros2.egg-info/entry_points.txt
[5.340s] writing requirements to ../../build/driver_ros2/driver_ros2.egg-info/requires.txt
[5.341s] writing top-level names to ../../build/driver_ros2/driver_ros2.egg-info/top_level.txt
[5.351s] reading manifest file '../../build/driver_ros2/driver_ros2.egg-info/SOURCES.txt'
[5.356s] writing manifest file '../../build/driver_ros2/driver_ros2.egg-info/SOURCES.txt'
[5.357s] running build
[5.358s] running build_py
[5.359s] running install
[5.361s] running install_lib
[5.368s] running install_data
[5.368s] running install_egg_info
[5.377s] removing '/home/kencheng/notebooks/ros_ws/install/driver_ros2/lib/python3.10/site-packages/driver_ros2-0.0.0-py3.10.egg-info' (and everything under it)
[5.379s] Copying ../../build/driver_ros2/driver_ros2.egg-info to /home/kencheng/notebooks/ros_ws/install/driver_ros2/lib/python3.10/site-packages/driver_ros2-0.0.0-py3.10.egg-info
[5.385s] running install_scripts
[5.477s] Installing driver_node script to /home/kencheng/notebooks/ros_ws/install/driver_ros2/lib/driver_ros2
[5.479s] writing list of installed files to '/home/kencheng/notebooks/ros_ws/build/driver_ros2/install.log'
[5.667s] Invoked command in '/home/kencheng/notebooks/ros_ws/src/driver_ros2' returned '0': CONDA_PROMPT_MODIFIER=(ros2_humble) PYTHONPATH=/home/kencheng/notebooks/ros_ws/build/driver_ros2/prefix_override:/usr/lib/python3/dist-packages/colcon_core/task/python/colcon_distutils_commands:/home/kencheng/notebooks/ros_ws/install/driver_ros2/lib/python3.10/site-packages:${PYTHONPATH} /usr/bin/python3 -W ignore:setup.py install is deprecated -W ignore:easy_install command is deprecated setup.py egg_info --egg-base ../../build/driver_ros2 build --build-base /home/kencheng/notebooks/ros_ws/build/driver_ros2/build install --record /home/kencheng/notebooks/ros_ws/build/driver_ros2/install.log --single-version-externally-managed install_data
