[0.494s] DEBUG:colcon:Command line arguments: ['/usr/bin/colcon', 'build']
[0.494s] DEBUG:colcon:Parsed command line arguments: Namespace(log_base=None, log_level=None, verb_name='build', build_base='build', install_base='install', merge_install=False, symlink_install=False, test_result_base=None, continue_on_error=False, executor='parallel', parallel_workers=4, event_handlers=None, ignore_user_meta=False, metas=['./colcon.meta'], base_paths=['.'], packages_ignore=None, packages_ignore_regex=None, paths=None, packages_up_to=None, packages_up_to_regex=None, packages_above=None, packages_above_and_dependencies=None, packages_above_depth=None, packages_select_by_dep=None, packages_skip_by_dep=None, packages_skip_up_to=None, packages_select_build_failed=False, packages_skip_build_finished=False, packages_select_test_failures=False, packages_skip_test_passed=False, packages_select=None, packages_skip=None, packages_select_regex=None, packages_skip_regex=None, packages_start=None, packages_end=None, allow_overriding=[], cmake_args=None, cmake_target=None, cmake_target_skip_unavailable=False, cmake_clean_cache=False, cmake_clean_first=False, cmake_force_configure=False, ament_cmake_args=None, catkin_cmake_args=None, catkin_skip_building_tests=False, mixin_files=None, mixin=None, verb_parser=<colcon_mixin.mixin.mixin_argument.MixinArgumentDecorator object at 0xffffa8f14040>, verb_extension=<colcon_core.verb.build.BuildVerb object at 0xffffa90f9660>, main=<bound method BuildVerb.main of <colcon_core.verb.build.BuildVerb object at 0xffffa90f9660>>, mixin_verb=('build',))
[0.659s] Level 1:colcon.colcon_core.package_discovery:discover_packages(colcon_meta) check parameters
[0.660s] Level 1:colcon.colcon_core.package_discovery:discover_packages(recursive) check parameters
[0.660s] Level 1:colcon.colcon_core.package_discovery:discover_packages(ignore) check parameters
[0.660s] Level 1:colcon.colcon_core.package_discovery:discover_packages(path) check parameters
[0.660s] Level 1:colcon.colcon_core.package_discovery:discover_packages(colcon_meta) discover
[0.660s] Level 1:colcon.colcon_core.package_discovery:discover_packages(recursive) discover
[0.661s] INFO:colcon.colcon_core.package_discovery:Crawling recursively for packages in '/home/kencheng/notebooks/ros_ws'
[0.661s] Level 1:colcon.colcon_core.package_identification:_identify(.) by extensions ['ignore', 'ignore_ament_install']
[0.661s] Level 1:colcon.colcon_core.package_identification:_identify(.) by extension 'ignore'
[0.662s] Level 1:colcon.colcon_core.package_identification:_identify(.) by extension 'ignore_ament_install'
[0.662s] Level 1:colcon.colcon_core.package_identification:_identify(.) by extensions ['colcon_pkg']
[0.662s] Level 1:colcon.colcon_core.package_identification:_identify(.) by extension 'colcon_pkg'
[0.662s] Level 1:colcon.colcon_core.package_identification:_identify(.) by extensions ['colcon_meta']
[0.662s] Level 1:colcon.colcon_core.package_identification:_identify(.) by extension 'colcon_meta'
[0.662s] Level 1:colcon.colcon_core.package_identification:_identify(.) by extensions ['ros']
[0.663s] Level 1:colcon.colcon_core.package_identification:_identify(.) by extension 'ros'
[0.763s] Level 1:colcon.colcon_core.package_identification:_identify(.) by extensions ['cmake', 'python']
[0.763s] Level 1:colcon.colcon_core.package_identification:_identify(.) by extension 'cmake'
[0.763s] Level 1:colcon.colcon_core.package_identification:_identify(.) by extension 'python'
[0.763s] Level 1:colcon.colcon_core.package_identification:_identify(.) by extensions ['python_setup_py']
[0.764s] Level 1:colcon.colcon_core.package_identification:_identify(.) by extension 'python_setup_py'
[0.764s] Level 1:colcon.colcon_core.package_identification:_identify(build) by extensions ['ignore', 'ignore_ament_install']
[0.764s] Level 1:colcon.colcon_core.package_identification:_identify(build) by extension 'ignore'
[0.765s] Level 1:colcon.colcon_core.package_identification:_identify(build) ignored
[0.765s] Level 1:colcon.colcon_core.package_identification:_identify(install) by extensions ['ignore', 'ignore_ament_install']
[0.766s] Level 1:colcon.colcon_core.package_identification:_identify(install) by extension 'ignore'
[0.766s] Level 1:colcon.colcon_core.package_identification:_identify(install) ignored
[0.767s] Level 1:colcon.colcon_core.package_identification:_identify(log) by extensions ['ignore', 'ignore_ament_install']
[0.767s] Level 1:colcon.colcon_core.package_identification:_identify(log) by extension 'ignore'
[0.767s] Level 1:colcon.colcon_core.package_identification:_identify(log) ignored
[0.768s] Level 1:colcon.colcon_core.package_identification:_identify(src) by extensions ['ignore', 'ignore_ament_install']
[0.768s] Level 1:colcon.colcon_core.package_identification:_identify(src) by extension 'ignore'
[0.768s] Level 1:colcon.colcon_core.package_identification:_identify(src) by extension 'ignore_ament_install'
[0.768s] Level 1:colcon.colcon_core.package_identification:_identify(src) by extensions ['colcon_pkg']
[0.768s] Level 1:colcon.colcon_core.package_identification:_identify(src) by extension 'colcon_pkg'
[0.768s] Level 1:colcon.colcon_core.package_identification:_identify(src) by extensions ['colcon_meta']
[0.769s] Level 1:colcon.colcon_core.package_identification:_identify(src) by extension 'colcon_meta'
[0.769s] Level 1:colcon.colcon_core.package_identification:_identify(src) by extensions ['ros']
[0.769s] Level 1:colcon.colcon_core.package_identification:_identify(src) by extension 'ros'
[0.769s] Level 1:colcon.colcon_core.package_identification:_identify(src) by extensions ['cmake', 'python']
[0.769s] Level 1:colcon.colcon_core.package_identification:_identify(src) by extension 'cmake'
[0.769s] Level 1:colcon.colcon_core.package_identification:_identify(src) by extension 'python'
[0.770s] Level 1:colcon.colcon_core.package_identification:_identify(src) by extensions ['python_setup_py']
[0.770s] Level 1:colcon.colcon_core.package_identification:_identify(src) by extension 'python_setup_py'
[0.770s] Level 1:colcon.colcon_core.package_identification:_identify(src/cartographer_ros2) by extensions ['ignore', 'ignore_ament_install']
[0.771s] Level 1:colcon.colcon_core.package_identification:_identify(src/cartographer_ros2) by extension 'ignore'
[0.771s] Level 1:colcon.colcon_core.package_identification:_identify(src/cartographer_ros2) by extension 'ignore_ament_install'
[0.771s] Level 1:colcon.colcon_core.package_identification:_identify(src/cartographer_ros2) by extensions ['colcon_pkg']
[0.771s] Level 1:colcon.colcon_core.package_identification:_identify(src/cartographer_ros2) by extension 'colcon_pkg'
[0.771s] Level 1:colcon.colcon_core.package_identification:_identify(src/cartographer_ros2) by extensions ['colcon_meta']
[0.771s] Level 1:colcon.colcon_core.package_identification:_identify(src/cartographer_ros2) by extension 'colcon_meta'
[0.772s] Level 1:colcon.colcon_core.package_identification:_identify(src/cartographer_ros2) by extensions ['ros']
[0.772s] Level 1:colcon.colcon_core.package_identification:_identify(src/cartographer_ros2) by extension 'ros'
[0.781s] DEBUG:colcon.colcon_core.package_identification:Package 'src/cartographer_ros2' with type 'ros.ament_cmake' and name 'cartographer_ros2'
[0.782s] Level 1:colcon.colcon_core.package_identification:_identify(src/driver_ros2) by extensions ['ignore', 'ignore_ament_install']
[0.782s] Level 1:colcon.colcon_core.package_identification:_identify(src/driver_ros2) by extension 'ignore'
[0.782s] Level 1:colcon.colcon_core.package_identification:_identify(src/driver_ros2) by extension 'ignore_ament_install'
[0.783s] Level 1:colcon.colcon_core.package_identification:_identify(src/driver_ros2) by extensions ['colcon_pkg']
[0.783s] Level 1:colcon.colcon_core.package_identification:_identify(src/driver_ros2) by extension 'colcon_pkg'
[0.783s] Level 1:colcon.colcon_core.package_identification:_identify(src/driver_ros2) by extensions ['colcon_meta']
[0.783s] Level 1:colcon.colcon_core.package_identification:_identify(src/driver_ros2) by extension 'colcon_meta'
[0.783s] Level 1:colcon.colcon_core.package_identification:_identify(src/driver_ros2) by extensions ['ros']
[0.783s] Level 1:colcon.colcon_core.package_identification:_identify(src/driver_ros2) by extension 'ros'
[0.786s] DEBUG:colcon.colcon_core.package_identification:Package 'src/driver_ros2' with type 'ros.ament_python' and name 'driver_ros2'
[0.786s] Level 1:colcon.colcon_core.package_identification:_identify(src/nav2_ros2) by extensions ['ignore', 'ignore_ament_install']
[0.787s] Level 1:colcon.colcon_core.package_identification:_identify(src/nav2_ros2) by extension 'ignore'
[0.787s] Level 1:colcon.colcon_core.package_identification:_identify(src/nav2_ros2) by extension 'ignore_ament_install'
[0.787s] Level 1:colcon.colcon_core.package_identification:_identify(src/nav2_ros2) by extensions ['colcon_pkg']
[0.787s] Level 1:colcon.colcon_core.package_identification:_identify(src/nav2_ros2) by extension 'colcon_pkg'
[0.787s] Level 1:colcon.colcon_core.package_identification:_identify(src/nav2_ros2) by extensions ['colcon_meta']
[0.788s] Level 1:colcon.colcon_core.package_identification:_identify(src/nav2_ros2) by extension 'colcon_meta'
[0.788s] Level 1:colcon.colcon_core.package_identification:_identify(src/nav2_ros2) by extensions ['ros']
[0.788s] Level 1:colcon.colcon_core.package_identification:_identify(src/nav2_ros2) by extension 'ros'
[0.790s] DEBUG:colcon.colcon_core.package_identification:Package 'src/nav2_ros2' with type 'ros.ament_cmake' and name 'nav2_ros2'
[0.791s] Level 1:colcon.colcon_core.package_identification:_identify(src/sllidar_ros2) by extensions ['ignore', 'ignore_ament_install']
[0.791s] Level 1:colcon.colcon_core.package_identification:_identify(src/sllidar_ros2) by extension 'ignore'
[0.791s] Level 1:colcon.colcon_core.package_identification:_identify(src/sllidar_ros2) by extension 'ignore_ament_install'
[0.792s] Level 1:colcon.colcon_core.package_identification:_identify(src/sllidar_ros2) by extensions ['colcon_pkg']
[0.792s] Level 1:colcon.colcon_core.package_identification:_identify(src/sllidar_ros2) by extension 'colcon_pkg'
[0.792s] Level 1:colcon.colcon_core.package_identification:_identify(src/sllidar_ros2) by extensions ['colcon_meta']
[0.792s] Level 1:colcon.colcon_core.package_identification:_identify(src/sllidar_ros2) by extension 'colcon_meta'
[0.792s] Level 1:colcon.colcon_core.package_identification:_identify(src/sllidar_ros2) by extensions ['ros']
[0.792s] Level 1:colcon.colcon_core.package_identification:_identify(src/sllidar_ros2) by extension 'ros'
[0.795s] DEBUG:colcon.colcon_core.package_identification:Package 'src/sllidar_ros2' with type 'ros.ament_cmake' and name 'sllidar_ros2'
[0.796s] Level 1:colcon.colcon_core.package_identification:_identify(src/video_streamer) by extensions ['ignore', 'ignore_ament_install']
[0.796s] Level 1:colcon.colcon_core.package_identification:_identify(src/video_streamer) by extension 'ignore'
[0.796s] Level 1:colcon.colcon_core.package_identification:_identify(src/video_streamer) by extension 'ignore_ament_install'
[0.797s] Level 1:colcon.colcon_core.package_identification:_identify(src/video_streamer) by extensions ['colcon_pkg']
[0.797s] Level 1:colcon.colcon_core.package_identification:_identify(src/video_streamer) by extension 'colcon_pkg'
[0.797s] Level 1:colcon.colcon_core.package_identification:_identify(src/video_streamer) by extensions ['colcon_meta']
[0.797s] Level 1:colcon.colcon_core.package_identification:_identify(src/video_streamer) by extension 'colcon_meta'
[0.797s] Level 1:colcon.colcon_core.package_identification:_identify(src/video_streamer) by extensions ['ros']
[0.797s] Level 1:colcon.colcon_core.package_identification:_identify(src/video_streamer) by extension 'ros'
[0.800s] DEBUG:colcon.colcon_core.package_identification:Package 'src/video_streamer' with type 'ros.ament_python' and name 'video_streamer'
[0.800s] Level 1:colcon.colcon_core.package_discovery:discover_packages(recursive) using defaults
[0.800s] Level 1:colcon.colcon_core.package_discovery:discover_packages(ignore) discover
[0.800s] Level 1:colcon.colcon_core.package_discovery:discover_packages(ignore) using defaults
[0.800s] Level 1:colcon.colcon_core.package_discovery:discover_packages(path) discover
[0.800s] Level 1:colcon.colcon_core.package_discovery:discover_packages(path) using defaults
[0.877s] Level 1:colcon.colcon_core.package_discovery:discover_packages(prefix_path) check parameters
[0.877s] Level 1:colcon.colcon_core.package_discovery:discover_packages(prefix_path) discover
[0.887s] DEBUG:colcon.colcon_installed_package_information.package_discovery:Found 5 installed packages in /home/kencheng/notebooks/ros_ws/install
[0.900s] DEBUG:colcon.colcon_installed_package_information.package_discovery:Found 417 installed packages in /opt/ros/humble
[0.909s] Level 1:colcon.colcon_core.package_discovery:discover_packages(prefix_path) using defaults
[1.178s] Level 5:colcon.colcon_core.verb:set package 'cartographer_ros2' build argument 'cmake_args' from command line to 'None'
[1.178s] Level 5:colcon.colcon_core.verb:set package 'cartographer_ros2' build argument 'cmake_target' from command line to 'None'
[1.178s] Level 5:colcon.colcon_core.verb:set package 'cartographer_ros2' build argument 'cmake_target_skip_unavailable' from command line to 'False'
[1.179s] Level 5:colcon.colcon_core.verb:set package 'cartographer_ros2' build argument 'cmake_clean_cache' from command line to 'False'
[1.179s] Level 5:colcon.colcon_core.verb:set package 'cartographer_ros2' build argument 'cmake_clean_first' from command line to 'False'
[1.179s] Level 5:colcon.colcon_core.verb:set package 'cartographer_ros2' build argument 'cmake_force_configure' from command line to 'False'
[1.179s] Level 5:colcon.colcon_core.verb:set package 'cartographer_ros2' build argument 'ament_cmake_args' from command line to 'None'
[1.179s] Level 5:colcon.colcon_core.verb:set package 'cartographer_ros2' build argument 'catkin_cmake_args' from command line to 'None'
[1.179s] Level 5:colcon.colcon_core.verb:set package 'cartographer_ros2' build argument 'catkin_skip_building_tests' from command line to 'False'
[1.179s] DEBUG:colcon.colcon_core.verb:Building package 'cartographer_ros2' with the following arguments: {'ament_cmake_args': None, 'build_base': '/home/kencheng/notebooks/ros_ws/build/cartographer_ros2', 'catkin_cmake_args': None, 'catkin_skip_building_tests': False, 'cmake_args': None, 'cmake_clean_cache': False, 'cmake_clean_first': False, 'cmake_force_configure': False, 'cmake_target': None, 'cmake_target_skip_unavailable': False, 'install_base': '/home/kencheng/notebooks/ros_ws/install/cartographer_ros2', 'merge_install': False, 'path': '/home/kencheng/notebooks/ros_ws/src/cartographer_ros2', 'symlink_install': False, 'test_result_base': None}
[1.181s] Level 5:colcon.colcon_core.verb:set package 'driver_ros2' build argument 'cmake_args' from command line to 'None'
[1.181s] Level 5:colcon.colcon_core.verb:set package 'driver_ros2' build argument 'cmake_target' from command line to 'None'
[1.181s] Level 5:colcon.colcon_core.verb:set package 'driver_ros2' build argument 'cmake_target_skip_unavailable' from command line to 'False'
[1.181s] Level 5:colcon.colcon_core.verb:set package 'driver_ros2' build argument 'cmake_clean_cache' from command line to 'False'
[1.181s] Level 5:colcon.colcon_core.verb:set package 'driver_ros2' build argument 'cmake_clean_first' from command line to 'False'
[1.181s] Level 5:colcon.colcon_core.verb:set package 'driver_ros2' build argument 'cmake_force_configure' from command line to 'False'
[1.181s] Level 5:colcon.colcon_core.verb:set package 'driver_ros2' build argument 'ament_cmake_args' from command line to 'None'
[1.181s] Level 5:colcon.colcon_core.verb:set package 'driver_ros2' build argument 'catkin_cmake_args' from command line to 'None'
[1.181s] Level 5:colcon.colcon_core.verb:set package 'driver_ros2' build argument 'catkin_skip_building_tests' from command line to 'False'
[1.182s] DEBUG:colcon.colcon_core.verb:Building package 'driver_ros2' with the following arguments: {'ament_cmake_args': None, 'build_base': '/home/kencheng/notebooks/ros_ws/build/driver_ros2', 'catkin_cmake_args': None, 'catkin_skip_building_tests': False, 'cmake_args': None, 'cmake_clean_cache': False, 'cmake_clean_first': False, 'cmake_force_configure': False, 'cmake_target': None, 'cmake_target_skip_unavailable': False, 'install_base': '/home/kencheng/notebooks/ros_ws/install/driver_ros2', 'merge_install': False, 'path': '/home/kencheng/notebooks/ros_ws/src/driver_ros2', 'symlink_install': False, 'test_result_base': None}
[1.183s] Level 5:colcon.colcon_core.verb:set package 'nav2_ros2' build argument 'cmake_args' from command line to 'None'
[1.183s] Level 5:colcon.colcon_core.verb:set package 'nav2_ros2' build argument 'cmake_target' from command line to 'None'
[1.183s] Level 5:colcon.colcon_core.verb:set package 'nav2_ros2' build argument 'cmake_target_skip_unavailable' from command line to 'False'
[1.183s] Level 5:colcon.colcon_core.verb:set package 'nav2_ros2' build argument 'cmake_clean_cache' from command line to 'False'
[1.184s] Level 5:colcon.colcon_core.verb:set package 'nav2_ros2' build argument 'cmake_clean_first' from command line to 'False'
[1.184s] Level 5:colcon.colcon_core.verb:set package 'nav2_ros2' build argument 'cmake_force_configure' from command line to 'False'
[1.184s] Level 5:colcon.colcon_core.verb:set package 'nav2_ros2' build argument 'ament_cmake_args' from command line to 'None'
[1.184s] Level 5:colcon.colcon_core.verb:set package 'nav2_ros2' build argument 'catkin_cmake_args' from command line to 'None'
[1.184s] Level 5:colcon.colcon_core.verb:set package 'nav2_ros2' build argument 'catkin_skip_building_tests' from command line to 'False'
[1.184s] DEBUG:colcon.colcon_core.verb:Building package 'nav2_ros2' with the following arguments: {'ament_cmake_args': None, 'build_base': '/home/kencheng/notebooks/ros_ws/build/nav2_ros2', 'catkin_cmake_args': None, 'catkin_skip_building_tests': False, 'cmake_args': None, 'cmake_clean_cache': False, 'cmake_clean_first': False, 'cmake_force_configure': False, 'cmake_target': None, 'cmake_target_skip_unavailable': False, 'install_base': '/home/kencheng/notebooks/ros_ws/install/nav2_ros2', 'merge_install': False, 'path': '/home/kencheng/notebooks/ros_ws/src/nav2_ros2', 'symlink_install': False, 'test_result_base': None}
[1.185s] Level 5:colcon.colcon_core.verb:set package 'sllidar_ros2' build argument 'cmake_args' from command line to 'None'
[1.186s] Level 5:colcon.colcon_core.verb:set package 'sllidar_ros2' build argument 'cmake_target' from command line to 'None'
[1.186s] Level 5:colcon.colcon_core.verb:set package 'sllidar_ros2' build argument 'cmake_target_skip_unavailable' from command line to 'False'
[1.186s] Level 5:colcon.colcon_core.verb:set package 'sllidar_ros2' build argument 'cmake_clean_cache' from command line to 'False'
[1.186s] Level 5:colcon.colcon_core.verb:set package 'sllidar_ros2' build argument 'cmake_clean_first' from command line to 'False'
[1.186s] Level 5:colcon.colcon_core.verb:set package 'sllidar_ros2' build argument 'cmake_force_configure' from command line to 'False'
[1.186s] Level 5:colcon.colcon_core.verb:set package 'sllidar_ros2' build argument 'ament_cmake_args' from command line to 'None'
[1.186s] Level 5:colcon.colcon_core.verb:set package 'sllidar_ros2' build argument 'catkin_cmake_args' from command line to 'None'
[1.186s] Level 5:colcon.colcon_core.verb:set package 'sllidar_ros2' build argument 'catkin_skip_building_tests' from command line to 'False'
[1.186s] DEBUG:colcon.colcon_core.verb:Building package 'sllidar_ros2' with the following arguments: {'ament_cmake_args': None, 'build_base': '/home/kencheng/notebooks/ros_ws/build/sllidar_ros2', 'catkin_cmake_args': None, 'catkin_skip_building_tests': False, 'cmake_args': None, 'cmake_clean_cache': False, 'cmake_clean_first': False, 'cmake_force_configure': False, 'cmake_target': None, 'cmake_target_skip_unavailable': False, 'install_base': '/home/kencheng/notebooks/ros_ws/install/sllidar_ros2', 'merge_install': False, 'path': '/home/kencheng/notebooks/ros_ws/src/sllidar_ros2', 'symlink_install': False, 'test_result_base': None}
[1.188s] Level 5:colcon.colcon_core.verb:set package 'video_streamer' build argument 'cmake_args' from command line to 'None'
[1.188s] Level 5:colcon.colcon_core.verb:set package 'video_streamer' build argument 'cmake_target' from command line to 'None'
[1.188s] Level 5:colcon.colcon_core.verb:set package 'video_streamer' build argument 'cmake_target_skip_unavailable' from command line to 'False'
[1.188s] Level 5:colcon.colcon_core.verb:set package 'video_streamer' build argument 'cmake_clean_cache' from command line to 'False'
[1.188s] Level 5:colcon.colcon_core.verb:set package 'video_streamer' build argument 'cmake_clean_first' from command line to 'False'
[1.188s] Level 5:colcon.colcon_core.verb:set package 'video_streamer' build argument 'cmake_force_configure' from command line to 'False'
[1.189s] Level 5:colcon.colcon_core.verb:set package 'video_streamer' build argument 'ament_cmake_args' from command line to 'None'
[1.189s] Level 5:colcon.colcon_core.verb:set package 'video_streamer' build argument 'catkin_cmake_args' from command line to 'None'
[1.189s] Level 5:colcon.colcon_core.verb:set package 'video_streamer' build argument 'catkin_skip_building_tests' from command line to 'False'
[1.189s] DEBUG:colcon.colcon_core.verb:Building package 'video_streamer' with the following arguments: {'ament_cmake_args': None, 'build_base': '/home/kencheng/notebooks/ros_ws/build/video_streamer', 'catkin_cmake_args': None, 'catkin_skip_building_tests': False, 'cmake_args': None, 'cmake_clean_cache': False, 'cmake_clean_first': False, 'cmake_force_configure': False, 'cmake_target': None, 'cmake_target_skip_unavailable': False, 'install_base': '/home/kencheng/notebooks/ros_ws/install/video_streamer', 'merge_install': False, 'path': '/home/kencheng/notebooks/ros_ws/src/video_streamer', 'symlink_install': False, 'test_result_base': None}
[1.189s] INFO:colcon.colcon_core.executor:Executing jobs using 'parallel' executor
[1.193s] DEBUG:colcon.colcon_parallel_executor.executor.parallel:run_until_complete
[1.194s] INFO:colcon.colcon_ros.task.ament_cmake.build:Building ROS package in '/home/kencheng/notebooks/ros_ws/src/cartographer_ros2' with build type 'ament_cmake'
[1.195s] INFO:colcon.colcon_cmake.task.cmake.build:Building CMake package in '/home/kencheng/notebooks/ros_ws/src/cartographer_ros2'
[1.204s] INFO:colcon.colcon_core.plugin_system:Skipping extension 'colcon_core.shell.bat': Not used on non-Windows systems
[1.205s] INFO:colcon.colcon_core.shell:Skip shell extension 'powershell' for command environment: Not usable outside of PowerShell
[1.205s] DEBUG:colcon.colcon_core.shell:Skip shell extension 'dsv' for command environment
[1.229s] INFO:colcon.colcon_ros.task.ament_python.build:Building ROS package in '/home/kencheng/notebooks/ros_ws/src/driver_ros2' with build type 'ament_python'
[1.230s] Level 1:colcon.colcon_core.shell:create_environment_hook('driver_ros2', 'ament_prefix_path')
[1.231s] INFO:colcon.colcon_core.shell:Creating environment hook '/home/kencheng/notebooks/ros_ws/install/driver_ros2/share/driver_ros2/hook/ament_prefix_path.ps1'
[1.234s] INFO:colcon.colcon_core.shell:Creating environment descriptor '/home/kencheng/notebooks/ros_ws/install/driver_ros2/share/driver_ros2/hook/ament_prefix_path.dsv'
[1.237s] INFO:colcon.colcon_core.shell:Creating environment hook '/home/kencheng/notebooks/ros_ws/install/driver_ros2/share/driver_ros2/hook/ament_prefix_path.sh'
[1.241s] INFO:colcon.colcon_core.shell:Skip shell extension 'powershell' for command environment: Not usable outside of PowerShell
[1.241s] DEBUG:colcon.colcon_core.shell:Skip shell extension 'dsv' for command environment
[1.265s] INFO:colcon.colcon_ros.task.ament_cmake.build:Building ROS package in '/home/kencheng/notebooks/ros_ws/src/nav2_ros2' with build type 'ament_cmake'
[1.266s] INFO:colcon.colcon_cmake.task.cmake.build:Building CMake package in '/home/kencheng/notebooks/ros_ws/src/nav2_ros2'
[1.267s] INFO:colcon.colcon_core.shell:Skip shell extension 'powershell' for command environment: Not usable outside of PowerShell
[1.267s] DEBUG:colcon.colcon_core.shell:Skip shell extension 'dsv' for command environment
[1.292s] INFO:colcon.colcon_ros.task.ament_cmake.build:Building ROS package in '/home/kencheng/notebooks/ros_ws/src/sllidar_ros2' with build type 'ament_cmake'
[1.293s] INFO:colcon.colcon_cmake.task.cmake.build:Building CMake package in '/home/kencheng/notebooks/ros_ws/src/sllidar_ros2'
[1.294s] INFO:colcon.colcon_core.shell:Skip shell extension 'powershell' for command environment: Not usable outside of PowerShell
[1.295s] DEBUG:colcon.colcon_core.shell:Skip shell extension 'dsv' for command environment
[1.339s] DEBUG:colcon.colcon_core.event_handler.log_command:Invoking command in '/home/kencheng/notebooks/ros_ws/build/cartographer_ros2': CMAKE_PREFIX_PATH=${CMAKE_PREFIX_PATH}:/home/kencheng/notebooks/ros_ws/install/video_streamer:/home/kencheng/notebooks/ros_ws/install/driver_ros2:/opt/ros/humble CONDA_PROMPT_MODIFIER=(ros2_humble) /usr/bin/cmake --build /home/kencheng/notebooks/ros_ws/build/cartographer_ros2 -- -j4 -l4
[2.394s] INFO:colcon.colcon_core.task.python.build:Building Python package in '/home/kencheng/notebooks/ros_ws/src/driver_ros2'
[2.395s] INFO:colcon.colcon_core.shell:Skip shell extension 'powershell' for command environment: Not usable outside of PowerShell
[2.395s] DEBUG:colcon.colcon_core.shell:Skip shell extension 'dsv' for command environment
[2.441s] DEBUG:colcon.colcon_core.event_handler.log_command:Invoking command in '/home/kencheng/notebooks/ros_ws/build/nav2_ros2': CMAKE_PREFIX_PATH=${CMAKE_PREFIX_PATH}:/home/kencheng/notebooks/ros_ws/install/video_streamer:/home/kencheng/notebooks/ros_ws/install/driver_ros2:/opt/ros/humble CONDA_PROMPT_MODIFIER=(ros2_humble) /usr/bin/cmake --build /home/kencheng/notebooks/ros_ws/build/nav2_ros2 -- -j4 -l4
[2.455s] DEBUG:colcon.colcon_core.event_handler.log_command:Invoking command in '/home/kencheng/notebooks/ros_ws/build/sllidar_ros2': CMAKE_PREFIX_PATH=${CMAKE_PREFIX_PATH}:/home/kencheng/notebooks/ros_ws/install/video_streamer:/home/kencheng/notebooks/ros_ws/install/driver_ros2:/opt/ros/humble CONDA_PROMPT_MODIFIER=(ros2_humble) /usr/bin/cmake --build /home/kencheng/notebooks/ros_ws/build/sllidar_ros2 -- -j4 -l4
[2.464s] DEBUG:colcon.colcon_core.event_handler.log_command:Invoked command in '/home/kencheng/notebooks/ros_ws/build/cartographer_ros2' returned '0': CMAKE_PREFIX_PATH=${CMAKE_PREFIX_PATH}:/home/kencheng/notebooks/ros_ws/install/video_streamer:/home/kencheng/notebooks/ros_ws/install/driver_ros2:/opt/ros/humble CONDA_PROMPT_MODIFIER=(ros2_humble) /usr/bin/cmake --build /home/kencheng/notebooks/ros_ws/build/cartographer_ros2 -- -j4 -l4
[2.510s] DEBUG:colcon.colcon_core.event_handler.log_command:Invoking command in '/home/kencheng/notebooks/ros_ws/build/cartographer_ros2': CMAKE_PREFIX_PATH=${CMAKE_PREFIX_PATH}:/home/kencheng/notebooks/ros_ws/install/video_streamer:/home/kencheng/notebooks/ros_ws/install/driver_ros2:/opt/ros/humble CONDA_PROMPT_MODIFIER=(ros2_humble) /usr/bin/cmake --install /home/kencheng/notebooks/ros_ws/build/cartographer_ros2
[2.565s] Level 1:colcon.colcon_core.environment:create_environment_scripts_only(cartographer_ros2)
[2.572s] DEBUG:colcon.colcon_core.event_handler.log_command:Invoked command in '/home/kencheng/notebooks/ros_ws/build/cartographer_ros2' returned '0': CMAKE_PREFIX_PATH=${CMAKE_PREFIX_PATH}:/home/kencheng/notebooks/ros_ws/install/video_streamer:/home/kencheng/notebooks/ros_ws/install/driver_ros2:/opt/ros/humble CONDA_PROMPT_MODIFIER=(ros2_humble) /usr/bin/cmake --install /home/kencheng/notebooks/ros_ws/build/cartographer_ros2
[2.585s] Level 1:colcon.colcon_core.environment:checking '/home/kencheng/notebooks/ros_ws/install/cartographer_ros2' for CMake module files
[2.590s] Level 1:colcon.colcon_core.environment:checking '/home/kencheng/notebooks/ros_ws/install/cartographer_ros2' for CMake config files
[2.594s] Level 1:colcon.colcon_core.shell:create_environment_hook('cartographer_ros2', 'cmake_prefix_path')
[2.596s] INFO:colcon.colcon_core.shell:Creating environment hook '/home/kencheng/notebooks/ros_ws/install/cartographer_ros2/share/cartographer_ros2/hook/cmake_prefix_path.ps1'
[2.599s] INFO:colcon.colcon_core.shell:Creating environment descriptor '/home/kencheng/notebooks/ros_ws/install/cartographer_ros2/share/cartographer_ros2/hook/cmake_prefix_path.dsv'
[2.608s] INFO:colcon.colcon_core.shell:Creating environment hook '/home/kencheng/notebooks/ros_ws/install/cartographer_ros2/share/cartographer_ros2/hook/cmake_prefix_path.sh'
[2.613s] Level 1:colcon.colcon_core.environment:checking '/home/kencheng/notebooks/ros_ws/install/cartographer_ros2/lib'
[2.615s] Level 1:colcon.colcon_core.environment:checking '/home/kencheng/notebooks/ros_ws/install/cartographer_ros2/bin'
[2.615s] Level 1:colcon.colcon_core.environment:checking '/home/kencheng/notebooks/ros_ws/install/cartographer_ros2/lib/pkgconfig/cartographer_ros2.pc'
[2.616s] Level 1:colcon.colcon_core.environment:checking '/home/kencheng/notebooks/ros_ws/install/cartographer_ros2/lib/python3.10/site-packages'
[2.617s] Level 1:colcon.colcon_core.environment:checking '/home/kencheng/notebooks/ros_ws/install/cartographer_ros2/bin'
[2.619s] INFO:colcon.colcon_core.shell:Creating package script '/home/kencheng/notebooks/ros_ws/install/cartographer_ros2/share/cartographer_ros2/package.ps1'
[2.623s] INFO:colcon.colcon_core.shell:Creating package descriptor '/home/kencheng/notebooks/ros_ws/install/cartographer_ros2/share/cartographer_ros2/package.dsv'
[2.627s] INFO:colcon.colcon_core.shell:Creating package script '/home/kencheng/notebooks/ros_ws/install/cartographer_ros2/share/cartographer_ros2/package.sh'
[2.631s] INFO:colcon.colcon_core.shell:Creating package script '/home/kencheng/notebooks/ros_ws/install/cartographer_ros2/share/cartographer_ros2/package.bash'
[2.635s] INFO:colcon.colcon_core.shell:Creating package script '/home/kencheng/notebooks/ros_ws/install/cartographer_ros2/share/cartographer_ros2/package.zsh'
[2.639s] Level 1:colcon.colcon_core.environment:create_file_with_runtime_dependencies(/home/kencheng/notebooks/ros_ws/install/cartographer_ros2/share/colcon-core/packages/cartographer_ros2)
[2.643s] Level 1:colcon.colcon_core.environment:create_environment_scripts_only(cartographer_ros2)
[2.644s] Level 1:colcon.colcon_core.environment:checking '/home/kencheng/notebooks/ros_ws/install/cartographer_ros2' for CMake module files
[2.647s] Level 1:colcon.colcon_core.environment:checking '/home/kencheng/notebooks/ros_ws/install/cartographer_ros2' for CMake config files
[2.650s] Level 1:colcon.colcon_core.shell:create_environment_hook('cartographer_ros2', 'cmake_prefix_path')
[2.651s] INFO:colcon.colcon_core.shell:Creating environment hook '/home/kencheng/notebooks/ros_ws/install/cartographer_ros2/share/cartographer_ros2/hook/cmake_prefix_path.ps1'
[2.654s] INFO:colcon.colcon_core.shell:Creating environment descriptor '/home/kencheng/notebooks/ros_ws/install/cartographer_ros2/share/cartographer_ros2/hook/cmake_prefix_path.dsv'
[2.656s] INFO:colcon.colcon_core.shell:Creating environment hook '/home/kencheng/notebooks/ros_ws/install/cartographer_ros2/share/cartographer_ros2/hook/cmake_prefix_path.sh'
[2.661s] Level 1:colcon.colcon_core.environment:checking '/home/kencheng/notebooks/ros_ws/install/cartographer_ros2/lib'
[2.662s] Level 1:colcon.colcon_core.environment:checking '/home/kencheng/notebooks/ros_ws/install/cartographer_ros2/bin'
[2.662s] Level 1:colcon.colcon_core.environment:checking '/home/kencheng/notebooks/ros_ws/install/cartographer_ros2/lib/pkgconfig/cartographer_ros2.pc'
[2.664s] Level 1:colcon.colcon_core.environment:checking '/home/kencheng/notebooks/ros_ws/install/cartographer_ros2/lib/python3.10/site-packages'
[2.665s] Level 1:colcon.colcon_core.environment:checking '/home/kencheng/notebooks/ros_ws/install/cartographer_ros2/bin'
[2.667s] INFO:colcon.colcon_core.shell:Creating package script '/home/kencheng/notebooks/ros_ws/install/cartographer_ros2/share/cartographer_ros2/package.ps1'
[2.671s] INFO:colcon.colcon_core.shell:Creating package descriptor '/home/kencheng/notebooks/ros_ws/install/cartographer_ros2/share/cartographer_ros2/package.dsv'
[2.676s] INFO:colcon.colcon_core.shell:Creating package script '/home/kencheng/notebooks/ros_ws/install/cartographer_ros2/share/cartographer_ros2/package.sh'
[2.679s] INFO:colcon.colcon_core.shell:Creating package script '/home/kencheng/notebooks/ros_ws/install/cartographer_ros2/share/cartographer_ros2/package.bash'
[2.684s] INFO:colcon.colcon_core.shell:Creating package script '/home/kencheng/notebooks/ros_ws/install/cartographer_ros2/share/cartographer_ros2/package.zsh'
[2.687s] Level 1:colcon.colcon_core.environment:create_file_with_runtime_dependencies(/home/kencheng/notebooks/ros_ws/install/cartographer_ros2/share/colcon-core/packages/cartographer_ros2)
[2.691s] INFO:colcon.colcon_ros.task.ament_python.build:Building ROS package in '/home/kencheng/notebooks/ros_ws/src/video_streamer' with build type 'ament_python'
[2.693s] Level 1:colcon.colcon_core.shell:create_environment_hook('video_streamer', 'ament_prefix_path')
[2.694s] INFO:colcon.colcon_core.shell:Creating environment hook '/home/kencheng/notebooks/ros_ws/install/video_streamer/share/video_streamer/hook/ament_prefix_path.ps1'
[2.697s] INFO:colcon.colcon_core.shell:Creating environment descriptor '/home/kencheng/notebooks/ros_ws/install/video_streamer/share/video_streamer/hook/ament_prefix_path.dsv'
[2.700s] INFO:colcon.colcon_core.shell:Creating environment hook '/home/kencheng/notebooks/ros_ws/install/video_streamer/share/video_streamer/hook/ament_prefix_path.sh'
[2.705s] INFO:colcon.colcon_core.shell:Skip shell extension 'powershell' for command environment: Not usable outside of PowerShell
[2.706s] DEBUG:colcon.colcon_core.shell:Skip shell extension 'dsv' for command environment
[3.927s] INFO:colcon.colcon_core.task.python.build:Building Python package in '/home/kencheng/notebooks/ros_ws/src/video_streamer'
[3.928s] INFO:colcon.colcon_core.shell:Skip shell extension 'powershell' for command environment: Not usable outside of PowerShell
[3.928s] DEBUG:colcon.colcon_core.shell:Skip shell extension 'dsv' for command environment
[3.957s] DEBUG:colcon.colcon_core.event_handler.log_command:Invoked command in '/home/kencheng/notebooks/ros_ws/build/nav2_ros2' returned '0': CMAKE_PREFIX_PATH=${CMAKE_PREFIX_PATH}:/home/kencheng/notebooks/ros_ws/install/video_streamer:/home/kencheng/notebooks/ros_ws/install/driver_ros2:/opt/ros/humble CONDA_PROMPT_MODIFIER=(ros2_humble) /usr/bin/cmake --build /home/kencheng/notebooks/ros_ws/build/nav2_ros2 -- -j4 -l4
[3.961s] DEBUG:colcon.colcon_core.event_handler.log_command:Invoking command in '/home/kencheng/notebooks/ros_ws/build/nav2_ros2': CMAKE_PREFIX_PATH=${CMAKE_PREFIX_PATH}:/home/kencheng/notebooks/ros_ws/install/video_streamer:/home/kencheng/notebooks/ros_ws/install/driver_ros2:/opt/ros/humble CONDA_PROMPT_MODIFIER=(ros2_humble) /usr/bin/cmake --install /home/kencheng/notebooks/ros_ws/build/nav2_ros2
[3.969s] DEBUG:colcon.colcon_core.event_handler.log_command:Invoked command in '/home/kencheng/notebooks/ros_ws/build/sllidar_ros2' returned '0': CMAKE_PREFIX_PATH=${CMAKE_PREFIX_PATH}:/home/kencheng/notebooks/ros_ws/install/video_streamer:/home/kencheng/notebooks/ros_ws/install/driver_ros2:/opt/ros/humble CONDA_PROMPT_MODIFIER=(ros2_humble) /usr/bin/cmake --build /home/kencheng/notebooks/ros_ws/build/sllidar_ros2 -- -j4 -l4
[3.973s] DEBUG:colcon.colcon_core.event_handler.log_command:Invoking command in '/home/kencheng/notebooks/ros_ws/build/sllidar_ros2': CMAKE_PREFIX_PATH=${CMAKE_PREFIX_PATH}:/home/kencheng/notebooks/ros_ws/install/video_streamer:/home/kencheng/notebooks/ros_ws/install/driver_ros2:/opt/ros/humble CONDA_PROMPT_MODIFIER=(ros2_humble) /usr/bin/cmake --install /home/kencheng/notebooks/ros_ws/build/sllidar_ros2
[4.043s] Level 1:colcon.colcon_core.environment:create_environment_scripts_only(sllidar_ros2)
[4.045s] Level 1:colcon.colcon_core.environment:checking '/home/kencheng/notebooks/ros_ws/install/sllidar_ros2' for CMake module files
[4.048s] Level 1:colcon.colcon_core.environment:checking '/home/kencheng/notebooks/ros_ws/install/sllidar_ros2' for CMake config files
[4.051s] Level 1:colcon.colcon_core.shell:create_environment_hook('sllidar_ros2', 'cmake_prefix_path')
[4.052s] INFO:colcon.colcon_core.shell:Creating environment hook '/home/kencheng/notebooks/ros_ws/install/sllidar_ros2/share/sllidar_ros2/hook/cmake_prefix_path.ps1'
[4.066s] INFO:colcon.colcon_core.shell:Creating environment descriptor '/home/kencheng/notebooks/ros_ws/install/sllidar_ros2/share/sllidar_ros2/hook/cmake_prefix_path.dsv'
[4.072s] INFO:colcon.colcon_core.shell:Creating environment hook '/home/kencheng/notebooks/ros_ws/install/sllidar_ros2/share/sllidar_ros2/hook/cmake_prefix_path.sh'
[4.076s] DEBUG:colcon.colcon_core.event_handler.log_command:Invoked command in '/home/kencheng/notebooks/ros_ws/build/sllidar_ros2' returned '0': CMAKE_PREFIX_PATH=${CMAKE_PREFIX_PATH}:/home/kencheng/notebooks/ros_ws/install/video_streamer:/home/kencheng/notebooks/ros_ws/install/driver_ros2:/opt/ros/humble CONDA_PROMPT_MODIFIER=(ros2_humble) /usr/bin/cmake --install /home/kencheng/notebooks/ros_ws/build/sllidar_ros2
[4.078s] Level 1:colcon.colcon_core.environment:checking '/home/kencheng/notebooks/ros_ws/install/sllidar_ros2/lib'
[4.079s] Level 1:colcon.colcon_core.environment:checking '/home/kencheng/notebooks/ros_ws/install/sllidar_ros2/bin'
[4.079s] Level 1:colcon.colcon_core.environment:checking '/home/kencheng/notebooks/ros_ws/install/sllidar_ros2/lib/pkgconfig/sllidar_ros2.pc'
[4.081s] Level 1:colcon.colcon_core.environment:checking '/home/kencheng/notebooks/ros_ws/install/sllidar_ros2/lib/python3.10/site-packages'
[4.082s] Level 1:colcon.colcon_core.environment:checking '/home/kencheng/notebooks/ros_ws/install/sllidar_ros2/bin'
[4.083s] INFO:colcon.colcon_core.shell:Creating package script '/home/kencheng/notebooks/ros_ws/install/sllidar_ros2/share/sllidar_ros2/package.ps1'
[4.086s] INFO:colcon.colcon_core.shell:Creating package descriptor '/home/kencheng/notebooks/ros_ws/install/sllidar_ros2/share/sllidar_ros2/package.dsv'
[4.088s] INFO:colcon.colcon_core.shell:Creating package script '/home/kencheng/notebooks/ros_ws/install/sllidar_ros2/share/sllidar_ros2/package.sh'
[4.091s] INFO:colcon.colcon_core.shell:Creating package script '/home/kencheng/notebooks/ros_ws/install/sllidar_ros2/share/sllidar_ros2/package.bash'
[4.093s] INFO:colcon.colcon_core.shell:Creating package script '/home/kencheng/notebooks/ros_ws/install/sllidar_ros2/share/sllidar_ros2/package.zsh'
[4.096s] Level 1:colcon.colcon_core.environment:create_file_with_runtime_dependencies(/home/kencheng/notebooks/ros_ws/install/sllidar_ros2/share/colcon-core/packages/sllidar_ros2)
[4.099s] Level 1:colcon.colcon_core.environment:create_environment_scripts_only(sllidar_ros2)
[4.100s] Level 1:colcon.colcon_core.environment:checking '/home/kencheng/notebooks/ros_ws/install/sllidar_ros2' for CMake module files
[4.103s] Level 1:colcon.colcon_core.environment:checking '/home/kencheng/notebooks/ros_ws/install/sllidar_ros2' for CMake config files
[4.106s] Level 1:colcon.colcon_core.shell:create_environment_hook('sllidar_ros2', 'cmake_prefix_path')
[4.107s] INFO:colcon.colcon_core.shell:Creating environment hook '/home/kencheng/notebooks/ros_ws/install/sllidar_ros2/share/sllidar_ros2/hook/cmake_prefix_path.ps1'
[4.109s] INFO:colcon.colcon_core.shell:Creating environment descriptor '/home/kencheng/notebooks/ros_ws/install/sllidar_ros2/share/sllidar_ros2/hook/cmake_prefix_path.dsv'
[4.112s] INFO:colcon.colcon_core.shell:Creating environment hook '/home/kencheng/notebooks/ros_ws/install/sllidar_ros2/share/sllidar_ros2/hook/cmake_prefix_path.sh'
[4.116s] Level 1:colcon.colcon_core.environment:checking '/home/kencheng/notebooks/ros_ws/install/sllidar_ros2/lib'
[4.117s] Level 1:colcon.colcon_core.environment:checking '/home/kencheng/notebooks/ros_ws/install/sllidar_ros2/bin'
[4.117s] Level 1:colcon.colcon_core.environment:checking '/home/kencheng/notebooks/ros_ws/install/sllidar_ros2/lib/pkgconfig/sllidar_ros2.pc'
[4.118s] Level 1:colcon.colcon_core.environment:checking '/home/kencheng/notebooks/ros_ws/install/sllidar_ros2/lib/python3.10/site-packages'
[4.119s] Level 1:colcon.colcon_core.environment:checking '/home/kencheng/notebooks/ros_ws/install/sllidar_ros2/bin'
[4.120s] INFO:colcon.colcon_core.shell:Creating package script '/home/kencheng/notebooks/ros_ws/install/sllidar_ros2/share/sllidar_ros2/package.ps1'
[4.123s] INFO:colcon.colcon_core.shell:Creating package descriptor '/home/kencheng/notebooks/ros_ws/install/sllidar_ros2/share/sllidar_ros2/package.dsv'
[4.126s] INFO:colcon.colcon_core.shell:Creating package script '/home/kencheng/notebooks/ros_ws/install/sllidar_ros2/share/sllidar_ros2/package.sh'
[4.128s] INFO:colcon.colcon_core.shell:Creating package script '/home/kencheng/notebooks/ros_ws/install/sllidar_ros2/share/sllidar_ros2/package.bash'
[4.131s] INFO:colcon.colcon_core.shell:Creating package script '/home/kencheng/notebooks/ros_ws/install/sllidar_ros2/share/sllidar_ros2/package.zsh'
[4.133s] Level 1:colcon.colcon_core.environment:create_file_with_runtime_dependencies(/home/kencheng/notebooks/ros_ws/install/sllidar_ros2/share/colcon-core/packages/sllidar_ros2)
[4.137s] Level 1:colcon.colcon_core.environment:create_environment_scripts_only(nav2_ros2)
[4.139s] Level 1:colcon.colcon_core.environment:checking '/home/kencheng/notebooks/ros_ws/install/nav2_ros2' for CMake module files
[4.144s] DEBUG:colcon.colcon_core.event_handler.log_command:Invoked command in '/home/kencheng/notebooks/ros_ws/build/nav2_ros2' returned '0': CMAKE_PREFIX_PATH=${CMAKE_PREFIX_PATH}:/home/kencheng/notebooks/ros_ws/install/video_streamer:/home/kencheng/notebooks/ros_ws/install/driver_ros2:/opt/ros/humble CONDA_PROMPT_MODIFIER=(ros2_humble) /usr/bin/cmake --install /home/kencheng/notebooks/ros_ws/build/nav2_ros2
[4.145s] Level 1:colcon.colcon_core.environment:checking '/home/kencheng/notebooks/ros_ws/install/nav2_ros2' for CMake config files
[4.147s] Level 1:colcon.colcon_core.shell:create_environment_hook('nav2_ros2', 'cmake_prefix_path')
[4.148s] INFO:colcon.colcon_core.shell:Creating environment hook '/home/kencheng/notebooks/ros_ws/install/nav2_ros2/share/nav2_ros2/hook/cmake_prefix_path.ps1'
[4.150s] INFO:colcon.colcon_core.shell:Creating environment descriptor '/home/kencheng/notebooks/ros_ws/install/nav2_ros2/share/nav2_ros2/hook/cmake_prefix_path.dsv'
[4.152s] INFO:colcon.colcon_core.shell:Creating environment hook '/home/kencheng/notebooks/ros_ws/install/nav2_ros2/share/nav2_ros2/hook/cmake_prefix_path.sh'
[4.156s] Level 1:colcon.colcon_core.environment:checking '/home/kencheng/notebooks/ros_ws/install/nav2_ros2/lib'
[4.156s] Level 1:colcon.colcon_core.environment:checking '/home/kencheng/notebooks/ros_ws/install/nav2_ros2/bin'
[4.156s] Level 1:colcon.colcon_core.environment:checking '/home/kencheng/notebooks/ros_ws/install/nav2_ros2/lib/pkgconfig/nav2_ros2.pc'
[4.158s] Level 1:colcon.colcon_core.environment:checking '/home/kencheng/notebooks/ros_ws/install/nav2_ros2/lib/python3.10/site-packages'
[4.159s] Level 1:colcon.colcon_core.environment:checking '/home/kencheng/notebooks/ros_ws/install/nav2_ros2/bin'
[4.160s] INFO:colcon.colcon_core.shell:Creating package script '/home/kencheng/notebooks/ros_ws/install/nav2_ros2/share/nav2_ros2/package.ps1'
[4.163s] INFO:colcon.colcon_core.shell:Creating package descriptor '/home/kencheng/notebooks/ros_ws/install/nav2_ros2/share/nav2_ros2/package.dsv'
[4.165s] INFO:colcon.colcon_core.shell:Creating package script '/home/kencheng/notebooks/ros_ws/install/nav2_ros2/share/nav2_ros2/package.sh'
[4.168s] INFO:colcon.colcon_core.shell:Creating package script '/home/kencheng/notebooks/ros_ws/install/nav2_ros2/share/nav2_ros2/package.bash'
[4.170s] INFO:colcon.colcon_core.shell:Creating package script '/home/kencheng/notebooks/ros_ws/install/nav2_ros2/share/nav2_ros2/package.zsh'
[4.172s] Level 1:colcon.colcon_core.environment:create_file_with_runtime_dependencies(/home/kencheng/notebooks/ros_ws/install/nav2_ros2/share/colcon-core/packages/nav2_ros2)
[4.176s] Level 1:colcon.colcon_core.environment:create_environment_scripts_only(nav2_ros2)
[4.177s] Level 1:colcon.colcon_core.environment:checking '/home/kencheng/notebooks/ros_ws/install/nav2_ros2' for CMake module files
[4.180s] Level 1:colcon.colcon_core.environment:checking '/home/kencheng/notebooks/ros_ws/install/nav2_ros2' for CMake config files
[4.182s] Level 1:colcon.colcon_core.shell:create_environment_hook('nav2_ros2', 'cmake_prefix_path')
[4.183s] INFO:colcon.colcon_core.shell:Creating environment hook '/home/kencheng/notebooks/ros_ws/install/nav2_ros2/share/nav2_ros2/hook/cmake_prefix_path.ps1'
[4.185s] INFO:colcon.colcon_core.shell:Creating environment descriptor '/home/kencheng/notebooks/ros_ws/install/nav2_ros2/share/nav2_ros2/hook/cmake_prefix_path.dsv'
[4.188s] INFO:colcon.colcon_core.shell:Creating environment hook '/home/kencheng/notebooks/ros_ws/install/nav2_ros2/share/nav2_ros2/hook/cmake_prefix_path.sh'
[4.192s] Level 1:colcon.colcon_core.environment:checking '/home/kencheng/notebooks/ros_ws/install/nav2_ros2/lib'
[4.194s] Level 1:colcon.colcon_core.environment:checking '/home/kencheng/notebooks/ros_ws/install/nav2_ros2/bin'
[4.194s] Level 1:colcon.colcon_core.environment:checking '/home/kencheng/notebooks/ros_ws/install/nav2_ros2/lib/pkgconfig/nav2_ros2.pc'
[4.196s] Level 1:colcon.colcon_core.environment:checking '/home/kencheng/notebooks/ros_ws/install/nav2_ros2/lib/python3.10/site-packages'
[4.197s] Level 1:colcon.colcon_core.environment:checking '/home/kencheng/notebooks/ros_ws/install/nav2_ros2/bin'
[4.198s] INFO:colcon.colcon_core.shell:Creating package script '/home/kencheng/notebooks/ros_ws/install/nav2_ros2/share/nav2_ros2/package.ps1'
[4.201s] INFO:colcon.colcon_core.shell:Creating package descriptor '/home/kencheng/notebooks/ros_ws/install/nav2_ros2/share/nav2_ros2/package.dsv'
[4.204s] INFO:colcon.colcon_core.shell:Creating package script '/home/kencheng/notebooks/ros_ws/install/nav2_ros2/share/nav2_ros2/package.sh'
[4.207s] INFO:colcon.colcon_core.shell:Creating package script '/home/kencheng/notebooks/ros_ws/install/nav2_ros2/share/nav2_ros2/package.bash'
[4.209s] INFO:colcon.colcon_core.shell:Creating package script '/home/kencheng/notebooks/ros_ws/install/nav2_ros2/share/nav2_ros2/package.zsh'
[4.213s] Level 1:colcon.colcon_core.environment:create_file_with_runtime_dependencies(/home/kencheng/notebooks/ros_ws/install/nav2_ros2/share/colcon-core/packages/nav2_ros2)
[6.015s] DEBUG:colcon.colcon_core.event_handler.log_command:Invoking command in '/home/kencheng/notebooks/ros_ws/src/driver_ros2': CONDA_PROMPT_MODIFIER=(ros2_humble) PYTHONPATH=/home/kencheng/notebooks/ros_ws/build/driver_ros2/prefix_override:/usr/lib/python3/dist-packages/colcon_core/task/python/colcon_distutils_commands:/home/kencheng/notebooks/ros_ws/install/driver_ros2/lib/python3.10/site-packages:${PYTHONPATH} /usr/bin/python3 -W ignore:setup.py install is deprecated -W ignore:easy_install command is deprecated setup.py egg_info --egg-base ../../build/driver_ros2 build --build-base /home/kencheng/notebooks/ros_ws/build/driver_ros2/build install --record /home/kencheng/notebooks/ros_ws/build/driver_ros2/install.log --single-version-externally-managed install_data
[7.331s] DEBUG:colcon.colcon_core.event_handler.log_command:Invoking command in '/home/kencheng/notebooks/ros_ws/src/video_streamer': CONDA_PROMPT_MODIFIER=(ros2_humble) PYTHONPATH=/home/kencheng/notebooks/ros_ws/build/video_streamer/prefix_override:/usr/lib/python3/dist-packages/colcon_core/task/python/colcon_distutils_commands:/home/kencheng/notebooks/ros_ws/install/video_streamer/lib/python3.10/site-packages:${PYTHONPATH} /usr/bin/python3 -W ignore:setup.py install is deprecated -W ignore:easy_install command is deprecated setup.py egg_info --egg-base ../../build/video_streamer build --build-base /home/kencheng/notebooks/ros_ws/build/video_streamer/build install --record /home/kencheng/notebooks/ros_ws/build/video_streamer/install.log --single-version-externally-managed install_data
[9.365s] Level 1:colcon.colcon_core.environment:checking '/home/kencheng/notebooks/ros_ws/install/driver_ros2' for CMake module files
[9.367s] DEBUG:colcon.colcon_core.event_handler.log_command:Invoked command in '/home/kencheng/notebooks/ros_ws/src/driver_ros2' returned '0': CONDA_PROMPT_MODIFIER=(ros2_humble) PYTHONPATH=/home/kencheng/notebooks/ros_ws/build/driver_ros2/prefix_override:/usr/lib/python3/dist-packages/colcon_core/task/python/colcon_distutils_commands:/home/kencheng/notebooks/ros_ws/install/driver_ros2/lib/python3.10/site-packages:${PYTHONPATH} /usr/bin/python3 -W ignore:setup.py install is deprecated -W ignore:easy_install command is deprecated setup.py egg_info --egg-base ../../build/driver_ros2 build --build-base /home/kencheng/notebooks/ros_ws/build/driver_ros2/build install --record /home/kencheng/notebooks/ros_ws/build/driver_ros2/install.log --single-version-externally-managed install_data
[9.369s] Level 1:colcon.colcon_core.environment:checking '/home/kencheng/notebooks/ros_ws/install/driver_ros2' for CMake config files
[9.373s] Level 1:colcon.colcon_core.environment:checking '/home/kencheng/notebooks/ros_ws/install/driver_ros2/lib'
[9.373s] Level 1:colcon.colcon_core.environment:checking '/home/kencheng/notebooks/ros_ws/install/driver_ros2/bin'
[9.373s] Level 1:colcon.colcon_core.environment:checking '/home/kencheng/notebooks/ros_ws/install/driver_ros2/lib/pkgconfig/driver_ros2.pc'
[9.374s] Level 1:colcon.colcon_core.environment:checking '/home/kencheng/notebooks/ros_ws/install/driver_ros2/lib/python3.10/site-packages'
[9.375s] Level 1:colcon.colcon_core.shell:create_environment_hook('driver_ros2', 'pythonpath')
[9.376s] INFO:colcon.colcon_core.shell:Creating environment hook '/home/kencheng/notebooks/ros_ws/install/driver_ros2/share/driver_ros2/hook/pythonpath.ps1'
[9.378s] INFO:colcon.colcon_core.shell:Creating environment descriptor '/home/kencheng/notebooks/ros_ws/install/driver_ros2/share/driver_ros2/hook/pythonpath.dsv'
[9.380s] INFO:colcon.colcon_core.shell:Creating environment hook '/home/kencheng/notebooks/ros_ws/install/driver_ros2/share/driver_ros2/hook/pythonpath.sh'
[9.383s] Level 1:colcon.colcon_core.environment:checking '/home/kencheng/notebooks/ros_ws/install/driver_ros2/bin'
[9.384s] Level 1:colcon.colcon_core.environment:create_environment_scripts_only(driver_ros2)
[9.385s] INFO:colcon.colcon_core.shell:Creating package script '/home/kencheng/notebooks/ros_ws/install/driver_ros2/share/driver_ros2/package.ps1'
[9.387s] INFO:colcon.colcon_core.shell:Creating package descriptor '/home/kencheng/notebooks/ros_ws/install/driver_ros2/share/driver_ros2/package.dsv'
[9.390s] INFO:colcon.colcon_core.shell:Creating package script '/home/kencheng/notebooks/ros_ws/install/driver_ros2/share/driver_ros2/package.sh'
[9.392s] INFO:colcon.colcon_core.shell:Creating package script '/home/kencheng/notebooks/ros_ws/install/driver_ros2/share/driver_ros2/package.bash'
[9.395s] INFO:colcon.colcon_core.shell:Creating package script '/home/kencheng/notebooks/ros_ws/install/driver_ros2/share/driver_ros2/package.zsh'
[9.397s] Level 1:colcon.colcon_core.environment:create_file_with_runtime_dependencies(/home/kencheng/notebooks/ros_ws/install/driver_ros2/share/colcon-core/packages/driver_ros2)
[10.402s] Level 1:colcon.colcon_core.environment:checking '/home/kencheng/notebooks/ros_ws/install/video_streamer' for CMake module files
[10.404s] DEBUG:colcon.colcon_core.event_handler.log_command:Invoked command in '/home/kencheng/notebooks/ros_ws/src/video_streamer' returned '0': CONDA_PROMPT_MODIFIER=(ros2_humble) PYTHONPATH=/home/kencheng/notebooks/ros_ws/build/video_streamer/prefix_override:/usr/lib/python3/dist-packages/colcon_core/task/python/colcon_distutils_commands:/home/kencheng/notebooks/ros_ws/install/video_streamer/lib/python3.10/site-packages:${PYTHONPATH} /usr/bin/python3 -W ignore:setup.py install is deprecated -W ignore:easy_install command is deprecated setup.py egg_info --egg-base ../../build/video_streamer build --build-base /home/kencheng/notebooks/ros_ws/build/video_streamer/build install --record /home/kencheng/notebooks/ros_ws/build/video_streamer/install.log --single-version-externally-managed install_data
[10.406s] Level 1:colcon.colcon_core.environment:checking '/home/kencheng/notebooks/ros_ws/install/video_streamer' for CMake config files
[10.409s] Level 1:colcon.colcon_core.environment:checking '/home/kencheng/notebooks/ros_ws/install/video_streamer/lib'
[10.409s] Level 1:colcon.colcon_core.environment:checking '/home/kencheng/notebooks/ros_ws/install/video_streamer/bin'
[10.409s] Level 1:colcon.colcon_core.environment:checking '/home/kencheng/notebooks/ros_ws/install/video_streamer/lib/pkgconfig/video_streamer.pc'
[10.410s] Level 1:colcon.colcon_core.environment:checking '/home/kencheng/notebooks/ros_ws/install/video_streamer/lib/python3.10/site-packages'
[10.411s] Level 1:colcon.colcon_core.shell:create_environment_hook('video_streamer', 'pythonpath')
[10.411s] INFO:colcon.colcon_core.shell:Creating environment hook '/home/kencheng/notebooks/ros_ws/install/video_streamer/share/video_streamer/hook/pythonpath.ps1'
[10.413s] INFO:colcon.colcon_core.shell:Creating environment descriptor '/home/kencheng/notebooks/ros_ws/install/video_streamer/share/video_streamer/hook/pythonpath.dsv'
[10.415s] INFO:colcon.colcon_core.shell:Creating environment hook '/home/kencheng/notebooks/ros_ws/install/video_streamer/share/video_streamer/hook/pythonpath.sh'
[10.419s] Level 1:colcon.colcon_core.environment:checking '/home/kencheng/notebooks/ros_ws/install/video_streamer/bin'
[10.419s] Level 1:colcon.colcon_core.environment:create_environment_scripts_only(video_streamer)
[10.420s] INFO:colcon.colcon_core.shell:Creating package script '/home/kencheng/notebooks/ros_ws/install/video_streamer/share/video_streamer/package.ps1'
[10.423s] INFO:colcon.colcon_core.shell:Creating package descriptor '/home/kencheng/notebooks/ros_ws/install/video_streamer/share/video_streamer/package.dsv'
[10.425s] INFO:colcon.colcon_core.shell:Creating package script '/home/kencheng/notebooks/ros_ws/install/video_streamer/share/video_streamer/package.sh'
[10.427s] INFO:colcon.colcon_core.shell:Creating package script '/home/kencheng/notebooks/ros_ws/install/video_streamer/share/video_streamer/package.bash'
[10.429s] INFO:colcon.colcon_core.shell:Creating package script '/home/kencheng/notebooks/ros_ws/install/video_streamer/share/video_streamer/package.zsh'
[10.431s] Level 1:colcon.colcon_core.environment:create_file_with_runtime_dependencies(/home/kencheng/notebooks/ros_ws/install/video_streamer/share/colcon-core/packages/video_streamer)
[10.433s] DEBUG:colcon.colcon_parallel_executor.executor.parallel:closing loop
[10.434s] DEBUG:colcon.colcon_parallel_executor.executor.parallel:loop closed
[10.434s] DEBUG:colcon.colcon_parallel_executor.executor.parallel:run_until_complete finished with '0'
[10.435s] DEBUG:colcon.colcon_core.event_reactor:joining thread
[10.457s] INFO:colcon.colcon_core.plugin_system:Skipping extension 'colcon_notification.desktop_notification.terminal_notifier': Not used on non-Darwin systems
[10.458s] INFO:colcon.colcon_core.plugin_system:Skipping extension 'colcon_notification.desktop_notification.win32': Not used on non-Windows systems
[10.458s] INFO:colcon.colcon_notification.desktop_notification:Sending desktop notification using 'notify2'
[10.458s] DEBUG:colcon.colcon_notification.desktop_notification.notify2:Failed to initialize notify2: org.freedesktop.DBus.Error.NotSupported: Unable to autolaunch a dbus-daemon without a $DISPLAY for X11
[10.458s] DEBUG:colcon.colcon_core.event_reactor:joined thread
[10.459s] INFO:colcon.colcon_core.shell:Creating prefix script '/home/kencheng/notebooks/ros_ws/install/local_setup.ps1'
[10.463s] INFO:colcon.colcon_core.shell:Creating prefix util module '/home/kencheng/notebooks/ros_ws/install/_local_setup_util_ps1.py'
[10.469s] INFO:colcon.colcon_core.shell:Creating prefix chain script '/home/kencheng/notebooks/ros_ws/install/setup.ps1'
[10.475s] INFO:colcon.colcon_core.shell:Creating prefix script '/home/kencheng/notebooks/ros_ws/install/local_setup.sh'
[10.477s] INFO:colcon.colcon_core.shell:Creating prefix util module '/home/kencheng/notebooks/ros_ws/install/_local_setup_util_sh.py'
[10.480s] INFO:colcon.colcon_core.shell:Creating prefix chain script '/home/kencheng/notebooks/ros_ws/install/setup.sh'
[10.486s] INFO:colcon.colcon_core.shell:Creating prefix script '/home/kencheng/notebooks/ros_ws/install/local_setup.bash'
[10.488s] INFO:colcon.colcon_core.shell:Creating prefix chain script '/home/kencheng/notebooks/ros_ws/install/setup.bash'
[10.493s] INFO:colcon.colcon_core.shell:Creating prefix script '/home/kencheng/notebooks/ros_ws/install/local_setup.zsh'
[10.496s] INFO:colcon.colcon_core.shell:Creating prefix chain script '/home/kencheng/notebooks/ros_ws/install/setup.zsh'
