[1.204s] Invoking command in '/home/kencheng/notebooks/ros_ws/build/sllidar_ros2': CMAKE_PREFIX_PATH=${CMAKE_PREFIX_PATH}:/home/kencheng/notebooks/ros_ws/install/video_streamer:/home/kencheng/notebooks/ros_ws/install/driver_ros2:/home/kencheng/notebooks/ros_ws/install/driver:/opt/ros/humble CONDA_PROMPT_MODIFIER=(ros2_humble) /usr/bin/cmake --build /home/kencheng/notebooks/ros_ws/build/sllidar_ros2 -- -j4 -l4
[1.565s] [ 10%] Built target sllidar_client
[1.623s] [100%] Built target sllidar_node
[2.766s] Invoked command in '/home/kencheng/notebooks/ros_ws/build/sllidar_ros2' returned '0': CMAKE_PREFIX_PATH=${CMAKE_PREFIX_PATH}:/home/kencheng/notebooks/ros_ws/install/video_streamer:/home/kencheng/notebooks/ros_ws/install/driver_ros2:/home/kencheng/notebooks/ros_ws/install/driver:/opt/ros/humble CONDA_PROMPT_MODIFIER=(ros2_humble) /usr/bin/cmake --build /home/kencheng/notebooks/ros_ws/build/sllidar_ros2 -- -j4 -l4
[2.777s] Invoking command in '/home/kencheng/notebooks/ros_ws/build/sllidar_ros2': CMAKE_PREFIX_PATH=${CMAKE_PREFIX_PATH}:/home/kencheng/notebooks/ros_ws/install/video_streamer:/home/kencheng/notebooks/ros_ws/install/driver_ros2:/home/kencheng/notebooks/ros_ws/install/driver:/opt/ros/humble CONDA_PROMPT_MODIFIER=(ros2_humble) /usr/bin/cmake --install /home/kencheng/notebooks/ros_ws/build/sllidar_ros2
[2.816s] -- Install configuration: ""
[2.817s] -- Up-to-date: /home/kencheng/notebooks/ros_ws/install/sllidar_ros2/share/sllidar_ros2/launch
[2.819s] -- Up-to-date: /home/kencheng/notebooks/ros_ws/install/sllidar_ros2/share/sllidar_ros2/launch/view_sllidar_c1_launch.py
[2.820s] -- Up-to-date: /home/kencheng/notebooks/ros_ws/install/sllidar_ros2/share/sllidar_ros2/launch/sllidar_c1_launch.py
[2.824s] -- Up-to-date: /home/kencheng/notebooks/ros_ws/install/sllidar_ros2/share/sllidar_ros2/launch/.ipynb_checkpoints
[2.826s] -- Up-to-date: /home/kencheng/notebooks/ros_ws/install/sllidar_ros2/share/sllidar_ros2/launch/.ipynb_checkpoints/motor_controll-checkpoint.py
[2.861s] -- Up-to-date: /home/kencheng/notebooks/ros_ws/install/sllidar_ros2/share/sllidar_ros2/rviz
[2.861s] -- Up-to-date: /home/kencheng/notebooks/ros_ws/install/sllidar_ros2/share/sllidar_ros2/rviz/sllidar_ros2.rviz
[2.869s] -- Up-to-date: /home/kencheng/notebooks/ros_ws/install/sllidar_ros2/lib/sllidar_ros2/sllidar_node
[2.870s] -- Up-to-date: /home/kencheng/notebooks/ros_ws/install/sllidar_ros2/lib/sllidar_ros2/sllidar_client
[2.871s] -- Up-to-date: /home/kencheng/notebooks/ros_ws/install/sllidar_ros2/share/ament_index/resource_index/package_run_dependencies/sllidar_ros2
[2.872s] -- Up-to-date: /home/kencheng/notebooks/ros_ws/install/sllidar_ros2/share/ament_index/resource_index/parent_prefix_path/sllidar_ros2
[2.875s] -- Up-to-date: /home/kencheng/notebooks/ros_ws/install/sllidar_ros2/share/sllidar_ros2/environment/ament_prefix_path.sh
[2.877s] -- Up-to-date: /home/kencheng/notebooks/ros_ws/install/sllidar_ros2/share/sllidar_ros2/environment/ament_prefix_path.dsv
[2.879s] -- Up-to-date: /home/kencheng/notebooks/ros_ws/install/sllidar_ros2/share/sllidar_ros2/environment/path.sh
[2.882s] -- Up-to-date: /home/kencheng/notebooks/ros_ws/install/sllidar_ros2/share/sllidar_ros2/environment/path.dsv
[2.883s] -- Up-to-date: /home/kencheng/notebooks/ros_ws/install/sllidar_ros2/share/sllidar_ros2/local_setup.bash
[2.884s] -- Up-to-date: /home/kencheng/notebooks/ros_ws/install/sllidar_ros2/share/sllidar_ros2/local_setup.sh
[2.885s] -- Up-to-date: /home/kencheng/notebooks/ros_ws/install/sllidar_ros2/share/sllidar_ros2/local_setup.zsh
[2.887s] -- Up-to-date: /home/kencheng/notebooks/ros_ws/install/sllidar_ros2/share/sllidar_ros2/local_setup.dsv
[2.888s] -- Installing: /home/kencheng/notebooks/ros_ws/install/sllidar_ros2/share/sllidar_ros2/package.dsv
[2.889s] -- Up-to-date: /home/kencheng/notebooks/ros_ws/install/sllidar_ros2/share/ament_index/resource_index/packages/sllidar_ros2
[2.890s] -- Up-to-date: /home/kencheng/notebooks/ros_ws/install/sllidar_ros2/share/sllidar_ros2/cmake/ament_cmake_export_dependencies-extras.cmake
[2.891s] -- Up-to-date: /home/kencheng/notebooks/ros_ws/install/sllidar_ros2/share/sllidar_ros2/cmake/ament_cmake_export_include_directories-extras.cmake
[2.893s] -- Up-to-date: /home/kencheng/notebooks/ros_ws/install/sllidar_ros2/share/sllidar_ros2/cmake/sllidar_ros2Config.cmake
[2.894s] -- Up-to-date: /home/kencheng/notebooks/ros_ws/install/sllidar_ros2/share/sllidar_ros2/cmake/sllidar_ros2Config-version.cmake
[2.894s] -- Up-to-date: /home/kencheng/notebooks/ros_ws/install/sllidar_ros2/share/sllidar_ros2/package.xml
[2.945s] Invoked command in '/home/kencheng/notebooks/ros_ws/build/sllidar_ros2' returned '0': CMAKE_PREFIX_PATH=${CMAKE_PREFIX_PATH}:/home/kencheng/notebooks/ros_ws/install/video_streamer:/home/kencheng/notebooks/ros_ws/install/driver_ros2:/home/kencheng/notebooks/ros_ws/install/driver:/opt/ros/humble CONDA_PROMPT_MODIFIER=(ros2_humble) /usr/bin/cmake --install /home/kencheng/notebooks/ros_ws/build/sllidar_ros2
