[1.184s] Invoking command in '/home/kencheng/notebooks/ros_ws/build/sllidar_ros2': CMAKE_PREFIX_PATH=${CMAKE_PREFIX_PATH}:/home/kencheng/notebooks/ros_ws/install/video_streamer:/home/kencheng/notebooks/ros_ws/install/driver_ros2:/home/kencheng/notebooks/ros_ws/install/driver:/opt/ros/humble CONDA_PROMPT_MODIFIER=(ros2_humble) /usr/bin/cmake --build /home/kencheng/notebooks/ros_ws/build/sllidar_ros2 -- -j4 -l4
[1.557s] [ 10%] Built target sllidar_client
[1.571s] [100%] Built target sllidar_node
[2.760s] Invoked command in '/home/kencheng/notebooks/ros_ws/build/sllidar_ros2' returned '0': CMAKE_PREFIX_PATH=${CMAKE_PREFIX_PATH}:/home/kencheng/notebooks/ros_ws/install/video_streamer:/home/kencheng/notebooks/ros_ws/install/driver_ros2:/home/kencheng/notebooks/ros_ws/install/driver:/opt/ros/humble CONDA_PROMPT_MODIFIER=(ros2_humble) /usr/bin/cmake --build /home/kencheng/notebooks/ros_ws/build/sllidar_ros2 -- -j4 -l4
[2.771s] Invoking command in '/home/kencheng/notebooks/ros_ws/build/sllidar_ros2': CMAKE_PREFIX_PATH=${CMAKE_PREFIX_PATH}:/home/kencheng/notebooks/ros_ws/install/video_streamer:/home/kencheng/notebooks/ros_ws/install/driver_ros2:/home/kencheng/notebooks/ros_ws/install/driver:/opt/ros/humble CONDA_PROMPT_MODIFIER=(ros2_humble) /usr/bin/cmake --install /home/kencheng/notebooks/ros_ws/build/sllidar_ros2
[2.813s] -- Install configuration: ""
[2.813s] -- Up-to-date: /home/kencheng/notebooks/ros_ws/install/sllidar_ros2/share/sllidar_ros2/launch
[2.814s] -- Up-to-date: /home/kencheng/notebooks/ros_ws/install/sllidar_ros2/share/sllidar_ros2/launch/view_sllidar_c1_launch.py
[2.815s] -- Up-to-date: /home/kencheng/notebooks/ros_ws/install/sllidar_ros2/share/sllidar_ros2/launch/sllidar_c1_launch.py
[2.815s] -- Up-to-date: /home/kencheng/notebooks/ros_ws/install/sllidar_ros2/share/sllidar_ros2/launch/.ipynb_checkpoints
[2.816s] -- Up-to-date: /home/kencheng/notebooks/ros_ws/install/sllidar_ros2/share/sllidar_ros2/launch/.ipynb_checkpoints/motor_controll-checkpoint.py
[2.816s] -- Up-to-date: /home/kencheng/notebooks/ros_ws/install/sllidar_ros2/share/sllidar_ros2/rviz
[2.817s] -- Up-to-date: /home/kencheng/notebooks/ros_ws/install/sllidar_ros2/share/sllidar_ros2/rviz/sllidar_ros2.rviz
[2.818s] -- Up-to-date: /home/kencheng/notebooks/ros_ws/install/sllidar_ros2/lib/sllidar_ros2/sllidar_node
[2.843s] -- Up-to-date: /home/kencheng/notebooks/ros_ws/install/sllidar_ros2/lib/sllidar_ros2/sllidar_client
[2.847s] -- Up-to-date: /home/kencheng/notebooks/ros_ws/install/sllidar_ros2/share/ament_index/resource_index/package_run_dependencies/sllidar_ros2
[2.847s] -- Up-to-date: /home/kencheng/notebooks/ros_ws/install/sllidar_ros2/share/ament_index/resource_index/parent_prefix_path/sllidar_ros2
[2.849s] -- Up-to-date: /home/kencheng/notebooks/ros_ws/install/sllidar_ros2/share/sllidar_ros2/environment/ament_prefix_path.sh
[2.849s] -- Up-to-date: /home/kencheng/notebooks/ros_ws/install/sllidar_ros2/share/sllidar_ros2/environment/ament_prefix_path.dsv
[2.849s] -- Up-to-date: /home/kencheng/notebooks/ros_ws/install/sllidar_ros2/share/sllidar_ros2/environment/path.sh
[2.850s] -- Up-to-date: /home/kencheng/notebooks/ros_ws/install/sllidar_ros2/share/sllidar_ros2/environment/path.dsv
[2.851s] -- Up-to-date: /home/kencheng/notebooks/ros_ws/install/sllidar_ros2/share/sllidar_ros2/local_setup.bash
[2.852s] -- Up-to-date: /home/kencheng/notebooks/ros_ws/install/sllidar_ros2/share/sllidar_ros2/local_setup.sh
[2.853s] -- Up-to-date: /home/kencheng/notebooks/ros_ws/install/sllidar_ros2/share/sllidar_ros2/local_setup.zsh
[2.854s] -- Up-to-date: /home/kencheng/notebooks/ros_ws/install/sllidar_ros2/share/sllidar_ros2/local_setup.dsv
[2.857s] -- Installing: /home/kencheng/notebooks/ros_ws/install/sllidar_ros2/share/sllidar_ros2/package.dsv
[2.858s] -- Up-to-date: /home/kencheng/notebooks/ros_ws/install/sllidar_ros2/share/ament_index/resource_index/packages/sllidar_ros2
[2.860s] -- Up-to-date: /home/kencheng/notebooks/ros_ws/install/sllidar_ros2/share/sllidar_ros2/cmake/ament_cmake_export_dependencies-extras.cmake
[2.860s] -- Up-to-date: /home/kencheng/notebooks/ros_ws/install/sllidar_ros2/share/sllidar_ros2/cmake/ament_cmake_export_include_directories-extras.cmake
[2.861s] -- Up-to-date: /home/kencheng/notebooks/ros_ws/install/sllidar_ros2/share/sllidar_ros2/cmake/sllidar_ros2Config.cmake
[2.863s] -- Up-to-date: /home/kencheng/notebooks/ros_ws/install/sllidar_ros2/share/sllidar_ros2/cmake/sllidar_ros2Config-version.cmake
[2.864s] -- Up-to-date: /home/kencheng/notebooks/ros_ws/install/sllidar_ros2/share/sllidar_ros2/package.xml
[2.928s] Invoked command in '/home/kencheng/notebooks/ros_ws/build/sllidar_ros2' returned '0': CMAKE_PREFIX_PATH=${CMAKE_PREFIX_PATH}:/home/kencheng/notebooks/ros_ws/install/video_streamer:/home/kencheng/notebooks/ros_ws/install/driver_ros2:/home/kencheng/notebooks/ros_ws/install/driver:/opt/ros/humble CONDA_PROMPT_MODIFIER=(ros2_humble) /usr/bin/cmake --install /home/kencheng/notebooks/ros_ws/build/sllidar_ros2
