[5.209s] Invoking command in '/home/kencheng/notebooks/ros_ws/src/driver_ros2': CONDA_PROMPT_MODIFIER=(ros2_humble) PYTHONPATH=/home/kencheng/notebooks/ros_ws/build/driver_ros2/prefix_override:/usr/lib/python3/dist-packages/colcon_core/task/python/colcon_distutils_commands:/home/kencheng/notebooks/ros_ws/install/driver_ros2/lib/python3.10/site-packages:${PYTHONPATH} /usr/bin/python3 -W ignore:setup.py install is deprecated -W ignore:easy_install command is deprecated setup.py egg_info --egg-base ../../build/driver_ros2 build --build-base /home/kencheng/notebooks/ros_ws/build/driver_ros2/build install --record /home/kencheng/notebooks/ros_ws/build/driver_ros2/install.log --single-version-externally-managed install_data
[7.341s] running egg_info
[7.345s] creating ../../build/driver_ros2/driver_ros2.egg-info
[7.346s] writing ../../build/driver_ros2/driver_ros2.egg-info/PKG-INFO
[7.348s] writing dependency_links to ../../build/driver_ros2/driver_ros2.egg-info/dependency_links.txt
[7.349s] writing entry points to ../../build/driver_ros2/driver_ros2.egg-info/entry_points.txt
[7.350s] writing requirements to ../../build/driver_ros2/driver_ros2.egg-info/requires.txt
[7.351s] writing top-level names to ../../build/driver_ros2/driver_ros2.egg-info/top_level.txt
[7.352s] writing manifest file '../../build/driver_ros2/driver_ros2.egg-info/SOURCES.txt'
[7.361s] reading manifest file '../../build/driver_ros2/driver_ros2.egg-info/SOURCES.txt'
[7.365s] writing manifest file '../../build/driver_ros2/driver_ros2.egg-info/SOURCES.txt'
[7.366s] running build
[7.367s] running build_py
[7.367s] creating /home/kencheng/notebooks/ros_ws/build/driver_ros2/build
[7.368s] creating /home/kencheng/notebooks/ros_ws/build/driver_ros2/build/lib
[7.368s] creating /home/kencheng/notebooks/ros_ws/build/driver_ros2/build/lib/driver_ros2
[7.370s] copying driver_ros2/driver_node.py -> /home/kencheng/notebooks/ros_ws/build/driver_ros2/build/lib/driver_ros2
[7.370s] copying driver_ros2/__init__.py -> /home/kencheng/notebooks/ros_ws/build/driver_ros2/build/lib/driver_ros2
[7.372s] copying driver_ros2/ros_robot_controller_sdk.py -> /home/kencheng/notebooks/ros_ws/build/driver_ros2/build/lib/driver_ros2
[7.374s] running install
[7.376s] running install_lib
[7.380s] creating /home/kencheng/notebooks/ros_ws/install/driver_ros2/lib/python3.10/site-packages/driver_ros2
[7.381s] copying /home/kencheng/notebooks/ros_ws/build/driver_ros2/build/lib/driver_ros2/driver_node.py -> /home/kencheng/notebooks/ros_ws/install/driver_ros2/lib/python3.10/site-packages/driver_ros2
[7.382s] copying /home/kencheng/notebooks/ros_ws/build/driver_ros2/build/lib/driver_ros2/__init__.py -> /home/kencheng/notebooks/ros_ws/install/driver_ros2/lib/python3.10/site-packages/driver_ros2
[7.383s] copying /home/kencheng/notebooks/ros_ws/build/driver_ros2/build/lib/driver_ros2/ros_robot_controller_sdk.py -> /home/kencheng/notebooks/ros_ws/install/driver_ros2/lib/python3.10/site-packages/driver_ros2
[7.387s] byte-compiling /home/kencheng/notebooks/ros_ws/install/driver_ros2/lib/python3.10/site-packages/driver_ros2/driver_node.py to driver_node.cpython-310.pyc
[7.393s] byte-compiling /home/kencheng/notebooks/ros_ws/install/driver_ros2/lib/python3.10/site-packages/driver_ros2/__init__.py to __init__.cpython-310.pyc
[7.394s] byte-compiling /home/kencheng/notebooks/ros_ws/install/driver_ros2/lib/python3.10/site-packages/driver_ros2/ros_robot_controller_sdk.py to ros_robot_controller_sdk.cpython-310.pyc
[7.413s] running install_data
[7.413s] creating /home/kencheng/notebooks/ros_ws/install/driver_ros2/share/ament_index
[7.414s] creating /home/kencheng/notebooks/ros_ws/install/driver_ros2/share/ament_index/resource_index
[7.414s] creating /home/kencheng/notebooks/ros_ws/install/driver_ros2/share/ament_index/resource_index/packages
[7.415s] copying resource/driver_ros2 -> /home/kencheng/notebooks/ros_ws/install/driver_ros2/share/ament_index/resource_index/packages
[7.416s] copying package.xml -> /home/kencheng/notebooks/ros_ws/install/driver_ros2/share/driver_ros2
[7.417s] running install_egg_info
[7.426s] Copying ../../build/driver_ros2/driver_ros2.egg-info to /home/kencheng/notebooks/ros_ws/install/driver_ros2/lib/python3.10/site-packages/driver_ros2-0.0.0-py3.10.egg-info
[7.433s] running install_scripts
[7.551s] Installing driver_node script to /home/kencheng/notebooks/ros_ws/install/driver_ros2/lib/driver_ros2
[7.554s] writing list of installed files to '/home/kencheng/notebooks/ros_ws/build/driver_ros2/install.log'
[7.704s] Invoked command in '/home/kencheng/notebooks/ros_ws/src/driver_ros2' returned '0': CONDA_PROMPT_MODIFIER=(ros2_humble) PYTHONPATH=/home/kencheng/notebooks/ros_ws/build/driver_ros2/prefix_override:/usr/lib/python3/dist-packages/colcon_core/task/python/colcon_distutils_commands:/home/kencheng/notebooks/ros_ws/install/driver_ros2/lib/python3.10/site-packages:${PYTHONPATH} /usr/bin/python3 -W ignore:setup.py install is deprecated -W ignore:easy_install command is deprecated setup.py egg_info --egg-base ../../build/driver_ros2 build --build-base /home/kencheng/notebooks/ros_ws/build/driver_ros2/build install --record /home/kencheng/notebooks/ros_ws/build/driver_ros2/install.log --single-version-externally-managed install_data
