[1.177s] Invoking command in '/home/kencheng/notebooks/ros_ws/build/sllidar_ros2': CMAKE_PREFIX_PATH=${CMAKE_PREFIX_PATH}:/home/kencheng/notebooks/ros_ws/install/video_streamer:/home/kencheng/notebooks/ros_ws/install/driver_ros2:/opt/ros/humble CONDA_PROMPT_MODIFIER=(base) /usr/bin/cmake --build /home/kencheng/notebooks/ros_ws/build/sllidar_ros2 -- -j4 -l4
[1.554s] [ 10%] Built target sllidar_client
[1.569s] [100%] Built target sllidar_node
[2.710s] Invoked command in '/home/kencheng/notebooks/ros_ws/build/sllidar_ros2' returned '0': CMAKE_PREFIX_PATH=${CMAKE_PREFIX_PATH}:/home/kencheng/notebooks/ros_ws/install/video_streamer:/home/kencheng/notebooks/ros_ws/install/driver_ros2:/opt/ros/humble CONDA_PROMPT_MODIFIER=(base) /usr/bin/cmake --build /home/kencheng/notebooks/ros_ws/build/sllidar_ros2 -- -j4 -l4
[2.719s] Invoking command in '/home/kencheng/notebooks/ros_ws/build/sllidar_ros2': CMAKE_PREFIX_PATH=${CMAKE_PREFIX_PATH}:/home/kencheng/notebooks/ros_ws/install/video_streamer:/home/kencheng/notebooks/ros_ws/install/driver_ros2:/opt/ros/humble CONDA_PROMPT_MODIFIER=(base) /usr/bin/cmake --install /home/kencheng/notebooks/ros_ws/build/sllidar_ros2
[2.786s] -- Install configuration: ""
[2.786s] -- Up-to-date: /home/kencheng/notebooks/ros_ws/install/sllidar_ros2/share/sllidar_ros2/launch
[2.787s] -- Up-to-date: /home/kencheng/notebooks/ros_ws/install/sllidar_ros2/share/sllidar_ros2/launch/view_sllidar_c1_launch.py
[2.788s] -- Up-to-date: /home/kencheng/notebooks/ros_ws/install/sllidar_ros2/share/sllidar_ros2/launch/sllidar_c1_launch.py
[2.788s] -- Up-to-date: /home/kencheng/notebooks/ros_ws/install/sllidar_ros2/share/sllidar_ros2/launch/.ipynb_checkpoints
[2.789s] -- Up-to-date: /home/kencheng/notebooks/ros_ws/install/sllidar_ros2/share/sllidar_ros2/launch/.ipynb_checkpoints/motor_controll-checkpoint.py
[2.789s] -- Up-to-date: /home/kencheng/notebooks/ros_ws/install/sllidar_ros2/share/sllidar_ros2/rviz
[2.791s] -- Up-to-date: /home/kencheng/notebooks/ros_ws/install/sllidar_ros2/share/sllidar_ros2/rviz/sllidar_ros2.rviz
[2.792s] -- Up-to-date: /home/kencheng/notebooks/ros_ws/install/sllidar_ros2/lib/sllidar_ros2/sllidar_node
[2.792s] -- Up-to-date: /home/kencheng/notebooks/ros_ws/install/sllidar_ros2/lib/sllidar_ros2/sllidar_client
[2.793s] -- Up-to-date: /home/kencheng/notebooks/ros_ws/install/sllidar_ros2/share/ament_index/resource_index/package_run_dependencies/sllidar_ros2
[2.794s] -- Up-to-date: /home/kencheng/notebooks/ros_ws/install/sllidar_ros2/share/ament_index/resource_index/parent_prefix_path/sllidar_ros2
[2.794s] -- Up-to-date: /home/kencheng/notebooks/ros_ws/install/sllidar_ros2/share/sllidar_ros2/environment/ament_prefix_path.sh
[2.796s] -- Up-to-date: /home/kencheng/notebooks/ros_ws/install/sllidar_ros2/share/sllidar_ros2/environment/ament_prefix_path.dsv
[2.801s] -- Up-to-date: /home/kencheng/notebooks/ros_ws/install/sllidar_ros2/share/sllidar_ros2/environment/path.sh
[2.801s] -- Up-to-date: /home/kencheng/notebooks/ros_ws/install/sllidar_ros2/share/sllidar_ros2/environment/path.dsv
[2.802s] -- Up-to-date: /home/kencheng/notebooks/ros_ws/install/sllidar_ros2/share/sllidar_ros2/local_setup.bash
[2.803s] -- Up-to-date: /home/kencheng/notebooks/ros_ws/install/sllidar_ros2/share/sllidar_ros2/local_setup.sh
[2.803s] -- Up-to-date: /home/kencheng/notebooks/ros_ws/install/sllidar_ros2/share/sllidar_ros2/local_setup.zsh
[2.804s] -- Up-to-date: /home/kencheng/notebooks/ros_ws/install/sllidar_ros2/share/sllidar_ros2/local_setup.dsv
[2.813s] -- Installing: /home/kencheng/notebooks/ros_ws/install/sllidar_ros2/share/sllidar_ros2/package.dsv
[2.814s] -- Up-to-date: /home/kencheng/notebooks/ros_ws/install/sllidar_ros2/share/ament_index/resource_index/packages/sllidar_ros2
[2.817s] -- Up-to-date: /home/kencheng/notebooks/ros_ws/install/sllidar_ros2/share/sllidar_ros2/cmake/ament_cmake_export_dependencies-extras.cmake
[2.818s] -- Up-to-date: /home/kencheng/notebooks/ros_ws/install/sllidar_ros2/share/sllidar_ros2/cmake/ament_cmake_export_include_directories-extras.cmake
[2.819s] -- Up-to-date: /home/kencheng/notebooks/ros_ws/install/sllidar_ros2/share/sllidar_ros2/cmake/sllidar_ros2Config.cmake
[2.821s] -- Up-to-date: /home/kencheng/notebooks/ros_ws/install/sllidar_ros2/share/sllidar_ros2/cmake/sllidar_ros2Config-version.cmake
[2.822s] -- Up-to-date: /home/kencheng/notebooks/ros_ws/install/sllidar_ros2/share/sllidar_ros2/package.xml
[2.874s] Invoked command in '/home/kencheng/notebooks/ros_ws/build/sllidar_ros2' returned '0': CMAKE_PREFIX_PATH=${CMAKE_PREFIX_PATH}:/home/kencheng/notebooks/ros_ws/install/video_streamer:/home/kencheng/notebooks/ros_ws/install/driver_ros2:/opt/ros/humble CONDA_PROMPT_MODIFIER=(base) /usr/bin/cmake --install /home/kencheng/notebooks/ros_ws/build/sllidar_ros2
