[4.739s] Invoking command in '/home/kencheng/notebooks/ros_ws/src/driver_ros2': CONDA_PROMPT_MODIFIER=(ros2_humble) PYTHONPATH=/home/kencheng/notebooks/ros_ws/build/driver_ros2/prefix_override:/usr/lib/python3/dist-packages/colcon_core/task/python/colcon_distutils_commands:/home/kencheng/notebooks/ros_ws/install/driver_ros2/lib/python3.10/site-packages:${PYTHONPATH} /usr/bin/python3 -W ignore:setup.py install is deprecated -W ignore:easy_install command is deprecated setup.py egg_info --egg-base ../../build/driver_ros2 build --build-base /home/kencheng/notebooks/ros_ws/build/driver_ros2/build install --record /home/kencheng/notebooks/ros_ws/build/driver_ros2/install.log --single-version-externally-managed install_data
[6.327s] running egg_info
[6.448s] writing ../../build/driver_ros2/driver_ros2.egg-info/PKG-INFO
[6.449s] writing dependency_links to ../../build/driver_ros2/driver_ros2.egg-info/dependency_links.txt
[6.450s] writing entry points to ../../build/driver_ros2/driver_ros2.egg-info/entry_points.txt
[6.452s] writing requirements to ../../build/driver_ros2/driver_ros2.egg-info/requires.txt
[6.453s] writing top-level names to ../../build/driver_ros2/driver_ros2.egg-info/top_level.txt
[6.694s] reading manifest file '../../build/driver_ros2/driver_ros2.egg-info/SOURCES.txt'
[6.700s] writing manifest file '../../build/driver_ros2/driver_ros2.egg-info/SOURCES.txt'
[6.701s] running build
[6.702s] running build_py
[6.703s] copying driver_ros2/driver_node.py -> /home/kencheng/notebooks/ros_ws/build/driver_ros2/build/lib/driver_ros2
[6.705s] copying driver_ros2/__init__.py -> /home/kencheng/notebooks/ros_ws/build/driver_ros2/build/lib/driver_ros2
[6.706s] copying driver_ros2/ros_robot_controller_sdk.py -> /home/kencheng/notebooks/ros_ws/build/driver_ros2/build/lib/driver_ros2
[6.708s] running install
[6.729s] running install_lib
[6.835s] running install_data
[6.836s] copying resource/driver_ros2 -> /home/kencheng/notebooks/ros_ws/install/driver_ros2/share/ament_index/resource_index/packages
[6.838s] copying package.xml -> /home/kencheng/notebooks/ros_ws/install/driver_ros2/share/driver_ros2
[6.839s] running install_egg_info
[6.953s] removing '/home/kencheng/notebooks/ros_ws/install/driver_ros2/lib/python3.10/site-packages/driver_ros2-0.0.0-py3.10.egg-info' (and everything under it)
[6.953s] Copying ../../build/driver_ros2/driver_ros2.egg-info to /home/kencheng/notebooks/ros_ws/install/driver_ros2/lib/python3.10/site-packages/driver_ros2-0.0.0-py3.10.egg-info
[6.959s] running install_scripts
[7.919s] Installing driver_node script to /home/kencheng/notebooks/ros_ws/install/driver_ros2/lib/driver_ros2
[7.921s] writing list of installed files to '/home/kencheng/notebooks/ros_ws/build/driver_ros2/install.log'
[8.076s] Invoked command in '/home/kencheng/notebooks/ros_ws/src/driver_ros2' returned '0': CONDA_PROMPT_MODIFIER=(ros2_humble) PYTHONPATH=/home/kencheng/notebooks/ros_ws/build/driver_ros2/prefix_override:/usr/lib/python3/dist-packages/colcon_core/task/python/colcon_distutils_commands:/home/kencheng/notebooks/ros_ws/install/driver_ros2/lib/python3.10/site-packages:${PYTHONPATH} /usr/bin/python3 -W ignore:setup.py install is deprecated -W ignore:easy_install command is deprecated setup.py egg_info --egg-base ../../build/driver_ros2 build --build-base /home/kencheng/notebooks/ros_ws/build/driver_ros2/build install --record /home/kencheng/notebooks/ros_ws/build/driver_ros2/install.log --single-version-externally-managed install_data
