[0.494s] DEBUG:colcon:Command line arguments: ['/usr/bin/colcon', 'build']
[0.494s] DEBUG:colcon:Parsed command line arguments: Namespace(log_base=None, log_level=None, verb_name='build', build_base='build', install_base='install', merge_install=False, symlink_install=False, test_result_base=None, continue_on_error=False, executor='parallel', parallel_workers=4, event_handlers=None, ignore_user_meta=False, metas=['./colcon.meta'], base_paths=['.'], packages_ignore=None, packages_ignore_regex=None, paths=None, packages_up_to=None, packages_up_to_regex=None, packages_above=None, packages_above_and_dependencies=None, packages_above_depth=None, packages_select_by_dep=None, packages_skip_by_dep=None, packages_skip_up_to=None, packages_select_build_failed=False, packages_skip_build_finished=False, packages_select_test_failures=False, packages_skip_test_passed=False, packages_select=None, packages_skip=None, packages_select_regex=None, packages_skip_regex=None, packages_start=None, packages_end=None, allow_overriding=[], cmake_args=None, cmake_target=None, cmake_target_skip_unavailable=False, cmake_clean_cache=False, cmake_clean_first=False, cmake_force_configure=False, ament_cmake_args=None, catkin_cmake_args=None, catkin_skip_building_tests=False, mixin_files=None, mixin=None, verb_parser=<colcon_mixin.mixin.mixin_argument.MixinArgumentDecorator object at 0xffff8e598040>, verb_extension=<colcon_core.verb.build.BuildVerb object at 0xffff8e779660>, main=<bound method BuildVerb.main of <colcon_core.verb.build.BuildVerb object at 0xffff8e779660>>, mixin_verb=('build',))
[0.659s] Level 1:colcon.colcon_core.package_discovery:discover_packages(colcon_meta) check parameters
[0.660s] Level 1:colcon.colcon_core.package_discovery:discover_packages(recursive) check parameters
[0.660s] Level 1:colcon.colcon_core.package_discovery:discover_packages(ignore) check parameters
[0.660s] Level 1:colcon.colcon_core.package_discovery:discover_packages(path) check parameters
[0.660s] Level 1:colcon.colcon_core.package_discovery:discover_packages(colcon_meta) discover
[0.660s] Level 1:colcon.colcon_core.package_discovery:discover_packages(recursive) discover
[0.660s] INFO:colcon.colcon_core.package_discovery:Crawling recursively for packages in '/home/kencheng/notebooks/ros_ws'
[0.661s] Level 1:colcon.colcon_core.package_identification:_identify(.) by extensions ['ignore', 'ignore_ament_install']
[0.661s] Level 1:colcon.colcon_core.package_identification:_identify(.) by extension 'ignore'
[0.661s] Level 1:colcon.colcon_core.package_identification:_identify(.) by extension 'ignore_ament_install'
[0.662s] Level 1:colcon.colcon_core.package_identification:_identify(.) by extensions ['colcon_pkg']
[0.662s] Level 1:colcon.colcon_core.package_identification:_identify(.) by extension 'colcon_pkg'
[0.662s] Level 1:colcon.colcon_core.package_identification:_identify(.) by extensions ['colcon_meta']
[0.662s] Level 1:colcon.colcon_core.package_identification:_identify(.) by extension 'colcon_meta'
[0.662s] Level 1:colcon.colcon_core.package_identification:_identify(.) by extensions ['ros']
[0.662s] Level 1:colcon.colcon_core.package_identification:_identify(.) by extension 'ros'
[0.762s] Level 1:colcon.colcon_core.package_identification:_identify(.) by extensions ['cmake', 'python']
[0.763s] Level 1:colcon.colcon_core.package_identification:_identify(.) by extension 'cmake'
[0.763s] Level 1:colcon.colcon_core.package_identification:_identify(.) by extension 'python'
[0.763s] Level 1:colcon.colcon_core.package_identification:_identify(.) by extensions ['python_setup_py']
[0.763s] Level 1:colcon.colcon_core.package_identification:_identify(.) by extension 'python_setup_py'
[0.764s] Level 1:colcon.colcon_core.package_identification:_identify(build) by extensions ['ignore', 'ignore_ament_install']
[0.764s] Level 1:colcon.colcon_core.package_identification:_identify(build) by extension 'ignore'
[0.764s] Level 1:colcon.colcon_core.package_identification:_identify(build) ignored
[0.765s] Level 1:colcon.colcon_core.package_identification:_identify(install) by extensions ['ignore', 'ignore_ament_install']
[0.766s] Level 1:colcon.colcon_core.package_identification:_identify(install) by extension 'ignore'
[0.766s] Level 1:colcon.colcon_core.package_identification:_identify(install) ignored
[0.766s] Level 1:colcon.colcon_core.package_identification:_identify(log) by extensions ['ignore', 'ignore_ament_install']
[0.767s] Level 1:colcon.colcon_core.package_identification:_identify(log) by extension 'ignore'
[0.767s] Level 1:colcon.colcon_core.package_identification:_identify(log) ignored
[0.767s] Level 1:colcon.colcon_core.package_identification:_identify(src) by extensions ['ignore', 'ignore_ament_install']
[0.768s] Level 1:colcon.colcon_core.package_identification:_identify(src) by extension 'ignore'
[0.768s] Level 1:colcon.colcon_core.package_identification:_identify(src) by extension 'ignore_ament_install'
[0.768s] Level 1:colcon.colcon_core.package_identification:_identify(src) by extensions ['colcon_pkg']
[0.768s] Level 1:colcon.colcon_core.package_identification:_identify(src) by extension 'colcon_pkg'
[0.768s] Level 1:colcon.colcon_core.package_identification:_identify(src) by extensions ['colcon_meta']
[0.768s] Level 1:colcon.colcon_core.package_identification:_identify(src) by extension 'colcon_meta'
[0.768s] Level 1:colcon.colcon_core.package_identification:_identify(src) by extensions ['ros']
[0.769s] Level 1:colcon.colcon_core.package_identification:_identify(src) by extension 'ros'
[0.769s] Level 1:colcon.colcon_core.package_identification:_identify(src) by extensions ['cmake', 'python']
[0.769s] Level 1:colcon.colcon_core.package_identification:_identify(src) by extension 'cmake'
[0.769s] Level 1:colcon.colcon_core.package_identification:_identify(src) by extension 'python'
[0.769s] Level 1:colcon.colcon_core.package_identification:_identify(src) by extensions ['python_setup_py']
[0.770s] Level 1:colcon.colcon_core.package_identification:_identify(src) by extension 'python_setup_py'
[0.770s] Level 1:colcon.colcon_core.package_identification:_identify(src/cartographer_ros2) by extensions ['ignore', 'ignore_ament_install']
[0.770s] Level 1:colcon.colcon_core.package_identification:_identify(src/cartographer_ros2) by extension 'ignore'
[0.771s] Level 1:colcon.colcon_core.package_identification:_identify(src/cartographer_ros2) by extension 'ignore_ament_install'
[0.771s] Level 1:colcon.colcon_core.package_identification:_identify(src/cartographer_ros2) by extensions ['colcon_pkg']
[0.771s] Level 1:colcon.colcon_core.package_identification:_identify(src/cartographer_ros2) by extension 'colcon_pkg'
[0.771s] Level 1:colcon.colcon_core.package_identification:_identify(src/cartographer_ros2) by extensions ['colcon_meta']
[0.771s] Level 1:colcon.colcon_core.package_identification:_identify(src/cartographer_ros2) by extension 'colcon_meta'
[0.771s] Level 1:colcon.colcon_core.package_identification:_identify(src/cartographer_ros2) by extensions ['ros']
[0.771s] Level 1:colcon.colcon_core.package_identification:_identify(src/cartographer_ros2) by extension 'ros'
[0.781s] DEBUG:colcon.colcon_core.package_identification:Package 'src/cartographer_ros2' with type 'ros.ament_cmake' and name 'cartographer_ros2'
[0.781s] Level 1:colcon.colcon_core.package_identification:_identify(src/driver_ros2) by extensions ['ignore', 'ignore_ament_install']
[0.782s] Level 1:colcon.colcon_core.package_identification:_identify(src/driver_ros2) by extension 'ignore'
[0.782s] Level 1:colcon.colcon_core.package_identification:_identify(src/driver_ros2) by extension 'ignore_ament_install'
[0.782s] Level 1:colcon.colcon_core.package_identification:_identify(src/driver_ros2) by extensions ['colcon_pkg']
[0.782s] Level 1:colcon.colcon_core.package_identification:_identify(src/driver_ros2) by extension 'colcon_pkg'
[0.783s] Level 1:colcon.colcon_core.package_identification:_identify(src/driver_ros2) by extensions ['colcon_meta']
[0.783s] Level 1:colcon.colcon_core.package_identification:_identify(src/driver_ros2) by extension 'colcon_meta'
[0.783s] Level 1:colcon.colcon_core.package_identification:_identify(src/driver_ros2) by extensions ['ros']
[0.783s] Level 1:colcon.colcon_core.package_identification:_identify(src/driver_ros2) by extension 'ros'
[0.785s] DEBUG:colcon.colcon_core.package_identification:Package 'src/driver_ros2' with type 'ros.ament_python' and name 'driver_ros2'
[0.786s] Level 1:colcon.colcon_core.package_identification:_identify(src/nav2_ros2) by extensions ['ignore', 'ignore_ament_install']
[0.786s] Level 1:colcon.colcon_core.package_identification:_identify(src/nav2_ros2) by extension 'ignore'
[0.787s] Level 1:colcon.colcon_core.package_identification:_identify(src/nav2_ros2) by extension 'ignore_ament_install'
[0.787s] Level 1:colcon.colcon_core.package_identification:_identify(src/nav2_ros2) by extensions ['colcon_pkg']
[0.787s] Level 1:colcon.colcon_core.package_identification:_identify(src/nav2_ros2) by extension 'colcon_pkg'
[0.787s] Level 1:colcon.colcon_core.package_identification:_identify(src/nav2_ros2) by extensions ['colcon_meta']
[0.787s] Level 1:colcon.colcon_core.package_identification:_identify(src/nav2_ros2) by extension 'colcon_meta'
[0.787s] Level 1:colcon.colcon_core.package_identification:_identify(src/nav2_ros2) by extensions ['ros']
[0.787s] Level 1:colcon.colcon_core.package_identification:_identify(src/nav2_ros2) by extension 'ros'
[0.790s] DEBUG:colcon.colcon_core.package_identification:Package 'src/nav2_ros2' with type 'ros.ament_cmake' and name 'nav2_ros2'
[0.791s] Level 1:colcon.colcon_core.package_identification:_identify(src/sllidar_ros2) by extensions ['ignore', 'ignore_ament_install']
[0.791s] Level 1:colcon.colcon_core.package_identification:_identify(src/sllidar_ros2) by extension 'ignore'
[0.791s] Level 1:colcon.colcon_core.package_identification:_identify(src/sllidar_ros2) by extension 'ignore_ament_install'
[0.791s] Level 1:colcon.colcon_core.package_identification:_identify(src/sllidar_ros2) by extensions ['colcon_pkg']
[0.792s] Level 1:colcon.colcon_core.package_identification:_identify(src/sllidar_ros2) by extension 'colcon_pkg'
[0.792s] Level 1:colcon.colcon_core.package_identification:_identify(src/sllidar_ros2) by extensions ['colcon_meta']
[0.792s] Level 1:colcon.colcon_core.package_identification:_identify(src/sllidar_ros2) by extension 'colcon_meta'
[0.792s] Level 1:colcon.colcon_core.package_identification:_identify(src/sllidar_ros2) by extensions ['ros']
[0.792s] Level 1:colcon.colcon_core.package_identification:_identify(src/sllidar_ros2) by extension 'ros'
[0.795s] DEBUG:colcon.colcon_core.package_identification:Package 'src/sllidar_ros2' with type 'ros.ament_cmake' and name 'sllidar_ros2'
[0.796s] Level 1:colcon.colcon_core.package_identification:_identify(src/video_streamer) by extensions ['ignore', 'ignore_ament_install']
[0.796s] Level 1:colcon.colcon_core.package_identification:_identify(src/video_streamer) by extension 'ignore'
[0.796s] Level 1:colcon.colcon_core.package_identification:_identify(src/video_streamer) by extension 'ignore_ament_install'
[0.796s] Level 1:colcon.colcon_core.package_identification:_identify(src/video_streamer) by extensions ['colcon_pkg']
[0.797s] Level 1:colcon.colcon_core.package_identification:_identify(src/video_streamer) by extension 'colcon_pkg'
[0.797s] Level 1:colcon.colcon_core.package_identification:_identify(src/video_streamer) by extensions ['colcon_meta']
[0.797s] Level 1:colcon.colcon_core.package_identification:_identify(src/video_streamer) by extension 'colcon_meta'
[0.797s] Level 1:colcon.colcon_core.package_identification:_identify(src/video_streamer) by extensions ['ros']
[0.797s] Level 1:colcon.colcon_core.package_identification:_identify(src/video_streamer) by extension 'ros'
[0.799s] DEBUG:colcon.colcon_core.package_identification:Package 'src/video_streamer' with type 'ros.ament_python' and name 'video_streamer'
[0.800s] Level 1:colcon.colcon_core.package_discovery:discover_packages(recursive) using defaults
[0.800s] Level 1:colcon.colcon_core.package_discovery:discover_packages(ignore) discover
[0.800s] Level 1:colcon.colcon_core.package_discovery:discover_packages(ignore) using defaults
[0.800s] Level 1:colcon.colcon_core.package_discovery:discover_packages(path) discover
[0.800s] Level 1:colcon.colcon_core.package_discovery:discover_packages(path) using defaults
[0.876s] Level 1:colcon.colcon_core.package_discovery:discover_packages(prefix_path) check parameters
[0.876s] Level 1:colcon.colcon_core.package_discovery:discover_packages(prefix_path) discover
[0.886s] DEBUG:colcon.colcon_installed_package_information.package_discovery:Found 5 installed packages in /home/kencheng/notebooks/ros_ws/install
[0.899s] DEBUG:colcon.colcon_installed_package_information.package_discovery:Found 417 installed packages in /opt/ros/humble
[0.908s] Level 1:colcon.colcon_core.package_discovery:discover_packages(prefix_path) using defaults
[1.176s] Level 5:colcon.colcon_core.verb:set package 'cartographer_ros2' build argument 'cmake_args' from command line to 'None'
[1.177s] Level 5:colcon.colcon_core.verb:set package 'cartographer_ros2' build argument 'cmake_target' from command line to 'None'
[1.177s] Level 5:colcon.colcon_core.verb:set package 'cartographer_ros2' build argument 'cmake_target_skip_unavailable' from command line to 'False'
[1.177s] Level 5:colcon.colcon_core.verb:set package 'cartographer_ros2' build argument 'cmake_clean_cache' from command line to 'False'
[1.177s] Level 5:colcon.colcon_core.verb:set package 'cartographer_ros2' build argument 'cmake_clean_first' from command line to 'False'
[1.177s] Level 5:colcon.colcon_core.verb:set package 'cartographer_ros2' build argument 'cmake_force_configure' from command line to 'False'
[1.177s] Level 5:colcon.colcon_core.verb:set package 'cartographer_ros2' build argument 'ament_cmake_args' from command line to 'None'
[1.177s] Level 5:colcon.colcon_core.verb:set package 'cartographer_ros2' build argument 'catkin_cmake_args' from command line to 'None'
[1.177s] Level 5:colcon.colcon_core.verb:set package 'cartographer_ros2' build argument 'catkin_skip_building_tests' from command line to 'False'
[1.178s] DEBUG:colcon.colcon_core.verb:Building package 'cartographer_ros2' with the following arguments: {'ament_cmake_args': None, 'build_base': '/home/kencheng/notebooks/ros_ws/build/cartographer_ros2', 'catkin_cmake_args': None, 'catkin_skip_building_tests': False, 'cmake_args': None, 'cmake_clean_cache': False, 'cmake_clean_first': False, 'cmake_force_configure': False, 'cmake_target': None, 'cmake_target_skip_unavailable': False, 'install_base': '/home/kencheng/notebooks/ros_ws/install/cartographer_ros2', 'merge_install': False, 'path': '/home/kencheng/notebooks/ros_ws/src/cartographer_ros2', 'symlink_install': False, 'test_result_base': None}
[1.179s] Level 5:colcon.colcon_core.verb:set package 'driver_ros2' build argument 'cmake_args' from command line to 'None'
[1.179s] Level 5:colcon.colcon_core.verb:set package 'driver_ros2' build argument 'cmake_target' from command line to 'None'
[1.179s] Level 5:colcon.colcon_core.verb:set package 'driver_ros2' build argument 'cmake_target_skip_unavailable' from command line to 'False'
[1.179s] Level 5:colcon.colcon_core.verb:set package 'driver_ros2' build argument 'cmake_clean_cache' from command line to 'False'
[1.180s] Level 5:colcon.colcon_core.verb:set package 'driver_ros2' build argument 'cmake_clean_first' from command line to 'False'
[1.180s] Level 5:colcon.colcon_core.verb:set package 'driver_ros2' build argument 'cmake_force_configure' from command line to 'False'
[1.180s] Level 5:colcon.colcon_core.verb:set package 'driver_ros2' build argument 'ament_cmake_args' from command line to 'None'
[1.180s] Level 5:colcon.colcon_core.verb:set package 'driver_ros2' build argument 'catkin_cmake_args' from command line to 'None'
[1.180s] Level 5:colcon.colcon_core.verb:set package 'driver_ros2' build argument 'catkin_skip_building_tests' from command line to 'False'
[1.180s] DEBUG:colcon.colcon_core.verb:Building package 'driver_ros2' with the following arguments: {'ament_cmake_args': None, 'build_base': '/home/kencheng/notebooks/ros_ws/build/driver_ros2', 'catkin_cmake_args': None, 'catkin_skip_building_tests': False, 'cmake_args': None, 'cmake_clean_cache': False, 'cmake_clean_first': False, 'cmake_force_configure': False, 'cmake_target': None, 'cmake_target_skip_unavailable': False, 'install_base': '/home/kencheng/notebooks/ros_ws/install/driver_ros2', 'merge_install': False, 'path': '/home/kencheng/notebooks/ros_ws/src/driver_ros2', 'symlink_install': False, 'test_result_base': None}
[1.182s] Level 5:colcon.colcon_core.verb:set package 'nav2_ros2' build argument 'cmake_args' from command line to 'None'
[1.182s] Level 5:colcon.colcon_core.verb:set package 'nav2_ros2' build argument 'cmake_target' from command line to 'None'
[1.182s] Level 5:colcon.colcon_core.verb:set package 'nav2_ros2' build argument 'cmake_target_skip_unavailable' from command line to 'False'
[1.182s] Level 5:colcon.colcon_core.verb:set package 'nav2_ros2' build argument 'cmake_clean_cache' from command line to 'False'
[1.182s] Level 5:colcon.colcon_core.verb:set package 'nav2_ros2' build argument 'cmake_clean_first' from command line to 'False'
[1.182s] Level 5:colcon.colcon_core.verb:set package 'nav2_ros2' build argument 'cmake_force_configure' from command line to 'False'
[1.182s] Level 5:colcon.colcon_core.verb:set package 'nav2_ros2' build argument 'ament_cmake_args' from command line to 'None'
[1.182s] Level 5:colcon.colcon_core.verb:set package 'nav2_ros2' build argument 'catkin_cmake_args' from command line to 'None'
[1.182s] Level 5:colcon.colcon_core.verb:set package 'nav2_ros2' build argument 'catkin_skip_building_tests' from command line to 'False'
[1.183s] DEBUG:colcon.colcon_core.verb:Building package 'nav2_ros2' with the following arguments: {'ament_cmake_args': None, 'build_base': '/home/kencheng/notebooks/ros_ws/build/nav2_ros2', 'catkin_cmake_args': None, 'catkin_skip_building_tests': False, 'cmake_args': None, 'cmake_clean_cache': False, 'cmake_clean_first': False, 'cmake_force_configure': False, 'cmake_target': None, 'cmake_target_skip_unavailable': False, 'install_base': '/home/kencheng/notebooks/ros_ws/install/nav2_ros2', 'merge_install': False, 'path': '/home/kencheng/notebooks/ros_ws/src/nav2_ros2', 'symlink_install': False, 'test_result_base': None}
[1.184s] Level 5:colcon.colcon_core.verb:set package 'sllidar_ros2' build argument 'cmake_args' from command line to 'None'
[1.184s] Level 5:colcon.colcon_core.verb:set package 'sllidar_ros2' build argument 'cmake_target' from command line to 'None'
[1.184s] Level 5:colcon.colcon_core.verb:set package 'sllidar_ros2' build argument 'cmake_target_skip_unavailable' from command line to 'False'
[1.184s] Level 5:colcon.colcon_core.verb:set package 'sllidar_ros2' build argument 'cmake_clean_cache' from command line to 'False'
[1.184s] Level 5:colcon.colcon_core.verb:set package 'sllidar_ros2' build argument 'cmake_clean_first' from command line to 'False'
[1.184s] Level 5:colcon.colcon_core.verb:set package 'sllidar_ros2' build argument 'cmake_force_configure' from command line to 'False'
[1.185s] Level 5:colcon.colcon_core.verb:set package 'sllidar_ros2' build argument 'ament_cmake_args' from command line to 'None'
[1.185s] Level 5:colcon.colcon_core.verb:set package 'sllidar_ros2' build argument 'catkin_cmake_args' from command line to 'None'
[1.185s] Level 5:colcon.colcon_core.verb:set package 'sllidar_ros2' build argument 'catkin_skip_building_tests' from command line to 'False'
[1.185s] DEBUG:colcon.colcon_core.verb:Building package 'sllidar_ros2' with the following arguments: {'ament_cmake_args': None, 'build_base': '/home/kencheng/notebooks/ros_ws/build/sllidar_ros2', 'catkin_cmake_args': None, 'catkin_skip_building_tests': False, 'cmake_args': None, 'cmake_clean_cache': False, 'cmake_clean_first': False, 'cmake_force_configure': False, 'cmake_target': None, 'cmake_target_skip_unavailable': False, 'install_base': '/home/kencheng/notebooks/ros_ws/install/sllidar_ros2', 'merge_install': False, 'path': '/home/kencheng/notebooks/ros_ws/src/sllidar_ros2', 'symlink_install': False, 'test_result_base': None}
[1.186s] Level 5:colcon.colcon_core.verb:set package 'video_streamer' build argument 'cmake_args' from command line to 'None'
[1.186s] Level 5:colcon.colcon_core.verb:set package 'video_streamer' build argument 'cmake_target' from command line to 'None'
[1.187s] Level 5:colcon.colcon_core.verb:set package 'video_streamer' build argument 'cmake_target_skip_unavailable' from command line to 'False'
[1.187s] Level 5:colcon.colcon_core.verb:set package 'video_streamer' build argument 'cmake_clean_cache' from command line to 'False'
[1.187s] Level 5:colcon.colcon_core.verb:set package 'video_streamer' build argument 'cmake_clean_first' from command line to 'False'
[1.187s] Level 5:colcon.colcon_core.verb:set package 'video_streamer' build argument 'cmake_force_configure' from command line to 'False'
[1.187s] Level 5:colcon.colcon_core.verb:set package 'video_streamer' build argument 'ament_cmake_args' from command line to 'None'
[1.187s] Level 5:colcon.colcon_core.verb:set package 'video_streamer' build argument 'catkin_cmake_args' from command line to 'None'
[1.187s] Level 5:colcon.colcon_core.verb:set package 'video_streamer' build argument 'catkin_skip_building_tests' from command line to 'False'
[1.187s] DEBUG:colcon.colcon_core.verb:Building package 'video_streamer' with the following arguments: {'ament_cmake_args': None, 'build_base': '/home/kencheng/notebooks/ros_ws/build/video_streamer', 'catkin_cmake_args': None, 'catkin_skip_building_tests': False, 'cmake_args': None, 'cmake_clean_cache': False, 'cmake_clean_first': False, 'cmake_force_configure': False, 'cmake_target': None, 'cmake_target_skip_unavailable': False, 'install_base': '/home/kencheng/notebooks/ros_ws/install/video_streamer', 'merge_install': False, 'path': '/home/kencheng/notebooks/ros_ws/src/video_streamer', 'symlink_install': False, 'test_result_base': None}
[1.188s] INFO:colcon.colcon_core.executor:Executing jobs using 'parallel' executor
[1.191s] DEBUG:colcon.colcon_parallel_executor.executor.parallel:run_until_complete
[1.192s] INFO:colcon.colcon_ros.task.ament_cmake.build:Building ROS package in '/home/kencheng/notebooks/ros_ws/src/cartographer_ros2' with build type 'ament_cmake'
[1.192s] INFO:colcon.colcon_cmake.task.cmake.build:Building CMake package in '/home/kencheng/notebooks/ros_ws/src/cartographer_ros2'
[1.202s] INFO:colcon.colcon_core.plugin_system:Skipping extension 'colcon_core.shell.bat': Not used on non-Windows systems
[1.203s] INFO:colcon.colcon_core.shell:Skip shell extension 'powershell' for command environment: Not usable outside of PowerShell
[1.203s] DEBUG:colcon.colcon_core.shell:Skip shell extension 'dsv' for command environment
[1.228s] INFO:colcon.colcon_ros.task.ament_python.build:Building ROS package in '/home/kencheng/notebooks/ros_ws/src/driver_ros2' with build type 'ament_python'
[1.228s] Level 1:colcon.colcon_core.shell:create_environment_hook('driver_ros2', 'ament_prefix_path')
[1.230s] INFO:colcon.colcon_core.shell:Creating environment hook '/home/kencheng/notebooks/ros_ws/install/driver_ros2/share/driver_ros2/hook/ament_prefix_path.ps1'
[1.233s] INFO:colcon.colcon_core.shell:Creating environment descriptor '/home/kencheng/notebooks/ros_ws/install/driver_ros2/share/driver_ros2/hook/ament_prefix_path.dsv'
[1.235s] INFO:colcon.colcon_core.shell:Creating environment hook '/home/kencheng/notebooks/ros_ws/install/driver_ros2/share/driver_ros2/hook/ament_prefix_path.sh'
[1.239s] INFO:colcon.colcon_core.shell:Skip shell extension 'powershell' for command environment: Not usable outside of PowerShell
[1.239s] DEBUG:colcon.colcon_core.shell:Skip shell extension 'dsv' for command environment
[1.262s] INFO:colcon.colcon_ros.task.ament_cmake.build:Building ROS package in '/home/kencheng/notebooks/ros_ws/src/nav2_ros2' with build type 'ament_cmake'
[1.263s] INFO:colcon.colcon_cmake.task.cmake.build:Building CMake package in '/home/kencheng/notebooks/ros_ws/src/nav2_ros2'
[1.264s] INFO:colcon.colcon_core.shell:Skip shell extension 'powershell' for command environment: Not usable outside of PowerShell
[1.265s] DEBUG:colcon.colcon_core.shell:Skip shell extension 'dsv' for command environment
[1.289s] INFO:colcon.colcon_ros.task.ament_cmake.build:Building ROS package in '/home/kencheng/notebooks/ros_ws/src/sllidar_ros2' with build type 'ament_cmake'
[1.290s] INFO:colcon.colcon_cmake.task.cmake.build:Building CMake package in '/home/kencheng/notebooks/ros_ws/src/sllidar_ros2'
[1.291s] INFO:colcon.colcon_core.shell:Skip shell extension 'powershell' for command environment: Not usable outside of PowerShell
[1.292s] DEBUG:colcon.colcon_core.shell:Skip shell extension 'dsv' for command environment
[1.335s] DEBUG:colcon.colcon_core.event_handler.log_command:Invoking command in '/home/kencheng/notebooks/ros_ws/build/cartographer_ros2': CMAKE_PREFIX_PATH=${CMAKE_PREFIX_PATH}:/home/kencheng/notebooks/ros_ws/install/video_streamer:/home/kencheng/notebooks/ros_ws/install/driver_ros2:/opt/ros/humble CONDA_PROMPT_MODIFIER=(base) /usr/bin/cmake --build /home/kencheng/notebooks/ros_ws/build/cartographer_ros2 -- -j4 -l4
[2.395s] INFO:colcon.colcon_core.task.python.build:Building Python package in '/home/kencheng/notebooks/ros_ws/src/driver_ros2'
[2.396s] INFO:colcon.colcon_core.shell:Skip shell extension 'powershell' for command environment: Not usable outside of PowerShell
[2.396s] DEBUG:colcon.colcon_core.shell:Skip shell extension 'dsv' for command environment
[2.445s] DEBUG:colcon.colcon_core.event_handler.log_command:Invoking command in '/home/kencheng/notebooks/ros_ws/build/nav2_ros2': CMAKE_PREFIX_PATH=${CMAKE_PREFIX_PATH}:/home/kencheng/notebooks/ros_ws/install/video_streamer:/home/kencheng/notebooks/ros_ws/install/driver_ros2:/opt/ros/humble CONDA_PROMPT_MODIFIER=(base) /usr/bin/cmake --build /home/kencheng/notebooks/ros_ws/build/nav2_ros2 -- -j4 -l4
[2.452s] DEBUG:colcon.colcon_core.event_handler.log_command:Invoked command in '/home/kencheng/notebooks/ros_ws/build/cartographer_ros2' returned '0': CMAKE_PREFIX_PATH=${CMAKE_PREFIX_PATH}:/home/kencheng/notebooks/ros_ws/install/video_streamer:/home/kencheng/notebooks/ros_ws/install/driver_ros2:/opt/ros/humble CONDA_PROMPT_MODIFIER=(base) /usr/bin/cmake --build /home/kencheng/notebooks/ros_ws/build/cartographer_ros2 -- -j4 -l4
[2.494s] DEBUG:colcon.colcon_core.event_handler.log_command:Invoking command in '/home/kencheng/notebooks/ros_ws/build/cartographer_ros2': CMAKE_PREFIX_PATH=${CMAKE_PREFIX_PATH}:/home/kencheng/notebooks/ros_ws/install/video_streamer:/home/kencheng/notebooks/ros_ws/install/driver_ros2:/opt/ros/humble CONDA_PROMPT_MODIFIER=(base) /usr/bin/cmake --install /home/kencheng/notebooks/ros_ws/build/cartographer_ros2
[2.509s] DEBUG:colcon.colcon_core.event_handler.log_command:Invoking command in '/home/kencheng/notebooks/ros_ws/build/sllidar_ros2': CMAKE_PREFIX_PATH=${CMAKE_PREFIX_PATH}:/home/kencheng/notebooks/ros_ws/install/video_streamer:/home/kencheng/notebooks/ros_ws/install/driver_ros2:/opt/ros/humble CONDA_PROMPT_MODIFIER=(base) /usr/bin/cmake --build /home/kencheng/notebooks/ros_ws/build/sllidar_ros2 -- -j4 -l4
[2.588s] Level 1:colcon.colcon_core.environment:create_environment_scripts_only(cartographer_ros2)
[2.595s] DEBUG:colcon.colcon_core.event_handler.log_command:Invoked command in '/home/kencheng/notebooks/ros_ws/build/cartographer_ros2' returned '0': CMAKE_PREFIX_PATH=${CMAKE_PREFIX_PATH}:/home/kencheng/notebooks/ros_ws/install/video_streamer:/home/kencheng/notebooks/ros_ws/install/driver_ros2:/opt/ros/humble CONDA_PROMPT_MODIFIER=(base) /usr/bin/cmake --install /home/kencheng/notebooks/ros_ws/build/cartographer_ros2
[2.618s] Level 1:colcon.colcon_core.environment:checking '/home/kencheng/notebooks/ros_ws/install/cartographer_ros2' for CMake module files
[2.622s] Level 1:colcon.colcon_core.environment:checking '/home/kencheng/notebooks/ros_ws/install/cartographer_ros2' for CMake config files
[2.627s] Level 1:colcon.colcon_core.shell:create_environment_hook('cartographer_ros2', 'cmake_prefix_path')
[2.628s] INFO:colcon.colcon_core.shell:Creating environment hook '/home/kencheng/notebooks/ros_ws/install/cartographer_ros2/share/cartographer_ros2/hook/cmake_prefix_path.ps1'
[2.631s] INFO:colcon.colcon_core.shell:Creating environment descriptor '/home/kencheng/notebooks/ros_ws/install/cartographer_ros2/share/cartographer_ros2/hook/cmake_prefix_path.dsv'
[2.634s] INFO:colcon.colcon_core.shell:Creating environment hook '/home/kencheng/notebooks/ros_ws/install/cartographer_ros2/share/cartographer_ros2/hook/cmake_prefix_path.sh'
[2.638s] Level 1:colcon.colcon_core.environment:checking '/home/kencheng/notebooks/ros_ws/install/cartographer_ros2/lib'
[2.639s] Level 1:colcon.colcon_core.environment:checking '/home/kencheng/notebooks/ros_ws/install/cartographer_ros2/bin'
[2.639s] Level 1:colcon.colcon_core.environment:checking '/home/kencheng/notebooks/ros_ws/install/cartographer_ros2/lib/pkgconfig/cartographer_ros2.pc'
[2.640s] Level 1:colcon.colcon_core.environment:checking '/home/kencheng/notebooks/ros_ws/install/cartographer_ros2/lib/python3.10/site-packages'
[2.642s] Level 1:colcon.colcon_core.environment:checking '/home/kencheng/notebooks/ros_ws/install/cartographer_ros2/bin'
[2.643s] INFO:colcon.colcon_core.shell:Creating package script '/home/kencheng/notebooks/ros_ws/install/cartographer_ros2/share/cartographer_ros2/package.ps1'
[2.648s] INFO:colcon.colcon_core.shell:Creating package descriptor '/home/kencheng/notebooks/ros_ws/install/cartographer_ros2/share/cartographer_ros2/package.dsv'
[2.652s] INFO:colcon.colcon_core.shell:Creating package script '/home/kencheng/notebooks/ros_ws/install/cartographer_ros2/share/cartographer_ros2/package.sh'
[2.656s] INFO:colcon.colcon_core.shell:Creating package script '/home/kencheng/notebooks/ros_ws/install/cartographer_ros2/share/cartographer_ros2/package.bash'
[2.660s] INFO:colcon.colcon_core.shell:Creating package script '/home/kencheng/notebooks/ros_ws/install/cartographer_ros2/share/cartographer_ros2/package.zsh'
[2.664s] Level 1:colcon.colcon_core.environment:create_file_with_runtime_dependencies(/home/kencheng/notebooks/ros_ws/install/cartographer_ros2/share/colcon-core/packages/cartographer_ros2)
[2.668s] Level 1:colcon.colcon_core.environment:create_environment_scripts_only(cartographer_ros2)
[2.670s] Level 1:colcon.colcon_core.environment:checking '/home/kencheng/notebooks/ros_ws/install/cartographer_ros2' for CMake module files
[2.674s] Level 1:colcon.colcon_core.environment:checking '/home/kencheng/notebooks/ros_ws/install/cartographer_ros2' for CMake config files
[2.678s] Level 1:colcon.colcon_core.shell:create_environment_hook('cartographer_ros2', 'cmake_prefix_path')
[2.680s] INFO:colcon.colcon_core.shell:Creating environment hook '/home/kencheng/notebooks/ros_ws/install/cartographer_ros2/share/cartographer_ros2/hook/cmake_prefix_path.ps1'
[2.683s] INFO:colcon.colcon_core.shell:Creating environment descriptor '/home/kencheng/notebooks/ros_ws/install/cartographer_ros2/share/cartographer_ros2/hook/cmake_prefix_path.dsv'
[2.686s] INFO:colcon.colcon_core.shell:Creating environment hook '/home/kencheng/notebooks/ros_ws/install/cartographer_ros2/share/cartographer_ros2/hook/cmake_prefix_path.sh'
[2.689s] Level 1:colcon.colcon_core.environment:checking '/home/kencheng/notebooks/ros_ws/install/cartographer_ros2/lib'
[2.690s] Level 1:colcon.colcon_core.environment:checking '/home/kencheng/notebooks/ros_ws/install/cartographer_ros2/bin'
[2.691s] Level 1:colcon.colcon_core.environment:checking '/home/kencheng/notebooks/ros_ws/install/cartographer_ros2/lib/pkgconfig/cartographer_ros2.pc'
[2.692s] Level 1:colcon.colcon_core.environment:checking '/home/kencheng/notebooks/ros_ws/install/cartographer_ros2/lib/python3.10/site-packages'
[2.694s] Level 1:colcon.colcon_core.environment:checking '/home/kencheng/notebooks/ros_ws/install/cartographer_ros2/bin'
[2.695s] INFO:colcon.colcon_core.shell:Creating package script '/home/kencheng/notebooks/ros_ws/install/cartographer_ros2/share/cartographer_ros2/package.ps1'
[2.699s] INFO:colcon.colcon_core.shell:Creating package descriptor '/home/kencheng/notebooks/ros_ws/install/cartographer_ros2/share/cartographer_ros2/package.dsv'
[2.702s] INFO:colcon.colcon_core.shell:Creating package script '/home/kencheng/notebooks/ros_ws/install/cartographer_ros2/share/cartographer_ros2/package.sh'
[2.705s] INFO:colcon.colcon_core.shell:Creating package script '/home/kencheng/notebooks/ros_ws/install/cartographer_ros2/share/cartographer_ros2/package.bash'
[2.709s] INFO:colcon.colcon_core.shell:Creating package script '/home/kencheng/notebooks/ros_ws/install/cartographer_ros2/share/cartographer_ros2/package.zsh'
[2.711s] Level 1:colcon.colcon_core.environment:create_file_with_runtime_dependencies(/home/kencheng/notebooks/ros_ws/install/cartographer_ros2/share/colcon-core/packages/cartographer_ros2)
[2.716s] INFO:colcon.colcon_ros.task.ament_python.build:Building ROS package in '/home/kencheng/notebooks/ros_ws/src/video_streamer' with build type 'ament_python'
[2.717s] Level 1:colcon.colcon_core.shell:create_environment_hook('video_streamer', 'ament_prefix_path')
[2.719s] INFO:colcon.colcon_core.shell:Creating environment hook '/home/kencheng/notebooks/ros_ws/install/video_streamer/share/video_streamer/hook/ament_prefix_path.ps1'
[2.721s] INFO:colcon.colcon_core.shell:Creating environment descriptor '/home/kencheng/notebooks/ros_ws/install/video_streamer/share/video_streamer/hook/ament_prefix_path.dsv'
[2.724s] INFO:colcon.colcon_core.shell:Creating environment hook '/home/kencheng/notebooks/ros_ws/install/video_streamer/share/video_streamer/hook/ament_prefix_path.sh'
[2.727s] INFO:colcon.colcon_core.shell:Skip shell extension 'powershell' for command environment: Not usable outside of PowerShell
[2.728s] DEBUG:colcon.colcon_core.shell:Skip shell extension 'dsv' for command environment
[3.981s] INFO:colcon.colcon_core.task.python.build:Building Python package in '/home/kencheng/notebooks/ros_ws/src/video_streamer'
[3.982s] INFO:colcon.colcon_core.shell:Skip shell extension 'powershell' for command environment: Not usable outside of PowerShell
[3.982s] DEBUG:colcon.colcon_core.shell:Skip shell extension 'dsv' for command environment
[4.010s] DEBUG:colcon.colcon_core.event_handler.log_command:Invoked command in '/home/kencheng/notebooks/ros_ws/build/nav2_ros2' returned '0': CMAKE_PREFIX_PATH=${CMAKE_PREFIX_PATH}:/home/kencheng/notebooks/ros_ws/install/video_streamer:/home/kencheng/notebooks/ros_ws/install/driver_ros2:/opt/ros/humble CONDA_PROMPT_MODIFIER=(base) /usr/bin/cmake --build /home/kencheng/notebooks/ros_ws/build/nav2_ros2 -- -j4 -l4
[4.015s] DEBUG:colcon.colcon_core.event_handler.log_command:Invoking command in '/home/kencheng/notebooks/ros_ws/build/nav2_ros2': CMAKE_PREFIX_PATH=${CMAKE_PREFIX_PATH}:/home/kencheng/notebooks/ros_ws/install/video_streamer:/home/kencheng/notebooks/ros_ws/install/driver_ros2:/opt/ros/humble CONDA_PROMPT_MODIFIER=(base) /usr/bin/cmake --install /home/kencheng/notebooks/ros_ws/build/nav2_ros2
[4.032s] DEBUG:colcon.colcon_core.event_handler.log_command:Invoked command in '/home/kencheng/notebooks/ros_ws/build/sllidar_ros2' returned '0': CMAKE_PREFIX_PATH=${CMAKE_PREFIX_PATH}:/home/kencheng/notebooks/ros_ws/install/video_streamer:/home/kencheng/notebooks/ros_ws/install/driver_ros2:/opt/ros/humble CONDA_PROMPT_MODIFIER=(base) /usr/bin/cmake --build /home/kencheng/notebooks/ros_ws/build/sllidar_ros2 -- -j4 -l4
[4.034s] DEBUG:colcon.colcon_core.event_handler.log_command:Invoking command in '/home/kencheng/notebooks/ros_ws/build/sllidar_ros2': CMAKE_PREFIX_PATH=${CMAKE_PREFIX_PATH}:/home/kencheng/notebooks/ros_ws/install/video_streamer:/home/kencheng/notebooks/ros_ws/install/driver_ros2:/opt/ros/humble CONDA_PROMPT_MODIFIER=(base) /usr/bin/cmake --install /home/kencheng/notebooks/ros_ws/build/sllidar_ros2
[4.090s] Level 1:colcon.colcon_core.environment:create_environment_scripts_only(sllidar_ros2)
[4.092s] Level 1:colcon.colcon_core.environment:checking '/home/kencheng/notebooks/ros_ws/install/sllidar_ros2' for CMake module files
[4.105s] Level 1:colcon.colcon_core.environment:checking '/home/kencheng/notebooks/ros_ws/install/sllidar_ros2' for CMake config files
[4.112s] DEBUG:colcon.colcon_core.event_handler.log_command:Invoked command in '/home/kencheng/notebooks/ros_ws/build/sllidar_ros2' returned '0': CMAKE_PREFIX_PATH=${CMAKE_PREFIX_PATH}:/home/kencheng/notebooks/ros_ws/install/video_streamer:/home/kencheng/notebooks/ros_ws/install/driver_ros2:/opt/ros/humble CONDA_PROMPT_MODIFIER=(base) /usr/bin/cmake --install /home/kencheng/notebooks/ros_ws/build/sllidar_ros2
[4.113s] Level 1:colcon.colcon_core.shell:create_environment_hook('sllidar_ros2', 'cmake_prefix_path')
[4.115s] INFO:colcon.colcon_core.shell:Creating environment hook '/home/kencheng/notebooks/ros_ws/install/sllidar_ros2/share/sllidar_ros2/hook/cmake_prefix_path.ps1'
[4.119s] INFO:colcon.colcon_core.shell:Creating environment descriptor '/home/kencheng/notebooks/ros_ws/install/sllidar_ros2/share/sllidar_ros2/hook/cmake_prefix_path.dsv'
[4.123s] INFO:colcon.colcon_core.shell:Creating environment hook '/home/kencheng/notebooks/ros_ws/install/sllidar_ros2/share/sllidar_ros2/hook/cmake_prefix_path.sh'
[4.127s] Level 1:colcon.colcon_core.environment:checking '/home/kencheng/notebooks/ros_ws/install/sllidar_ros2/lib'
[4.127s] Level 1:colcon.colcon_core.environment:checking '/home/kencheng/notebooks/ros_ws/install/sllidar_ros2/bin'
[4.128s] Level 1:colcon.colcon_core.environment:checking '/home/kencheng/notebooks/ros_ws/install/sllidar_ros2/lib/pkgconfig/sllidar_ros2.pc'
[4.129s] Level 1:colcon.colcon_core.environment:checking '/home/kencheng/notebooks/ros_ws/install/sllidar_ros2/lib/python3.10/site-packages'
[4.130s] Level 1:colcon.colcon_core.environment:checking '/home/kencheng/notebooks/ros_ws/install/sllidar_ros2/bin'
[4.132s] INFO:colcon.colcon_core.shell:Creating package script '/home/kencheng/notebooks/ros_ws/install/sllidar_ros2/share/sllidar_ros2/package.ps1'
[4.135s] INFO:colcon.colcon_core.shell:Creating package descriptor '/home/kencheng/notebooks/ros_ws/install/sllidar_ros2/share/sllidar_ros2/package.dsv'
[4.138s] INFO:colcon.colcon_core.shell:Creating package script '/home/kencheng/notebooks/ros_ws/install/sllidar_ros2/share/sllidar_ros2/package.sh'
[4.141s] INFO:colcon.colcon_core.shell:Creating package script '/home/kencheng/notebooks/ros_ws/install/sllidar_ros2/share/sllidar_ros2/package.bash'
[4.143s] INFO:colcon.colcon_core.shell:Creating package script '/home/kencheng/notebooks/ros_ws/install/sllidar_ros2/share/sllidar_ros2/package.zsh'
[4.145s] Level 1:colcon.colcon_core.environment:create_file_with_runtime_dependencies(/home/kencheng/notebooks/ros_ws/install/sllidar_ros2/share/colcon-core/packages/sllidar_ros2)
[4.149s] Level 1:colcon.colcon_core.environment:create_environment_scripts_only(sllidar_ros2)
[4.150s] Level 1:colcon.colcon_core.environment:checking '/home/kencheng/notebooks/ros_ws/install/sllidar_ros2' for CMake module files
[4.153s] Level 1:colcon.colcon_core.environment:checking '/home/kencheng/notebooks/ros_ws/install/sllidar_ros2' for CMake config files
[4.156s] Level 1:colcon.colcon_core.shell:create_environment_hook('sllidar_ros2', 'cmake_prefix_path')
[4.157s] INFO:colcon.colcon_core.shell:Creating environment hook '/home/kencheng/notebooks/ros_ws/install/sllidar_ros2/share/sllidar_ros2/hook/cmake_prefix_path.ps1'
[4.160s] INFO:colcon.colcon_core.shell:Creating environment descriptor '/home/kencheng/notebooks/ros_ws/install/sllidar_ros2/share/sllidar_ros2/hook/cmake_prefix_path.dsv'
[4.162s] INFO:colcon.colcon_core.shell:Creating environment hook '/home/kencheng/notebooks/ros_ws/install/sllidar_ros2/share/sllidar_ros2/hook/cmake_prefix_path.sh'
[4.165s] Level 1:colcon.colcon_core.environment:checking '/home/kencheng/notebooks/ros_ws/install/sllidar_ros2/lib'
[4.166s] Level 1:colcon.colcon_core.environment:checking '/home/kencheng/notebooks/ros_ws/install/sllidar_ros2/bin'
[4.166s] Level 1:colcon.colcon_core.environment:checking '/home/kencheng/notebooks/ros_ws/install/sllidar_ros2/lib/pkgconfig/sllidar_ros2.pc'
[4.167s] Level 1:colcon.colcon_core.environment:checking '/home/kencheng/notebooks/ros_ws/install/sllidar_ros2/lib/python3.10/site-packages'
[4.168s] Level 1:colcon.colcon_core.environment:checking '/home/kencheng/notebooks/ros_ws/install/sllidar_ros2/bin'
[4.169s] INFO:colcon.colcon_core.shell:Creating package script '/home/kencheng/notebooks/ros_ws/install/sllidar_ros2/share/sllidar_ros2/package.ps1'
[4.172s] INFO:colcon.colcon_core.shell:Creating package descriptor '/home/kencheng/notebooks/ros_ws/install/sllidar_ros2/share/sllidar_ros2/package.dsv'
[4.175s] INFO:colcon.colcon_core.shell:Creating package script '/home/kencheng/notebooks/ros_ws/install/sllidar_ros2/share/sllidar_ros2/package.sh'
[4.178s] INFO:colcon.colcon_core.shell:Creating package script '/home/kencheng/notebooks/ros_ws/install/sllidar_ros2/share/sllidar_ros2/package.bash'
[4.180s] INFO:colcon.colcon_core.shell:Creating package script '/home/kencheng/notebooks/ros_ws/install/sllidar_ros2/share/sllidar_ros2/package.zsh'
[4.182s] Level 1:colcon.colcon_core.environment:create_file_with_runtime_dependencies(/home/kencheng/notebooks/ros_ws/install/sllidar_ros2/share/colcon-core/packages/sllidar_ros2)
[4.187s] Level 1:colcon.colcon_core.environment:create_environment_scripts_only(nav2_ros2)
[4.189s] Level 1:colcon.colcon_core.environment:checking '/home/kencheng/notebooks/ros_ws/install/nav2_ros2' for CMake module files
[4.192s] DEBUG:colcon.colcon_core.event_handler.log_command:Invoked command in '/home/kencheng/notebooks/ros_ws/build/nav2_ros2' returned '0': CMAKE_PREFIX_PATH=${CMAKE_PREFIX_PATH}:/home/kencheng/notebooks/ros_ws/install/video_streamer:/home/kencheng/notebooks/ros_ws/install/driver_ros2:/opt/ros/humble CONDA_PROMPT_MODIFIER=(base) /usr/bin/cmake --install /home/kencheng/notebooks/ros_ws/build/nav2_ros2
[4.194s] Level 1:colcon.colcon_core.environment:checking '/home/kencheng/notebooks/ros_ws/install/nav2_ros2' for CMake config files
[4.196s] Level 1:colcon.colcon_core.shell:create_environment_hook('nav2_ros2', 'cmake_prefix_path')
[4.197s] INFO:colcon.colcon_core.shell:Creating environment hook '/home/kencheng/notebooks/ros_ws/install/nav2_ros2/share/nav2_ros2/hook/cmake_prefix_path.ps1'
[4.199s] INFO:colcon.colcon_core.shell:Creating environment descriptor '/home/kencheng/notebooks/ros_ws/install/nav2_ros2/share/nav2_ros2/hook/cmake_prefix_path.dsv'
[4.202s] INFO:colcon.colcon_core.shell:Creating environment hook '/home/kencheng/notebooks/ros_ws/install/nav2_ros2/share/nav2_ros2/hook/cmake_prefix_path.sh'
[4.205s] Level 1:colcon.colcon_core.environment:checking '/home/kencheng/notebooks/ros_ws/install/nav2_ros2/lib'
[4.206s] Level 1:colcon.colcon_core.environment:checking '/home/kencheng/notebooks/ros_ws/install/nav2_ros2/bin'
[4.206s] Level 1:colcon.colcon_core.environment:checking '/home/kencheng/notebooks/ros_ws/install/nav2_ros2/lib/pkgconfig/nav2_ros2.pc'
[4.207s] Level 1:colcon.colcon_core.environment:checking '/home/kencheng/notebooks/ros_ws/install/nav2_ros2/lib/python3.10/site-packages'
[4.209s] Level 1:colcon.colcon_core.environment:checking '/home/kencheng/notebooks/ros_ws/install/nav2_ros2/bin'
[4.210s] INFO:colcon.colcon_core.shell:Creating package script '/home/kencheng/notebooks/ros_ws/install/nav2_ros2/share/nav2_ros2/package.ps1'
[4.213s] INFO:colcon.colcon_core.shell:Creating package descriptor '/home/kencheng/notebooks/ros_ws/install/nav2_ros2/share/nav2_ros2/package.dsv'
[4.215s] INFO:colcon.colcon_core.shell:Creating package script '/home/kencheng/notebooks/ros_ws/install/nav2_ros2/share/nav2_ros2/package.sh'
[4.218s] INFO:colcon.colcon_core.shell:Creating package script '/home/kencheng/notebooks/ros_ws/install/nav2_ros2/share/nav2_ros2/package.bash'
[4.220s] INFO:colcon.colcon_core.shell:Creating package script '/home/kencheng/notebooks/ros_ws/install/nav2_ros2/share/nav2_ros2/package.zsh'
[4.223s] Level 1:colcon.colcon_core.environment:create_file_with_runtime_dependencies(/home/kencheng/notebooks/ros_ws/install/nav2_ros2/share/colcon-core/packages/nav2_ros2)
[4.227s] Level 1:colcon.colcon_core.environment:create_environment_scripts_only(nav2_ros2)
[4.228s] Level 1:colcon.colcon_core.environment:checking '/home/kencheng/notebooks/ros_ws/install/nav2_ros2' for CMake module files
[4.231s] Level 1:colcon.colcon_core.environment:checking '/home/kencheng/notebooks/ros_ws/install/nav2_ros2' for CMake config files
[4.233s] Level 1:colcon.colcon_core.shell:create_environment_hook('nav2_ros2', 'cmake_prefix_path')
[4.234s] INFO:colcon.colcon_core.shell:Creating environment hook '/home/kencheng/notebooks/ros_ws/install/nav2_ros2/share/nav2_ros2/hook/cmake_prefix_path.ps1'
[4.237s] INFO:colcon.colcon_core.shell:Creating environment descriptor '/home/kencheng/notebooks/ros_ws/install/nav2_ros2/share/nav2_ros2/hook/cmake_prefix_path.dsv'
[4.239s] INFO:colcon.colcon_core.shell:Creating environment hook '/home/kencheng/notebooks/ros_ws/install/nav2_ros2/share/nav2_ros2/hook/cmake_prefix_path.sh'
[4.242s] Level 1:colcon.colcon_core.environment:checking '/home/kencheng/notebooks/ros_ws/install/nav2_ros2/lib'
[4.243s] Level 1:colcon.colcon_core.environment:checking '/home/kencheng/notebooks/ros_ws/install/nav2_ros2/bin'
[4.243s] Level 1:colcon.colcon_core.environment:checking '/home/kencheng/notebooks/ros_ws/install/nav2_ros2/lib/pkgconfig/nav2_ros2.pc'
[4.244s] Level 1:colcon.colcon_core.environment:checking '/home/kencheng/notebooks/ros_ws/install/nav2_ros2/lib/python3.10/site-packages'
[4.246s] Level 1:colcon.colcon_core.environment:checking '/home/kencheng/notebooks/ros_ws/install/nav2_ros2/bin'
[4.247s] INFO:colcon.colcon_core.shell:Creating package script '/home/kencheng/notebooks/ros_ws/install/nav2_ros2/share/nav2_ros2/package.ps1'
[4.250s] INFO:colcon.colcon_core.shell:Creating package descriptor '/home/kencheng/notebooks/ros_ws/install/nav2_ros2/share/nav2_ros2/package.dsv'
[4.253s] INFO:colcon.colcon_core.shell:Creating package script '/home/kencheng/notebooks/ros_ws/install/nav2_ros2/share/nav2_ros2/package.sh'
[4.258s] INFO:colcon.colcon_core.shell:Creating package script '/home/kencheng/notebooks/ros_ws/install/nav2_ros2/share/nav2_ros2/package.bash'
[4.261s] INFO:colcon.colcon_core.shell:Creating package script '/home/kencheng/notebooks/ros_ws/install/nav2_ros2/share/nav2_ros2/package.zsh'
[4.263s] Level 1:colcon.colcon_core.environment:create_file_with_runtime_dependencies(/home/kencheng/notebooks/ros_ws/install/nav2_ros2/share/colcon-core/packages/nav2_ros2)
[5.959s] DEBUG:colcon.colcon_core.event_handler.log_command:Invoking command in '/home/kencheng/notebooks/ros_ws/src/driver_ros2': CONDA_PROMPT_MODIFIER=(base) PYTHONPATH=/home/kencheng/notebooks/ros_ws/build/driver_ros2/prefix_override:/usr/lib/python3/dist-packages/colcon_core/task/python/colcon_distutils_commands:/home/kencheng/notebooks/ros_ws/install/driver_ros2/lib/python3.10/site-packages:${PYTHONPATH} /usr/bin/python3 -W ignore:setup.py install is deprecated -W ignore:easy_install command is deprecated setup.py egg_info --egg-base ../../build/driver_ros2 build --build-base /home/kencheng/notebooks/ros_ws/build/driver_ros2/build install --record /home/kencheng/notebooks/ros_ws/build/driver_ros2/install.log --single-version-externally-managed install_data
[7.326s] DEBUG:colcon.colcon_core.event_handler.log_command:Invoking command in '/home/kencheng/notebooks/ros_ws/src/video_streamer': CONDA_PROMPT_MODIFIER=(base) PYTHONPATH=/home/kencheng/notebooks/ros_ws/build/video_streamer/prefix_override:/usr/lib/python3/dist-packages/colcon_core/task/python/colcon_distutils_commands:/home/kencheng/notebooks/ros_ws/install/video_streamer/lib/python3.10/site-packages:${PYTHONPATH} /usr/bin/python3 -W ignore:setup.py install is deprecated -W ignore:easy_install command is deprecated setup.py egg_info --egg-base ../../build/video_streamer build --build-base /home/kencheng/notebooks/ros_ws/build/video_streamer/build install --record /home/kencheng/notebooks/ros_ws/build/video_streamer/install.log --single-version-externally-managed install_data
[9.244s] Level 1:colcon.colcon_core.environment:checking '/home/kencheng/notebooks/ros_ws/install/driver_ros2' for CMake module files
[9.246s] DEBUG:colcon.colcon_core.event_handler.log_command:Invoked command in '/home/kencheng/notebooks/ros_ws/src/driver_ros2' returned '0': CONDA_PROMPT_MODIFIER=(base) PYTHONPATH=/home/kencheng/notebooks/ros_ws/build/driver_ros2/prefix_override:/usr/lib/python3/dist-packages/colcon_core/task/python/colcon_distutils_commands:/home/kencheng/notebooks/ros_ws/install/driver_ros2/lib/python3.10/site-packages:${PYTHONPATH} /usr/bin/python3 -W ignore:setup.py install is deprecated -W ignore:easy_install command is deprecated setup.py egg_info --egg-base ../../build/driver_ros2 build --build-base /home/kencheng/notebooks/ros_ws/build/driver_ros2/build install --record /home/kencheng/notebooks/ros_ws/build/driver_ros2/install.log --single-version-externally-managed install_data
[9.248s] Level 1:colcon.colcon_core.environment:checking '/home/kencheng/notebooks/ros_ws/install/driver_ros2' for CMake config files
[9.251s] Level 1:colcon.colcon_core.environment:checking '/home/kencheng/notebooks/ros_ws/install/driver_ros2/lib'
[9.252s] Level 1:colcon.colcon_core.environment:checking '/home/kencheng/notebooks/ros_ws/install/driver_ros2/bin'
[9.252s] Level 1:colcon.colcon_core.environment:checking '/home/kencheng/notebooks/ros_ws/install/driver_ros2/lib/pkgconfig/driver_ros2.pc'
[9.253s] Level 1:colcon.colcon_core.environment:checking '/home/kencheng/notebooks/ros_ws/install/driver_ros2/lib/python3.10/site-packages'
[9.253s] Level 1:colcon.colcon_core.shell:create_environment_hook('driver_ros2', 'pythonpath')
[9.254s] INFO:colcon.colcon_core.shell:Creating environment hook '/home/kencheng/notebooks/ros_ws/install/driver_ros2/share/driver_ros2/hook/pythonpath.ps1'
[9.256s] INFO:colcon.colcon_core.shell:Creating environment descriptor '/home/kencheng/notebooks/ros_ws/install/driver_ros2/share/driver_ros2/hook/pythonpath.dsv'
[9.258s] INFO:colcon.colcon_core.shell:Creating environment hook '/home/kencheng/notebooks/ros_ws/install/driver_ros2/share/driver_ros2/hook/pythonpath.sh'
[9.262s] Level 1:colcon.colcon_core.environment:checking '/home/kencheng/notebooks/ros_ws/install/driver_ros2/bin'
[9.262s] Level 1:colcon.colcon_core.environment:create_environment_scripts_only(driver_ros2)
[9.263s] INFO:colcon.colcon_core.shell:Creating package script '/home/kencheng/notebooks/ros_ws/install/driver_ros2/share/driver_ros2/package.ps1'
[9.266s] INFO:colcon.colcon_core.shell:Creating package descriptor '/home/kencheng/notebooks/ros_ws/install/driver_ros2/share/driver_ros2/package.dsv'
[9.268s] INFO:colcon.colcon_core.shell:Creating package script '/home/kencheng/notebooks/ros_ws/install/driver_ros2/share/driver_ros2/package.sh'
[9.271s] INFO:colcon.colcon_core.shell:Creating package script '/home/kencheng/notebooks/ros_ws/install/driver_ros2/share/driver_ros2/package.bash'
[9.273s] INFO:colcon.colcon_core.shell:Creating package script '/home/kencheng/notebooks/ros_ws/install/driver_ros2/share/driver_ros2/package.zsh'
[9.275s] Level 1:colcon.colcon_core.environment:create_file_with_runtime_dependencies(/home/kencheng/notebooks/ros_ws/install/driver_ros2/share/colcon-core/packages/driver_ros2)
[10.357s] Level 1:colcon.colcon_core.environment:checking '/home/kencheng/notebooks/ros_ws/install/video_streamer' for CMake module files
[10.358s] DEBUG:colcon.colcon_core.event_handler.log_command:Invoked command in '/home/kencheng/notebooks/ros_ws/src/video_streamer' returned '0': CONDA_PROMPT_MODIFIER=(base) PYTHONPATH=/home/kencheng/notebooks/ros_ws/build/video_streamer/prefix_override:/usr/lib/python3/dist-packages/colcon_core/task/python/colcon_distutils_commands:/home/kencheng/notebooks/ros_ws/install/video_streamer/lib/python3.10/site-packages:${PYTHONPATH} /usr/bin/python3 -W ignore:setup.py install is deprecated -W ignore:easy_install command is deprecated setup.py egg_info --egg-base ../../build/video_streamer build --build-base /home/kencheng/notebooks/ros_ws/build/video_streamer/build install --record /home/kencheng/notebooks/ros_ws/build/video_streamer/install.log --single-version-externally-managed install_data
[10.360s] Level 1:colcon.colcon_core.environment:checking '/home/kencheng/notebooks/ros_ws/install/video_streamer' for CMake config files
[10.363s] Level 1:colcon.colcon_core.environment:checking '/home/kencheng/notebooks/ros_ws/install/video_streamer/lib'
[10.364s] Level 1:colcon.colcon_core.environment:checking '/home/kencheng/notebooks/ros_ws/install/video_streamer/bin'
[10.364s] Level 1:colcon.colcon_core.environment:checking '/home/kencheng/notebooks/ros_ws/install/video_streamer/lib/pkgconfig/video_streamer.pc'
[10.365s] Level 1:colcon.colcon_core.environment:checking '/home/kencheng/notebooks/ros_ws/install/video_streamer/lib/python3.10/site-packages'
[10.365s] Level 1:colcon.colcon_core.shell:create_environment_hook('video_streamer', 'pythonpath')
[10.366s] INFO:colcon.colcon_core.shell:Creating environment hook '/home/kencheng/notebooks/ros_ws/install/video_streamer/share/video_streamer/hook/pythonpath.ps1'
[10.368s] INFO:colcon.colcon_core.shell:Creating environment descriptor '/home/kencheng/notebooks/ros_ws/install/video_streamer/share/video_streamer/hook/pythonpath.dsv'
[10.370s] INFO:colcon.colcon_core.shell:Creating environment hook '/home/kencheng/notebooks/ros_ws/install/video_streamer/share/video_streamer/hook/pythonpath.sh'
[10.373s] Level 1:colcon.colcon_core.environment:checking '/home/kencheng/notebooks/ros_ws/install/video_streamer/bin'
[10.374s] Level 1:colcon.colcon_core.environment:create_environment_scripts_only(video_streamer)
[10.375s] INFO:colcon.colcon_core.shell:Creating package script '/home/kencheng/notebooks/ros_ws/install/video_streamer/share/video_streamer/package.ps1'
[10.378s] INFO:colcon.colcon_core.shell:Creating package descriptor '/home/kencheng/notebooks/ros_ws/install/video_streamer/share/video_streamer/package.dsv'
[10.380s] INFO:colcon.colcon_core.shell:Creating package script '/home/kencheng/notebooks/ros_ws/install/video_streamer/share/video_streamer/package.sh'
[10.382s] INFO:colcon.colcon_core.shell:Creating package script '/home/kencheng/notebooks/ros_ws/install/video_streamer/share/video_streamer/package.bash'
[10.384s] INFO:colcon.colcon_core.shell:Creating package script '/home/kencheng/notebooks/ros_ws/install/video_streamer/share/video_streamer/package.zsh'
[10.386s] Level 1:colcon.colcon_core.environment:create_file_with_runtime_dependencies(/home/kencheng/notebooks/ros_ws/install/video_streamer/share/colcon-core/packages/video_streamer)
[10.388s] DEBUG:colcon.colcon_parallel_executor.executor.parallel:closing loop
[10.389s] DEBUG:colcon.colcon_parallel_executor.executor.parallel:loop closed
[10.389s] DEBUG:colcon.colcon_parallel_executor.executor.parallel:run_until_complete finished with '0'
[10.390s] DEBUG:colcon.colcon_core.event_reactor:joining thread
[10.413s] INFO:colcon.colcon_core.plugin_system:Skipping extension 'colcon_notification.desktop_notification.terminal_notifier': Not used on non-Darwin systems
[10.413s] INFO:colcon.colcon_core.plugin_system:Skipping extension 'colcon_notification.desktop_notification.win32': Not used on non-Windows systems
[10.413s] INFO:colcon.colcon_notification.desktop_notification:Sending desktop notification using 'notify2'
[10.414s] DEBUG:colcon.colcon_notification.desktop_notification.notify2:Failed to initialize notify2: org.freedesktop.DBus.Error.NotSupported: Unable to autolaunch a dbus-daemon without a $DISPLAY for X11
[10.414s] DEBUG:colcon.colcon_core.event_reactor:joined thread
[10.415s] INFO:colcon.colcon_core.shell:Creating prefix script '/home/kencheng/notebooks/ros_ws/install/local_setup.ps1'
[10.419s] INFO:colcon.colcon_core.shell:Creating prefix util module '/home/kencheng/notebooks/ros_ws/install/_local_setup_util_ps1.py'
[10.424s] INFO:colcon.colcon_core.shell:Creating prefix chain script '/home/kencheng/notebooks/ros_ws/install/setup.ps1'
[10.430s] INFO:colcon.colcon_core.shell:Creating prefix script '/home/kencheng/notebooks/ros_ws/install/local_setup.sh'
[10.432s] INFO:colcon.colcon_core.shell:Creating prefix util module '/home/kencheng/notebooks/ros_ws/install/_local_setup_util_sh.py'
[10.435s] INFO:colcon.colcon_core.shell:Creating prefix chain script '/home/kencheng/notebooks/ros_ws/install/setup.sh'
[10.441s] INFO:colcon.colcon_core.shell:Creating prefix script '/home/kencheng/notebooks/ros_ws/install/local_setup.bash'
[10.443s] INFO:colcon.colcon_core.shell:Creating prefix chain script '/home/kencheng/notebooks/ros_ws/install/setup.bash'
[10.449s] INFO:colcon.colcon_core.shell:Creating prefix script '/home/kencheng/notebooks/ros_ws/install/local_setup.zsh'
[10.452s] INFO:colcon.colcon_core.shell:Creating prefix chain script '/home/kencheng/notebooks/ros_ws/install/setup.zsh'
