[1.191s] Invoking command in '/home/kencheng/notebooks/ros_ws/build/nav2_ros2': CMAKE_PREFIX_PATH=${CMAKE_PREFIX_PATH}:/home/kencheng/notebooks/ros_ws/install/video_streamer:/home/kencheng/notebooks/ros_ws/install/driver_ros2:/opt/ros/humble CONDA_PROMPT_MODIFIER=(ros2_humble) /usr/bin/cmake --build /home/kencheng/notebooks/ros_ws/build/nav2_ros2 -- -j4 -l4
[1.523s] [100%] Built target nav2_node
[2.735s] Invoked command in '/home/kencheng/notebooks/ros_ws/build/nav2_ros2' returned '0': CMAKE_PREFIX_PATH=${CMAKE_PREFIX_PATH}:/home/kencheng/notebooks/ros_ws/install/video_streamer:/home/kencheng/notebooks/ros_ws/install/driver_ros2:/opt/ros/humble CONDA_PROMPT_MODIFIER=(ros2_humble) /usr/bin/cmake --build /home/kencheng/notebooks/ros_ws/build/nav2_ros2 -- -j4 -l4
[2.742s] Invoking command in '/home/kencheng/notebooks/ros_ws/build/nav2_ros2': CMAKE_PREFIX_PATH=${CMAKE_PREFIX_PATH}:/home/kencheng/notebooks/ros_ws/install/video_streamer:/home/kencheng/notebooks/ros_ws/install/driver_ros2:/opt/ros/humble CONDA_PROMPT_MODIFIER=(ros2_humble) /usr/bin/cmake --install /home/kencheng/notebooks/ros_ws/build/nav2_ros2
[2.785s] -- Install configuration: ""
[2.791s] -- Up-to-date: /home/kencheng/notebooks/ros_ws/install/nav2_ros2/lib/nav2_ros2/nav2_node
[2.794s] -- Up-to-date: /home/kencheng/notebooks/ros_ws/install/nav2_ros2/share/nav2_ros2/launch
[2.800s] -- Up-to-date: /home/kencheng/notebooks/ros_ws/install/nav2_ros2/share/nav2_ros2/launch/nav2_launch.py
[2.802s] -- Up-to-date: /home/kencheng/notebooks/ros_ws/install/nav2_ros2/share/nav2_ros2/launch/bringup_launch.py
[2.815s] -- Up-to-date: /home/kencheng/notebooks/ros_ws/install/nav2_ros2/share/ament_index/resource_index/package_run_dependencies/nav2_ros2
[2.816s] -- Up-to-date: /home/kencheng/notebooks/ros_ws/install/nav2_ros2/share/ament_index/resource_index/parent_prefix_path/nav2_ros2
[2.817s] -- Up-to-date: /home/kencheng/notebooks/ros_ws/install/nav2_ros2/share/nav2_ros2/environment/ament_prefix_path.sh
[2.818s] -- Up-to-date: /home/kencheng/notebooks/ros_ws/install/nav2_ros2/share/nav2_ros2/environment/ament_prefix_path.dsv
[2.830s] -- Up-to-date: /home/kencheng/notebooks/ros_ws/install/nav2_ros2/share/nav2_ros2/environment/path.sh
[2.831s] -- Up-to-date: /home/kencheng/notebooks/ros_ws/install/nav2_ros2/share/nav2_ros2/environment/path.dsv
[2.835s] -- Up-to-date: /home/kencheng/notebooks/ros_ws/install/nav2_ros2/share/nav2_ros2/local_setup.bash
[2.838s] -- Up-to-date: /home/kencheng/notebooks/ros_ws/install/nav2_ros2/share/nav2_ros2/local_setup.sh
[2.838s] -- Up-to-date: /home/kencheng/notebooks/ros_ws/install/nav2_ros2/share/nav2_ros2/local_setup.zsh
[2.841s] -- Up-to-date: /home/kencheng/notebooks/ros_ws/install/nav2_ros2/share/nav2_ros2/local_setup.dsv
[2.842s] -- Installing: /home/kencheng/notebooks/ros_ws/install/nav2_ros2/share/nav2_ros2/package.dsv
[2.844s] -- Up-to-date: /home/kencheng/notebooks/ros_ws/install/nav2_ros2/share/ament_index/resource_index/packages/nav2_ros2
[2.845s] -- Up-to-date: /home/kencheng/notebooks/ros_ws/install/nav2_ros2/share/nav2_ros2/cmake/nav2_ros2Config.cmake
[2.846s] -- Up-to-date: /home/kencheng/notebooks/ros_ws/install/nav2_ros2/share/nav2_ros2/cmake/nav2_ros2Config-version.cmake
[2.846s] -- Up-to-date: /home/kencheng/notebooks/ros_ws/install/nav2_ros2/share/nav2_ros2/package.xml
[2.918s] Invoked command in '/home/kencheng/notebooks/ros_ws/build/nav2_ros2' returned '0': CMAKE_PREFIX_PATH=${CMAKE_PREFIX_PATH}:/home/kencheng/notebooks/ros_ws/install/video_streamer:/home/kencheng/notebooks/ros_ws/install/driver_ros2:/opt/ros/humble CONDA_PROMPT_MODIFIER=(ros2_humble) /usr/bin/cmake --install /home/kencheng/notebooks/ros_ws/build/nav2_ros2
