[0.496s] DEBUG:colcon:Command line arguments: ['/usr/bin/colcon', 'build']
[0.496s] DEBUG:colcon:Parsed command line arguments: Namespace(log_base=None, log_level=None, verb_name='build', build_base='build', install_base='install', merge_install=False, symlink_install=False, test_result_base=None, continue_on_error=False, executor='parallel', parallel_workers=4, event_handlers=None, ignore_user_meta=False, metas=['./colcon.meta'], base_paths=['.'], packages_ignore=None, packages_ignore_regex=None, paths=None, packages_up_to=None, packages_up_to_regex=None, packages_above=None, packages_above_and_dependencies=None, packages_above_depth=None, packages_select_by_dep=None, packages_skip_by_dep=None, packages_skip_up_to=None, packages_select_build_failed=False, packages_skip_build_finished=False, packages_select_test_failures=False, packages_skip_test_passed=False, packages_select=None, packages_skip=None, packages_select_regex=None, packages_skip_regex=None, packages_start=None, packages_end=None, allow_overriding=[], cmake_args=None, cmake_target=None, cmake_target_skip_unavailable=False, cmake_clean_cache=False, cmake_clean_first=False, cmake_force_configure=False, ament_cmake_args=None, catkin_cmake_args=None, catkin_skip_building_tests=False, mixin_files=None, mixin=None, verb_parser=<colcon_mixin.mixin.mixin_argument.MixinArgumentDecorator object at 0xffff8ad04040>, verb_extension=<colcon_core.verb.build.BuildVerb object at 0xffff8aee9660>, main=<bound method BuildVerb.main of <colcon_core.verb.build.BuildVerb object at 0xffff8aee9660>>, mixin_verb=('build',))
[0.661s] Level 1:colcon.colcon_core.package_discovery:discover_packages(colcon_meta) check parameters
[0.662s] Level 1:colcon.colcon_core.package_discovery:discover_packages(recursive) check parameters
[0.662s] Level 1:colcon.colcon_core.package_discovery:discover_packages(ignore) check parameters
[0.662s] Level 1:colcon.colcon_core.package_discovery:discover_packages(path) check parameters
[0.662s] Level 1:colcon.colcon_core.package_discovery:discover_packages(colcon_meta) discover
[0.662s] Level 1:colcon.colcon_core.package_discovery:discover_packages(recursive) discover
[0.662s] INFO:colcon.colcon_core.package_discovery:Crawling recursively for packages in '/home/kencheng/notebooks/ros_ws'
[0.663s] Level 1:colcon.colcon_core.package_identification:_identify(.) by extensions ['ignore', 'ignore_ament_install']
[0.663s] Level 1:colcon.colcon_core.package_identification:_identify(.) by extension 'ignore'
[0.663s] Level 1:colcon.colcon_core.package_identification:_identify(.) by extension 'ignore_ament_install'
[0.663s] Level 1:colcon.colcon_core.package_identification:_identify(.) by extensions ['colcon_pkg']
[0.664s] Level 1:colcon.colcon_core.package_identification:_identify(.) by extension 'colcon_pkg'
[0.664s] Level 1:colcon.colcon_core.package_identification:_identify(.) by extensions ['colcon_meta']
[0.664s] Level 1:colcon.colcon_core.package_identification:_identify(.) by extension 'colcon_meta'
[0.664s] Level 1:colcon.colcon_core.package_identification:_identify(.) by extensions ['ros']
[0.664s] Level 1:colcon.colcon_core.package_identification:_identify(.) by extension 'ros'
[0.764s] Level 1:colcon.colcon_core.package_identification:_identify(.) by extensions ['cmake', 'python']
[0.764s] Level 1:colcon.colcon_core.package_identification:_identify(.) by extension 'cmake'
[0.764s] Level 1:colcon.colcon_core.package_identification:_identify(.) by extension 'python'
[0.764s] Level 1:colcon.colcon_core.package_identification:_identify(.) by extensions ['python_setup_py']
[0.764s] Level 1:colcon.colcon_core.package_identification:_identify(.) by extension 'python_setup_py'
[0.765s] Level 1:colcon.colcon_core.package_identification:_identify(build) by extensions ['ignore', 'ignore_ament_install']
[0.765s] Level 1:colcon.colcon_core.package_identification:_identify(build) by extension 'ignore'
[0.765s] Level 1:colcon.colcon_core.package_identification:_identify(build) ignored
[0.766s] Level 1:colcon.colcon_core.package_identification:_identify(install) by extensions ['ignore', 'ignore_ament_install']
[0.767s] Level 1:colcon.colcon_core.package_identification:_identify(install) by extension 'ignore'
[0.767s] Level 1:colcon.colcon_core.package_identification:_identify(install) ignored
[0.767s] Level 1:colcon.colcon_core.package_identification:_identify(log) by extensions ['ignore', 'ignore_ament_install']
[0.768s] Level 1:colcon.colcon_core.package_identification:_identify(log) by extension 'ignore'
[0.768s] Level 1:colcon.colcon_core.package_identification:_identify(log) ignored
[0.768s] Level 1:colcon.colcon_core.package_identification:_identify(src) by extensions ['ignore', 'ignore_ament_install']
[0.769s] Level 1:colcon.colcon_core.package_identification:_identify(src) by extension 'ignore'
[0.769s] Level 1:colcon.colcon_core.package_identification:_identify(src) by extension 'ignore_ament_install'
[0.769s] Level 1:colcon.colcon_core.package_identification:_identify(src) by extensions ['colcon_pkg']
[0.769s] Level 1:colcon.colcon_core.package_identification:_identify(src) by extension 'colcon_pkg'
[0.769s] Level 1:colcon.colcon_core.package_identification:_identify(src) by extensions ['colcon_meta']
[0.769s] Level 1:colcon.colcon_core.package_identification:_identify(src) by extension 'colcon_meta'
[0.770s] Level 1:colcon.colcon_core.package_identification:_identify(src) by extensions ['ros']
[0.770s] Level 1:colcon.colcon_core.package_identification:_identify(src) by extension 'ros'
[0.770s] Level 1:colcon.colcon_core.package_identification:_identify(src) by extensions ['cmake', 'python']
[0.770s] Level 1:colcon.colcon_core.package_identification:_identify(src) by extension 'cmake'
[0.770s] Level 1:colcon.colcon_core.package_identification:_identify(src) by extension 'python'
[0.770s] Level 1:colcon.colcon_core.package_identification:_identify(src) by extensions ['python_setup_py']
[0.771s] Level 1:colcon.colcon_core.package_identification:_identify(src) by extension 'python_setup_py'
[0.771s] Level 1:colcon.colcon_core.package_identification:_identify(src/cartographer_ros2) by extensions ['ignore', 'ignore_ament_install']
[0.771s] Level 1:colcon.colcon_core.package_identification:_identify(src/cartographer_ros2) by extension 'ignore'
[0.772s] Level 1:colcon.colcon_core.package_identification:_identify(src/cartographer_ros2) by extension 'ignore_ament_install'
[0.772s] Level 1:colcon.colcon_core.package_identification:_identify(src/cartographer_ros2) by extensions ['colcon_pkg']
[0.772s] Level 1:colcon.colcon_core.package_identification:_identify(src/cartographer_ros2) by extension 'colcon_pkg'
[0.772s] Level 1:colcon.colcon_core.package_identification:_identify(src/cartographer_ros2) by extensions ['colcon_meta']
[0.772s] Level 1:colcon.colcon_core.package_identification:_identify(src/cartographer_ros2) by extension 'colcon_meta'
[0.772s] Level 1:colcon.colcon_core.package_identification:_identify(src/cartographer_ros2) by extensions ['ros']
[0.772s] Level 1:colcon.colcon_core.package_identification:_identify(src/cartographer_ros2) by extension 'ros'
[0.782s] DEBUG:colcon.colcon_core.package_identification:Package 'src/cartographer_ros2' with type 'ros.ament_cmake' and name 'cartographer_ros2'
[0.783s] Level 1:colcon.colcon_core.package_identification:_identify(src/driver_ros2) by extensions ['ignore', 'ignore_ament_install']
[0.783s] Level 1:colcon.colcon_core.package_identification:_identify(src/driver_ros2) by extension 'ignore'
[0.783s] Level 1:colcon.colcon_core.package_identification:_identify(src/driver_ros2) by extension 'ignore_ament_install'
[0.783s] Level 1:colcon.colcon_core.package_identification:_identify(src/driver_ros2) by extensions ['colcon_pkg']
[0.783s] Level 1:colcon.colcon_core.package_identification:_identify(src/driver_ros2) by extension 'colcon_pkg'
[0.784s] Level 1:colcon.colcon_core.package_identification:_identify(src/driver_ros2) by extensions ['colcon_meta']
[0.784s] Level 1:colcon.colcon_core.package_identification:_identify(src/driver_ros2) by extension 'colcon_meta'
[0.784s] Level 1:colcon.colcon_core.package_identification:_identify(src/driver_ros2) by extensions ['ros']
[0.784s] Level 1:colcon.colcon_core.package_identification:_identify(src/driver_ros2) by extension 'ros'
[0.786s] DEBUG:colcon.colcon_core.package_identification:Package 'src/driver_ros2' with type 'ros.ament_python' and name 'driver_ros2'
[0.787s] Level 1:colcon.colcon_core.package_identification:_identify(src/nav2_ros2) by extensions ['ignore', 'ignore_ament_install']
[0.787s] Level 1:colcon.colcon_core.package_identification:_identify(src/nav2_ros2) by extension 'ignore'
[0.788s] Level 1:colcon.colcon_core.package_identification:_identify(src/nav2_ros2) by extension 'ignore_ament_install'
[0.788s] Level 1:colcon.colcon_core.package_identification:_identify(src/nav2_ros2) by extensions ['colcon_pkg']
[0.788s] Level 1:colcon.colcon_core.package_identification:_identify(src/nav2_ros2) by extension 'colcon_pkg'
[0.788s] Level 1:colcon.colcon_core.package_identification:_identify(src/nav2_ros2) by extensions ['colcon_meta']
[0.788s] Level 1:colcon.colcon_core.package_identification:_identify(src/nav2_ros2) by extension 'colcon_meta'
[0.788s] Level 1:colcon.colcon_core.package_identification:_identify(src/nav2_ros2) by extensions ['ros']
[0.788s] Level 1:colcon.colcon_core.package_identification:_identify(src/nav2_ros2) by extension 'ros'
[0.791s] DEBUG:colcon.colcon_core.package_identification:Package 'src/nav2_ros2' with type 'ros.ament_cmake' and name 'nav2_ros2'
[0.792s] Level 1:colcon.colcon_core.package_identification:_identify(src/sllidar_ros2) by extensions ['ignore', 'ignore_ament_install']
[0.792s] Level 1:colcon.colcon_core.package_identification:_identify(src/sllidar_ros2) by extension 'ignore'
[0.792s] Level 1:colcon.colcon_core.package_identification:_identify(src/sllidar_ros2) by extension 'ignore_ament_install'
[0.792s] Level 1:colcon.colcon_core.package_identification:_identify(src/sllidar_ros2) by extensions ['colcon_pkg']
[0.792s] Level 1:colcon.colcon_core.package_identification:_identify(src/sllidar_ros2) by extension 'colcon_pkg'
[0.793s] Level 1:colcon.colcon_core.package_identification:_identify(src/sllidar_ros2) by extensions ['colcon_meta']
[0.793s] Level 1:colcon.colcon_core.package_identification:_identify(src/sllidar_ros2) by extension 'colcon_meta'
[0.793s] Level 1:colcon.colcon_core.package_identification:_identify(src/sllidar_ros2) by extensions ['ros']
[0.793s] Level 1:colcon.colcon_core.package_identification:_identify(src/sllidar_ros2) by extension 'ros'
[0.796s] DEBUG:colcon.colcon_core.package_identification:Package 'src/sllidar_ros2' with type 'ros.ament_cmake' and name 'sllidar_ros2'
[0.797s] Level 1:colcon.colcon_core.package_identification:_identify(src/video_streamer) by extensions ['ignore', 'ignore_ament_install']
[0.797s] Level 1:colcon.colcon_core.package_identification:_identify(src/video_streamer) by extension 'ignore'
[0.797s] Level 1:colcon.colcon_core.package_identification:_identify(src/video_streamer) by extension 'ignore_ament_install'
[0.797s] Level 1:colcon.colcon_core.package_identification:_identify(src/video_streamer) by extensions ['colcon_pkg']
[0.797s] Level 1:colcon.colcon_core.package_identification:_identify(src/video_streamer) by extension 'colcon_pkg'
[0.798s] Level 1:colcon.colcon_core.package_identification:_identify(src/video_streamer) by extensions ['colcon_meta']
[0.798s] Level 1:colcon.colcon_core.package_identification:_identify(src/video_streamer) by extension 'colcon_meta'
[0.798s] Level 1:colcon.colcon_core.package_identification:_identify(src/video_streamer) by extensions ['ros']
[0.798s] Level 1:colcon.colcon_core.package_identification:_identify(src/video_streamer) by extension 'ros'
[0.800s] DEBUG:colcon.colcon_core.package_identification:Package 'src/video_streamer' with type 'ros.ament_python' and name 'video_streamer'
[0.800s] Level 1:colcon.colcon_core.package_discovery:discover_packages(recursive) using defaults
[0.801s] Level 1:colcon.colcon_core.package_discovery:discover_packages(ignore) discover
[0.801s] Level 1:colcon.colcon_core.package_discovery:discover_packages(ignore) using defaults
[0.801s] Level 1:colcon.colcon_core.package_discovery:discover_packages(path) discover
[0.801s] Level 1:colcon.colcon_core.package_discovery:discover_packages(path) using defaults
[0.877s] Level 1:colcon.colcon_core.package_discovery:discover_packages(prefix_path) check parameters
[0.878s] Level 1:colcon.colcon_core.package_discovery:discover_packages(prefix_path) discover
[0.888s] DEBUG:colcon.colcon_installed_package_information.package_discovery:Found 5 installed packages in /home/kencheng/notebooks/ros_ws/install
[0.900s] DEBUG:colcon.colcon_installed_package_information.package_discovery:Found 417 installed packages in /opt/ros/humble
[0.910s] Level 1:colcon.colcon_core.package_discovery:discover_packages(prefix_path) using defaults
[1.177s] Level 5:colcon.colcon_core.verb:set package 'cartographer_ros2' build argument 'cmake_args' from command line to 'None'
[1.178s] Level 5:colcon.colcon_core.verb:set package 'cartographer_ros2' build argument 'cmake_target' from command line to 'None'
[1.178s] Level 5:colcon.colcon_core.verb:set package 'cartographer_ros2' build argument 'cmake_target_skip_unavailable' from command line to 'False'
[1.178s] Level 5:colcon.colcon_core.verb:set package 'cartographer_ros2' build argument 'cmake_clean_cache' from command line to 'False'
[1.178s] Level 5:colcon.colcon_core.verb:set package 'cartographer_ros2' build argument 'cmake_clean_first' from command line to 'False'
[1.178s] Level 5:colcon.colcon_core.verb:set package 'cartographer_ros2' build argument 'cmake_force_configure' from command line to 'False'
[1.178s] Level 5:colcon.colcon_core.verb:set package 'cartographer_ros2' build argument 'ament_cmake_args' from command line to 'None'
[1.178s] Level 5:colcon.colcon_core.verb:set package 'cartographer_ros2' build argument 'catkin_cmake_args' from command line to 'None'
[1.178s] Level 5:colcon.colcon_core.verb:set package 'cartographer_ros2' build argument 'catkin_skip_building_tests' from command line to 'False'
[1.179s] DEBUG:colcon.colcon_core.verb:Building package 'cartographer_ros2' with the following arguments: {'ament_cmake_args': None, 'build_base': '/home/kencheng/notebooks/ros_ws/build/cartographer_ros2', 'catkin_cmake_args': None, 'catkin_skip_building_tests': False, 'cmake_args': None, 'cmake_clean_cache': False, 'cmake_clean_first': False, 'cmake_force_configure': False, 'cmake_target': None, 'cmake_target_skip_unavailable': False, 'install_base': '/home/kencheng/notebooks/ros_ws/install/cartographer_ros2', 'merge_install': False, 'path': '/home/kencheng/notebooks/ros_ws/src/cartographer_ros2', 'symlink_install': False, 'test_result_base': None}
[1.180s] Level 5:colcon.colcon_core.verb:set package 'driver_ros2' build argument 'cmake_args' from command line to 'None'
[1.180s] Level 5:colcon.colcon_core.verb:set package 'driver_ros2' build argument 'cmake_target' from command line to 'None'
[1.180s] Level 5:colcon.colcon_core.verb:set package 'driver_ros2' build argument 'cmake_target_skip_unavailable' from command line to 'False'
[1.180s] Level 5:colcon.colcon_core.verb:set package 'driver_ros2' build argument 'cmake_clean_cache' from command line to 'False'
[1.181s] Level 5:colcon.colcon_core.verb:set package 'driver_ros2' build argument 'cmake_clean_first' from command line to 'False'
[1.181s] Level 5:colcon.colcon_core.verb:set package 'driver_ros2' build argument 'cmake_force_configure' from command line to 'False'
[1.181s] Level 5:colcon.colcon_core.verb:set package 'driver_ros2' build argument 'ament_cmake_args' from command line to 'None'
[1.181s] Level 5:colcon.colcon_core.verb:set package 'driver_ros2' build argument 'catkin_cmake_args' from command line to 'None'
[1.181s] Level 5:colcon.colcon_core.verb:set package 'driver_ros2' build argument 'catkin_skip_building_tests' from command line to 'False'
[1.181s] DEBUG:colcon.colcon_core.verb:Building package 'driver_ros2' with the following arguments: {'ament_cmake_args': None, 'build_base': '/home/kencheng/notebooks/ros_ws/build/driver_ros2', 'catkin_cmake_args': None, 'catkin_skip_building_tests': False, 'cmake_args': None, 'cmake_clean_cache': False, 'cmake_clean_first': False, 'cmake_force_configure': False, 'cmake_target': None, 'cmake_target_skip_unavailable': False, 'install_base': '/home/kencheng/notebooks/ros_ws/install/driver_ros2', 'merge_install': False, 'path': '/home/kencheng/notebooks/ros_ws/src/driver_ros2', 'symlink_install': False, 'test_result_base': None}
[1.183s] Level 5:colcon.colcon_core.verb:set package 'nav2_ros2' build argument 'cmake_args' from command line to 'None'
[1.183s] Level 5:colcon.colcon_core.verb:set package 'nav2_ros2' build argument 'cmake_target' from command line to 'None'
[1.183s] Level 5:colcon.colcon_core.verb:set package 'nav2_ros2' build argument 'cmake_target_skip_unavailable' from command line to 'False'
[1.183s] Level 5:colcon.colcon_core.verb:set package 'nav2_ros2' build argument 'cmake_clean_cache' from command line to 'False'
[1.183s] Level 5:colcon.colcon_core.verb:set package 'nav2_ros2' build argument 'cmake_clean_first' from command line to 'False'
[1.183s] Level 5:colcon.colcon_core.verb:set package 'nav2_ros2' build argument 'cmake_force_configure' from command line to 'False'
[1.183s] Level 5:colcon.colcon_core.verb:set package 'nav2_ros2' build argument 'ament_cmake_args' from command line to 'None'
[1.183s] Level 5:colcon.colcon_core.verb:set package 'nav2_ros2' build argument 'catkin_cmake_args' from command line to 'None'
[1.183s] Level 5:colcon.colcon_core.verb:set package 'nav2_ros2' build argument 'catkin_skip_building_tests' from command line to 'False'
[1.184s] DEBUG:colcon.colcon_core.verb:Building package 'nav2_ros2' with the following arguments: {'ament_cmake_args': None, 'build_base': '/home/kencheng/notebooks/ros_ws/build/nav2_ros2', 'catkin_cmake_args': None, 'catkin_skip_building_tests': False, 'cmake_args': None, 'cmake_clean_cache': False, 'cmake_clean_first': False, 'cmake_force_configure': False, 'cmake_target': None, 'cmake_target_skip_unavailable': False, 'install_base': '/home/kencheng/notebooks/ros_ws/install/nav2_ros2', 'merge_install': False, 'path': '/home/kencheng/notebooks/ros_ws/src/nav2_ros2', 'symlink_install': False, 'test_result_base': None}
[1.185s] Level 5:colcon.colcon_core.verb:set package 'sllidar_ros2' build argument 'cmake_args' from command line to 'None'
[1.185s] Level 5:colcon.colcon_core.verb:set package 'sllidar_ros2' build argument 'cmake_target' from command line to 'None'
[1.185s] Level 5:colcon.colcon_core.verb:set package 'sllidar_ros2' build argument 'cmake_target_skip_unavailable' from command line to 'False'
[1.185s] Level 5:colcon.colcon_core.verb:set package 'sllidar_ros2' build argument 'cmake_clean_cache' from command line to 'False'
[1.185s] Level 5:colcon.colcon_core.verb:set package 'sllidar_ros2' build argument 'cmake_clean_first' from command line to 'False'
[1.186s] Level 5:colcon.colcon_core.verb:set package 'sllidar_ros2' build argument 'cmake_force_configure' from command line to 'False'
[1.186s] Level 5:colcon.colcon_core.verb:set package 'sllidar_ros2' build argument 'ament_cmake_args' from command line to 'None'
[1.186s] Level 5:colcon.colcon_core.verb:set package 'sllidar_ros2' build argument 'catkin_cmake_args' from command line to 'None'
[1.186s] Level 5:colcon.colcon_core.verb:set package 'sllidar_ros2' build argument 'catkin_skip_building_tests' from command line to 'False'
[1.186s] DEBUG:colcon.colcon_core.verb:Building package 'sllidar_ros2' with the following arguments: {'ament_cmake_args': None, 'build_base': '/home/kencheng/notebooks/ros_ws/build/sllidar_ros2', 'catkin_cmake_args': None, 'catkin_skip_building_tests': False, 'cmake_args': None, 'cmake_clean_cache': False, 'cmake_clean_first': False, 'cmake_force_configure': False, 'cmake_target': None, 'cmake_target_skip_unavailable': False, 'install_base': '/home/kencheng/notebooks/ros_ws/install/sllidar_ros2', 'merge_install': False, 'path': '/home/kencheng/notebooks/ros_ws/src/sllidar_ros2', 'symlink_install': False, 'test_result_base': None}
[1.187s] Level 5:colcon.colcon_core.verb:set package 'video_streamer' build argument 'cmake_args' from command line to 'None'
[1.188s] Level 5:colcon.colcon_core.verb:set package 'video_streamer' build argument 'cmake_target' from command line to 'None'
[1.188s] Level 5:colcon.colcon_core.verb:set package 'video_streamer' build argument 'cmake_target_skip_unavailable' from command line to 'False'
[1.188s] Level 5:colcon.colcon_core.verb:set package 'video_streamer' build argument 'cmake_clean_cache' from command line to 'False'
[1.188s] Level 5:colcon.colcon_core.verb:set package 'video_streamer' build argument 'cmake_clean_first' from command line to 'False'
[1.188s] Level 5:colcon.colcon_core.verb:set package 'video_streamer' build argument 'cmake_force_configure' from command line to 'False'
[1.188s] Level 5:colcon.colcon_core.verb:set package 'video_streamer' build argument 'ament_cmake_args' from command line to 'None'
[1.188s] Level 5:colcon.colcon_core.verb:set package 'video_streamer' build argument 'catkin_cmake_args' from command line to 'None'
[1.188s] Level 5:colcon.colcon_core.verb:set package 'video_streamer' build argument 'catkin_skip_building_tests' from command line to 'False'
[1.188s] DEBUG:colcon.colcon_core.verb:Building package 'video_streamer' with the following arguments: {'ament_cmake_args': None, 'build_base': '/home/kencheng/notebooks/ros_ws/build/video_streamer', 'catkin_cmake_args': None, 'catkin_skip_building_tests': False, 'cmake_args': None, 'cmake_clean_cache': False, 'cmake_clean_first': False, 'cmake_force_configure': False, 'cmake_target': None, 'cmake_target_skip_unavailable': False, 'install_base': '/home/kencheng/notebooks/ros_ws/install/video_streamer', 'merge_install': False, 'path': '/home/kencheng/notebooks/ros_ws/src/video_streamer', 'symlink_install': False, 'test_result_base': None}
[1.189s] INFO:colcon.colcon_core.executor:Executing jobs using 'parallel' executor
[1.192s] DEBUG:colcon.colcon_parallel_executor.executor.parallel:run_until_complete
[1.193s] INFO:colcon.colcon_ros.task.ament_cmake.build:Building ROS package in '/home/kencheng/notebooks/ros_ws/src/cartographer_ros2' with build type 'ament_cmake'
[1.194s] INFO:colcon.colcon_cmake.task.cmake.build:Building CMake package in '/home/kencheng/notebooks/ros_ws/src/cartographer_ros2'
[1.204s] INFO:colcon.colcon_core.plugin_system:Skipping extension 'colcon_core.shell.bat': Not used on non-Windows systems
[1.205s] INFO:colcon.colcon_core.shell:Skip shell extension 'powershell' for command environment: Not usable outside of PowerShell
[1.205s] DEBUG:colcon.colcon_core.shell:Skip shell extension 'dsv' for command environment
[1.229s] INFO:colcon.colcon_ros.task.ament_python.build:Building ROS package in '/home/kencheng/notebooks/ros_ws/src/driver_ros2' with build type 'ament_python'
[1.230s] Level 1:colcon.colcon_core.shell:create_environment_hook('driver_ros2', 'ament_prefix_path')
[1.231s] INFO:colcon.colcon_core.shell:Creating environment hook '/home/kencheng/notebooks/ros_ws/install/driver_ros2/share/driver_ros2/hook/ament_prefix_path.ps1'
[1.234s] INFO:colcon.colcon_core.shell:Creating environment descriptor '/home/kencheng/notebooks/ros_ws/install/driver_ros2/share/driver_ros2/hook/ament_prefix_path.dsv'
[1.237s] INFO:colcon.colcon_core.shell:Creating environment hook '/home/kencheng/notebooks/ros_ws/install/driver_ros2/share/driver_ros2/hook/ament_prefix_path.sh'
[1.241s] INFO:colcon.colcon_core.shell:Skip shell extension 'powershell' for command environment: Not usable outside of PowerShell
[1.241s] DEBUG:colcon.colcon_core.shell:Skip shell extension 'dsv' for command environment
[1.264s] INFO:colcon.colcon_ros.task.ament_cmake.build:Building ROS package in '/home/kencheng/notebooks/ros_ws/src/nav2_ros2' with build type 'ament_cmake'
[1.264s] INFO:colcon.colcon_cmake.task.cmake.build:Building CMake package in '/home/kencheng/notebooks/ros_ws/src/nav2_ros2'
[1.266s] INFO:colcon.colcon_core.shell:Skip shell extension 'powershell' for command environment: Not usable outside of PowerShell
[1.267s] DEBUG:colcon.colcon_core.shell:Skip shell extension 'dsv' for command environment
[1.291s] INFO:colcon.colcon_ros.task.ament_cmake.build:Building ROS package in '/home/kencheng/notebooks/ros_ws/src/sllidar_ros2' with build type 'ament_cmake'
[1.291s] INFO:colcon.colcon_cmake.task.cmake.build:Building CMake package in '/home/kencheng/notebooks/ros_ws/src/sllidar_ros2'
[1.293s] INFO:colcon.colcon_core.shell:Skip shell extension 'powershell' for command environment: Not usable outside of PowerShell
[1.293s] DEBUG:colcon.colcon_core.shell:Skip shell extension 'dsv' for command environment
[1.337s] DEBUG:colcon.colcon_core.event_handler.log_command:Invoking command in '/home/kencheng/notebooks/ros_ws/build/cartographer_ros2': CMAKE_PREFIX_PATH=${CMAKE_PREFIX_PATH}:/home/kencheng/notebooks/ros_ws/install/video_streamer:/home/kencheng/notebooks/ros_ws/install/driver_ros2:/opt/ros/humble CONDA_PROMPT_MODIFIER=(ros2_humble) /usr/bin/cmake --build /home/kencheng/notebooks/ros_ws/build/cartographer_ros2 -- -j4 -l4
[2.406s] INFO:colcon.colcon_core.task.python.build:Building Python package in '/home/kencheng/notebooks/ros_ws/src/driver_ros2'
[2.407s] INFO:colcon.colcon_core.shell:Skip shell extension 'powershell' for command environment: Not usable outside of PowerShell
[2.407s] DEBUG:colcon.colcon_core.shell:Skip shell extension 'dsv' for command environment
[2.456s] DEBUG:colcon.colcon_core.event_handler.log_command:Invoking command in '/home/kencheng/notebooks/ros_ws/build/nav2_ros2': CMAKE_PREFIX_PATH=${CMAKE_PREFIX_PATH}:/home/kencheng/notebooks/ros_ws/install/video_streamer:/home/kencheng/notebooks/ros_ws/install/driver_ros2:/opt/ros/humble CONDA_PROMPT_MODIFIER=(ros2_humble) /usr/bin/cmake --build /home/kencheng/notebooks/ros_ws/build/nav2_ros2 -- -j4 -l4
[2.479s] DEBUG:colcon.colcon_core.event_handler.log_command:Invoking command in '/home/kencheng/notebooks/ros_ws/build/sllidar_ros2': CMAKE_PREFIX_PATH=${CMAKE_PREFIX_PATH}:/home/kencheng/notebooks/ros_ws/install/video_streamer:/home/kencheng/notebooks/ros_ws/install/driver_ros2:/opt/ros/humble CONDA_PROMPT_MODIFIER=(ros2_humble) /usr/bin/cmake --build /home/kencheng/notebooks/ros_ws/build/sllidar_ros2 -- -j4 -l4
[2.480s] DEBUG:colcon.colcon_core.event_handler.log_command:Invoked command in '/home/kencheng/notebooks/ros_ws/build/cartographer_ros2' returned '0': CMAKE_PREFIX_PATH=${CMAKE_PREFIX_PATH}:/home/kencheng/notebooks/ros_ws/install/video_streamer:/home/kencheng/notebooks/ros_ws/install/driver_ros2:/opt/ros/humble CONDA_PROMPT_MODIFIER=(ros2_humble) /usr/bin/cmake --build /home/kencheng/notebooks/ros_ws/build/cartographer_ros2 -- -j4 -l4
[2.529s] DEBUG:colcon.colcon_core.event_handler.log_command:Invoking command in '/home/kencheng/notebooks/ros_ws/build/cartographer_ros2': CMAKE_PREFIX_PATH=${CMAKE_PREFIX_PATH}:/home/kencheng/notebooks/ros_ws/install/video_streamer:/home/kencheng/notebooks/ros_ws/install/driver_ros2:/opt/ros/humble CONDA_PROMPT_MODIFIER=(ros2_humble) /usr/bin/cmake --install /home/kencheng/notebooks/ros_ws/build/cartographer_ros2
[2.595s] Level 1:colcon.colcon_core.environment:create_environment_scripts_only(cartographer_ros2)
[2.615s] DEBUG:colcon.colcon_core.event_handler.log_command:Invoked command in '/home/kencheng/notebooks/ros_ws/build/cartographer_ros2' returned '0': CMAKE_PREFIX_PATH=${CMAKE_PREFIX_PATH}:/home/kencheng/notebooks/ros_ws/install/video_streamer:/home/kencheng/notebooks/ros_ws/install/driver_ros2:/opt/ros/humble CONDA_PROMPT_MODIFIER=(ros2_humble) /usr/bin/cmake --install /home/kencheng/notebooks/ros_ws/build/cartographer_ros2
[2.618s] Level 1:colcon.colcon_core.environment:checking '/home/kencheng/notebooks/ros_ws/install/cartographer_ros2' for CMake module files
[2.621s] Level 1:colcon.colcon_core.environment:checking '/home/kencheng/notebooks/ros_ws/install/cartographer_ros2' for CMake config files
[2.625s] Level 1:colcon.colcon_core.shell:create_environment_hook('cartographer_ros2', 'cmake_prefix_path')
[2.626s] INFO:colcon.colcon_core.shell:Creating environment hook '/home/kencheng/notebooks/ros_ws/install/cartographer_ros2/share/cartographer_ros2/hook/cmake_prefix_path.ps1'
[2.629s] INFO:colcon.colcon_core.shell:Creating environment descriptor '/home/kencheng/notebooks/ros_ws/install/cartographer_ros2/share/cartographer_ros2/hook/cmake_prefix_path.dsv'
[2.631s] INFO:colcon.colcon_core.shell:Creating environment hook '/home/kencheng/notebooks/ros_ws/install/cartographer_ros2/share/cartographer_ros2/hook/cmake_prefix_path.sh'
[2.638s] Level 1:colcon.colcon_core.environment:checking '/home/kencheng/notebooks/ros_ws/install/cartographer_ros2/lib'
[2.639s] Level 1:colcon.colcon_core.environment:checking '/home/kencheng/notebooks/ros_ws/install/cartographer_ros2/bin'
[2.640s] Level 1:colcon.colcon_core.environment:checking '/home/kencheng/notebooks/ros_ws/install/cartographer_ros2/lib/pkgconfig/cartographer_ros2.pc'
[2.641s] Level 1:colcon.colcon_core.environment:checking '/home/kencheng/notebooks/ros_ws/install/cartographer_ros2/lib/python3.10/site-packages'
[2.643s] Level 1:colcon.colcon_core.environment:checking '/home/kencheng/notebooks/ros_ws/install/cartographer_ros2/bin'
[2.644s] INFO:colcon.colcon_core.shell:Creating package script '/home/kencheng/notebooks/ros_ws/install/cartographer_ros2/share/cartographer_ros2/package.ps1'
[2.649s] INFO:colcon.colcon_core.shell:Creating package descriptor '/home/kencheng/notebooks/ros_ws/install/cartographer_ros2/share/cartographer_ros2/package.dsv'
[2.653s] INFO:colcon.colcon_core.shell:Creating package script '/home/kencheng/notebooks/ros_ws/install/cartographer_ros2/share/cartographer_ros2/package.sh'
[2.658s] INFO:colcon.colcon_core.shell:Creating package script '/home/kencheng/notebooks/ros_ws/install/cartographer_ros2/share/cartographer_ros2/package.bash'
[2.662s] INFO:colcon.colcon_core.shell:Creating package script '/home/kencheng/notebooks/ros_ws/install/cartographer_ros2/share/cartographer_ros2/package.zsh'
[2.666s] Level 1:colcon.colcon_core.environment:create_file_with_runtime_dependencies(/home/kencheng/notebooks/ros_ws/install/cartographer_ros2/share/colcon-core/packages/cartographer_ros2)
[2.670s] Level 1:colcon.colcon_core.environment:create_environment_scripts_only(cartographer_ros2)
[2.672s] Level 1:colcon.colcon_core.environment:checking '/home/kencheng/notebooks/ros_ws/install/cartographer_ros2' for CMake module files
[2.675s] Level 1:colcon.colcon_core.environment:checking '/home/kencheng/notebooks/ros_ws/install/cartographer_ros2' for CMake config files
[2.679s] Level 1:colcon.colcon_core.shell:create_environment_hook('cartographer_ros2', 'cmake_prefix_path')
[2.680s] INFO:colcon.colcon_core.shell:Creating environment hook '/home/kencheng/notebooks/ros_ws/install/cartographer_ros2/share/cartographer_ros2/hook/cmake_prefix_path.ps1'
[2.683s] INFO:colcon.colcon_core.shell:Creating environment descriptor '/home/kencheng/notebooks/ros_ws/install/cartographer_ros2/share/cartographer_ros2/hook/cmake_prefix_path.dsv'
[2.685s] INFO:colcon.colcon_core.shell:Creating environment hook '/home/kencheng/notebooks/ros_ws/install/cartographer_ros2/share/cartographer_ros2/hook/cmake_prefix_path.sh'
[2.690s] Level 1:colcon.colcon_core.environment:checking '/home/kencheng/notebooks/ros_ws/install/cartographer_ros2/lib'
[2.690s] Level 1:colcon.colcon_core.environment:checking '/home/kencheng/notebooks/ros_ws/install/cartographer_ros2/bin'
[2.691s] Level 1:colcon.colcon_core.environment:checking '/home/kencheng/notebooks/ros_ws/install/cartographer_ros2/lib/pkgconfig/cartographer_ros2.pc'
[2.692s] Level 1:colcon.colcon_core.environment:checking '/home/kencheng/notebooks/ros_ws/install/cartographer_ros2/lib/python3.10/site-packages'
[2.693s] Level 1:colcon.colcon_core.environment:checking '/home/kencheng/notebooks/ros_ws/install/cartographer_ros2/bin'
[2.695s] INFO:colcon.colcon_core.shell:Creating package script '/home/kencheng/notebooks/ros_ws/install/cartographer_ros2/share/cartographer_ros2/package.ps1'
[2.698s] INFO:colcon.colcon_core.shell:Creating package descriptor '/home/kencheng/notebooks/ros_ws/install/cartographer_ros2/share/cartographer_ros2/package.dsv'
[2.701s] INFO:colcon.colcon_core.shell:Creating package script '/home/kencheng/notebooks/ros_ws/install/cartographer_ros2/share/cartographer_ros2/package.sh'
[2.703s] INFO:colcon.colcon_core.shell:Creating package script '/home/kencheng/notebooks/ros_ws/install/cartographer_ros2/share/cartographer_ros2/package.bash'
[2.707s] INFO:colcon.colcon_core.shell:Creating package script '/home/kencheng/notebooks/ros_ws/install/cartographer_ros2/share/cartographer_ros2/package.zsh'
[2.710s] Level 1:colcon.colcon_core.environment:create_file_with_runtime_dependencies(/home/kencheng/notebooks/ros_ws/install/cartographer_ros2/share/colcon-core/packages/cartographer_ros2)
[2.716s] INFO:colcon.colcon_ros.task.ament_python.build:Building ROS package in '/home/kencheng/notebooks/ros_ws/src/video_streamer' with build type 'ament_python'
[2.717s] Level 1:colcon.colcon_core.shell:create_environment_hook('video_streamer', 'ament_prefix_path')
[2.718s] INFO:colcon.colcon_core.shell:Creating environment hook '/home/kencheng/notebooks/ros_ws/install/video_streamer/share/video_streamer/hook/ament_prefix_path.ps1'
[2.721s] INFO:colcon.colcon_core.shell:Creating environment descriptor '/home/kencheng/notebooks/ros_ws/install/video_streamer/share/video_streamer/hook/ament_prefix_path.dsv'
[2.724s] INFO:colcon.colcon_core.shell:Creating environment hook '/home/kencheng/notebooks/ros_ws/install/video_streamer/share/video_streamer/hook/ament_prefix_path.sh'
[2.727s] INFO:colcon.colcon_core.shell:Skip shell extension 'powershell' for command environment: Not usable outside of PowerShell
[2.728s] DEBUG:colcon.colcon_core.shell:Skip shell extension 'dsv' for command environment
[3.970s] INFO:colcon.colcon_core.task.python.build:Building Python package in '/home/kencheng/notebooks/ros_ws/src/video_streamer'
[3.971s] INFO:colcon.colcon_core.shell:Skip shell extension 'powershell' for command environment: Not usable outside of PowerShell
[3.972s] DEBUG:colcon.colcon_core.shell:Skip shell extension 'dsv' for command environment
[4.000s] DEBUG:colcon.colcon_core.event_handler.log_command:Invoked command in '/home/kencheng/notebooks/ros_ws/build/nav2_ros2' returned '0': CMAKE_PREFIX_PATH=${CMAKE_PREFIX_PATH}:/home/kencheng/notebooks/ros_ws/install/video_streamer:/home/kencheng/notebooks/ros_ws/install/driver_ros2:/opt/ros/humble CONDA_PROMPT_MODIFIER=(ros2_humble) /usr/bin/cmake --build /home/kencheng/notebooks/ros_ws/build/nav2_ros2 -- -j4 -l4
[4.007s] DEBUG:colcon.colcon_core.event_handler.log_command:Invoking command in '/home/kencheng/notebooks/ros_ws/build/nav2_ros2': CMAKE_PREFIX_PATH=${CMAKE_PREFIX_PATH}:/home/kencheng/notebooks/ros_ws/install/video_streamer:/home/kencheng/notebooks/ros_ws/install/driver_ros2:/opt/ros/humble CONDA_PROMPT_MODIFIER=(ros2_humble) /usr/bin/cmake --install /home/kencheng/notebooks/ros_ws/build/nav2_ros2
[4.012s] DEBUG:colcon.colcon_core.event_handler.log_command:Invoked command in '/home/kencheng/notebooks/ros_ws/build/sllidar_ros2' returned '0': CMAKE_PREFIX_PATH=${CMAKE_PREFIX_PATH}:/home/kencheng/notebooks/ros_ws/install/video_streamer:/home/kencheng/notebooks/ros_ws/install/driver_ros2:/opt/ros/humble CONDA_PROMPT_MODIFIER=(ros2_humble) /usr/bin/cmake --build /home/kencheng/notebooks/ros_ws/build/sllidar_ros2 -- -j4 -l4
[4.022s] DEBUG:colcon.colcon_core.event_handler.log_command:Invoking command in '/home/kencheng/notebooks/ros_ws/build/sllidar_ros2': CMAKE_PREFIX_PATH=${CMAKE_PREFIX_PATH}:/home/kencheng/notebooks/ros_ws/install/video_streamer:/home/kencheng/notebooks/ros_ws/install/driver_ros2:/opt/ros/humble CONDA_PROMPT_MODIFIER=(ros2_humble) /usr/bin/cmake --install /home/kencheng/notebooks/ros_ws/build/sllidar_ros2
[4.085s] Level 1:colcon.colcon_core.environment:create_environment_scripts_only(sllidar_ros2)
[4.087s] Level 1:colcon.colcon_core.environment:checking '/home/kencheng/notebooks/ros_ws/install/sllidar_ros2' for CMake module files
[4.091s] Level 1:colcon.colcon_core.environment:checking '/home/kencheng/notebooks/ros_ws/install/sllidar_ros2' for CMake config files
[4.100s] Level 1:colcon.colcon_core.shell:create_environment_hook('sllidar_ros2', 'cmake_prefix_path')
[4.101s] INFO:colcon.colcon_core.shell:Creating environment hook '/home/kencheng/notebooks/ros_ws/install/sllidar_ros2/share/sllidar_ros2/hook/cmake_prefix_path.ps1'
[4.105s] DEBUG:colcon.colcon_core.event_handler.log_command:Invoked command in '/home/kencheng/notebooks/ros_ws/build/sllidar_ros2' returned '0': CMAKE_PREFIX_PATH=${CMAKE_PREFIX_PATH}:/home/kencheng/notebooks/ros_ws/install/video_streamer:/home/kencheng/notebooks/ros_ws/install/driver_ros2:/opt/ros/humble CONDA_PROMPT_MODIFIER=(ros2_humble) /usr/bin/cmake --install /home/kencheng/notebooks/ros_ws/build/sllidar_ros2
[4.107s] INFO:colcon.colcon_core.shell:Creating environment descriptor '/home/kencheng/notebooks/ros_ws/install/sllidar_ros2/share/sllidar_ros2/hook/cmake_prefix_path.dsv'
[4.111s] INFO:colcon.colcon_core.shell:Creating environment hook '/home/kencheng/notebooks/ros_ws/install/sllidar_ros2/share/sllidar_ros2/hook/cmake_prefix_path.sh'
[4.117s] Level 1:colcon.colcon_core.environment:checking '/home/kencheng/notebooks/ros_ws/install/sllidar_ros2/lib'
[4.117s] Level 1:colcon.colcon_core.environment:checking '/home/kencheng/notebooks/ros_ws/install/sllidar_ros2/bin'
[4.118s] Level 1:colcon.colcon_core.environment:checking '/home/kencheng/notebooks/ros_ws/install/sllidar_ros2/lib/pkgconfig/sllidar_ros2.pc'
[4.119s] Level 1:colcon.colcon_core.environment:checking '/home/kencheng/notebooks/ros_ws/install/sllidar_ros2/lib/python3.10/site-packages'
[4.120s] Level 1:colcon.colcon_core.environment:checking '/home/kencheng/notebooks/ros_ws/install/sllidar_ros2/bin'
[4.122s] INFO:colcon.colcon_core.shell:Creating package script '/home/kencheng/notebooks/ros_ws/install/sllidar_ros2/share/sllidar_ros2/package.ps1'
[4.124s] INFO:colcon.colcon_core.shell:Creating package descriptor '/home/kencheng/notebooks/ros_ws/install/sllidar_ros2/share/sllidar_ros2/package.dsv'
[4.127s] INFO:colcon.colcon_core.shell:Creating package script '/home/kencheng/notebooks/ros_ws/install/sllidar_ros2/share/sllidar_ros2/package.sh'
[4.129s] INFO:colcon.colcon_core.shell:Creating package script '/home/kencheng/notebooks/ros_ws/install/sllidar_ros2/share/sllidar_ros2/package.bash'
[4.132s] INFO:colcon.colcon_core.shell:Creating package script '/home/kencheng/notebooks/ros_ws/install/sllidar_ros2/share/sllidar_ros2/package.zsh'
[4.135s] Level 1:colcon.colcon_core.environment:create_file_with_runtime_dependencies(/home/kencheng/notebooks/ros_ws/install/sllidar_ros2/share/colcon-core/packages/sllidar_ros2)
[4.138s] Level 1:colcon.colcon_core.environment:create_environment_scripts_only(sllidar_ros2)
[4.139s] Level 1:colcon.colcon_core.environment:checking '/home/kencheng/notebooks/ros_ws/install/sllidar_ros2' for CMake module files
[4.143s] Level 1:colcon.colcon_core.environment:checking '/home/kencheng/notebooks/ros_ws/install/sllidar_ros2' for CMake config files
[4.146s] Level 1:colcon.colcon_core.shell:create_environment_hook('sllidar_ros2', 'cmake_prefix_path')
[4.147s] INFO:colcon.colcon_core.shell:Creating environment hook '/home/kencheng/notebooks/ros_ws/install/sllidar_ros2/share/sllidar_ros2/hook/cmake_prefix_path.ps1'
[4.149s] INFO:colcon.colcon_core.shell:Creating environment descriptor '/home/kencheng/notebooks/ros_ws/install/sllidar_ros2/share/sllidar_ros2/hook/cmake_prefix_path.dsv'
[4.151s] INFO:colcon.colcon_core.shell:Creating environment hook '/home/kencheng/notebooks/ros_ws/install/sllidar_ros2/share/sllidar_ros2/hook/cmake_prefix_path.sh'
[4.154s] Level 1:colcon.colcon_core.environment:checking '/home/kencheng/notebooks/ros_ws/install/sllidar_ros2/lib'
[4.154s] Level 1:colcon.colcon_core.environment:checking '/home/kencheng/notebooks/ros_ws/install/sllidar_ros2/bin'
[4.155s] Level 1:colcon.colcon_core.environment:checking '/home/kencheng/notebooks/ros_ws/install/sllidar_ros2/lib/pkgconfig/sllidar_ros2.pc'
[4.156s] Level 1:colcon.colcon_core.environment:checking '/home/kencheng/notebooks/ros_ws/install/sllidar_ros2/lib/python3.10/site-packages'
[4.157s] Level 1:colcon.colcon_core.environment:checking '/home/kencheng/notebooks/ros_ws/install/sllidar_ros2/bin'
[4.159s] INFO:colcon.colcon_core.shell:Creating package script '/home/kencheng/notebooks/ros_ws/install/sllidar_ros2/share/sllidar_ros2/package.ps1'
[4.161s] INFO:colcon.colcon_core.shell:Creating package descriptor '/home/kencheng/notebooks/ros_ws/install/sllidar_ros2/share/sllidar_ros2/package.dsv'
[4.164s] INFO:colcon.colcon_core.shell:Creating package script '/home/kencheng/notebooks/ros_ws/install/sllidar_ros2/share/sllidar_ros2/package.sh'
[4.166s] INFO:colcon.colcon_core.shell:Creating package script '/home/kencheng/notebooks/ros_ws/install/sllidar_ros2/share/sllidar_ros2/package.bash'
[4.169s] INFO:colcon.colcon_core.shell:Creating package script '/home/kencheng/notebooks/ros_ws/install/sllidar_ros2/share/sllidar_ros2/package.zsh'
[4.171s] Level 1:colcon.colcon_core.environment:create_file_with_runtime_dependencies(/home/kencheng/notebooks/ros_ws/install/sllidar_ros2/share/colcon-core/packages/sllidar_ros2)
[4.175s] Level 1:colcon.colcon_core.environment:create_environment_scripts_only(nav2_ros2)
[4.176s] Level 1:colcon.colcon_core.environment:checking '/home/kencheng/notebooks/ros_ws/install/nav2_ros2' for CMake module files
[4.180s] Level 1:colcon.colcon_core.environment:checking '/home/kencheng/notebooks/ros_ws/install/nav2_ros2' for CMake config files
[4.183s] DEBUG:colcon.colcon_core.event_handler.log_command:Invoked command in '/home/kencheng/notebooks/ros_ws/build/nav2_ros2' returned '0': CMAKE_PREFIX_PATH=${CMAKE_PREFIX_PATH}:/home/kencheng/notebooks/ros_ws/install/video_streamer:/home/kencheng/notebooks/ros_ws/install/driver_ros2:/opt/ros/humble CONDA_PROMPT_MODIFIER=(ros2_humble) /usr/bin/cmake --install /home/kencheng/notebooks/ros_ws/build/nav2_ros2
[4.184s] Level 1:colcon.colcon_core.shell:create_environment_hook('nav2_ros2', 'cmake_prefix_path')
[4.186s] INFO:colcon.colcon_core.shell:Creating environment hook '/home/kencheng/notebooks/ros_ws/install/nav2_ros2/share/nav2_ros2/hook/cmake_prefix_path.ps1'
[4.188s] INFO:colcon.colcon_core.shell:Creating environment descriptor '/home/kencheng/notebooks/ros_ws/install/nav2_ros2/share/nav2_ros2/hook/cmake_prefix_path.dsv'
[4.191s] INFO:colcon.colcon_core.shell:Creating environment hook '/home/kencheng/notebooks/ros_ws/install/nav2_ros2/share/nav2_ros2/hook/cmake_prefix_path.sh'
[4.194s] Level 1:colcon.colcon_core.environment:checking '/home/kencheng/notebooks/ros_ws/install/nav2_ros2/lib'
[4.195s] Level 1:colcon.colcon_core.environment:checking '/home/kencheng/notebooks/ros_ws/install/nav2_ros2/bin'
[4.195s] Level 1:colcon.colcon_core.environment:checking '/home/kencheng/notebooks/ros_ws/install/nav2_ros2/lib/pkgconfig/nav2_ros2.pc'
[4.196s] Level 1:colcon.colcon_core.environment:checking '/home/kencheng/notebooks/ros_ws/install/nav2_ros2/lib/python3.10/site-packages'
[4.197s] Level 1:colcon.colcon_core.environment:checking '/home/kencheng/notebooks/ros_ws/install/nav2_ros2/bin'
[4.199s] INFO:colcon.colcon_core.shell:Creating package script '/home/kencheng/notebooks/ros_ws/install/nav2_ros2/share/nav2_ros2/package.ps1'
[4.202s] INFO:colcon.colcon_core.shell:Creating package descriptor '/home/kencheng/notebooks/ros_ws/install/nav2_ros2/share/nav2_ros2/package.dsv'
[4.204s] INFO:colcon.colcon_core.shell:Creating package script '/home/kencheng/notebooks/ros_ws/install/nav2_ros2/share/nav2_ros2/package.sh'
[4.207s] INFO:colcon.colcon_core.shell:Creating package script '/home/kencheng/notebooks/ros_ws/install/nav2_ros2/share/nav2_ros2/package.bash'
[4.209s] INFO:colcon.colcon_core.shell:Creating package script '/home/kencheng/notebooks/ros_ws/install/nav2_ros2/share/nav2_ros2/package.zsh'
[4.211s] Level 1:colcon.colcon_core.environment:create_file_with_runtime_dependencies(/home/kencheng/notebooks/ros_ws/install/nav2_ros2/share/colcon-core/packages/nav2_ros2)
[4.215s] Level 1:colcon.colcon_core.environment:create_environment_scripts_only(nav2_ros2)
[4.216s] Level 1:colcon.colcon_core.environment:checking '/home/kencheng/notebooks/ros_ws/install/nav2_ros2' for CMake module files
[4.219s] Level 1:colcon.colcon_core.environment:checking '/home/kencheng/notebooks/ros_ws/install/nav2_ros2' for CMake config files
[4.220s] Level 1:colcon.colcon_core.shell:create_environment_hook('nav2_ros2', 'cmake_prefix_path')
[4.222s] INFO:colcon.colcon_core.shell:Creating environment hook '/home/kencheng/notebooks/ros_ws/install/nav2_ros2/share/nav2_ros2/hook/cmake_prefix_path.ps1'
[4.224s] INFO:colcon.colcon_core.shell:Creating environment descriptor '/home/kencheng/notebooks/ros_ws/install/nav2_ros2/share/nav2_ros2/hook/cmake_prefix_path.dsv'
[4.226s] INFO:colcon.colcon_core.shell:Creating environment hook '/home/kencheng/notebooks/ros_ws/install/nav2_ros2/share/nav2_ros2/hook/cmake_prefix_path.sh'
[4.230s] Level 1:colcon.colcon_core.environment:checking '/home/kencheng/notebooks/ros_ws/install/nav2_ros2/lib'
[4.231s] Level 1:colcon.colcon_core.environment:checking '/home/kencheng/notebooks/ros_ws/install/nav2_ros2/bin'
[4.232s] Level 1:colcon.colcon_core.environment:checking '/home/kencheng/notebooks/ros_ws/install/nav2_ros2/lib/pkgconfig/nav2_ros2.pc'
[4.233s] Level 1:colcon.colcon_core.environment:checking '/home/kencheng/notebooks/ros_ws/install/nav2_ros2/lib/python3.10/site-packages'
[4.234s] Level 1:colcon.colcon_core.environment:checking '/home/kencheng/notebooks/ros_ws/install/nav2_ros2/bin'
[4.236s] INFO:colcon.colcon_core.shell:Creating package script '/home/kencheng/notebooks/ros_ws/install/nav2_ros2/share/nav2_ros2/package.ps1'
[4.239s] INFO:colcon.colcon_core.shell:Creating package descriptor '/home/kencheng/notebooks/ros_ws/install/nav2_ros2/share/nav2_ros2/package.dsv'
[4.242s] INFO:colcon.colcon_core.shell:Creating package script '/home/kencheng/notebooks/ros_ws/install/nav2_ros2/share/nav2_ros2/package.sh'
[4.247s] INFO:colcon.colcon_core.shell:Creating package script '/home/kencheng/notebooks/ros_ws/install/nav2_ros2/share/nav2_ros2/package.bash'
[4.249s] INFO:colcon.colcon_core.shell:Creating package script '/home/kencheng/notebooks/ros_ws/install/nav2_ros2/share/nav2_ros2/package.zsh'
[4.252s] Level 1:colcon.colcon_core.environment:create_file_with_runtime_dependencies(/home/kencheng/notebooks/ros_ws/install/nav2_ros2/share/colcon-core/packages/nav2_ros2)
[5.948s] DEBUG:colcon.colcon_core.event_handler.log_command:Invoking command in '/home/kencheng/notebooks/ros_ws/src/driver_ros2': CONDA_PROMPT_MODIFIER=(ros2_humble) PYTHONPATH=/home/kencheng/notebooks/ros_ws/build/driver_ros2/prefix_override:/usr/lib/python3/dist-packages/colcon_core/task/python/colcon_distutils_commands:/home/kencheng/notebooks/ros_ws/install/driver_ros2/lib/python3.10/site-packages:${PYTHONPATH} /usr/bin/python3 -W ignore:setup.py install is deprecated -W ignore:easy_install command is deprecated setup.py egg_info --egg-base ../../build/driver_ros2 build --build-base /home/kencheng/notebooks/ros_ws/build/driver_ros2/build install --record /home/kencheng/notebooks/ros_ws/build/driver_ros2/install.log --single-version-externally-managed install_data
[7.351s] DEBUG:colcon.colcon_core.event_handler.log_command:Invoking command in '/home/kencheng/notebooks/ros_ws/src/video_streamer': CONDA_PROMPT_MODIFIER=(ros2_humble) PYTHONPATH=/home/kencheng/notebooks/ros_ws/build/video_streamer/prefix_override:/usr/lib/python3/dist-packages/colcon_core/task/python/colcon_distutils_commands:/home/kencheng/notebooks/ros_ws/install/video_streamer/lib/python3.10/site-packages:${PYTHONPATH} /usr/bin/python3 -W ignore:setup.py install is deprecated -W ignore:easy_install command is deprecated setup.py egg_info --egg-base ../../build/video_streamer build --build-base /home/kencheng/notebooks/ros_ws/build/video_streamer/build install --record /home/kencheng/notebooks/ros_ws/build/video_streamer/install.log --single-version-externally-managed install_data
[9.305s] Level 1:colcon.colcon_core.environment:checking '/home/kencheng/notebooks/ros_ws/install/driver_ros2' for CMake module files
[9.308s] DEBUG:colcon.colcon_core.event_handler.log_command:Invoked command in '/home/kencheng/notebooks/ros_ws/src/driver_ros2' returned '0': CONDA_PROMPT_MODIFIER=(ros2_humble) PYTHONPATH=/home/kencheng/notebooks/ros_ws/build/driver_ros2/prefix_override:/usr/lib/python3/dist-packages/colcon_core/task/python/colcon_distutils_commands:/home/kencheng/notebooks/ros_ws/install/driver_ros2/lib/python3.10/site-packages:${PYTHONPATH} /usr/bin/python3 -W ignore:setup.py install is deprecated -W ignore:easy_install command is deprecated setup.py egg_info --egg-base ../../build/driver_ros2 build --build-base /home/kencheng/notebooks/ros_ws/build/driver_ros2/build install --record /home/kencheng/notebooks/ros_ws/build/driver_ros2/install.log --single-version-externally-managed install_data
[9.309s] Level 1:colcon.colcon_core.environment:checking '/home/kencheng/notebooks/ros_ws/install/driver_ros2' for CMake config files
[9.313s] Level 1:colcon.colcon_core.environment:checking '/home/kencheng/notebooks/ros_ws/install/driver_ros2/lib'
[9.313s] Level 1:colcon.colcon_core.environment:checking '/home/kencheng/notebooks/ros_ws/install/driver_ros2/bin'
[9.314s] Level 1:colcon.colcon_core.environment:checking '/home/kencheng/notebooks/ros_ws/install/driver_ros2/lib/pkgconfig/driver_ros2.pc'
[9.315s] Level 1:colcon.colcon_core.environment:checking '/home/kencheng/notebooks/ros_ws/install/driver_ros2/lib/python3.10/site-packages'
[9.315s] Level 1:colcon.colcon_core.shell:create_environment_hook('driver_ros2', 'pythonpath')
[9.316s] INFO:colcon.colcon_core.shell:Creating environment hook '/home/kencheng/notebooks/ros_ws/install/driver_ros2/share/driver_ros2/hook/pythonpath.ps1'
[9.318s] INFO:colcon.colcon_core.shell:Creating environment descriptor '/home/kencheng/notebooks/ros_ws/install/driver_ros2/share/driver_ros2/hook/pythonpath.dsv'
[9.320s] INFO:colcon.colcon_core.shell:Creating environment hook '/home/kencheng/notebooks/ros_ws/install/driver_ros2/share/driver_ros2/hook/pythonpath.sh'
[9.323s] Level 1:colcon.colcon_core.environment:checking '/home/kencheng/notebooks/ros_ws/install/driver_ros2/bin'
[9.324s] Level 1:colcon.colcon_core.environment:create_environment_scripts_only(driver_ros2)
[9.325s] INFO:colcon.colcon_core.shell:Creating package script '/home/kencheng/notebooks/ros_ws/install/driver_ros2/share/driver_ros2/package.ps1'
[9.327s] INFO:colcon.colcon_core.shell:Creating package descriptor '/home/kencheng/notebooks/ros_ws/install/driver_ros2/share/driver_ros2/package.dsv'
[9.330s] INFO:colcon.colcon_core.shell:Creating package script '/home/kencheng/notebooks/ros_ws/install/driver_ros2/share/driver_ros2/package.sh'
[9.333s] INFO:colcon.colcon_core.shell:Creating package script '/home/kencheng/notebooks/ros_ws/install/driver_ros2/share/driver_ros2/package.bash'
[9.335s] INFO:colcon.colcon_core.shell:Creating package script '/home/kencheng/notebooks/ros_ws/install/driver_ros2/share/driver_ros2/package.zsh'
[9.337s] Level 1:colcon.colcon_core.environment:create_file_with_runtime_dependencies(/home/kencheng/notebooks/ros_ws/install/driver_ros2/share/colcon-core/packages/driver_ros2)
[10.453s] Level 1:colcon.colcon_core.environment:checking '/home/kencheng/notebooks/ros_ws/install/video_streamer' for CMake module files
[10.455s] DEBUG:colcon.colcon_core.event_handler.log_command:Invoked command in '/home/kencheng/notebooks/ros_ws/src/video_streamer' returned '0': CONDA_PROMPT_MODIFIER=(ros2_humble) PYTHONPATH=/home/kencheng/notebooks/ros_ws/build/video_streamer/prefix_override:/usr/lib/python3/dist-packages/colcon_core/task/python/colcon_distutils_commands:/home/kencheng/notebooks/ros_ws/install/video_streamer/lib/python3.10/site-packages:${PYTHONPATH} /usr/bin/python3 -W ignore:setup.py install is deprecated -W ignore:easy_install command is deprecated setup.py egg_info --egg-base ../../build/video_streamer build --build-base /home/kencheng/notebooks/ros_ws/build/video_streamer/build install --record /home/kencheng/notebooks/ros_ws/build/video_streamer/install.log --single-version-externally-managed install_data
[10.457s] Level 1:colcon.colcon_core.environment:checking '/home/kencheng/notebooks/ros_ws/install/video_streamer' for CMake config files
[10.460s] Level 1:colcon.colcon_core.environment:checking '/home/kencheng/notebooks/ros_ws/install/video_streamer/lib'
[10.460s] Level 1:colcon.colcon_core.environment:checking '/home/kencheng/notebooks/ros_ws/install/video_streamer/bin'
[10.461s] Level 1:colcon.colcon_core.environment:checking '/home/kencheng/notebooks/ros_ws/install/video_streamer/lib/pkgconfig/video_streamer.pc'
[10.461s] Level 1:colcon.colcon_core.environment:checking '/home/kencheng/notebooks/ros_ws/install/video_streamer/lib/python3.10/site-packages'
[10.462s] Level 1:colcon.colcon_core.shell:create_environment_hook('video_streamer', 'pythonpath')
[10.463s] INFO:colcon.colcon_core.shell:Creating environment hook '/home/kencheng/notebooks/ros_ws/install/video_streamer/share/video_streamer/hook/pythonpath.ps1'
[10.465s] INFO:colcon.colcon_core.shell:Creating environment descriptor '/home/kencheng/notebooks/ros_ws/install/video_streamer/share/video_streamer/hook/pythonpath.dsv'
[10.467s] INFO:colcon.colcon_core.shell:Creating environment hook '/home/kencheng/notebooks/ros_ws/install/video_streamer/share/video_streamer/hook/pythonpath.sh'
[10.470s] Level 1:colcon.colcon_core.environment:checking '/home/kencheng/notebooks/ros_ws/install/video_streamer/bin'
[10.470s] Level 1:colcon.colcon_core.environment:create_environment_scripts_only(video_streamer)
[10.472s] INFO:colcon.colcon_core.shell:Creating package script '/home/kencheng/notebooks/ros_ws/install/video_streamer/share/video_streamer/package.ps1'
[10.474s] INFO:colcon.colcon_core.shell:Creating package descriptor '/home/kencheng/notebooks/ros_ws/install/video_streamer/share/video_streamer/package.dsv'
[10.477s] INFO:colcon.colcon_core.shell:Creating package script '/home/kencheng/notebooks/ros_ws/install/video_streamer/share/video_streamer/package.sh'
[10.479s] INFO:colcon.colcon_core.shell:Creating package script '/home/kencheng/notebooks/ros_ws/install/video_streamer/share/video_streamer/package.bash'
[10.481s] INFO:colcon.colcon_core.shell:Creating package script '/home/kencheng/notebooks/ros_ws/install/video_streamer/share/video_streamer/package.zsh'
[10.482s] Level 1:colcon.colcon_core.environment:create_file_with_runtime_dependencies(/home/kencheng/notebooks/ros_ws/install/video_streamer/share/colcon-core/packages/video_streamer)
[10.484s] DEBUG:colcon.colcon_parallel_executor.executor.parallel:closing loop
[10.485s] DEBUG:colcon.colcon_parallel_executor.executor.parallel:loop closed
[10.485s] DEBUG:colcon.colcon_parallel_executor.executor.parallel:run_until_complete finished with '0'
[10.486s] DEBUG:colcon.colcon_core.event_reactor:joining thread
[10.508s] INFO:colcon.colcon_core.plugin_system:Skipping extension 'colcon_notification.desktop_notification.terminal_notifier': Not used on non-Darwin systems
[10.509s] INFO:colcon.colcon_core.plugin_system:Skipping extension 'colcon_notification.desktop_notification.win32': Not used on non-Windows systems
[10.509s] INFO:colcon.colcon_notification.desktop_notification:Sending desktop notification using 'notify2'
[10.509s] DEBUG:colcon.colcon_notification.desktop_notification.notify2:Failed to initialize notify2: org.freedesktop.DBus.Error.NotSupported: Unable to autolaunch a dbus-daemon without a $DISPLAY for X11
[10.510s] DEBUG:colcon.colcon_core.event_reactor:joined thread
[10.511s] INFO:colcon.colcon_core.shell:Creating prefix script '/home/kencheng/notebooks/ros_ws/install/local_setup.ps1'
[10.515s] INFO:colcon.colcon_core.shell:Creating prefix util module '/home/kencheng/notebooks/ros_ws/install/_local_setup_util_ps1.py'
[10.520s] INFO:colcon.colcon_core.shell:Creating prefix chain script '/home/kencheng/notebooks/ros_ws/install/setup.ps1'
[10.525s] INFO:colcon.colcon_core.shell:Creating prefix script '/home/kencheng/notebooks/ros_ws/install/local_setup.sh'
[10.528s] INFO:colcon.colcon_core.shell:Creating prefix util module '/home/kencheng/notebooks/ros_ws/install/_local_setup_util_sh.py'
[10.531s] INFO:colcon.colcon_core.shell:Creating prefix chain script '/home/kencheng/notebooks/ros_ws/install/setup.sh'
[10.536s] INFO:colcon.colcon_core.shell:Creating prefix script '/home/kencheng/notebooks/ros_ws/install/local_setup.bash'
[10.538s] INFO:colcon.colcon_core.shell:Creating prefix chain script '/home/kencheng/notebooks/ros_ws/install/setup.bash'
[10.544s] INFO:colcon.colcon_core.shell:Creating prefix script '/home/kencheng/notebooks/ros_ws/install/local_setup.zsh'
[10.547s] INFO:colcon.colcon_core.shell:Creating prefix chain script '/home/kencheng/notebooks/ros_ws/install/setup.zsh'
