[3.984s] Invoking command in '/home/kencheng/notebooks/ros_ws/src/video_streamer': CONDA_PROMPT_MODIFIER=(ros2_humble) PYTHONPATH=/home/kencheng/notebooks/ros_ws/build/video_streamer/prefix_override:/usr/lib/python3/dist-packages/colcon_core/task/python/colcon_distutils_commands:/home/kencheng/notebooks/ros_ws/install/video_streamer/lib/python3.10/site-packages:${PYTHONPATH} /usr/bin/python3 -W ignore:setup.py install is deprecated -W ignore:easy_install command is deprecated setup.py egg_info --egg-base ../../build/video_streamer build --build-base /home/kencheng/notebooks/ros_ws/build/video_streamer/build install --record /home/kencheng/notebooks/ros_ws/build/video_streamer/install.log --single-version-externally-managed install_data
[5.238s] running egg_info
[5.241s] writing ../../build/video_streamer/video_streamer.egg-info/PKG-INFO
[5.242s] writing dependency_links to ../../build/video_streamer/video_streamer.egg-info/dependency_links.txt
[5.243s] writing entry points to ../../build/video_streamer/video_streamer.egg-info/entry_points.txt
[5.244s] writing requirements to ../../build/video_streamer/video_streamer.egg-info/requires.txt
[5.244s] writing top-level names to ../../build/video_streamer/video_streamer.egg-info/top_level.txt
[5.253s] reading manifest file '../../build/video_streamer/video_streamer.egg-info/SOURCES.txt'
[5.257s] writing manifest file '../../build/video_streamer/video_streamer.egg-info/SOURCES.txt'
[5.257s] running build
[5.257s] running build_py
[5.259s] running install
[5.260s] running install_lib
[5.265s] running install_data
[5.266s] running install_egg_info
[5.273s] removing '/home/kencheng/notebooks/ros_ws/install/video_streamer/lib/python3.10/site-packages/video_streamer-0.0.0-py3.10.egg-info' (and everything under it)
[5.275s] Copying ../../build/video_streamer/video_streamer.egg-info to /home/kencheng/notebooks/ros_ws/install/video_streamer/lib/python3.10/site-packages/video_streamer-0.0.0-py3.10.egg-info
[5.280s] running install_scripts
[5.361s] Installing video_stream script to /home/kencheng/notebooks/ros_ws/install/video_streamer/lib/video_streamer
[5.363s] writing list of installed files to '/home/kencheng/notebooks/ros_ws/build/video_streamer/install.log'
[5.486s] Invoked command in '/home/kencheng/notebooks/ros_ws/src/video_streamer' returned '0': CONDA_PROMPT_MODIFIER=(ros2_humble) PYTHONPATH=/home/kencheng/notebooks/ros_ws/build/video_streamer/prefix_override:/usr/lib/python3/dist-packages/colcon_core/task/python/colcon_distutils_commands:/home/kencheng/notebooks/ros_ws/install/video_streamer/lib/python3.10/site-packages:${PYTHONPATH} /usr/bin/python3 -W ignore:setup.py install is deprecated -W ignore:easy_install command is deprecated setup.py egg_info --egg-base ../../build/video_streamer build --build-base /home/kencheng/notebooks/ros_ws/build/video_streamer/build install --record /home/kencheng/notebooks/ros_ws/build/video_streamer/install.log --single-version-externally-managed install_data
