[1.216s] Invoking command in '/home/kencheng/notebooks/ros_ws/build/sllidar_ros2': CMAKE_PREFIX_PATH=${CMAKE_PREFIX_PATH}:/home/kencheng/notebooks/ros_ws/install/video_streamer:/home/kencheng/notebooks/ros_ws/install/driver_ros2:/opt/ros/humble CONDA_PROMPT_MODIFIER=(ros2_humble) /usr/bin/cmake --build /home/kencheng/notebooks/ros_ws/build/sllidar_ros2 -- -j4 -l4
[1.559s] [ 10%] Built target sllidar_client
[1.630s] [100%] Built target sllidar_node
[2.659s] Invoked command in '/home/kencheng/notebooks/ros_ws/build/sllidar_ros2' returned '0': CMAKE_PREFIX_PATH=${CMAKE_PREFIX_PATH}:/home/kencheng/notebooks/ros_ws/install/video_streamer:/home/kencheng/notebooks/ros_ws/install/driver_ros2:/opt/ros/humble CONDA_PROMPT_MODIFIER=(ros2_humble) /usr/bin/cmake --build /home/kencheng/notebooks/ros_ws/build/sllidar_ros2 -- -j4 -l4
[2.668s] Invoking command in '/home/kencheng/notebooks/ros_ws/build/sllidar_ros2': CMAKE_PREFIX_PATH=${CMAKE_PREFIX_PATH}:/home/kencheng/notebooks/ros_ws/install/video_streamer:/home/kencheng/notebooks/ros_ws/install/driver_ros2:/opt/ros/humble CONDA_PROMPT_MODIFIER=(ros2_humble) /usr/bin/cmake --install /home/kencheng/notebooks/ros_ws/build/sllidar_ros2
[2.738s] -- Install configuration: ""
[2.738s] -- Up-to-date: /home/kencheng/notebooks/ros_ws/install/sllidar_ros2/share/sllidar_ros2/launch
[2.739s] -- Up-to-date: /home/kencheng/notebooks/ros_ws/install/sllidar_ros2/share/sllidar_ros2/launch/view_sllidar_c1_launch.py
[2.739s] -- Up-to-date: /home/kencheng/notebooks/ros_ws/install/sllidar_ros2/share/sllidar_ros2/launch/sllidar_c1_launch.py
[2.742s] -- Up-to-date: /home/kencheng/notebooks/ros_ws/install/sllidar_ros2/share/sllidar_ros2/launch/.ipynb_checkpoints
[2.743s] -- Up-to-date: /home/kencheng/notebooks/ros_ws/install/sllidar_ros2/share/sllidar_ros2/launch/.ipynb_checkpoints/motor_controll-checkpoint.py
[2.745s] -- Up-to-date: /home/kencheng/notebooks/ros_ws/install/sllidar_ros2/share/sllidar_ros2/rviz
[2.745s] -- Up-to-date: /home/kencheng/notebooks/ros_ws/install/sllidar_ros2/share/sllidar_ros2/rviz/sllidar_ros2.rviz
[2.746s] -- Up-to-date: /home/kencheng/notebooks/ros_ws/install/sllidar_ros2/lib/sllidar_ros2/sllidar_node
[2.747s] -- Up-to-date: /home/kencheng/notebooks/ros_ws/install/sllidar_ros2/lib/sllidar_ros2/sllidar_client
[2.749s] -- Up-to-date: /home/kencheng/notebooks/ros_ws/install/sllidar_ros2/share/ament_index/resource_index/package_run_dependencies/sllidar_ros2
[2.750s] -- Up-to-date: /home/kencheng/notebooks/ros_ws/install/sllidar_ros2/share/ament_index/resource_index/parent_prefix_path/sllidar_ros2
[2.751s] -- Up-to-date: /home/kencheng/notebooks/ros_ws/install/sllidar_ros2/share/sllidar_ros2/environment/ament_prefix_path.sh
[2.752s] -- Up-to-date: /home/kencheng/notebooks/ros_ws/install/sllidar_ros2/share/sllidar_ros2/environment/ament_prefix_path.dsv
[2.753s] -- Up-to-date: /home/kencheng/notebooks/ros_ws/install/sllidar_ros2/share/sllidar_ros2/environment/path.sh
[2.754s] -- Up-to-date: /home/kencheng/notebooks/ros_ws/install/sllidar_ros2/share/sllidar_ros2/environment/path.dsv
[2.755s] -- Up-to-date: /home/kencheng/notebooks/ros_ws/install/sllidar_ros2/share/sllidar_ros2/local_setup.bash
[2.758s] -- Up-to-date: /home/kencheng/notebooks/ros_ws/install/sllidar_ros2/share/sllidar_ros2/local_setup.sh
[2.761s] -- Up-to-date: /home/kencheng/notebooks/ros_ws/install/sllidar_ros2/share/sllidar_ros2/local_setup.zsh
[2.763s] -- Up-to-date: /home/kencheng/notebooks/ros_ws/install/sllidar_ros2/share/sllidar_ros2/local_setup.dsv
[2.765s] -- Installing: /home/kencheng/notebooks/ros_ws/install/sllidar_ros2/share/sllidar_ros2/package.dsv
[2.766s] -- Up-to-date: /home/kencheng/notebooks/ros_ws/install/sllidar_ros2/share/ament_index/resource_index/packages/sllidar_ros2
[2.767s] -- Up-to-date: /home/kencheng/notebooks/ros_ws/install/sllidar_ros2/share/sllidar_ros2/cmake/ament_cmake_export_dependencies-extras.cmake
[2.769s] -- Up-to-date: /home/kencheng/notebooks/ros_ws/install/sllidar_ros2/share/sllidar_ros2/cmake/ament_cmake_export_include_directories-extras.cmake
[2.770s] -- Up-to-date: /home/kencheng/notebooks/ros_ws/install/sllidar_ros2/share/sllidar_ros2/cmake/sllidar_ros2Config.cmake
[2.771s] -- Up-to-date: /home/kencheng/notebooks/ros_ws/install/sllidar_ros2/share/sllidar_ros2/cmake/sllidar_ros2Config-version.cmake
[2.772s] -- Up-to-date: /home/kencheng/notebooks/ros_ws/install/sllidar_ros2/share/sllidar_ros2/package.xml
[2.823s] Invoked command in '/home/kencheng/notebooks/ros_ws/build/sllidar_ros2' returned '0': CMAKE_PREFIX_PATH=${CMAKE_PREFIX_PATH}:/home/kencheng/notebooks/ros_ws/install/video_streamer:/home/kencheng/notebooks/ros_ws/install/driver_ros2:/opt/ros/humble CONDA_PROMPT_MODIFIER=(ros2_humble) /usr/bin/cmake --install /home/kencheng/notebooks/ros_ws/build/sllidar_ros2
